****************************************
Report : app_option
Design : route_eco_offgrid1
Version: W-2024.09-SP2
Date   : Mon May 11 13:54:31 2026
****************************************
Name                                            Type       Value      User-value   User-default System-default Scope      Status     Source
----------------------------------------------- ---------- ---------- ------------ ------------ -------------- ---------- ---------- ---------------------------------------------------------------------------------------------------
route.detail.generate_extra_off_grid_pin_tracks bool       true       true         --           false          block      normal     /DATA/home/edu135/MNIST/4_Backend_ICC2/0_Script/06_route/probe_local_offgrid_pintrack_route.tcl:220
----------------------------------------------- ---------- ---------- ------------ ------------ -------------- ---------- ---------- ---------------------------------------------------------------------------------------------------
****************************************
Report : app_option
Design : route_eco_offgrid1
Version: W-2024.09-SP2
Date   : Mon May 11 13:54:31 2026
****************************************
Name                                           Type                    Value      User-value   User-default System-default Scope      Status     Source
---------------------------------------------- ----------------------- ---------- ------------ ------------ -------------- ---------- ---------- ----------
route.common.connect_within_pins_by_layer_name list_of {string string} --         --           --           --             block      normal     --
---------------------------------------------- ----------------------- ---------- ------------ ------------ -------------- ---------- ---------- ----------
1
