****************************************
Report : constraint
        -all_violators
        -max_transition
Design : nn_top
Version: W-2024.09-SP2
Date   : Tue May 12 18:13:06 2026
****************************************



   Mode: default Corner: default
   Scenario: default
   max_transition                                                              
                             Required        Actual                            
   Net                      Transition     Transition        Slack  Violation  
  ---------------------------------------------------------------------------
   ZBUF_338_2924                0.05           0.05          -0.00  (VIOLATED) 
     PIN : ZBUF_338_inst_19343/Y
                                0.05           0.05          -0.00  (VIOLATED) 

  ---------------------------------------------------------------------------
   Number of max_transition violation(s): 1

   Total number of violation(s): 1
1
