****************************************
Report : constraint
        -all_violators
        -max_transition
Design : nn_top
Version: W-2024.09-SP2
Date   : Tue May 12 00:43:23 2026
****************************************



   Mode: default Corner: default
   Scenario: default
   max_transition                                                              
                             Required        Actual                            
   Net                      Transition     Transition        Slack  Violation  
  ---------------------------------------------------------------------------
   n136606                      0.05           0.22          -0.17  (VIOLATED) 
     PIN : U97312/Y             0.05           0.22          -0.17  (VIOLATED) 

   n142017                      0.45           0.62          -0.16  (VIOLATED) 
     PIN : U111483/Y            0.45           0.62          -0.16  (VIOLATED) 

   ZBUF_2_1677                  0.05           0.20          -0.15  (VIOLATED) 
     PIN : ZBUF_2_inst_10845/Y
                                0.05           0.20          -0.15  (VIOLATED) 

   ZBUF_8_91                    0.05           0.17          -0.11  (VIOLATED) 
     PIN : ZBUF_8_inst_2412/Y
                                0.05           0.17          -0.11  (VIOLATED) 

   ZBUF_183_1609                0.05           0.16          -0.11  (VIOLATED) 
     PIN : ZBUF_183_inst_9564/Y
                                0.05           0.16          -0.11  (VIOLATED) 

   n142339                      0.45           0.55          -0.10  (VIOLATED) 
     PIN : U123500/Y            0.45           0.55          -0.10  (VIOLATED) 

   ZBUF_2_3309                  0.05           0.15          -0.09  (VIOLATED) 
     PIN : ZBUF_2_inst_27046/Y
                                0.05           0.15          -0.09  (VIOLATED) 

   ZBUF_583_1082                0.05           0.14          -0.09  (VIOLATED) 
     PIN : ZBUF_583_inst_6655/Y
                                0.05           0.14          -0.09  (VIOLATED) 

   ZBUF_23_1657                 0.05           0.13          -0.08  (VIOLATED) 
     PIN : ZBUF_23_inst_10611/Y
                                0.05           0.13          -0.08  (VIOLATED) 

   n52998                       0.45           0.52          -0.08  (VIOLATED) 
     PIN : U51798/Y             0.45           0.52          -0.08  (VIOLATED) 

   ZBUF_169_1647                0.05           0.13          -0.07  (VIOLATED) 
     PIN : ZBUF_169_inst_10397/Y
                                0.05           0.13          -0.07  (VIOLATED) 

   ZBUF_17_1066                 0.05           0.11          -0.05  (VIOLATED) 
     PIN : ZBUF_17_inst_6252/Y
                                0.05           0.11          -0.05  (VIOLATED) 

   ZBUF_2_1012                  0.05           0.11          -0.05  (VIOLATED) 
     PIN : ZBUF_2_inst_5397/Y
                                0.05           0.11          -0.05  (VIOLATED) 

   ZBUF_103_2928                0.05           0.10          -0.05  (VIOLATED) 
     PIN : ZBUF_103_inst_19505/Y
                                0.05           0.10          -0.05  (VIOLATED) 

   n134083                      0.05           0.10          -0.04  (VIOLATED) 
     PIN : U74843/Y             0.05           0.10          -0.04  (VIOLATED) 

   n78423                       0.17           0.21          -0.04  (VIOLATED) 
     PIN : U77942/Y             0.17           0.21          -0.04  (VIOLATED) 

   n136587                      0.09           0.13          -0.04  (VIOLATED) 
     PIN : U97051/Y             0.09           0.13          -0.04  (VIOLATED) 

   ZBUF_2_2951                  0.05           0.10          -0.04  (VIOLATED) 
     PIN : ZBUF_2_inst_19829/Y
                                0.05           0.10          -0.04  (VIOLATED) 

   ZBUF_261_3163                0.05           0.09          -0.04  (VIOLATED) 
     PIN : ZBUF_261_inst_24130/Y
                                0.05           0.09          -0.04  (VIOLATED) 

   ZBUF_287_2921                0.05           0.09          -0.04  (VIOLATED) 
     PIN : ZBUF_287_inst_19199/Y
                                0.05           0.09          -0.04  (VIOLATED) 

   ZBUF_31_3128                 0.05           0.09          -0.04  (VIOLATED) 
     PIN : ZBUF_31_inst_23453/Y
                                0.05           0.09          -0.04  (VIOLATED) 

   ZBUF_197_3009                0.05           0.09          -0.04  (VIOLATED) 
     PIN : ZBUF_197_inst_21179/Y
                                0.05           0.09          -0.04  (VIOLATED) 

   ZBUF_2_2762                  0.05           0.09          -0.03  (VIOLATED) 
     PIN : ZBUF_2_inst_17752/Y
                                0.05           0.09          -0.03  (VIOLATED) 

   ZBUF_127_2060                0.05           0.09          -0.03  (VIOLATED) 
     PIN : ZBUF_127_inst_13310/Y
                                0.05           0.09          -0.03  (VIOLATED) 

   ZBUF_2_1571                  0.05           0.09          -0.03  (VIOLATED) 
     PIN : ZBUF_2_inst_8692/Y
                                0.05           0.09          -0.03  (VIOLATED) 

   ZBUF_2_1023                  0.05           0.09          -0.03  (VIOLATED) 
     PIN : ZBUF_2_inst_5408/Y
                                0.05           0.09          -0.03  (VIOLATED) 

   n132698                      0.05           0.09          -0.03  (VIOLATED) 
     PIN : U61027/Y             0.05           0.09          -0.03  (VIOLATED) 

   ZBUF_128_2052                0.05           0.09          -0.03  (VIOLATED) 
     PIN : ZBUF_128_inst_13113/Y
                                0.05           0.09          -0.03  (VIOLATED) 

   ZBUF_50_3236                 0.05           0.08          -0.03  (VIOLATED) 
     PIN : ZBUF_50_inst_25569/Y
                                0.05           0.08          -0.03  (VIOLATED) 

   ZBUF_32_3340                 0.05           0.08          -0.03  (VIOLATED) 
     PIN : ZBUF_32_inst_27815/Y
                                0.05           0.08          -0.03  (VIOLATED) 

   ZBUF_145_3343                0.05           0.08          -0.03  (VIOLATED) 
     PIN : ZBUF_145_inst_27913/Y
                                0.05           0.08          -0.03  (VIOLATED) 

   ZBUF_217_1659                0.05           0.08          -0.02  (VIOLATED) 
     PIN : ZBUF_217_inst_10624/Y
                                0.05           0.08          -0.02  (VIOLATED) 

   ZBUF_50_2047                 0.05           0.08          -0.02  (VIOLATED) 
     PIN : ZBUF_50_inst_12992/Y
                                0.05           0.08          -0.02  (VIOLATED) 

   ZBUF_17_3201                 0.05           0.08          -0.02  (VIOLATED) 
     PIN : ZBUF_17_inst_24878/Y
                                0.05           0.08          -0.02  (VIOLATED) 

   ZBUF_538_2752                0.05           0.08          -0.02  (VIOLATED) 
     PIN : ZBUF_538_inst_17286/Y
                                0.05           0.08          -0.02  (VIOLATED) 

   ZBUF_232_3235                0.05           0.08          -0.02  (VIOLATED) 
     PIN : ZBUF_232_inst_25553/Y
                                0.05           0.08          -0.02  (VIOLATED) 

   ZBUF_24_2024                 0.05           0.07          -0.02  (VIOLATED) 
     PIN : ZBUF_24_inst_12297/Y
                                0.05           0.07          -0.02  (VIOLATED) 

   ZBUF_2_98                    0.05           0.07          -0.02  (VIOLATED) 
     PIN : ZBUF_2_inst_2655/Y
                                0.05           0.07          -0.02  (VIOLATED) 

   n136935                      0.05           0.07          -0.02  (VIOLATED) 
     PIN : U99566/Y             0.05           0.07          -0.02  (VIOLATED) 

   ZBUF_2157_3115               0.05           0.07          -0.02  (VIOLATED) 
     PIN : ZBUF_2157_inst_23168/Y
                                0.05           0.07          -0.02  (VIOLATED) 

   ZBUF_17_2043                 0.05           0.07          -0.02  (VIOLATED) 
     PIN : ZBUF_17_inst_12934/Y
                                0.05           0.07          -0.02  (VIOLATED) 

   ZBUF_24_1640                 0.05           0.07          -0.02  (VIOLATED) 
     PIN : ZBUF_24_inst_10204/Y
                                0.05           0.07          -0.02  (VIOLATED) 

   n142653                      0.45           0.47          -0.02  (VIOLATED) 
     PIN : U123814/Y            0.45           0.47          -0.02  (VIOLATED) 

   n136414                      0.09           0.10          -0.01  (VIOLATED) 
     PIN : U95844/Y             0.09           0.10          -0.01  (VIOLATED) 

   ZBUF_2_83                    0.05           0.07          -0.01  (VIOLATED) 
     PIN : ZBUF_2_inst_2231/Y
                                0.05           0.07          -0.01  (VIOLATED) 

   ZBUF_295_2551                0.05           0.07          -0.01  (VIOLATED) 
     PIN : ZBUF_295_inst_15843/Y
                                0.05           0.07          -0.01  (VIOLATED) 

   ZBUF_39_2950                 0.05           0.07          -0.01  (VIOLATED) 
     PIN : ZBUF_39_inst_19799/Y
                                0.05           0.07          -0.01  (VIOLATED) 

   ZBUF_1048_2762               0.05           0.07          -0.01  (VIOLATED) 
     PIN : ZBUF_1048_inst_17707/Y
                                0.05           0.07          -0.01  (VIOLATED) 

   ZBUF_1584_3230               0.05           0.07          -0.01  (VIOLATED) 
     PIN : ZBUF_1584_inst_25434/Y
                                0.05           0.07          -0.01  (VIOLATED) 

   ZBUF_9_3259                  0.05           0.07          -0.01  (VIOLATED) 
     PIN : ZBUF_9_inst_26029/Y
                                0.05           0.07          -0.01  (VIOLATED) 

   ZBUF_27_88                   0.05           0.07          -0.01  (VIOLATED) 
     PIN : ZBUF_27_inst_2375/Y
                                0.05           0.07          -0.01  (VIOLATED) 

   ZBUF_2157_2922               0.05           0.07          -0.01  (VIOLATED) 
     PIN : ZBUF_2157_inst_19232/Y
                                0.05           0.07          -0.01  (VIOLATED) 

   ZBUF_187_3000                0.05           0.07          -0.01  (VIOLATED) 
     PIN : ZBUF_187_inst_20764/Y
                                0.05           0.07          -0.01  (VIOLATED) 

   ZBUF_3431_110                0.05           0.07          -0.01  (VIOLATED) 
     PIN : ZBUF_3431_inst_2892/Y
                                0.05           0.07          -0.01  (VIOLATED) 

   ZBUF_73_2537                 0.05           0.06          -0.01  (VIOLATED) 
     PIN : ZBUF_73_inst_15436/Y
                                0.05           0.06          -0.01  (VIOLATED) 

   ZBUF_796_3382                0.05           0.06          -0.01  (VIOLATED) 
     PIN : ZBUF_796_inst_28899/Y
                                0.05           0.06          -0.01  (VIOLATED) 

   ZBUF_854_1094                0.05           0.06          -0.01  (VIOLATED) 
     PIN : ZBUF_854_inst_6899/Y
                                0.05           0.06          -0.01  (VIOLATED) 

   ZBUF_114_2527                0.05           0.06          -0.01  (VIOLATED) 
     PIN : ZBUF_114_inst_15039/Y
                                0.05           0.06          -0.01  (VIOLATED) 

   ZBUF_225_1610                0.05           0.06          -0.01  (VIOLATED) 
     PIN : ZBUF_225_inst_9603/Y
                                0.05           0.06          -0.01  (VIOLATED) 

   ZBUF_2_573                   0.05           0.06          -0.01  (VIOLATED) 
     PIN : ZBUF_2_inst_4391/Y
                                0.05           0.06          -0.01  (VIOLATED) 

   ZBUF_512_1622                0.05           0.06          -0.01  (VIOLATED) 
     PIN : ZBUF_512_inst_9842/Y
                                0.05           0.06          -0.01  (VIOLATED) 

   ZBUF_97_522                  0.05           0.06          -0.01  (VIOLATED) 
     PIN : ZBUF_97_inst_4334/Y
                                0.05           0.06          -0.01  (VIOLATED) 

   ZBUF_2_1103                  0.05           0.06          -0.01  (VIOLATED) 
     PIN : ZBUF_2_inst_7187/Y
                                0.05           0.06          -0.01  (VIOLATED) 

   ZBUF_17_3435                 0.05           0.06          -0.01  (VIOLATED) 
     PIN : ZBUF_17_inst_29703/Y
                                0.05           0.06          -0.01  (VIOLATED) 

   ZBUF_543_2538                0.05           0.06          -0.01  (VIOLATED) 
     PIN : ZBUF_543_inst_15465/Y
                                0.05           0.06          -0.01  (VIOLATED) 

   ZBUF_435_3232                0.05           0.06          -0.01  (VIOLATED) 
     PIN : ZBUF_435_inst_25466/Y
                                0.05           0.06          -0.01  (VIOLATED) 

   n29554                       0.06           0.07          -0.01  (VIOLATED) 
     PIN : U29097/Y             0.06           0.07          -0.01  (VIOLATED) 

   ZBUF_2_2521                  0.05           0.06          -0.01  (VIOLATED) 
     PIN : ZBUF_2_inst_14943/Y
                                0.05           0.06          -0.01  (VIOLATED) 

   ZBUF_195_3425                0.05           0.06          -0.01  (VIOLATED) 
     PIN : ZBUF_195_inst_29317/Y
                                0.05           0.06          -0.01  (VIOLATED) 

   ZBUF_657_3005                0.05           0.06          -0.01  (VIOLATED) 
     PIN : ZBUF_657_inst_21027/Y
                                0.05           0.06          -0.01  (VIOLATED) 

   ZBUF_2_572                   0.05           0.06          -0.01  (VIOLATED) 
     PIN : ZBUF_2_inst_4390/Y
                                0.05           0.06          -0.01  (VIOLATED) 

   ZBUF_297_2535                0.05           0.06          -0.01  (VIOLATED) 
     PIN : ZBUF_297_inst_15384/Y
                                0.05           0.06          -0.01  (VIOLATED) 

   ZBUF_2_2805                  0.05           0.06          -0.01  (VIOLATED) 
     PIN : ZBUF_2_inst_18130/Y
                                0.05           0.06          -0.01  (VIOLATED) 

   ZBUF_451_2530                0.05           0.06          -0.01  (VIOLATED) 
     PIN : ZBUF_451_inst_15141/Y
                                0.05           0.06          -0.01  (VIOLATED) 

   n131436                      0.05           0.06          -0.01  (VIOLATED) 
     PIN : U47781/Y             0.05           0.06          -0.01  (VIOLATED) 

   ZBUF_32_1625                 0.05           0.06          -0.01  (VIOLATED) 
     PIN : ZBUF_32_inst_9940/Y
                                0.05           0.06          -0.01  (VIOLATED) 

   ZBUF_269_3163                0.05           0.06          -0.01  (VIOLATED) 
     PIN : ZBUF_269_inst_24119/Y
                                0.05           0.06          -0.01  (VIOLATED) 

   ZBUF_65_1647                 0.05           0.06          -0.01  (VIOLATED) 
     PIN : ZBUF_65_inst_10398/Y
                                0.05           0.06          -0.01  (VIOLATED) 

   ZBUF_1046_126                0.05           0.06          -0.01  (VIOLATED) 
     PIN : ZBUF_1046_inst_3167/Y
                                0.05           0.06          -0.01  (VIOLATED) 

   ZBUF_540_1071                0.05           0.06          -0.01  (VIOLATED) 
     PIN : ZBUF_540_inst_6343/Y
                                0.05           0.06          -0.01  (VIOLATED) 

   ZBUF_431_1609                0.05           0.06          -0.01  (VIOLATED) 
     PIN : ZBUF_431_inst_9577/Y
                                0.05           0.06          -0.01  (VIOLATED) 

   ZBUF_255_2762                0.05           0.06          -0.01  (VIOLATED) 
     PIN : ZBUF_255_inst_17753/Y
                                0.05           0.06          -0.01  (VIOLATED) 

   n137491                      0.05           0.06          -0.01  (VIOLATED) 
     PIN : U103545/Y            0.05           0.06          -0.01  (VIOLATED) 

   ZBUF_17_1661                 0.05           0.06          -0.01  (VIOLATED) 
     PIN : ZBUF_17_inst_10644/Y
                                0.05           0.06          -0.01  (VIOLATED) 

   ZBUF_2843_92                 0.05           0.06          -0.01  (VIOLATED) 
     PIN : ZBUF_2843_inst_2439/Y
                                0.05           0.06          -0.01  (VIOLATED) 

   ZBUF_365_143                 0.05           0.06          -0.01  (VIOLATED) 
     PIN : ZBUF_365_inst_3406/Y
                                0.05           0.06          -0.01  (VIOLATED) 

   n67896                       0.08           0.09          -0.01  (VIOLATED) 
     PIN : U67349/Y             0.08           0.09          -0.01  (VIOLATED) 

   ZBUF_513_3375                0.05           0.06          -0.01  (VIOLATED) 
     PIN : ZBUF_513_inst_28710/Y
                                0.05           0.06          -0.01  (VIOLATED) 

   ZBUF_74_2059                 0.05           0.06          -0.01  (VIOLATED) 
     PIN : ZBUF_74_inst_13265/Y
                                0.05           0.06          -0.01  (VIOLATED) 

   ZBUF_1018_1078               0.05           0.06          -0.01  (VIOLATED) 
     PIN : ZBUF_1018_inst_6463/Y
                                0.05           0.06          -0.01  (VIOLATED) 

   ZBUF_275_91                  0.05           0.06          -0.01  (VIOLATED) 
     PIN : ZBUF_275_inst_2424/Y
                                0.05           0.06          -0.01  (VIOLATED) 

   n138968                      0.05           0.06          -0.01  (VIOLATED) 
     PIN : U112693/Y            0.05           0.06          -0.01  (VIOLATED) 

   ZBUF_2_1573                  0.05           0.06          -0.01  (VIOLATED) 
     PIN : ZBUF_2_inst_8694/Y
                                0.05           0.06          -0.01  (VIOLATED) 

   ZBUF_2_1665                  0.05           0.06          -0.01  (VIOLATED) 
     PIN : ZBUF_2_inst_10712/Y
                                0.05           0.06          -0.01  (VIOLATED) 

   n141946                      0.05           0.06          -0.01  (VIOLATED) 
     PIN : U100306/Y            0.05           0.06          -0.01  (VIOLATED) 

   ZBUF_1410_3376               0.05           0.06          -0.00  (VIOLATED) 
     PIN : ZBUF_1410_inst_28762/Y
                                0.05           0.06          -0.00  (VIOLATED) 

   ZBUF_46_120                  0.05           0.06          -0.00  (VIOLATED) 
     PIN : ZBUF_46_inst_3037/Y
                                0.05           0.06          -0.00  (VIOLATED) 

   ZBUF_1810_1606               0.05           0.06          -0.00  (VIOLATED) 
     PIN : ZBUF_1810_inst_9445/Y
                                0.05           0.06          -0.00  (VIOLATED) 

   ZBUF_764_2931                0.05           0.06          -0.00  (VIOLATED) 
     PIN : ZBUF_764_inst_19560/Y
                                0.05           0.06          -0.00  (VIOLATED) 

   ZBUF_549_2528                0.05           0.06          -0.00  (VIOLATED) 
     PIN : ZBUF_549_inst_15069/Y
                                0.05           0.06          -0.00  (VIOLATED) 

   ZBUF_1579_2028               0.05           0.06          -0.00  (VIOLATED) 
     PIN : ZBUF_1579_inst_12429/Y
                                0.05           0.06          -0.00  (VIOLATED) 

   ZBUF_5186_3066               0.05           0.06          -0.00  (VIOLATED) 
     PIN : ZBUF_5186_inst_22129/Y
                                0.05           0.06          -0.00  (VIOLATED) 

   ZBUF_106_2540                0.05           0.06          -0.00  (VIOLATED) 
     PIN : ZBUF_106_inst_15594/Y
                                0.05           0.06          -0.00  (VIOLATED) 

   n139985                      0.05           0.06          -0.00  (VIOLATED) 
     PIN : U118901/Y            0.05           0.06          -0.00  (VIOLATED) 

   ZBUF_467_1724                0.05           0.06          -0.00  (VIOLATED) 
     PIN : ZBUF_467_inst_10946/Y
                                0.05           0.06          -0.00  (VIOLATED) 

   ZBUF_27_3473                 0.05           0.06          -0.00  (VIOLATED) 
     PIN : ZBUF_27_inst_31177/Y
                                0.05           0.06          -0.00  (VIOLATED) 

   ZBUF_4685_3276               0.05           0.06          -0.00  (VIOLATED) 
     PIN : ZBUF_4685_inst_26353/Y
                                0.05           0.06          -0.00  (VIOLATED) 

   mac_outs_latched[8][2]       0.06           0.06          -0.00  (VIOLATED) 
     PIN : mac_outs_latched_reg[8][2]/Q
                                0.06           0.06          -0.00  (VIOLATED) 

   ZBUF_17_1067                 0.05           0.06          -0.00  (VIOLATED) 
     PIN : ZBUF_17_inst_6267/Y
                                0.05           0.06          -0.00  (VIOLATED) 

   ZBUF_692_3376                0.05           0.06          -0.00  (VIOLATED) 
     PIN : ZBUF_692_inst_28786/Y
                                0.05           0.06          -0.00  (VIOLATED) 

   ZBUF_141_2029                0.05           0.06          -0.00  (VIOLATED) 
     PIN : ZBUF_141_inst_12460/Y
                                0.05           0.06          -0.00  (VIOLATED) 

   n138286                      0.05           0.06          -0.00  (VIOLATED) 
     PIN : U108834/Y            0.05           0.06          -0.00  (VIOLATED) 

   ZBUF_522_1595                0.05           0.06          -0.00  (VIOLATED) 
     PIN : ZBUF_522_inst_9257/Y
                                0.05           0.06          -0.00  (VIOLATED) 

   ZBUF_54_3115                 0.05           0.06          -0.00  (VIOLATED) 
     PIN : ZBUF_54_inst_23156/Y
                                0.05           0.06          -0.00  (VIOLATED) 

   ZBUF_407_3001                0.05           0.06          -0.00  (VIOLATED) 
     PIN : ZBUF_407_inst_20833/Y
                                0.05           0.06          -0.00  (VIOLATED) 

   ZBUF_178_3004                0.05           0.06          -0.00  (VIOLATED) 
     PIN : ZBUF_178_inst_20991/Y
                                0.05           0.06          -0.00  (VIOLATED) 

   ZBUF_68_126                  0.05           0.06          -0.00  (VIOLATED) 
     PIN : ZBUF_68_inst_3172/Y
                                0.05           0.06          -0.00  (VIOLATED) 

   ZBUF_375_2762                0.05           0.06          -0.00  (VIOLATED) 
     PIN : ZBUF_375_inst_17730/Y
                                0.05           0.06          -0.00  (VIOLATED) 

   ZBUF_1577_3119               0.05           0.06          -0.00  (VIOLATED) 
     PIN : ZBUF_1577_inst_23290/Y
                                0.05           0.06          -0.00  (VIOLATED) 

   ZBUF_452_3163                0.05           0.06          -0.00  (VIOLATED) 
     PIN : ZBUF_452_inst_24107/Y
                                0.05           0.06          -0.00  (VIOLATED) 

   ZBUF_70_1060                 0.05           0.06          -0.00  (VIOLATED) 
     PIN : ZBUF_70_inst_6199/Y
                                0.05           0.06          -0.00  (VIOLATED) 

   gen_mac_lanes[0].u_lane/weight_out[5]
                                0.06           0.06          -0.00  (VIOLATED) 
     PIN : gen_mac_lanes[0].u_lane/weight_out_reg[5]/Q
                                0.06           0.06          -0.00  (VIOLATED) 

   ZBUF_113_1634                0.05           0.06          -0.00  (VIOLATED) 
     PIN : ZBUF_113_inst_10117/Y
                                0.05           0.06          -0.00  (VIOLATED) 

   ZBUF_107_2754                0.05           0.06          -0.00  (VIOLATED) 
     PIN : ZBUF_107_inst_17421/Y
                                0.05           0.06          -0.00  (VIOLATED) 

   n137530                      0.05           0.06          -0.00  (VIOLATED) 
     PIN : U103861/Y            0.05           0.06          -0.00  (VIOLATED) 

   ZBUF_17_105                  0.05           0.06          -0.00  (VIOLATED) 
     PIN : ZBUF_17_inst_2806/Y
                                0.05           0.06          -0.00  (VIOLATED) 

   ZBUF_299_3425                0.05           0.06          -0.00  (VIOLATED) 
     PIN : ZBUF_299_inst_29307/Y
                                0.05           0.06          -0.00  (VIOLATED) 

   ZBUF_311_3375                0.05           0.06          -0.00  (VIOLATED) 
     PIN : ZBUF_311_inst_28692/Y
                                0.05           0.06          -0.00  (VIOLATED) 

   ZBUF_863_2891                0.05           0.06          -0.00  (VIOLATED) 
     PIN : ZBUF_863_inst_18869/Y
                                0.05           0.06          -0.00  (VIOLATED) 

   n135557                      0.05           0.06          -0.00  (VIOLATED) 
     PIN : U89621/Y             0.05           0.06          -0.00  (VIOLATED) 

   ZBUF_61_3115                 0.05           0.06          -0.00  (VIOLATED) 
     PIN : ZBUF_61_inst_23153/Y
                                0.05           0.06          -0.00  (VIOLATED) 

   ZBUF_680_2891                0.05           0.06          -0.00  (VIOLATED) 
     PIN : ZBUF_680_inst_18843/Y
                                0.05           0.06          -0.00  (VIOLATED) 

   mac_outs_latched[17][5]      0.06           0.06          -0.00  (VIOLATED) 
     PIN : mac_outs_latched_reg[17][5]/Q
                                0.06           0.06          -0.00  (VIOLATED) 

   ZBUF_1301_2041               0.05           0.06          -0.00  (VIOLATED) 
     PIN : ZBUF_1301_inst_12859/Y
                                0.05           0.06          -0.00  (VIOLATED) 

   mac_outs_latched[7][5]       0.06           0.06          -0.00  (VIOLATED) 
     PIN : mac_outs_latched_reg[7][5]/Q
                                0.06           0.06          -0.00  (VIOLATED) 

   ZBUF_904_113                 0.05           0.06          -0.00  (VIOLATED) 
     PIN : ZBUF_904_inst_2946/Y
                                0.05           0.06          -0.00  (VIOLATED) 

   ZBUF_63_3153                 0.05           0.06          -0.00  (VIOLATED) 
     PIN : ZBUF_63_inst_23990/Y
                                0.05           0.06          -0.00  (VIOLATED) 

   ZBUF_923_2712                0.05           0.06          -0.00  (VIOLATED) 
     PIN : ZBUF_923_inst_16946/Y
                                0.05           0.06          -0.00  (VIOLATED) 

   ZBUF_28_2773                 0.05           0.06          -0.00  (VIOLATED) 
     PIN : ZBUF_28_inst_17961/Y
                                0.05           0.06          -0.00  (VIOLATED) 

   ZBUF_17_3437                 0.05           0.06          -0.00  (VIOLATED) 
     PIN : ZBUF_17_inst_29738/Y
                                0.05           0.06          -0.00  (VIOLATED) 

   n133619                      0.05           0.06          -0.00  (VIOLATED) 
     PIN : U69986/Y             0.05           0.06          -0.00  (VIOLATED) 

   mac_outs_latched[7][2]       0.06           0.06          -0.00  (VIOLATED) 
     PIN : mac_outs_latched_reg[7][2]/Q
                                0.06           0.06          -0.00  (VIOLATED) 

   mac_outs_latched[6][14]      0.06           0.06          -0.00  (VIOLATED) 
     PIN : mac_outs_latched_reg[6][14]/Q
                                0.06           0.06          -0.00  (VIOLATED) 

   n138068                      0.05           0.06          -0.00  (VIOLATED) 
     PIN : U107727/Y            0.05           0.06          -0.00  (VIOLATED) 

   ZBUF_1447_2753               0.05           0.06          -0.00  (VIOLATED) 
     PIN : ZBUF_1447_inst_17359/Y
                                0.05           0.06          -0.00  (VIOLATED) 

   ZBUF_536_3274                0.05           0.06          -0.00  (VIOLATED) 
     PIN : ZBUF_536_inst_26325/Y
                                0.05           0.06          -0.00  (VIOLATED) 

   ZBUF_534_2017                0.05           0.06          -0.00  (VIOLATED) 
     PIN : ZBUF_534_inst_12193/Y
                                0.05           0.06          -0.00  (VIOLATED) 

   ZBUF_32_2540                 0.05           0.06          -0.00  (VIOLATED) 
     PIN : ZBUF_32_inst_15593/Y
                                0.05           0.06          -0.00  (VIOLATED) 

   ZBUF_402_3340                0.05           0.06          -0.00  (VIOLATED) 
     PIN : ZBUF_402_inst_27822/Y
                                0.05           0.06          -0.00  (VIOLATED) 

   ZBUF_12529_1608              0.05           0.06          -0.00  (VIOLATED) 
     PIN : ZBUF_12529_inst_9510/Y
                                0.05           0.06          -0.00  (VIOLATED) 

   ZBUF_5817_2534               0.05           0.06          -0.00  (VIOLATED) 
     PIN : ZBUF_5817_inst_15326/Y
                                0.05           0.06          -0.00  (VIOLATED) 

   ZBUF_42_3168                 0.05           0.06          -0.00  (VIOLATED) 
     PIN : ZBUF_42_inst_24239/Y
                                0.05           0.06          -0.00  (VIOLATED) 

   ZBUF_385_40                  0.05           0.06          -0.00  (VIOLATED) 
     PIN : ZBUF_385_inst_1616/Y
                                0.05           0.06          -0.00  (VIOLATED) 

   ZBUF_4150_2029               0.05           0.06          -0.00  (VIOLATED) 
     PIN : ZBUF_4150_inst_12457/Y
                                0.05           0.06          -0.00  (VIOLATED) 

   ZBUF_65_2749                 0.05           0.06          -0.00  (VIOLATED) 
     PIN : ZBUF_65_inst_17233/Y
                                0.05           0.06          -0.00  (VIOLATED) 

   ZBUF_426_1057                0.05           0.06          -0.00  (VIOLATED) 
     PIN : ZBUF_426_inst_6104/Y
                                0.05           0.06          -0.00  (VIOLATED) 

   ZBUF_523_1612                0.05           0.06          -0.00  (VIOLATED) 
     PIN : ZBUF_523_inst_9623/Y
                                0.05           0.06          -0.00  (VIOLATED) 

   mac_outs_latched[5][3]       0.06           0.06          -0.00  (VIOLATED) 
     PIN : mac_outs_latched_reg[5][3]/Q
                                0.06           0.06          -0.00  (VIOLATED) 

   ZBUF_462_3048                0.05           0.06          -0.00  (VIOLATED) 
     PIN : ZBUF_462_inst_21870/Y
                                0.05           0.06          -0.00  (VIOLATED) 

   ZBUF_71_2518                 0.05           0.06          -0.00  (VIOLATED) 
     PIN : ZBUF_71_inst_14920/Y
                                0.05           0.06          -0.00  (VIOLATED) 

   ZBUF_261_3427                0.05           0.06          -0.00  (VIOLATED) 
     PIN : ZBUF_261_inst_29427/Y
                                0.05           0.06          -0.00  (VIOLATED) 

   ZBUF_314_3429                0.05           0.06          -0.00  (VIOLATED) 
     PIN : ZBUF_314_inst_29547/Y
                                0.05           0.06          -0.00  (VIOLATED) 

   ZBUF_1530_2530               0.05           0.06          -0.00  (VIOLATED) 
     PIN : ZBUF_1530_inst_15195/Y
                                0.05           0.06          -0.00  (VIOLATED) 

   ZBUF_228_2975                0.05           0.06          -0.00  (VIOLATED) 
     PIN : ZBUF_228_inst_20413/Y
                                0.05           0.06          -0.00  (VIOLATED) 

   ZBUF_202_2893                0.05           0.06          -0.00  (VIOLATED) 
     PIN : ZBUF_202_inst_18922/Y
                                0.05           0.06          -0.00  (VIOLATED) 

   ZBUF_2491_2033               0.05           0.06          -0.00  (VIOLATED) 
     PIN : ZBUF_2491_inst_12618/Y
                                0.05           0.06          -0.00  (VIOLATED) 

   ZBUF_26_1620                 0.05           0.06          -0.00  (VIOLATED) 
     PIN : ZBUF_26_inst_9795/Y
                                0.05           0.06          -0.00  (VIOLATED) 

   ZBUF_413_1594                0.05           0.06          -0.00  (VIOLATED) 
     PIN : ZBUF_413_inst_9235/Y
                                0.05           0.06          -0.00  (VIOLATED) 

   ZBUF_103_2551                0.05           0.06          -0.00  (VIOLATED) 
     PIN : ZBUF_103_inst_15860/Y
                                0.05           0.06          -0.00  (VIOLATED) 

   ZBUF_1563_96                 0.05           0.06          -0.00  (VIOLATED) 
     PIN : ZBUF_1563_inst_2605/Y
                                0.05           0.06          -0.00  (VIOLATED) 

   ZBUF_2_574                   0.05           0.06          -0.00  (VIOLATED) 
     PIN : ZBUF_2_inst_4392/Y
                                0.05           0.06          -0.00  (VIOLATED) 

   ZBUF_2_322                   0.05           0.06          -0.00  (VIOLATED) 
     PIN : ZBUF_2_inst_4074/Y
                                0.05           0.06          -0.00  (VIOLATED) 

   ZBUF_10954_96                0.05           0.06          -0.00  (VIOLATED) 
     PIN : ZBUF_10954_inst_2562/Y
                                0.05           0.06          -0.00  (VIOLATED) 

   ZBUF_1015_3376               0.05           0.06          -0.00  (VIOLATED) 
     PIN : ZBUF_1015_inst_28778/Y
                                0.05           0.06          -0.00  (VIOLATED) 

   ZBUF_314_41                  0.05           0.06          -0.00  (VIOLATED) 
     PIN : ZBUF_314_inst_1634/Y
                                0.05           0.06          -0.00  (VIOLATED) 

   ZBUF_606_2755                0.05           0.06          -0.00  (VIOLATED) 
     PIN : ZBUF_606_inst_17486/Y
                                0.05           0.06          -0.00  (VIOLATED) 

   n129179                      0.05           0.06          -0.00  (VIOLATED) 
     PIN : U24140/Y             0.05           0.06          -0.00  (VIOLATED) 

   ZBUF_96_2065                 0.05           0.06          -0.00  (VIOLATED) 
     PIN : ZBUF_96_inst_13364/Y
                                0.05           0.06          -0.00  (VIOLATED) 

   ZBUF_824_3441                0.05           0.06          -0.00  (VIOLATED) 
     PIN : ZBUF_824_inst_29950/Y
                                0.05           0.06          -0.00  (VIOLATED) 

   ZBUF_183_1623                0.05           0.06          -0.00  (VIOLATED) 
     PIN : ZBUF_183_inst_9907/Y
                                0.05           0.06          -0.00  (VIOLATED) 

   n128634                      0.05           0.06          -0.00  (VIOLATED) 
     PIN : U19687/Y             0.05           0.06          -0.00  (VIOLATED) 

   ZBUF_182_3075                0.05           0.06          -0.00  (VIOLATED) 
     PIN : ZBUF_182_inst_22452/Y
                                0.05           0.06          -0.00  (VIOLATED) 

   ZBUF_642_3372                0.05           0.06          -0.00  (VIOLATED) 
     PIN : ZBUF_642_inst_28587/Y
                                0.05           0.06          -0.00  (VIOLATED) 

   ZBUF_3798_3317               0.05           0.06          -0.00  (VIOLATED) 
     PIN : ZBUF_3798_inst_27290/Y
                                0.05           0.06          -0.00  (VIOLATED) 

   ZBUF_194_2916                0.05           0.06          -0.00  (VIOLATED) 
     PIN : ZBUF_194_inst_19086/Y
                                0.05           0.06          -0.00  (VIOLATED) 

   ZBUF_390_1079                0.05           0.06          -0.00  (VIOLATED) 
     PIN : ZBUF_390_inst_6502/Y
                                0.05           0.06          -0.00  (VIOLATED) 

   n137676                      0.05           0.06          -0.00  (VIOLATED) 
     PIN : U105027/Y            0.05           0.06          -0.00  (VIOLATED) 

   ZBUF_589_1645                0.05           0.06          -0.00  (VIOLATED) 
     PIN : ZBUF_589_inst_10372/Y
                                0.05           0.06          -0.00  (VIOLATED) 

   ZBUF_1005_2754               0.05           0.06          -0.00  (VIOLATED) 
     PIN : ZBUF_1005_inst_17393/Y
                                0.05           0.06          -0.00  (VIOLATED) 

   ZBUF_153_3452                0.05           0.06          -0.00  (VIOLATED) 
     PIN : ZBUF_153_inst_30249/Y
                                0.05           0.06          -0.00  (VIOLATED) 

   ZBUF_2_569                   0.05           0.06          -0.00  (VIOLATED) 
     PIN : ZBUF_2_inst_4387/Y
                                0.05           0.06          -0.00  (VIOLATED) 

   mac_outs_latched[5][7]       0.06           0.06          -0.00  (VIOLATED) 
     PIN : mac_outs_latched_reg[5][7]/Q
                                0.06           0.06          -0.00  (VIOLATED) 

   ZBUF_17_3077                 0.05           0.06          -0.00  (VIOLATED) 
     PIN : ZBUF_17_inst_22470/Y
                                0.05           0.06          -0.00  (VIOLATED) 

   ZBUF_443_1104                0.05           0.06          -0.00  (VIOLATED) 
     PIN : ZBUF_443_inst_7235/Y
                                0.05           0.06          -0.00  (VIOLATED) 

   ZBUF_532_1647                0.05           0.06          -0.00  (VIOLATED) 
     PIN : ZBUF_532_inst_10393/Y
                                0.05           0.06          -0.00  (VIOLATED) 

   ZBUF_2_1234                  0.05           0.06          -0.00  (VIOLATED) 
     PIN : ZBUF_2_inst_7855/Y
                                0.05           0.06          -0.00  (VIOLATED) 

   n139767                      0.05           0.06          -0.00  (VIOLATED) 
     PIN : U118636/Y            0.05           0.06          -0.00  (VIOLATED) 

   ZBUF_2_230                   0.05           0.06          -0.00  (VIOLATED) 
     PIN : ZBUF_2_inst_3972/Y
                                0.05           0.06          -0.00  (VIOLATED) 

   mac_outs_latched[8][14]      0.06           0.06          -0.00  (VIOLATED) 
     PIN : mac_outs_latched_reg[8][14]/Q
                                0.06           0.06          -0.00  (VIOLATED) 

   n129231                      0.05           0.06          -0.00  (VIOLATED) 
     PIN : U24567/Y             0.05           0.06          -0.00  (VIOLATED) 

   ZBUF_432_2518                0.05           0.06          -0.00  (VIOLATED) 
     PIN : ZBUF_432_inst_14896/Y
                                0.05           0.06          -0.00  (VIOLATED) 

   ZBUF_741_3444                0.05           0.06          -0.00  (VIOLATED) 
     PIN : ZBUF_741_inst_30031/Y
                                0.05           0.06          -0.00  (VIOLATED) 

   ZBUF_491_928                 0.05           0.06          -0.00  (VIOLATED) 
     PIN : ZBUF_491_inst_5273/Y
                                0.05           0.06          -0.00  (VIOLATED) 

   mac_outs_latched[24][7]      0.06           0.06          -0.00  (VIOLATED) 
     PIN : mac_outs_latched_reg[24][7]/Q
                                0.06           0.06          -0.00  (VIOLATED) 

   ZBUF_2_2801                  0.05           0.06          -0.00  (VIOLATED) 
     PIN : ZBUF_2_inst_18126/Y
                                0.05           0.06          -0.00  (VIOLATED) 

   ZBUF_619_1574                0.05           0.06          -0.00  (VIOLATED) 
     PIN : ZBUF_619_inst_8700/Y
                                0.05           0.06          -0.00  (VIOLATED) 

   ZBUF_1327_3066               0.05           0.06          -0.00  (VIOLATED) 
     PIN : ZBUF_1327_inst_22141/Y
                                0.05           0.06          -0.00  (VIOLATED) 

   ZBUF_571_2527                0.05           0.06          -0.00  (VIOLATED) 
     PIN : ZBUF_571_inst_15035/Y
                                0.05           0.06          -0.00  (VIOLATED) 

   n133557                      0.05           0.06          -0.00  (VIOLATED) 
     PIN : U69158/Y             0.05           0.06          -0.00  (VIOLATED) 

   ZBUF_362_889                 0.05           0.06          -0.00  (VIOLATED) 
     PIN : ZBUF_362_inst_4848/Y
                                0.05           0.06          -0.00  (VIOLATED) 

   ZBUF_118_873                 0.05           0.06          -0.00  (VIOLATED) 
     PIN : ZBUF_118_inst_4761/Y
                                0.05           0.06          -0.00  (VIOLATED) 

   ZBUF_1164_1074               0.05           0.06          -0.00  (VIOLATED) 
     PIN : ZBUF_1164_inst_6402/Y
                                0.05           0.06          -0.00  (VIOLATED) 

   ZBUF_32_2537                 0.05           0.06          -0.00  (VIOLATED) 
     PIN : ZBUF_32_inst_15437/Y
                                0.05           0.06          -0.00  (VIOLATED) 

   ZBUF_872_3427                0.05           0.06          -0.00  (VIOLATED) 
     PIN : ZBUF_872_inst_29447/Y
                                0.05           0.06          -0.00  (VIOLATED) 

   ZBUF_181_3307                0.05           0.06          -0.00  (VIOLATED) 
     PIN : ZBUF_181_inst_27036/Y
                                0.05           0.06          -0.00  (VIOLATED) 

   mac_outs_latched[20][10]     0.06           0.06          -0.00  (VIOLATED) 
     PIN : mac_outs_latched_reg[20][10]/Q
                                0.06           0.06          -0.00  (VIOLATED) 

   ZBUF_1238_2931               0.05           0.06          -0.00  (VIOLATED) 
     PIN : ZBUF_1238_inst_19549/Y
                                0.05           0.06          -0.00  (VIOLATED) 

   ZBUF_558_2017                0.05           0.06          -0.00  (VIOLATED) 
     PIN : ZBUF_558_inst_12194/Y
                                0.05           0.06          -0.00  (VIOLATED) 

   ZBUF_493_2033                0.05           0.06          -0.00  (VIOLATED) 
     PIN : ZBUF_493_inst_12653/Y
                                0.05           0.06          -0.00  (VIOLATED) 

   ZBUF_303_2541                0.05           0.06          -0.00  (VIOLATED) 
     PIN : ZBUF_303_inst_15624/Y
                                0.05           0.06          -0.00  (VIOLATED) 

   ZBUF_919_2029                0.05           0.06          -0.00  (VIOLATED) 
     PIN : ZBUF_919_inst_12482/Y
                                0.05           0.06          -0.00  (VIOLATED) 

   ZBUF_576_3065                0.05           0.06          -0.00  (VIOLATED) 
     PIN : ZBUF_576_inst_22097/Y
                                0.05           0.06          -0.00  (VIOLATED) 

   ZBUF_870_2536                0.05           0.06          -0.00  (VIOLATED) 
     PIN : ZBUF_870_inst_15409/Y
                                0.05           0.06          -0.00  (VIOLATED) 

   ZBUF_351_3167                0.05           0.06          -0.00  (VIOLATED) 
     PIN : ZBUF_351_inst_24225/Y
                                0.05           0.06          -0.00  (VIOLATED) 

   ZBUF_442_3236                0.05           0.06          -0.00  (VIOLATED) 
     PIN : ZBUF_442_inst_25571/Y
                                0.05           0.06          -0.00  (VIOLATED) 

   mac_outs_latched[6][10]      0.06           0.06          -0.00  (VIOLATED) 
     PIN : mac_outs_latched_reg[6][10]/Q
                                0.06           0.06          -0.00  (VIOLATED) 

   ZBUF_1115_3253               0.05           0.06          -0.00  (VIOLATED) 
     PIN : ZBUF_1115_inst_25944/Y
                                0.05           0.06          -0.00  (VIOLATED) 

   ZBUF_422_924                 0.05           0.06          -0.00  (VIOLATED) 
     PIN : ZBUF_422_inst_5229/Y
                                0.05           0.06          -0.00  (VIOLATED) 

   n131464                      0.05           0.06          -0.00  (VIOLATED) 
     PIN : U48058/Y             0.05           0.06          -0.00  (VIOLATED) 

   ZBUF_686_1103                0.05           0.06          -0.00  (VIOLATED) 
     PIN : ZBUF_686_inst_7202/Y
                                0.05           0.06          -0.00  (VIOLATED) 

   ZBUF_178_2913                0.05           0.06          -0.00  (VIOLATED) 
     PIN : ZBUF_178_inst_18980/Y
                                0.05           0.06          -0.00  (VIOLATED) 

   n133429                      0.05           0.06          -0.00  (VIOLATED) 
     PIN : U68089/Y             0.05           0.06          -0.00  (VIOLATED) 

   ZBUF_592_130                 0.05           0.06          -0.00  (VIOLATED) 
     PIN : ZBUF_592_inst_3209/Y
                                0.05           0.06          -0.00  (VIOLATED) 

   ZBUF_515_2686                0.05           0.06          -0.00  (VIOLATED) 
     PIN : ZBUF_515_inst_16501/Y
                                0.05           0.06          -0.00  (VIOLATED) 

   ZBUF_2_577                   0.05           0.06          -0.00  (VIOLATED) 
     PIN : ZBUF_2_inst_4395/Y
                                0.05           0.06          -0.00  (VIOLATED) 

   ZBUF_321_87                  0.05           0.06          -0.00  (VIOLATED) 
     PIN : ZBUF_321_inst_2341/Y
                                0.05           0.06          -0.00  (VIOLATED) 

   ZBUF_481_2171                0.05           0.06          -0.00  (VIOLATED) 
     PIN : ZBUF_481_inst_13671/Y
                                0.05           0.06          -0.00  (VIOLATED) 

   ZBUF_497_1496                0.05           0.06          -0.00  (VIOLATED) 
     PIN : ZBUF_497_inst_8544/Y
                                0.05           0.06          -0.00  (VIOLATED) 

   ZBUF_628_1577                0.05           0.06          -0.00  (VIOLATED) 
     PIN : ZBUF_628_inst_8791/Y
                                0.05           0.06          -0.00  (VIOLATED) 

   ZBUF_75_1495                 0.05           0.06          -0.00  (VIOLATED) 
     PIN : ZBUF_75_inst_8502/Y
                                0.05           0.06          -0.00  (VIOLATED) 

   ZBUF_860_3280                0.05           0.06          -0.00  (VIOLATED) 
     PIN : ZBUF_860_inst_26396/Y
                                0.05           0.06          -0.00  (VIOLATED) 

   ZBUF_210_2976                0.05           0.06          -0.00  (VIOLATED) 
     PIN : ZBUF_210_inst_20438/Y
                                0.05           0.06          -0.00  (VIOLATED) 

   ZBUF_2_307                   0.05           0.06          -0.00  (VIOLATED) 
     PIN : ZBUF_2_inst_4059/Y
                                0.05           0.06          -0.00  (VIOLATED) 

   n139265                      0.05           0.06          -0.00  (VIOLATED) 
     PIN : U115057/Y            0.05           0.06          -0.00  (VIOLATED) 

   n139270                      0.05           0.06          -0.00  (VIOLATED) 
     PIN : U115063/Y            0.05           0.06          -0.00  (VIOLATED) 

   ZBUF_315_1590                0.05           0.06          -0.00  (VIOLATED) 
     PIN : ZBUF_315_inst_9128/Y
                                0.05           0.06          -0.00  (VIOLATED) 

   ZBUF_69_3114                 0.05           0.06          -0.00  (VIOLATED) 
     PIN : ZBUF_69_inst_23144/Y
                                0.05           0.06          -0.00  (VIOLATED) 

   ZBUF_70_1611                 0.05           0.06          -0.00  (VIOLATED) 
     PIN : ZBUF_70_inst_9605/Y
                                0.05           0.06          -0.00  (VIOLATED) 

   ZBUF_158_2927                0.05           0.06          -0.00  (VIOLATED) 
     PIN : ZBUF_158_inst_19459/Y
                                0.05           0.06          -0.00  (VIOLATED) 

   ZBUF_454_2927                0.05           0.06          -0.00  (VIOLATED) 
     PIN : ZBUF_454_inst_19471/Y
                                0.05           0.06          -0.00  (VIOLATED) 

   ZBUF_161_2975                0.05           0.06          -0.00  (VIOLATED) 
     PIN : ZBUF_161_inst_20385/Y
                                0.05           0.06          -0.00  (VIOLATED) 

   ZBUF_27_124                  0.05           0.06          -0.00  (VIOLATED) 
     PIN : ZBUF_27_inst_3154/Y
                                0.05           0.06          -0.00  (VIOLATED) 

   ZBUF_548_3342                0.05           0.06          -0.00  (VIOLATED) 
     PIN : ZBUF_548_inst_27885/Y
                                0.05           0.06          -0.00  (VIOLATED) 

   ZBUF_129_1105                0.05           0.06          -0.00  (VIOLATED) 
     PIN : ZBUF_129_inst_7243/Y
                                0.05           0.06          -0.00  (VIOLATED) 

   ZBUF_530_921                 0.05           0.06          -0.00  (VIOLATED) 
     PIN : ZBUF_530_inst_5168/Y
                                0.05           0.06          -0.00  (VIOLATED) 

   ZBUF_32_3257                 0.05           0.06          -0.00  (VIOLATED) 
     PIN : ZBUF_32_inst_26006/Y
                                0.05           0.06          -0.00  (VIOLATED) 

   n137626                      0.05           0.06          -0.00  (VIOLATED) 
     PIN : U104516/Y            0.05           0.06          -0.00  (VIOLATED) 

   ZBUF_677_3103                0.05           0.06          -0.00  (VIOLATED) 
     PIN : ZBUF_677_inst_23058/Y
                                0.05           0.06          -0.00  (VIOLATED) 

   ZBUF_844_1060                0.05           0.06          -0.00  (VIOLATED) 
     PIN : ZBUF_844_inst_6197/Y
                                0.05           0.06          -0.00  (VIOLATED) 

   ZBUF_5910_1069               0.05           0.06          -0.00  (VIOLATED) 
     PIN : ZBUF_5910_inst_6307/Y
                                0.05           0.06          -0.00  (VIOLATED) 

   ZBUF_794_2743                0.05           0.06          -0.00  (VIOLATED) 
     PIN : ZBUF_794_inst_17145/Y
                                0.05           0.06          -0.00  (VIOLATED) 

   ZBUF_99_2937                 0.05           0.06          -0.00  (VIOLATED) 
     PIN : ZBUF_99_inst_19706/Y
                                0.05           0.06          -0.00  (VIOLATED) 

   ZBUF_2755_1608               0.05           0.05          -0.00  (VIOLATED) 
     PIN : ZBUF_2755_inst_9543/Y
                                0.05           0.05          -0.00  (VIOLATED) 

   n139108                      0.05           0.05          -0.00  (VIOLATED) 
     PIN : U113868/Y            0.05           0.05          -0.00  (VIOLATED) 

   n133527                      0.05           0.05          -0.00  (VIOLATED) 
     PIN : U68756/Y             0.05           0.05          -0.00  (VIOLATED) 

   ZBUF_566_921                 0.05           0.05          -0.00  (VIOLATED) 
     PIN : ZBUF_566_inst_5165/Y
                                0.05           0.05          -0.00  (VIOLATED) 

   mac_outs_latched[24][1]      0.06           0.06          -0.00  (VIOLATED) 
     PIN : mac_outs_latched_reg[24][1]/Q
                                0.06           0.06          -0.00  (VIOLATED) 

   ZBUF_141_2545                0.05           0.05          -0.00  (VIOLATED) 
     PIN : ZBUF_141_inst_15695/Y
                                0.05           0.05          -0.00  (VIOLATED) 

   ZBUF_137_3440                0.05           0.05          -0.00  (VIOLATED) 
     PIN : ZBUF_137_inst_29853/Y
                                0.05           0.05          -0.00  (VIOLATED) 

   n139362                      0.05           0.05          -0.00  (VIOLATED) 
     PIN : U115186/Y            0.05           0.05          -0.00  (VIOLATED) 

   ZBUF_185_1086                0.05           0.05          -0.00  (VIOLATED) 
     PIN : ZBUF_185_inst_6747/Y
                                0.05           0.05          -0.00  (VIOLATED) 

   mac_outs_latched[9][1]       0.06           0.06          -0.00  (VIOLATED) 
     PIN : mac_outs_latched_reg[9][1]/Q
                                0.06           0.06          -0.00  (VIOLATED) 

   ZBUF_511_923                 0.05           0.05          -0.00  (VIOLATED) 
     PIN : ZBUF_511_inst_5194/Y
                                0.05           0.05          -0.00  (VIOLATED) 

   ZBUF_29_1657                 0.05           0.05          -0.00  (VIOLATED) 
     PIN : ZBUF_29_inst_10610/Y
                                0.05           0.05          -0.00  (VIOLATED) 

   ZBUF_135_2067                0.05           0.05          -0.00  (VIOLATED) 
     PIN : ZBUF_135_inst_13481/Y
                                0.05           0.05          -0.00  (VIOLATED) 

   ZBUF_516_2752                0.05           0.05          -0.00  (VIOLATED) 
     PIN : ZBUF_516_inst_17291/Y
                                0.05           0.05          -0.00  (VIOLATED) 

   ZBUF_1841_3459               0.05           0.05          -0.00  (VIOLATED) 
     PIN : ZBUF_1841_inst_30555/Y
                                0.05           0.05          -0.00  (VIOLATED) 

   ZBUF_573_147                 0.05           0.05          -0.00  (VIOLATED) 
     PIN : ZBUF_573_inst_3477/Y
                                0.05           0.05          -0.00  (VIOLATED) 

   ZBUF_1022_3067               0.05           0.05          -0.00  (VIOLATED) 
     PIN : ZBUF_1022_inst_22279/Y
                                0.05           0.05          -0.00  (VIOLATED) 

   ZBUF_1366_3066               0.05           0.05          -0.00  (VIOLATED) 
     PIN : ZBUF_1366_inst_22121/Y
                                0.05           0.05          -0.00  (VIOLATED) 

   n138406                      0.05           0.05          -0.00  (VIOLATED) 
     PIN : U109024/Y            0.05           0.05          -0.00  (VIOLATED) 

   ZBUF_1428_211                0.05           0.05          -0.00  (VIOLATED) 
     PIN : ZBUF_1428_inst_3931/Y
                                0.05           0.05          -0.00  (VIOLATED) 

   ZBUF_605_3007                0.05           0.05          -0.00  (VIOLATED) 
     PIN : ZBUF_605_inst_21102/Y
                                0.05           0.05          -0.00  (VIOLATED) 

   ZBUF_50_1295                 0.05           0.05          -0.00  (VIOLATED) 
     PIN : ZBUF_50_inst_7930/Y
                                0.05           0.05          -0.00  (VIOLATED) 

   ZBUF_504_1974                0.05           0.05          -0.00  (VIOLATED) 
     PIN : ZBUF_504_inst_11725/Y
                                0.05           0.05          -0.00  (VIOLATED) 

   ZBUF_471_2012                0.05           0.05          -0.00  (VIOLATED) 
     PIN : ZBUF_471_inst_12055/Y
                                0.05           0.05          -0.00  (VIOLATED) 

   n139927                      0.09           0.09          -0.00  (VIOLATED) 
     PIN : U118829/Y            0.09           0.09          -0.00  (VIOLATED) 

   ZBUF_472_923                 0.05           0.05          -0.00  (VIOLATED) 
     PIN : ZBUF_472_inst_5198/Y
                                0.05           0.05          -0.00  (VIOLATED) 

   mac_outs_latched[24][2]      0.06           0.06          -0.00  (VIOLATED) 
     PIN : mac_outs_latched_reg[24][2]/Q
                                0.06           0.06          -0.00  (VIOLATED) 

   ZBUF_435_925                 0.05           0.05          -0.00  (VIOLATED) 
     PIN : ZBUF_435_inst_5232/Y
                                0.05           0.05          -0.00  (VIOLATED) 

   n129449                      0.05           0.05          -0.00  (VIOLATED) 
     PIN : U26662/Y             0.05           0.05          -0.00  (VIOLATED) 

   ZBUF_2_887                   0.05           0.05          -0.00  (VIOLATED) 
     PIN : ZBUF_2_inst_4828/Y
                                0.05           0.05          -0.00  (VIOLATED) 

   ZBUF_2_1566                  0.05           0.05          -0.00  (VIOLATED) 
     PIN : ZBUF_2_inst_8687/Y
                                0.05           0.05          -0.00  (VIOLATED) 

   ZBUF_431_1058                0.05           0.05          -0.00  (VIOLATED) 
     PIN : ZBUF_431_inst_6156/Y
                                0.05           0.05          -0.00  (VIOLATED) 

   ZBUF_370_2931                0.05           0.05          -0.00  (VIOLATED) 
     PIN : ZBUF_370_inst_19589/Y
                                0.05           0.05          -0.00  (VIOLATED) 

   ZBUF_1249_3066               0.05           0.05          -0.00  (VIOLATED) 
     PIN : ZBUF_1249_inst_22163/Y
                                0.05           0.05          -0.00  (VIOLATED) 

   ZBUF_74_1650                 0.05           0.05          -0.00  (VIOLATED) 
     PIN : ZBUF_74_inst_10472/Y
                                0.05           0.05          -0.00  (VIOLATED) 

   ZBUF_414_3218                0.05           0.05          -0.00  (VIOLATED) 
     PIN : ZBUF_414_inst_25188/Y
                                0.05           0.05          -0.00  (VIOLATED) 

   ZBUF_4119_1069               0.05           0.05          -0.00  (VIOLATED) 
     PIN : ZBUF_4119_inst_6303/Y
                                0.05           0.05          -0.00  (VIOLATED) 

   ZBUF_1543_1614               0.05           0.05          -0.00  (VIOLATED) 
     PIN : ZBUF_1543_inst_9708/Y
                                0.05           0.05          -0.00  (VIOLATED) 

   ZBUF_556_3351                0.05           0.05          -0.00  (VIOLATED) 
     PIN : ZBUF_556_inst_28047/Y
                                0.05           0.05          -0.00  (VIOLATED) 

   ZBUF_788_39                  0.05           0.05          -0.00  (VIOLATED) 
     PIN : ZBUF_788_inst_1606/Y
                                0.05           0.05          -0.00  (VIOLATED) 

   ZBUF_657_2921                0.05           0.05          -0.00  (VIOLATED) 
     PIN : ZBUF_657_inst_19201/Y
                                0.05           0.05          -0.00  (VIOLATED) 

   ZBUF_2_602                   0.05           0.05          -0.00  (VIOLATED) 
     PIN : ZBUF_2_inst_4420/Y
                                0.05           0.05          -0.00  (VIOLATED) 

   ZBUF_9_3191                  0.05           0.05          -0.00  (VIOLATED) 
     PIN : ZBUF_9_inst_24700/Y
                                0.05           0.05          -0.00  (VIOLATED) 

   ZBUF_2_2507                  0.05           0.05          -0.00  (VIOLATED) 
     PIN : ZBUF_2_inst_14706/Y
                                0.05           0.05          -0.00  (VIOLATED) 

   ZBUF_250_2998                0.05           0.05          -0.00  (VIOLATED) 
     PIN : ZBUF_250_inst_20686/Y
                                0.05           0.05          -0.00  (VIOLATED) 

   ZBUF_671_2742                0.05           0.05          -0.00  (VIOLATED) 
     PIN : ZBUF_671_inst_17080/Y
                                0.05           0.05          -0.00  (VIOLATED) 

   ZBUF_129_3333                0.05           0.05          -0.00  (VIOLATED) 
     PIN : ZBUF_129_inst_27657/Y
                                0.05           0.05          -0.00  (VIOLATED) 

   ZBUF_509_1030                0.05           0.05          -0.00  (VIOLATED) 
     PIN : ZBUF_509_inst_5488/Y
                                0.05           0.05          -0.00  (VIOLATED) 

   ZBUF_555_923                 0.05           0.05          -0.00  (VIOLATED) 
     PIN : ZBUF_555_inst_5200/Y
                                0.05           0.05          -0.00  (VIOLATED) 

   ZBUF_482_927                 0.05           0.05          -0.00  (VIOLATED) 
     PIN : ZBUF_482_inst_5245/Y
                                0.05           0.05          -0.00  (VIOLATED) 

   n138163                      0.05           0.05          -0.00  (VIOLATED) 
     PIN : U108459/Y            0.05           0.05          -0.00  (VIOLATED) 

   ZBUF_2230_3376               0.05           0.05          -0.00  (VIOLATED) 
     PIN : ZBUF_2230_inst_28763/Y
                                0.05           0.05          -0.00  (VIOLATED) 

   ZBUF_456_3456                0.05           0.05          -0.00  (VIOLATED) 
     PIN : ZBUF_456_inst_30478/Y
                                0.05           0.05          -0.00  (VIOLATED) 

   ZBUF_2321_1608               0.05           0.05          -0.00  (VIOLATED) 
     PIN : ZBUF_2321_inst_9508/Y
                                0.05           0.05          -0.00  (VIOLATED) 

   ZBUF_2_1326                  0.05           0.05          -0.00  (VIOLATED) 
     PIN : ZBUF_2_inst_7985/Y
                                0.05           0.05          -0.00  (VIOLATED) 

   ZBUF_584_1645                0.05           0.05          -0.00  (VIOLATED) 
     PIN : ZBUF_584_inst_10365/Y
                                0.05           0.05          -0.00  (VIOLATED) 

   ZBUF_3686_2742               0.05           0.05          -0.00  (VIOLATED) 
     PIN : ZBUF_3686_inst_17079/Y
                                0.05           0.05          -0.00  (VIOLATED) 

   ZBUF_706_2540                0.05           0.05          -0.00  (VIOLATED) 
     PIN : ZBUF_706_inst_15597/Y
                                0.05           0.05          -0.00  (VIOLATED) 

   ZBUF_933_3192                0.05           0.05          -0.00  (VIOLATED) 
     PIN : ZBUF_933_inst_24706/Y
                                0.05           0.05          -0.00  (VIOLATED) 

   ZBUF_497_2036                0.05           0.05          -0.00  (VIOLATED) 
     PIN : ZBUF_497_inst_12735/Y
                                0.05           0.05          -0.00  (VIOLATED) 

   ZBUF_59_2520                 0.05           0.05          -0.00  (VIOLATED) 
     PIN : ZBUF_59_inst_14938/Y
                                0.05           0.05          -0.00  (VIOLATED) 

   ZBUF_3103_2030               0.05           0.05          -0.00  (VIOLATED) 
     PIN : ZBUF_3103_inst_12495/Y
                                0.05           0.05          -0.00  (VIOLATED) 

   ZBUF_318_2515                0.05           0.05          -0.00  (VIOLATED) 
     PIN : ZBUF_318_inst_14856/Y
                                0.05           0.05          -0.00  (VIOLATED) 

   n139375                      0.05           0.05          -0.00  (VIOLATED) 
     PIN : U115203/Y            0.05           0.05          -0.00  (VIOLATED) 

   ZBUF_1406_3071               0.05           0.05          -0.00  (VIOLATED) 
     PIN : ZBUF_1406_inst_22351/Y
                                0.05           0.05          -0.00  (VIOLATED) 

   ZBUF_6444_2751               0.05           0.05          -0.00  (VIOLATED) 
     PIN : ZBUF_6444_inst_17272/Y
                                0.05           0.05          -0.00  (VIOLATED) 

  ---------------------------------------------------------------------------
   Number of max_transition violation(s): 328

   Total number of violation(s): 328
1
