Cell Min-Routing-Layer = M1
Cell Max-Routing-Layer = M8
Turn off antenna since no rule is specified
Information: Option route.detail.force_end_on_preferred_grid will be ignored since none of the layers have preferred grid. (ZRT-703)
Warning: Cannot find a default contact code for layer CO. (ZRT-022)
Warning: Port VDD of cell route_pg_ladder_hold_eco_repair1_hold2_clean_occ1_electrical_eco_open1_route_repair2_electrical_eco_open2_route_repair1_hold_m0_electrical_occ1 is unplaced.  This may impact routing result. (ZRT-740)
Warning: Port VSS of cell route_pg_ladder_hold_eco_repair1_hold2_clean_occ1_electrical_eco_open1_route_repair2_electrical_eco_open2_route_repair1_hold_m0_electrical_occ1 is unplaced.  This may impact routing result. (ZRT-740)
Warning: Ignore 2 top cell ports with no pins. (ZRT-027)
Info: number of net_type_blockage: 0 
Information: Via ladder engine would be activated for pattern must join connection in certain commands. Please refer to man-page for the command list. (ZRT-619)
Information: When applicable Min-max layer allow_pin_connection mode will allow paths of length 5.32 outside the layer range. (ZRT-707)
Information: When applicable Min-max layer allow_pin_connection mode will allow paths of length 5.32 outside the layer range on clock nets. (ZRT-718)
Information: When applicable layer based tapering will taper up to 0.00 in distance from the pin. (ZRT-706)
Warning: Standard cell pin MUX41X2_RVT/S0 has no valid via regions. (ZRT-044)


Start checking for open nets ... 

net(n22608) has floating ports (dbId = 79531 idx_ = 79531 numNodes = 2 numEdges = 0 numCmps = 2)
net(n67991) has floating ports (dbId = 120944 idx_ = 120944 numNodes = 3 numEdges = 1 numCmps = 2)
net(n68086) has floating ports (dbId = 121032 idx_ = 121032 numNodes = 5 numEdges = 3 numCmps = 2)
net(n140863) has floating ports (dbId = 177850 idx_ = 177850 numNodes = 13 numEdges = 11 numCmps = 2)
net(eco_net_218_n142165) has floating ports (dbId = 237155 idx_ = 237153 numNodes = 3 numEdges = 1 numCmps = 2)
net(eco_net_219_n142165) has floating ports (dbId = 237156 idx_ = 237154 numNodes = 7 numEdges = 5 numCmps = 2)
net(eco_net_1467_n22608) has floating ports (dbId = 238404 idx_ = 238402 numNodes = 6 numEdges = 5 numCmps = 2)
Total number of nets = 239058, of which 0 are not extracted
Total number of open nets = 7, of which 0 are frozen

Check 239058 nets, 7 have Errors

[CHECK OPEN NETS] Elapsed real time: 0:00:00 
[CHECK OPEN NETS] Elapsed cpu  time: sys=0:00:00 usr=0:00:00 total=0:00:00
[CHECK OPEN NETS] Stage (MB): Used    0  Alloctr    0  Proc    0 
[CHECK OPEN NETS] Total (MB): Used  487  Alloctr  489  Proc 5851 
Printing options for 'route.common.*'
common.eco_route_fix_existing_drc                       :	 true                

Printing options for 'route.detail.*'
detail.antenna                                          :	 true                
detail.generate_extra_off_grid_pin_tracks               :	 true                
detail.timing_driven                                    :	 false               

Printing options for 'route.auto_via_ladder.*'


Begin full DRC check ...

Information: Using 1 threads for routing. (ZRT-444)
Checked	22/361 Partitions, Violations =	0
Checked	23/361 Partitions, Violations =	0
Checked	28/361 Partitions, Violations =	0
Checked	42/361 Partitions, Violations =	0
Checked	56/361 Partitions, Violations =	0
Checked	70/361 Partitions, Violations =	0
Checked	84/361 Partitions, Violations =	0
Checked	98/361 Partitions, Violations =	0
Checked	112/361 Partitions, Violations =	0
Checked	126/361 Partitions, Violations =	0
Checked	140/361 Partitions, Violations =	0
Checked	154/361 Partitions, Violations =	0
Checked	168/361 Partitions, Violations =	0
Checked	182/361 Partitions, Violations =	0
Checked	196/361 Partitions, Violations =	0
Checked	210/361 Partitions, Violations =	0
Checked	224/361 Partitions, Violations =	0
Checked	238/361 Partitions, Violations =	0
Checked	252/361 Partitions, Violations =	0
Checked	266/361 Partitions, Violations =	0
Checked	280/361 Partitions, Violations =	0
Checked	294/361 Partitions, Violations =	0
Checked	308/361 Partitions, Violations =	0
Checked	322/361 Partitions, Violations =	0
Checked	336/361 Partitions, Violations =	1
Checked	350/361 Partitions, Violations =	1
[DRC CHECK] Elapsed real time: 0:01:41 
[DRC CHECK] Elapsed cpu  time: sys=0:00:01 usr=0:01:41 total=0:01:42
[DRC CHECK] Stage (MB): Used    3  Alloctr    3  Proc    0 
[DRC CHECK] Total (MB): Used  615  Alloctr  619  Proc 5851 
Warning: No antenna rules defined, Skip antenna analysis. (ZRT-309)

DRC-SUMMARY:
	@@@@@@@ TOTAL VIOLATIONS =	1
	Less than minimum area : 1


Total Wire Length =                    7338325 micron
Total Number of Contacts =             2302732
Total Number of Wires =                2278269
Total Number of PtConns =              339367
Total Number of Routed Wires =       2277354
Total Routed Wire Length =           7298727 micron
Total Number of Routed Contacts =       2302732
	Layer               M1 :     131528 micron
	Layer               M2 :    2178483 micron
	Layer               M3 :    2024918 micron
	Layer               M4 :    1227599 micron
	Layer               M5 :    1002227 micron
	Layer               M6 :     368798 micron
	Layer               M7 :     305413 micron
	Layer               M8 :      59722 micron
	Layer               M9 :         38 micron
	Layer             MRDL :          0 micron
	Via       VIA89_C(rot) :         16
	Via          VIA78SQ_C :       2020
	Via      VIA78SQ_C_2x1 :          1
	Via     VIA67SQ_C(rot) :      19489
	Via          VIA56SQ_C :      32039
	Via          VIA45SQ_C :         14
	Via     VIA45SQ_C(rot) :     145903
	Via          VIA34SQ_C :     226033
	Via     VIA34SQ_C(rot) :       1907
	Via          VIA23SQ_C :      13707
	Via     VIA23SQ_C(rot) :     957986
	Via          VIA12SQ_C :     872073
	Via     VIA12SQ_C(rot) :      31421
	Via      VIA12SQ_C_2x1 :         45
	Via      VIA12SQ_C_1x2 :         69
	Via        VIA12SQ_2x1 :          2
	Via   VIA12SQ(rot)_1x2 :          2
	Via   VIA12SQ(rot)_2x1 :          1
	Via        VIA12SQ_1x2 :          4

 
Redundant via conversion report:
--------------------------------

  Total optimized via conversion rate =  0.01% (124 / 2302732 vias)
 
    Layer VIA1       =  0.01% (123    / 903617  vias)
        Weight 1     =  0.01% (123     vias)
        Un-optimized =  0.00% (0       vias)
        Un-mapped    = 99.99% (903494  vias)
    Layer VIA2       =  0.00% (0      / 971693  vias)
        Un-optimized =  0.00% (0       vias)
        Un-mapped    = 100.00% (971693  vias)
    Layer VIA3       =  0.00% (0      / 227940  vias)
        Un-optimized =  0.00% (0       vias)
        Un-mapped    = 100.00% (227940  vias)
    Layer VIA4       =  0.00% (0      / 145917  vias)
        Un-optimized =  0.00% (0       vias)
        Un-mapped    = 100.00% (145917  vias)
    Layer VIA5       =  0.00% (0      / 32039   vias)
        Un-optimized =  0.00% (0       vias)
        Un-mapped    = 100.00% (32039   vias)
    Layer VIA6       =  0.00% (0      / 19489   vias)
        Un-optimized =  0.00% (0       vias)
        Un-mapped    = 100.00% (19489   vias)
    Layer VIA7       =  0.05% (1      / 2021    vias)
        Weight 1     =  0.05% (1       vias)
        Un-optimized =  0.00% (0       vias)
        Un-mapped    = 99.95% (2020    vias)
    Layer VIA8       =  0.00% (0      / 16      vias)
        Un-optimized =  0.00% (0       vias)
        Un-mapped    = 100.00% (16      vias)
 
  Total double via conversion rate    =  0.01% (124 / 2302732 vias)
 
    Layer VIA1       =  0.01% (123    / 903617  vias)
    Layer VIA2       =  0.00% (0      / 971693  vias)
    Layer VIA3       =  0.00% (0      / 227940  vias)
    Layer VIA4       =  0.00% (0      / 145917  vias)
    Layer VIA5       =  0.00% (0      / 32039   vias)
    Layer VIA6       =  0.00% (0      / 19489   vias)
    Layer VIA7       =  0.05% (1      / 2021    vias)
    Layer VIA8       =  0.00% (0      / 16      vias)
 
  The optimized via conversion rate based on total routed via count =  0.01% (124 / 2302732 vias)
 
    Layer VIA1       =  0.01% (123    / 903617  vias)
        Weight 1     =  0.01% (123     vias)
        Un-optimized =  0.00% (0       vias)
        Un-mapped    = 99.99% (903494  vias)
    Layer VIA2       =  0.00% (0      / 971693  vias)
        Un-optimized =  0.00% (0       vias)
        Un-mapped    = 100.00% (971693  vias)
    Layer VIA3       =  0.00% (0      / 227940  vias)
        Un-optimized =  0.00% (0       vias)
        Un-mapped    = 100.00% (227940  vias)
    Layer VIA4       =  0.00% (0      / 145917  vias)
        Un-optimized =  0.00% (0       vias)
        Un-mapped    = 100.00% (145917  vias)
    Layer VIA5       =  0.00% (0      / 32039   vias)
        Un-optimized =  0.00% (0       vias)
        Un-mapped    = 100.00% (32039   vias)
    Layer VIA6       =  0.00% (0      / 19489   vias)
        Un-optimized =  0.00% (0       vias)
        Un-mapped    = 100.00% (19489   vias)
    Layer VIA7       =  0.05% (1      / 2021    vias)
        Weight 1     =  0.05% (1       vias)
        Un-optimized =  0.00% (0       vias)
        Un-mapped    = 99.95% (2020    vias)
    Layer VIA8       =  0.00% (0      / 16      vias)
        Un-optimized =  0.00% (0       vias)
        Un-mapped    = 100.00% (16      vias)
 


Verify Summary:

Total number of nets = 239058, of which 0 are not extracted
Total number of open nets = 7, of which 0 are frozen
Total number of excluded ports = 0 ports of 0 unplaced cells connected to 0 nets
                                 0 ports without pins of 0 cells connected to 0 nets
                                 0 ports of 0 cover cells connected to 0 non-pg nets
Total number of DRCs = 1
Total number of antenna violations = no antenna rules defined
Total number of tie to rail violations = not checked
Total number of tie to rail directly violations = not checked


