****************************************
Report : qor
Design : nn_top
Version: W-2024.09-SP2
Date   : Mon May 11 21:25:53 2026
****************************************


Scenario           'default'
Timing Path Group  '**in2reg_default**'
----------------------------------------
Levels of Logic:                     14
Critical Path Length:              2.18
Critical Path Slack:               7.66
Critical Path Clk Period:         10.00
Total Negative Slack:              0.00
No. of Violating Paths:               0
Worst Hold Violation:              0.00
Total Hold Violation:              0.00
No. of Hold Violations:               0
----------------------------------------

Scenario           'default'
Timing Path Group  '**reg2out_default**'
----------------------------------------
Levels of Logic:                      9
Critical Path Length:              0.75
Critical Path Slack:               8.02
Critical Path Clk Period:         10.00
Total Negative Slack:              0.00
No. of Violating Paths:               0
Worst Hold Violation:              0.00
Total Hold Violation:              0.00
No. of Hold Violations:               0
----------------------------------------

Scenario           'default'
Timing Path Group  'clk'
----------------------------------------
Levels of Logic:                     51
Critical Path Length:              4.97
Critical Path Slack:               4.83
Critical Path Clk Period:         10.00
Total Negative Slack:              0.00
No. of Violating Paths:               0
Worst Hold Violation:             -0.02
Total Hold Violation:             -0.38
No. of Hold Violations:             293
----------------------------------------


Cell Count
----------------------------------------
Hierarchical Cell Count:              0
Hierarchical Port Count:              0
Leaf Cell Count:                 222235
Buf/Inv Cell Count:               65997
Buf Cell Count:                   52941
Inv Cell Count:                   13056
Combinational Cell Count:        182576
   Single-bit Isolation Cell Count:                        0
   Multi-bit Isolation Cell Count:                         0
   Isolation Cell Banking Ratio:                           0.00%
   Single-bit Level Shifter Cell Count:                    0
   Multi-bit Level Shifter Cell Count:                     0
   Level Shifter Cell Banking Ratio:                       0.00%
   Single-bit ELS Cell Count:                              0
   Multi-bit ELS Cell Count:                               0
   ELS Cell Banking Ratio:                                 0.00%
Sequential Cell Count:            39659
   Integrated Clock-Gating Cell Count:                     0
   Sequential Macro Cell Count:                            0
   Single-bit Sequential Cell Count:                       39659
   Multi-bit Sequential Cell Count:                        0
   Sequential Cell Banking Ratio:                          0.00%
   BitsPerflop:                                            1.00
Macro Count:                          0
----------------------------------------


Area
----------------------------------------
Combinational Area:           502450.06
Noncombinational Area:        284539.62
Buf/Inv Area:                 201845.23
Total Buffer Area:            179387.80
Total Inverter Area:           22457.43
Macro/Black Box Area:              0.00
Net Area:                             0
Net XLength:                 3451233.07
Net YLength:                 3764120.46
----------------------------------------
Cell Area (netlist):                         786989.68
Cell Area (netlist and physical only):       786989.68
Net Length:                  7215353.53


Design Rules
----------------------------------------
Total Number of Nets:            228577
Nets with Violations:              2271
Max Trans Violations:               673
Max Cap Violations:                2181
----------------------------------------

1
