****************************************
Report : clock timing
        -type latency
        -launch
        -nworst 20
        -hold
Design : nn_top
Version: W-2024.09-SP2
Date   : Sun May 10 19:38:25 2026
****************************************

  Mode: default
  Clock: clk

                                                 --- Latency ---
  Clock Pin                             Trans   Source   Offset  Network    Total            Corner
---------------------------------------------------------------------------------------------------
  u_input_fifo/fifo_buf_reg[299][5]/CLK
                                         0.04     0.00       --     0.14     0.14 rp-+      default
  u_input_fifo/fifo_buf_reg[363][4]/CLK
                                         0.04     0.00       --     0.14     0.14 rp-+      default
  u_input_fifo/fifo_buf_reg[363][8]/CLK
                                         0.04     0.00       --     0.14     0.14 rp-+      default
  u_input_fifo/fifo_buf_reg[363][13]/CLK
                                         0.04     0.00       --     0.14     0.14 rp-+      default
  u_input_fifo/fifo_buf_reg[363][1]/CLK
                                         0.04     0.00       --     0.14     0.14 rp-+      default
  u_input_fifo/fifo_buf_reg[363][11]/CLK
                                         0.04     0.00       --     0.14     0.14 rp-+      default
  u_input_fifo/fifo_buf_reg[299][11]/CLK
                                         0.04     0.00       --     0.14     0.14 rp-+      default
  u_input_fifo/fifo_buf_reg[299][0]/CLK
                                         0.04     0.00       --     0.14     0.14 rp-+      default
  u_input_fifo/fifo_buf_reg[299][3]/CLK
                                         0.04     0.00       --     0.14     0.14 rp-+      default
  u_input_fifo/fifo_buf_reg[335][14]/CLK
                                         0.04     0.00       --     0.14     0.14 rp-+      default
  u_input_fifo/fifo_buf_reg[335][15]/CLK
                                         0.04     0.00       --     0.14     0.14 rp-+      default
  u_input_fifo/fifo_buf_reg[335][5]/CLK
                                         0.04     0.00       --     0.14     0.14 rp-+      default
  u_input_fifo/fifo_buf_reg[363][10]/CLK
                                         0.04     0.00       --     0.14     0.14 rp-+      default
  u_input_fifo/fifo_buf_reg[299][10]/CLK
                                         0.04     0.00       --     0.14     0.14 rp-+      default
  u_input_fifo/fifo_buf_reg[272][8]/CLK
                                         0.04     0.00       --     0.14     0.14 rp-+      default
  u_input_fifo/fifo_buf_reg[272][9]/CLK
                                         0.04     0.00       --     0.14     0.14 rp-+      default
  u_input_fifo/fifo_buf_reg[272][0]/CLK
                                         0.04     0.00       --     0.14     0.14 rp-+      default
  u_input_fifo/fifo_buf_reg[272][1]/CLK
                                         0.04     0.00       --     0.14     0.14 rp-+      default
  u_input_fifo/fifo_buf_reg[379][5]/CLK
                                         0.04     0.00       --     0.14     0.14 rp-+      default
  u_input_fifo/fifo_buf_reg[315][3]/CLK
                                         0.05     0.00       --     0.14     0.14 rp-+      default
---------------------------------------------------------------------------------------------------
1
