Information: The value of option cts.compile.enable_cell_relocation has been overridden to "leaf_only" to support latency-driven placement. (CTS-973)
****************************************
Report : report clock qor
        -type area
Design : nn_top
Version: W-2024.09-SP2
Date   : Sun May 10 19:38:12 2026
****************************************


==========================
==== Area (per clock) ====
==========================

Clock                                 Sinks          Clock          Clock          Clock          Clock          Sinks           Sink
                                 (balanced)     Cell Count        Stdcell       Repeater       Repeater     (physical)        Stdcell          Macro
                                                (non sink)           Area          Count           Area                          Area           Area
------------------------------------------------------------------------------------------------------------------------------------------------------
clk                                   39659           1066        3800.98           1066        3800.98          39659      284539.11           0.00
------------------------------------------------------------------------------------------------------------------------------------------------------
Total                                 39659           1066        3800.98           1066        3800.98          39659      284539.11           0.00

Type                               Instance           Unit          Total           Cell             Vt             Vt
                                      Count           Area           Area           Type          Group           Type


=================================
==== Area (per library cell) ====
=================================

===== Summary =====
Type                               Instance           Unit          Total           Cell             Vt             Vt
                                      Count           Area           Area           Type          Group           Type
------------------------------------------------------------------------------------------------------------------------
Clock Repeaters                        1066              -        3800.98              -              -              -
Other Network Cells                       0              -           0.00              -              -              -
Standard Cell Sinks                   39659              -      284539.11              -              -              -
Macro Cells                               0              -           0.00              -              -              -

===== Clock Repeaters =====
Type                               Instance           Unit          Total           Cell             Vt             Vt
                                      Count           Area           Area           Type          Group           Type
------------------------------------------------------------------------------------------------------------------------
IBUFFX8_RVT                               1           4.32           4.32       Inverter saed32cell_svt              -
IBUFFX16_RVT                              1           6.61           6.61       Inverter saed32cell_svt              -
INVX2_RVT                                 9           1.52          13.72       Inverter saed32cell_svt              -
INVX4_RVT                                17           2.03          34.56       Inverter saed32cell_svt              -
INVX8_RVT                               782           3.05        2384.89       Inverter saed32cell_svt              -
INVX16_RVT                               86           5.08         437.13       Inverter saed32cell_svt              -
INVX32_RVT                               26           9.15         237.88       Inverter saed32cell_svt              -
NBUFFX2_RVT                               2           2.03           4.07         Buffer saed32cell_svt              -
NBUFFX4_RVT                              15           2.54          38.12         Buffer saed32cell_svt              -
NBUFFX8_RVT                              89           3.81         339.28         Buffer saed32cell_svt              -
NBUFFX16_RVT                             23           6.10         140.29         Buffer saed32cell_svt              -
NBUFFX32_RVT                             15          10.67         160.11         Buffer saed32cell_svt              -
------------------------------------------------------------------------------------------------------------------------
Total                                  1066              -        3800.98              -              -              -

===== Other Network Cells =====
Type                               Instance           Unit          Total           Cell             Vt             Vt
                                      Count           Area           Area           Type          Group           Type
------------------------------------------------------------------------------------------------------------------------
------------------------------------------------------------------------------------------------------------------------
Total                                     0              -           0.00              -              -              -

===== Standard Cell Sinks =====
Type                               Instance           Unit          Total           Cell             Vt             Vt
                                      Count           Area           Area           Type          Group           Type
------------------------------------------------------------------------------------------------------------------------
DFFARX1_RVT                           32859           7.12      233825.70           Flop saed32cell_svt              -
DFFARX2_RVT                            5439           7.62       41468.68           Flop saed32cell_svt              -
DFFASX2_RVT                               1           7.62           7.62           Flop saed32cell_svt              -
DFFX1_RVT                               867           6.61        5728.91           Flop saed32cell_svt              -
DFFX2_RVT                               493           7.12        3508.20           Flop saed32cell_svt              -
------------------------------------------------------------------------------------------------------------------------
Total                                 39659              -      284539.11              -              -              -

===== Macro Cells =====
Type                               Instance           Unit          Total           Cell             Vt             Vt
                                      Count           Area           Area           Type          Group           Type
------------------------------------------------------------------------------------------------------------------------
------------------------------------------------------------------------------------------------------------------------
Total                                     0              -           0.00              -              -              -



==============================
==== Area (per hierarchy) ====
==============================

Hierarchy                             Sinks          Clock          Clock          Clock          Clock          Sinks           Sink
                                 (balanced)     Cell Count        Stdcell       Repeater       Repeater     (physical)        Stdcell          Macro
                                                (non sink)           Area          Count           Area                          Area           Area
------------------------------------------------------------------------------------------------------------------------------------------------------
nn_top                                39659           1066        3800.98           1066        3800.98          39659      284539.11           0.00
------------------------------------------------------------------------------------------------------------------------------------------------------
Total                                 39659           1066        3800.98           1066        3800.98          39659      284539.11           0.00

1
