****************************************
Report : clock timing
        -type skew
        -nworst 20
        -hold
Design : nn_top
Version: W-2024.09-SP2
Date   : Sun May 10 19:38:24 2026
****************************************

  Mode: default
  Clock: clk

  Clock Pin                                          Latency      Skew             Corner
---------------------------------------------------------------------------------------------------
  u_input_fifo/rd_addr_reg[9]/CLK                       0.15              rp-+    default
  u_input_fifo/fifo_buf_reg[33][15]/CLK                 0.38      0.23    rp-+    default

  u_input_fifo/wr_addr_reg[0]/CLK                       0.15              rp-+    default
  u_input_fifo/fifo_buf_reg[33][15]/CLK                 0.38      0.23    rp-+    default

  u_input_fifo/wr_addr_reg[3]/CLK                       0.15              rp-+    default
  u_input_fifo/fifo_buf_reg[97][11]/CLK                 0.38      0.23    rp-+    default

  u_input_fifo/wr_addr_reg[0]/CLK                       0.15              rp-+    default
  u_input_fifo/fifo_buf_reg[97][11]/CLK                 0.38      0.23    rp-+    default

  u_input_fifo/wr_addr_reg[0]/CLK                       0.15              rp-+    default
  u_input_fifo/fifo_buf_reg[97][8]/CLK                  0.38      0.23    rp-+    default

  u_input_fifo/wr_addr_reg[4]/CLK                       0.15              rp-+    default
  u_input_fifo/fifo_buf_reg[33][2]/CLK                  0.38      0.23    rp-+    default

  u_input_fifo/rd_addr_reg[9]/CLK                       0.15              rp-+    default
  u_input_fifo/fifo_buf_reg[97][8]/CLK                  0.38      0.23    rp-+    default

  u_input_fifo/rd_addr_reg[9]/CLK                       0.15              rp-+    default
  u_input_fifo/fifo_buf_reg[97][15]/CLK                 0.38      0.23    rp-+    default

  u_input_fifo/wr_addr_reg[4]/CLK                       0.15              rp-+    default
  u_input_fifo/fifo_buf_reg[97][15]/CLK                 0.38      0.23    rp-+    default

  u_input_fifo/wr_addr_reg[3]/CLK                       0.15              rp-+    default
  u_input_fifo/fifo_buf_reg[97][8]/CLK                  0.38      0.23    rp-+    default

  u_input_fifo/wr_addr_reg[4]/CLK                       0.15              rp-+    default
  u_input_fifo/fifo_buf_reg[97][11]/CLK                 0.38      0.23    rp-+    default

  u_input_fifo/rd_addr_reg[9]/CLK                       0.15              rp-+    default
  u_input_fifo/fifo_buf_reg[33][2]/CLK                  0.38      0.23    rp-+    default

  u_input_fifo/wr_addr_reg[4]/CLK                       0.15              rp-+    default
  u_input_fifo/fifo_buf_reg[33][15]/CLK                 0.38      0.23    rp-+    default

  u_input_fifo/wr_addr_reg[4]/CLK                       0.15              rp-+    default
  u_input_fifo/fifo_buf_reg[97][8]/CLK                  0.38      0.23    rp-+    default

  u_input_fifo/wr_addr_reg[3]/CLK                       0.15              rp-+    default
  u_input_fifo/fifo_buf_reg[97][15]/CLK                 0.38      0.23    rp-+    default

  u_input_fifo/wr_addr_reg[3]/CLK                       0.15              rp-+    default
  u_input_fifo/fifo_buf_reg[33][2]/CLK                  0.38      0.23    rp-+    default

  u_input_fifo/wr_addr_reg[3]/CLK                       0.15              rp-+    default
  u_input_fifo/fifo_buf_reg[33][15]/CLK                 0.38      0.23    rp-+    default

  u_input_fifo/rd_addr_reg[9]/CLK                       0.15              rp-+    default
  u_input_fifo/fifo_buf_reg[97][11]/CLK                 0.38      0.23    rp-+    default

  u_input_fifo/wr_addr_reg[0]/CLK                       0.15              rp-+    default
  u_input_fifo/fifo_buf_reg[33][2]/CLK                  0.38      0.23    rp-+    default

  u_input_fifo/wr_addr_reg[0]/CLK                       0.15              rp-+    default
  u_input_fifo/fifo_buf_reg[97][15]/CLK                 0.38      0.23    rp-+    default

---------------------------------------------------------------------------------------------------
1
