****************************************
Report : qor
Design : nn_top
Version: W-2024.09-SP2
Date   : Sun May 10 19:38:28 2026
****************************************


Scenario           'default'
Timing Path Group  '**in2reg_default**'
----------------------------------------
Levels of Logic:                     15
Critical Path Length:              2.25
Critical Path Slack:               7.55
Critical Path Clk Period:         10.00
Total Negative Slack:              0.00
No. of Violating Paths:               0
Worst Hold Violation:              0.00
Total Hold Violation:              0.00
No. of Hold Violations:               0
----------------------------------------

Scenario           'default'
Timing Path Group  '**reg2out_default**'
----------------------------------------
Levels of Logic:                     10
Critical Path Length:              0.67
Critical Path Slack:               8.22
Critical Path Clk Period:         10.00
Total Negative Slack:              0.00
No. of Violating Paths:               0
Worst Hold Violation:              0.00
Total Hold Violation:              0.00
No. of Hold Violations:               0
----------------------------------------

Scenario           'default'
Timing Path Group  'clk'
----------------------------------------
Levels of Logic:                     68
Critical Path Length:              4.22
Critical Path Slack:               5.57
Critical Path Clk Period:         10.00
Total Negative Slack:              0.00
No. of Violating Paths:               0
Worst Hold Violation:             -0.10
Total Hold Violation:           -237.12
No. of Hold Violations:           23288
----------------------------------------


Cell Count
----------------------------------------
Hierarchical Cell Count:              0
Hierarchical Port Count:              0
Leaf Cell Count:                 206771
Buf/Inv Cell Count:               50533
Buf Cell Count:                   37395
Inv Cell Count:                   13138
Combinational Cell Count:        167112
   Single-bit Isolation Cell Count:                        0
   Multi-bit Isolation Cell Count:                         0
   Isolation Cell Banking Ratio:                           0.00%
   Single-bit Level Shifter Cell Count:                    0
   Multi-bit Level Shifter Cell Count:                     0
   Level Shifter Cell Banking Ratio:                       0.00%
   Single-bit ELS Cell Count:                              0
   Multi-bit ELS Cell Count:                               0
   ELS Cell Banking Ratio:                                 0.00%
Sequential Cell Count:            39659
   Integrated Clock-Gating Cell Count:                     0
   Sequential Macro Cell Count:                            0
   Single-bit Sequential Cell Count:                       39659
   Multi-bit Sequential Cell Count:                        0
   Sequential Cell Banking Ratio:                          0.00%
   BitsPerflop:                                            1.00
Macro Count:                          0
----------------------------------------


Area
----------------------------------------
Combinational Area:           489369.52
Noncombinational Area:        284539.11
Buf/Inv Area:                 188548.67
Total Buffer Area:            165458.42
Total Inverter Area:           23090.25
Macro/Black Box Area:              0.00
Net Area:                             0
Net XLength:                 3299754.99
Net YLength:                 3212401.19
----------------------------------------
Cell Area (netlist):                         773908.63
Cell Area (netlist and physical only):       773908.64
Net Length:                  6512156.18


Design Rules
----------------------------------------
Total Number of Nets:            213113
Nets with Violations:              1528
Max Trans Violations:               187
Max Cap Violations:                1492
----------------------------------------

1
