****************************************
Report : report_utilization
Design : nn_top
Version: W-2024.09-SP2
Date   : Sun May 10 19:38:30 2026
****************************************
Utilization Ratio:			0.6925
Utilization options:
 - Area calculation based on:		site_row of block placement
 - Categories of objects excluded:	hard_macros macro_keepouts soft_macros io_cells hard_blockages 
Total Area:				1117587.0577
Total Capacity Area:			1117587.0577
Total Area of cells:			773908.6348
Area of excluded objects:
 - hard_macros         :		0.0000
 - macro_keepouts      :		0.0000
 - soft_macros         :		0.0000
 - io_cells            :		0.0000
 - hard_blockages      :		0.0000
Total Area of excluded objects:		0.0000
Ratio of excluded objects:		0.0000

Utilization of site-rows with:
 - Site 'unit':				0.6925

0.6925
