NEX(Warning): extract.rc_techfile_for_diode_mode_26_thickness not set, will igonre it
Cell Min-Routing-Layer = M1
Cell Max-Routing-Layer = M8
Turn off antenna since no rule is specified
Information: Option route.detail.force_end_on_preferred_grid will be ignored since none of the layers have preferred grid. (ZRT-703)
Warning: Cannot find a default contact code for layer CO. (ZRT-022)
Warning: Port VDD of cell route_pg_ladder_hold_eco_repair1_hold2_clean_occ1_route_opt1 is unplaced.  This may impact routing result. (ZRT-740)
Warning: Port VSS of cell route_pg_ladder_hold_eco_repair1_hold2_clean_occ1_route_opt1 is unplaced.  This may impact routing result. (ZRT-740)
Warning: Ignore 2 top cell ports with no pins. (ZRT-027)
Info: number of net_type_blockage: 0 
Information: Via ladder engine would be activated for pattern must join connection in certain commands. Please refer to man-page for the command list. (ZRT-619)
Information: When applicable Min-max layer allow_pin_connection mode will allow paths of length 5.32 outside the layer range. (ZRT-707)
Information: When applicable Min-max layer allow_pin_connection mode will allow paths of length 5.32 outside the layer range on clock nets. (ZRT-718)
Information: When applicable layer based tapering will taper up to 0.00 in distance from the pin. (ZRT-706)


Start checking for open nets ... 

net(reset) has floating ports (dbId = 1 idx_ = 1 numNodes = 77 numEdges = 76 numCmps = 2)
net(din[12]) has floating ports (dbId = 6 idx_ = 6 numNodes = 73 numEdges = 71 numCmps = 2)
net(n131472) has floating ports (dbId = 168633 idx_ = 167657 numNodes = 6 numEdges = 3 numCmps = 3)
net(n132907) has floating ports (dbId = 170065 idx_ = 168977 numNodes = 5 numEdges = 3 numCmps = 2)
net(n136748) has floating ports (dbId = 173890 idx_ = 172268 numNodes = 2 numEdges = 0 numCmps = 2)
net(ZBUF_520_77) has floating ports (dbId = 183900 idx_ = 180373 numNodes = 19 numEdges = 17 numCmps = 2)
net(ZBUF_2_939) has floating ports (dbId = 187080 idx_ = 182810 numNodes = 2 numEdges = 0 numCmps = 2)
net(ZBUF_239_2065) has floating ports (dbId = 195043 idx_ = 188365 numNodes = 2 numEdges = 0 numCmps = 2)
net(ZBUF_1407_2766) has floating ports (dbId = 199447 idx_ = 191523 numNodes = 34 numEdges = 32 numCmps = 2)
net(ZBUF_606_3045) has floating ports (dbId = 203424 idx_ = 194228 numNodes = 34 numEdges = 32 numCmps = 2)
net(ZBUF_97_3295) has floating ports (dbId = 208323 idx_ = 197469 numNodes = 7 numEdges = 5 numCmps = 2)
net(ropt_net_262) has floating ports (dbId = 236997 idx_ = 216113 numNodes = 5 numEdges = 3 numCmps = 2)
net(ropt_net_385) has floating ports (dbId = 237120 idx_ = 216231 numNodes = 2 numEdges = 0 numCmps = 2)
net(ropt_net_408) has floating ports (dbId = 237143 idx_ = 216253 numNodes = 2 numEdges = 0 numCmps = 2)
net(ropt_net_417) has floating ports (dbId = 237152 idx_ = 216262 numNodes = 3 numEdges = 1 numCmps = 2)
net(ropt_net_466) has floating ports (dbId = 237201 idx_ = 216308 numNodes = 2 numEdges = 0 numCmps = 2)
net(ropt_net_498) has floating ports (dbId = 237233 idx_ = 216339 numNodes = 5 numEdges = 3 numCmps = 2)
net(ropt_net_650) has floating ports (dbId = 237385 idx_ = 216483 numNodes = 2 numEdges = 0 numCmps = 2)
net(ropt_net_748) has floating ports (dbId = 237483 idx_ = 216576 numNodes = 13 numEdges = 11 numCmps = 2)
net(ropt_net_791) has floating ports (dbId = 237526 idx_ = 216615 numNodes = 2 numEdges = 0 numCmps = 2)
net(ropt_net_792) has floating ports (dbId = 237527 idx_ = 216616 numNodes = 5 numEdges = 3 numCmps = 2)
net(ropt_net_879) has floating ports (dbId = 237614 idx_ = 216699 numNodes = 5 numEdges = 3 numCmps = 2)
net(ropt_net_907) has floating ports (dbId = 237642 idx_ = 216724 numNodes = 2 numEdges = 0 numCmps = 2)
net(ropt_net_920) has floating ports (dbId = 237655 idx_ = 216736 numNodes = 2 numEdges = 0 numCmps = 2)
net(ropt_net_946) has floating ports (dbId = 237681 idx_ = 216760 numNodes = 5 numEdges = 3 numCmps = 2)
net(ropt_net_978) has floating ports (dbId = 237713 idx_ = 216791 numNodes = 5 numEdges = 3 numCmps = 2)
net(ropt_net_1008) has floating ports (dbId = 237743 idx_ = 216819 numNodes = 2 numEdges = 0 numCmps = 2)
net(ropt_net_1034) has floating ports (dbId = 237769 idx_ = 216841 numNodes = 2 numEdges = 0 numCmps = 2)
net(ropt_net_1049) has floating ports (dbId = 237784 idx_ = 216855 numNodes = 7 numEdges = 5 numCmps = 2)
net(ropt_net_1111) has floating ports (dbId = 237846 idx_ = 216914 numNodes = 2 numEdges = 0 numCmps = 2)
net(ropt_net_1132) has floating ports (dbId = 237867 idx_ = 216934 numNodes = 2 numEdges = 0 numCmps = 2)
net(ropt_net_1298) has floating ports (dbId = 238033 idx_ = 217094 numNodes = 11 numEdges = 9 numCmps = 2)
net(ropt_net_1498) has floating ports (dbId = 238233 idx_ = 217282 numNodes = 2 numEdges = 0 numCmps = 2)
net(ropt_net_1523) has floating ports (dbId = 238258 idx_ = 217305 numNodes = 2 numEdges = 0 numCmps = 2)
net(ropt_net_1564) has floating ports (dbId = 238299 idx_ = 217344 numNodes = 2 numEdges = 0 numCmps = 2)
net(ropt_net_1576) has floating ports (dbId = 238311 idx_ = 217356 numNodes = 2 numEdges = 0 numCmps = 2)
net(ropt_net_1610) has floating ports (dbId = 238345 idx_ = 217390 numNodes = 2 numEdges = 0 numCmps = 2)
net(ropt_net_1886) has floating ports (dbId = 238621 idx_ = 217646 numNodes = 2 numEdges = 0 numCmps = 2)
net(ropt_net_2161) has floating ports (dbId = 238896 idx_ = 217910 numNodes = 7 numEdges = 5 numCmps = 2)
net(ropt_net_2191) has floating ports (dbId = 238926 idx_ = 217939 numNodes = 7 numEdges = 5 numCmps = 2)
net(ropt_net_2292) has floating ports (dbId = 239027 idx_ = 218034 numNodes = 9 numEdges = 7 numCmps = 2)
Total number of nets = 222310, of which 0 are not extracted
Total number of open nets = 41, of which 0 are frozen

Check 222310 nets, 41 have Errors

[CHECK OPEN NETS] Elapsed real time: 0:00:00 
[CHECK OPEN NETS] Elapsed cpu  time: sys=0:00:00 usr=0:00:00 total=0:00:00
[CHECK OPEN NETS] Stage (MB): Used    0  Alloctr    0  Proc    0 
[CHECK OPEN NETS] Total (MB): Used  473  Alloctr  475  Proc 5230 
Printing options for 'route.common.*'
common.eco_route_fix_existing_drc                       :	 true                
common.verbose_level                                    :	 0                   

Printing options for 'route.detail.*'
detail.antenna                                          :	 true                
detail.eco_route_use_soft_spacing_for_timing_optimization:	 true                
detail.generate_extra_off_grid_pin_tracks               :	 true                
detail.timing_driven                                    :	 false               

Printing options for 'route.auto_via_ladder.*'


Begin full DRC check ...

Information: Using 1 threads for routing. (ZRT-444)
Checked	22/361 Partitions, Violations =	0
Checked	23/361 Partitions, Violations =	1
Checked	28/361 Partitions, Violations =	1
Checked	42/361 Partitions, Violations =	2
Checked	56/361 Partitions, Violations =	2
Checked	70/361 Partitions, Violations =	2
Checked	84/361 Partitions, Violations =	3
Checked	98/361 Partitions, Violations =	3
Checked	112/361 Partitions, Violations =	3
Checked	126/361 Partitions, Violations =	3
Checked	140/361 Partitions, Violations =	4
Checked	154/361 Partitions, Violations =	5
Checked	168/361 Partitions, Violations =	6
Checked	182/361 Partitions, Violations =	6
Checked	196/361 Partitions, Violations =	6
Checked	210/361 Partitions, Violations =	7
Checked	224/361 Partitions, Violations =	7
Checked	238/361 Partitions, Violations =	8
Checked	252/361 Partitions, Violations =	8
Checked	266/361 Partitions, Violations =	10
Checked	280/361 Partitions, Violations =	13
Checked	294/361 Partitions, Violations =	14
Checked	308/361 Partitions, Violations =	15
Checked	322/361 Partitions, Violations =	15
Checked	336/361 Partitions, Violations =	16
Checked	350/361 Partitions, Violations =	18
[DRC CHECK] Elapsed real time: 0:01:42 
[DRC CHECK] Elapsed cpu  time: sys=0:00:01 usr=0:01:42 total=0:01:43
[DRC CHECK] Stage (MB): Used    3  Alloctr    4  Proc  179 
[DRC CHECK] Total (MB): Used  600  Alloctr  604  Proc 5478 
Warning: No antenna rules defined, Skip antenna analysis. (ZRT-309)

DRC-SUMMARY:
	@@@@@@@ TOTAL VIOLATIONS =	19
	Off-grid : 17
	Short : 2


Total Wire Length =                    7350531 micron
Total Number of Contacts =             2316720
Total Number of Wires =                2394623
Total Number of PtConns =              340337
Total Number of Routed Wires =       2392680
Total Routed Wire Length =           7310940 micron
Total Number of Routed Contacts =       2316720
	Layer               M1 :     158425 micron
	Layer               M2 :    2173745 micron
	Layer               M3 :    2028132 micron
	Layer               M4 :    1228419 micron
	Layer               M5 :     995080 micron
	Layer               M6 :     364981 micron
	Layer               M7 :     303568 micron
	Layer               M8 :      58553 micron
	Layer               M9 :         38 micron
	Layer             MRDL :          0 micron
	Via       VIA89_C(rot) :         16
	Via          VIA78SQ_C :       2046
	Via      VIA78SQ_C_2x1 :          1
	Via     VIA67SQ_C(rot) :      19208
	Via          VIA56SQ_C :      31661
	Via          VIA45SQ_C :         15
	Via     VIA45SQ_C(rot) :     144286
	Via          VIA34SQ_C :     228308
	Via     VIA34SQ_C(rot) :       2227
	Via          VIA23SQ_C :      18087
	Via     VIA23SQ_C(rot) :     985124
	Via          VIA12SQ_C :     848024
	Via     VIA12SQ_C(rot) :      37597
	Via      VIA12SQ_C_2x1 :         44
	Via      VIA12SQ_C_1x2 :         63
	Via        VIA12SQ_2x1 :          1
	Via   VIA12SQ(rot)_1x2 :          5
	Via   VIA12SQ(rot)_2x1 :          1
	Via        VIA12SQ_1x2 :          6

 
Redundant via conversion report:
--------------------------------

  Total optimized via conversion rate =  0.01% (121 / 2316720 vias)
 
    Layer VIA1       =  0.01% (120    / 885741  vias)
        Weight 1     =  0.01% (120     vias)
        Un-optimized =  0.00% (0       vias)
        Un-mapped    = 99.99% (885621  vias)
    Layer VIA2       =  0.00% (0      / 1003211 vias)
        Un-optimized =  0.00% (0       vias)
        Un-mapped    = 100.00% (1003211 vias)
    Layer VIA3       =  0.00% (0      / 230535  vias)
        Un-optimized =  0.00% (0       vias)
        Un-mapped    = 100.00% (230535  vias)
    Layer VIA4       =  0.00% (0      / 144301  vias)
        Un-optimized =  0.00% (0       vias)
        Un-mapped    = 100.00% (144301  vias)
    Layer VIA5       =  0.00% (0      / 31661   vias)
        Un-optimized =  0.00% (0       vias)
        Un-mapped    = 100.00% (31661   vias)
    Layer VIA6       =  0.00% (0      / 19208   vias)
        Un-optimized =  0.00% (0       vias)
        Un-mapped    = 100.00% (19208   vias)
    Layer VIA7       =  0.05% (1      / 2047    vias)
        Weight 1     =  0.05% (1       vias)
        Un-optimized =  0.00% (0       vias)
        Un-mapped    = 99.95% (2046    vias)
    Layer VIA8       =  0.00% (0      / 16      vias)
        Un-optimized =  0.00% (0       vias)
        Un-mapped    = 100.00% (16      vias)
 
  Total double via conversion rate    =  0.01% (121 / 2316720 vias)
 
    Layer VIA1       =  0.01% (120    / 885741  vias)
    Layer VIA2       =  0.00% (0      / 1003211 vias)
    Layer VIA3       =  0.00% (0      / 230535  vias)
    Layer VIA4       =  0.00% (0      / 144301  vias)
    Layer VIA5       =  0.00% (0      / 31661   vias)
    Layer VIA6       =  0.00% (0      / 19208   vias)
    Layer VIA7       =  0.05% (1      / 2047    vias)
    Layer VIA8       =  0.00% (0      / 16      vias)
 
  The optimized via conversion rate based on total routed via count =  0.01% (121 / 2316720 vias)
 
    Layer VIA1       =  0.01% (120    / 885741  vias)
        Weight 1     =  0.01% (120     vias)
        Un-optimized =  0.00% (0       vias)
        Un-mapped    = 99.99% (885621  vias)
    Layer VIA2       =  0.00% (0      / 1003211 vias)
        Un-optimized =  0.00% (0       vias)
        Un-mapped    = 100.00% (1003211 vias)
    Layer VIA3       =  0.00% (0      / 230535  vias)
        Un-optimized =  0.00% (0       vias)
        Un-mapped    = 100.00% (230535  vias)
    Layer VIA4       =  0.00% (0      / 144301  vias)
        Un-optimized =  0.00% (0       vias)
        Un-mapped    = 100.00% (144301  vias)
    Layer VIA5       =  0.00% (0      / 31661   vias)
        Un-optimized =  0.00% (0       vias)
        Un-mapped    = 100.00% (31661   vias)
    Layer VIA6       =  0.00% (0      / 19208   vias)
        Un-optimized =  0.00% (0       vias)
        Un-mapped    = 100.00% (19208   vias)
    Layer VIA7       =  0.05% (1      / 2047    vias)
        Weight 1     =  0.05% (1       vias)
        Un-optimized =  0.00% (0       vias)
        Un-mapped    = 99.95% (2046    vias)
    Layer VIA8       =  0.00% (0      / 16      vias)
        Un-optimized =  0.00% (0       vias)
        Un-mapped    = 100.00% (16      vias)
 


Verify Summary:

Total number of nets = 222310, of which 0 are not extracted
Total number of open nets = 41, of which 0 are frozen
Total number of excluded ports = 0 ports of 0 unplaced cells connected to 0 nets
                                 0 ports without pins of 0 cells connected to 0 nets
                                 0 ports of 0 cover cells connected to 0 non-pg nets
Total number of DRCs = 19
Total number of antenna violations = no antenna rules defined
Total number of tie to rail violations = not checked
Total number of tie to rail directly violations = not checked


