Information: Timer using 1 threads
****************************************
Report : qor
Design : nn_top
Version: W-2024.09-SP2
Date   : Tue May 12 10:21:23 2026
****************************************
Information: Corner default: no PVT mismatches. (PVT-032)
Information: The stitching and editing of coupling caps is turned OFF for design 'mnist_npu_icc2_lib:route_pg_ladder_hold_eco_repair1_hold2_clean_occ1_route_opt1.design'. (TIM-125)
Information: Design route_pg_ladder_hold_eco_repair1_hold2_clean_occ1_route_opt1 has 222310 nets, 0 global routed, 222288 detail routed. (NEX-024)
Information: The RC mode used is DR for design 'nn_top'. (NEX-022)
---extraction options---
Corner: default
 late_cap_scale                : 1
 late_res_scale                : 1
 early_cap_scale               : 1
 early_res_scale               : 1
Global options:
 reference_direction       : use_from_tluplus
 real_metalfill_extraction : none
 virtual_shield_extraction : true
---app options---
 host.max_cores                   : 1
 extract.connect_open           : true
 extract.enable_coupling_cap    : false
Extracting design: route_pg_ladder_hold_eco_repair1_hold2_clean_occ1_route_opt1 
Information: coupling capacitance is lumped to ground. (NEX-030)
Information: 222288 nets are successfully extracted. (NEX-028)
Information: Design Average RC for design route_pg_ladder_hold_eco_repair1_hold2_clean_occ1_route_opt1  (NEX-011)
Information: r = 1.790703 ohm/um, via_r = 0.505888 ohm/cut, c = 0.079195 ff/um, cc = 0.000000 ff/um (X dir) (NEX-017)
Information: r = 1.785714 ohm/um, via_r = 0.617170 ohm/cut, c = 0.091837 ff/um, cc = 0.000000 ff/um (Y dir) (NEX-017)
Warning: Advanced receiver model has not been enabled for detailed routed design. (TIM-204)
Information: Update timing completed net estimation for all the timing graph nets (TIM-111)
Information: Net estimation statistics: timing graph nets = 222308, routed nets = 222288, across physical hierarchy nets = 0, parasitics cached nets = 222308, delay annotated nets = 0, parasitics annotated nets = 0, multi-voltage nets = 0. (TIM-112)
************************************************************
Timer Settings:
Delay Calculation Style:                   auto
Signal Integrity Analysis:                 disabled
Timing Window Analysis:                    disabled
Advanced Waveform Propagation:             disabled
Variation Type:                            fixed_derate
Clock Reconvergence Pessimism Removal:     disabled
Advanced Receiver Model:                   disabled
LLE:                                       disabled
ML Acceleration:                           off
Smart Arc Optimization:                    disabled
************************************************************


Scenario           'default'
Timing Path Group  '**in2reg_default**'
----------------------------------------
Levels of Logic:                     13
Critical Path Length:              2.22
Critical Path Slack:               7.64
Critical Path Clk Period:         10.00
Total Negative Slack:              0.00
No. of Violating Paths:               0
Worst Hold Violation:              0.00
Total Hold Violation:              0.00
No. of Hold Violations:               0
----------------------------------------

Scenario           'default'
Timing Path Group  '**reg2out_default**'
----------------------------------------
Levels of Logic:                      5
Critical Path Length:              0.86
Critical Path Slack:               8.02
Critical Path Clk Period:         10.00
Total Negative Slack:              0.00
No. of Violating Paths:               0
Worst Hold Violation:              0.00
Total Hold Violation:              0.00
No. of Hold Violations:               0
----------------------------------------

Scenario           'default'
Timing Path Group  'clk'
----------------------------------------
Levels of Logic:                     53
Critical Path Length:              4.81
Critical Path Slack:               4.99
Critical Path Clk Period:         10.00
Total Negative Slack:              0.00
No. of Violating Paths:               0
Worst Hold Violation:             -0.03
Total Hold Violation:            -12.17
No. of Hold Violations:            2965
----------------------------------------


Cell Count
----------------------------------------
Hierarchical Cell Count:              0
Hierarchical Port Count:              0
Leaf Cell Count:                 215984
Buf/Inv Cell Count:               59746
Buf Cell Count:                   46692
Inv Cell Count:                   13054
Combinational Cell Count:        176325
   Single-bit Isolation Cell Count:                        0
   Multi-bit Isolation Cell Count:                         0
   Isolation Cell Banking Ratio:                           0.00%
   Single-bit Level Shifter Cell Count:                    0
   Multi-bit Level Shifter Cell Count:                     0
   Level Shifter Cell Banking Ratio:                       0.00%
   Single-bit ELS Cell Count:                              0
   Multi-bit ELS Cell Count:                               0
   ELS Cell Banking Ratio:                                 0.00%
Sequential Cell Count:            39659
   Integrated Clock-Gating Cell Count:                     0
   Sequential Macro Cell Count:                            0
   Single-bit Sequential Cell Count:                       39659
   Multi-bit Sequential Cell Count:                        0
   Sequential Cell Banking Ratio:                          0.00%
   BitsPerflop:                                            1.00
Macro Count:                          0
----------------------------------------


Area
----------------------------------------
Combinational Area:           519153.42
Noncombinational Area:        284539.62
Buf/Inv Area:                 218219.98
Total Buffer Area:            195719.34
Total Inverter Area:           22500.64
Macro/Black Box Area:              0.00
Net Area:                             0
Net XLength:                 3522212.74
Net YLength:                 3831135.97
----------------------------------------
Cell Area (netlist):                         803693.04
Cell Area (netlist and physical only):       803693.04
Net Length:                  7353348.71


Design Rules
----------------------------------------
Total Number of Nets:            222326
Nets with Violations:              2019
Max Trans Violations:               608
Max Cap Violations:                1923
----------------------------------------

1
