****************************************
Report : app_option
Design : placement
Version: W-2024.09-SP2
Date   : Mon May 11 11:43:52 2026
****************************************
Name                                                            Type           Value        User-value   User-default System-default Scope      Status     Source
--------------------------------------------------------------- -------------- ------------ ------------ ------------ -------------- ---------- ---------- --------------------------------------------------------------------------------------
abstract.keep_constrained_objects                               bool           true         --           --           true           block      normal     --
ccd.dps.auto_detect_cts_options                                 bool           true         --           --           true           block      normal     --
ccd.respect_cts_fixed_balance_pins                              enum           false        --           --           false          block      normal     --
cts.balance_groups.balance_by_source_latency                    bool           false        --           --           false          block      normal     --
cts.balance_groups.honor_source_latency                         bool           false        --           --           false          block      normal     --
cts.buffering.reduce_clock_level_effort                         enum           off          --           --           off            block      normal     --
cts.common.auto_exception_macro_balance_point                   bool           true         --           --           true           block      normal     --
cts.common.default_max_transition                               float          0.5          --           --           0.5            block      normal     --
cts.common.derive_icg_and_register_references                   bool           false        --           --           false          block      normal     --
cts.common.directory_for_cts_generated_files                    string         --           --           --           --             block      normal     --
cts.common.enable_auto_exceptions                               bool           true         --           --           true           block      normal     --
cts.common.enable_auto_skew_target_for_local_skew               bool           true         --           --           true           block      normal     --
cts.common.enable_dirty_design_mode                             bool           false        --           --           false          block      normal     --
cts.common.enable_low_power                                     bool           false        false        --           true           block      normal     /DATA/home/edu135/MNIST/4_Backend_ICC2/0_Script/05_cts/run_cts_no_ccd_low_power.tcl:23
cts.common.ignore_drc_only_scenario                             bool           false        --           --           false          block      normal     --
cts.common.max_fanout                                           integer        1000000      --           --           1000000        block      normal     --
cts.common.max_net_length                                       float          3.40282e+38  --           --           3.40282e+38    block      normal     --
cts.common.port_punch_prefix_original_port_name                 bool           false        --           --           false          block      normal     --
cts.common.power_aware_pruning                                  bool           false        --           --           false          block      normal     --
cts.common.preserve_bus_ports                                   bool           false        --           --           false          block      normal     --
cts.common.preserve_hierarchical_ports                          bool           false        --           --           false          block      normal     --
cts.common.skip_cts_clocks                                      string         --           --           --           --             block      normal     --
cts.common.unlimit_delay_insertion_stages                       bool           false        --           --           false          block      normal     --
cts.common.user_instance_name_prefix                            string         --           --           --           --             block      normal     --
cts.common.verbose                                              integer        1            --           --           1              block      normal     --
cts.compile.align_clustering_and_buffering                      bool           false        --           --           false          block      normal     --
cts.compile.balanced_topology_enhancements                      bool           false        --           --           false          block      normal     --
cts.compile.cg_timing_aware                                     bool           false        --           --           false          block      normal     --
cts.compile.enable_cell_relocation                              enum           all          --           --           all            block      normal     --
cts.compile.enable_global_route                                 bool           false        --           --           false          block      normal     --
cts.compile.enable_local_skew                                   bool           false        false        --           false          block      normal     /DATA/home/edu135/MNIST/4_Backend_ICC2/0_Script/05_cts/run_cts_no_ccd_low_power.tcl:24
cts.compile.fix_clock_tree_sinks                                bool           false        --           --           false          block      normal     --
cts.compile.global_route_aware_buffering                        bool           false        --           --           false          block      normal     --
cts.compile.path_based_criticality                              bool           false        --           --           false          block      normal     --
cts.compile.power_opt_mode                                      enum           none         --           --           none           block      normal     --
cts.compile.power_opt_wirelength_effort                         enum           low          --           --           low            block      normal     --
cts.compile.primary_corner                                      string         --           --           --           --             block      normal     --
cts.compile.remove_existing_clock_trees                         bool           true         --           --           true           block      normal     --
cts.compile.report_latency_bottleneck                           bool           true         --           --           true           block      normal     --
cts.compile.report_latency_bottleneck_threshold                 float          0.5          --           --           0.5            global     normal     --
cts.compile.size_pre_existing_cell_to_cts_references            bool           false        --           --           false          block      normal     --
cts.compile.timing_driven_sink_transition                       bool           false        --           --           false          block      normal     --
cts.compile.topological_ndr                                     bool           false        --           --           false          block      normal     --
cts.icg.latency_driven_cloning                                  bool           false        --           --           false          block      normal     --
cts.icg.merge_cross_level                                       bool           true         --           --           true           block      normal     --
cts.icg.timing_aware                                            bool           false        --           --           false          block      normal     --
cts.multisource.cell_em_aware                                   bool           true         --           --           true           block      normal     --
cts.multisource.cto_toggle_rate_fanout_threshold                integer        50           --           --           50             block      normal     --
cts.multisource.cto_toggle_rate_scale                           float          3            --           --           3              block      normal     --
cts.multisource.enable_activity_aware_relocation                bool           false        --           --           false          block      normal     --
cts.multisource.enable_clock_driver_snapping                    bool           false        --           --           false          block      normal     --
cts.multisource.enable_cto_honor_toggle_rate                    bool           false        --           --           false          block      normal     --
cts.multisource.enable_full_mv_support                          bool           true         --           --           true           block      normal     --
cts.multisource.enable_global_stem_path_skew_balancing          bool           false        --           --           false          block      normal     --
cts.multisource.enable_mlph_flow                                bool           false        --           --           false          block      normal     --
cts.multisource.enable_multi_corner_support                     bool           false        --           --           false          block      normal     --
cts.multisource.enable_pin_accessibility_for_global_clock_trees bool           true         --           --           true           block      normal     --
cts.multisource.enable_subtree_synthesis_aware_ccd              bool           false        --           --           false          block      normal     --
cts.multisource.enable_via_ladder_insertion_on_tap_output_pins  bool           false        --           --           false          block      normal     --
cts.multisource.flexible_htree_synthesis                        bool           false        --           --           false          block      normal     --
cts.multisource.htree_cell_keepout_factor                       string         --           --           --           --             block      normal     --
cts.multisource.htree_legalize_design                           bool           true         --           --           true           block      normal     --
cts.multisource.htree_pin_connection_effort_level               enum           high         --           --           high           block      normal     --
cts.multisource.htree_single_repeater_at_center                 bool           false        --           --           false          block      normal     --
cts.multisource.ignore_drc_on_subtree_driver                    list_of string none         --           --           none           block      normal     --
cts.multisource.max_net_length_only_htree_synthesis             bool           false        --           --           false          block      normal     --
cts.multisource.power_aware_flexible_htree_synthesis            bool           false        --           --           false          block      normal     --
cts.multisource.subtree_merge_cell_name_prefix                  string         --           --           --           --             block      normal     --
cts.multisource.subtree_merge_cell_name_suffix                  string         --           --           --           --             block      normal     --
cts.multisource.subtree_merge_concatenate_length_threshold      integer        0            --           --           0              block      normal     --
cts.multisource.subtree_routing_mode                            enum           global       --           --           global         block      normal     --
cts.multisource.subtree_split_cell_name_prefix                  string         --           --           --           --             block      normal     --
cts.multisource.subtree_split_cell_name_suffix                  string         --           --           --           --             block      normal     --
cts.multisource.subtree_split_net_name_prefix                   string         --           --           --           --             block      normal     --
cts.multisource.subtree_split_net_name_suffix                   string         --           --           --           --             block      normal     --
cts.multisource.subtree_synthesis_enable_power_optimization     bool           true         --           --           true           block      deprecated --
cts.multisource.tap_assignment_allow_cascaded_taps              bool           false        --           --           false          block      normal     --
cts.multisource.tap_assignment_print_debug_report               bool           false        --           --           false          block      normal     --
cts.multisource.tap_selection                                   enum           user         --           --           user           block      normal     --
cts.multisource.tap_synthesis_route_based_estimation            bool           true         --           --           true           block      normal     --
cts.multisource.verbose                                         integer        0            --           --           0              block      normal     --
cts.optimize.enable_area_recovery_in_local_skew                 bool           true         --           --           true           block      normal     --
cts.optimize.enable_congestion_aware_ndr_promotion              bool           false        --           --           false          block      normal     --
cts.optimize.enable_cto_power_optimization                      bool           false        false        --           false          block      normal     /DATA/home/edu135/MNIST/4_Backend_ICC2/0_Script/05_cts/run_cts_no_ccd_low_power.tcl:26
cts.optimize.enable_improvement_mode                            string         none         --           --           none           block      normal     --
cts.optimize.enable_layer_optimization_for_power                bool           true         --           --           true           block      normal     --
cts.optimize.enable_local_skew                                  bool           false        false        --           false          block      normal     /DATA/home/edu135/MNIST/4_Backend_ICC2/0_Script/05_cts/run_cts_no_ccd_low_power.tcl:25
cts.optimize.improvement_mode_version                           string         EIM_20230313 --           --           EIM_20230313   block      normal     --
cts.optimize.print_qor_summary_table                            bool           false        --           --           false          block      normal     --
cts.placement.cell_spacing_rule_style                           enum           maximum      --           --           maximum        block      normal     --
cts.report.transition_histogram_datapoints                      enum           loads        --           --           loads          block      normal     --
cts.report.verbose_paths_routing_length_threshold               double         100000       --           --           100000         block      normal     --
cts.routing.fishbone_bias_threshold                             double         0            --           --           0              block      normal     --
cts.routing.fishbone_bias_window                                double         0            --           --           0              block      normal     --
cts.routing.fishbone_horizontal_bias_spacing                    double         0            --           --           0              block      normal     --
cts.routing.fishbone_max_sub_tie_distance                       double         0            --           --           0              block      normal     --
cts.routing.fishbone_max_tie_distance                           double         0            --           --           0              block      normal     --
cts.routing.fishbone_vertical_bias_spacing                      double         0            --           --           0              block      normal     --
cts.routing.global_route_topology                               enum           automatic    --           --           automatic      block      normal     --
file.def.convert_rects_to_paths                                 bool           false        --           --           false          block      normal     --
mv.upf.connect_supply_net_ignore_nonexistent_objects            bool           true         --           --           true           block      normal     --
mv.upf.gupf_report_missing_objects                              bool           false        --           --           false          block      normal     --
place.coarse.irdp_cts_spacing                                   bool           false        --           --           false          block      normal     --
place_opt.flow.cts_icg_resynthesis                              bool           false        --           --           false          block      normal     --
plan.pna.ignore_objects_below_layer                             string         --           --           --           --             block      normal     --
plan.shadow.exclude_non_hierarchical_objects                    bool           false        --           --           false          block      normal     --
power.get_power_clock_scaling_single_objects_only               bool           false        --           --           false          block      normal     --
rtl_opt.flow.enable_cts                                         bool           false        --           --           false          block      normal     --
time.save_mode_based_cts_exceptions                             bool           false        --           --           false          global     normal     --
time.write_script_use_mode_based_cts_exceptions                 bool           false        --           --           false          global     normal     --
--------------------------------------------------------------- -------------- ------------ ------------ ------------ -------------- ---------- ---------- --------------------------------------------------------------------------------------

There are additional internal differences.
1
