****************************************
Report : clock timing
        -type skew
        -nworst 20
        -hold
Design : nn_top
Version: W-2024.09-SP2
Date   : Mon May 11 11:48:54 2026
****************************************

  Mode: default
  Clock: clk

  Clock Pin                                          Latency      Skew             Corner
---------------------------------------------------------------------------------------------------
  gen_mac_lanes[13].u_lane/u_mac/bias_r_reg[8]/CLK      0.12              rp-+    default
  gen_mac_lanes[13].u_lane/u_mac/acc_reg[35]/CLK        0.24      0.12    rp-+    default

  gen_mac_lanes[14].u_lane/u_mac/product_r_reg[22]/CLK
                                                        0.12              rp-+    default
  gen_mac_lanes[14].u_lane/u_mac/acc_reg[59]/CLK        0.24      0.12    rp-+    default

  gen_mac_lanes[5].u_lane/u_mac/bias_r_reg[6]/CLK       0.12              rp-+    default
  gen_mac_lanes[5].u_lane/u_mac/acc_reg[18]/CLK         0.24      0.12    rp-+    default

  gen_mac_lanes[14].u_lane/u_mac/product_r_reg[22]/CLK
                                                        0.12              rp-+    default
  gen_mac_lanes[14].u_lane/u_mac/acc_reg[29]/CLK        0.24      0.12    rp-+    default

  gen_mac_lanes[14].u_lane/u_mac/product_r_reg[22]/CLK
                                                        0.12              rp-+    default
  gen_mac_lanes[14].u_lane/u_mac/acc_reg[28]/CLK        0.24      0.12    rp-+    default

  gen_mac_lanes[13].u_lane/u_mac/bias_r_reg[2]/CLK      0.12              rp-+    default
  gen_mac_lanes[13].u_lane/u_mac/acc_reg[35]/CLK        0.24      0.12    rp-+    default

  gen_mac_lanes[13].u_lane/u_mac/bias_r_reg[3]/CLK      0.12              rp-+    default
  gen_mac_lanes[13].u_lane/u_mac/acc_reg[35]/CLK        0.24      0.12    rp-+    default

  gen_mac_lanes[13].u_lane/u_mac/acc_reg[14]/CLK        0.12              rp-+    default
  gen_mac_lanes[13].u_lane/u_mac/acc_reg[35]/CLK        0.24      0.12    rp-+    default

  gen_mac_lanes[5].u_lane/u_mac/bias_r_reg[5]/CLK       0.12              rp-+    default
  gen_mac_lanes[5].u_lane/u_mac/acc_reg[17]/CLK         0.24      0.12    rp-+    default

  gen_mac_lanes[13].u_lane/u_mac/bias_r_reg[4]/CLK      0.12              rp-+    default
  gen_mac_lanes[13].u_lane/u_mac/acc_reg[35]/CLK        0.24      0.12    rp-+    default

  gen_mac_lanes[13].u_lane/u_mac/acc_reg[13]/CLK        0.12              rp-+    default
  gen_mac_lanes[13].u_lane/u_mac/acc_reg[35]/CLK        0.24      0.12    rp-+    default

  gen_mac_lanes[13].u_lane/u_mac/acc_reg[12]/CLK        0.12              rp-+    default
  gen_mac_lanes[13].u_lane/u_mac/acc_reg[35]/CLK        0.24      0.12    rp-+    default

  gen_mac_lanes[5].u_lane/u_mac/bias_r_reg[5]/CLK       0.12              rp-+    default
  gen_mac_lanes[5].u_lane/u_mac/acc_reg[18]/CLK         0.24      0.12    rp-+    default

  gen_mac_lanes[13].u_lane/u_mac/bias_r_reg[0]/CLK      0.12              rp-+    default
  gen_mac_lanes[13].u_lane/u_mac/acc_reg[35]/CLK        0.24      0.12    rp-+    default

  gen_mac_lanes[13].u_lane/u_mac/bias_r_reg[7]/CLK      0.12              rp-+    default
  gen_mac_lanes[13].u_lane/u_mac/acc_reg[35]/CLK        0.24      0.12    rp-+    default

  gen_mac_lanes[14].u_lane/u_mac/product_r_reg[12]/CLK
                                                        0.12              rp-+    default
  gen_mac_lanes[14].u_lane/u_mac/acc_reg[59]/CLK        0.24      0.12    rp-+    default

  gen_mac_lanes[14].u_lane/u_mac/acc_reg[11]/CLK        0.12              rp-+    default
  gen_mac_lanes[14].u_lane/u_mac/acc_reg[59]/CLK        0.24      0.12    rp-+    default

  gen_mac_lanes[14].u_lane/u_mac/product_r_reg[12]/CLK
                                                        0.12              rp-+    default
  gen_mac_lanes[14].u_lane/u_mac/acc_reg[28]/CLK        0.24      0.12    rp-+    default

  gen_mac_lanes[14].u_lane/u_mac/acc_reg[11]/CLK        0.12              rp-+    default
  gen_mac_lanes[14].u_lane/u_mac/acc_reg[28]/CLK        0.24      0.12    rp-+    default

  gen_mac_lanes[14].u_lane/u_mac/acc_reg[11]/CLK        0.12              rp-+    default
  gen_mac_lanes[14].u_lane/u_mac/acc_reg[29]/CLK        0.24      0.12    rp-+    default

---------------------------------------------------------------------------------------------------
1
