****************************************
Report : clock timing
        -type latency
        -launch
        -nworst 20
        -hold
Design : nn_top
Version: W-2024.09-SP2
Date   : Mon May 11 11:48:55 2026
****************************************

  Mode: default
  Clock: clk

                                                 --- Latency ---
  Clock Pin                             Trans   Source   Offset  Network    Total            Corner
---------------------------------------------------------------------------------------------------
  gen_mac_lanes[5].u_lane/u_mac/acc_reg[22]/CLK
                                         0.04     0.00       --     0.12     0.12 rp-+      default
  gen_mac_lanes[5].u_lane/u_mac/acc_reg[21]/CLK
                                         0.04     0.00       --     0.12     0.12 rp-+      default
  gen_mac_lanes[5].u_lane/u_mac/bias_r_reg[9]/CLK
                                         0.04     0.00       --     0.12     0.12 rp-+      default
  gen_mac_lanes[5].u_lane/u_mac/bias_r_reg[6]/CLK
                                         0.04     0.00       --     0.12     0.12 rp-+      default
  gen_mac_lanes[5].u_lane/u_mac/bias_r_reg[8]/CLK
                                         0.04     0.00       --     0.12     0.12 rp-+      default
  gen_mac_lanes[5].u_lane/bias_out_reg[7]/CLK
                                         0.04     0.00       --     0.12     0.12 rp-+      default
  gen_mac_lanes[5].u_lane/bias_out_reg[8]/CLK
                                         0.04     0.00       --     0.12     0.12 rp-+      default
  gen_mac_lanes[5].u_lane/u_mac/bias_r_reg[5]/CLK
                                         0.04     0.00       --     0.12     0.12 rp-+      default
  gen_mac_lanes[5].u_lane/u_mac/bias_r_reg[7]/CLK
                                         0.04     0.00       --     0.12     0.12 rp-+      default
  gen_mac_lanes[13].u_lane/u_mac/bias_r_reg[8]/CLK
                                         0.04     0.00       --     0.12     0.12 rp-+      default
  gen_mac_lanes[13].u_lane/bias_out_reg[13]/CLK
                                         0.04     0.00       --     0.12     0.12 rp-+      default
  gen_mac_lanes[13].u_lane/bias_out_reg[14]/CLK
                                         0.04     0.00       --     0.12     0.12 rp-+      default
  act_ram_reg[844][5]/CLK                0.04     0.00       --     0.12     0.12 rp-+      default
  gen_mac_lanes[13].u_lane/bias_out_reg[5]/CLK
                                         0.04     0.00       --     0.12     0.12 rp-+      default
  gen_mac_lanes[5].u_lane/u_mac/acc_reg[23]/CLK
                                         0.04     0.00       --     0.12     0.12 rp-+      default
  gen_mac_lanes[13].u_lane/bias_out_reg[12]/CLK
                                         0.04     0.00       --     0.12     0.12 rp-+      default
  gen_mac_lanes[13].u_lane/bias_out_reg[7]/CLK
                                         0.04     0.00       --     0.12     0.12 rp-+      default
  gen_mac_lanes[14].u_lane/u_mac/product_r_reg[22]/CLK
                                         0.04     0.00       --     0.12     0.12 rp-+      default
  act_ram_reg[780][2]/CLK                0.04     0.00       --     0.12     0.12 rp-+      default
  gen_mac_lanes[13].u_lane/u_mac/bias_r_reg[3]/CLK
                                         0.04     0.00       --     0.12     0.12 rp-+      default
---------------------------------------------------------------------------------------------------
1
