Information: The value of option cts.compile.enable_cell_relocation has been overridden to "leaf_only" to support latency-driven placement. (CTS-973)
****************************************
Report : report clock qor
        -type area
Design : nn_top
Version: W-2024.09-SP2
Date   : Mon May 11 11:48:51 2026
****************************************


==========================
==== Area (per clock) ====
==========================

Clock                                 Sinks          Clock          Clock          Clock          Clock          Sinks           Sink
                                 (balanced)     Cell Count        Stdcell       Repeater       Repeater     (physical)        Stdcell          Macro
                                                (non sink)           Area          Count           Area                          Area           Area
------------------------------------------------------------------------------------------------------------------------------------------------------
clk                                   39659           1106        4325.53           1106        4325.53          39659      284539.11           0.00
------------------------------------------------------------------------------------------------------------------------------------------------------
Total                                 39659           1106        4325.53           1106        4325.53          39659      284539.11           0.00

Type                               Instance           Unit          Total           Cell             Vt             Vt
                                      Count           Area           Area           Type          Group           Type


=================================
==== Area (per library cell) ====
=================================

===== Summary =====
Type                               Instance           Unit          Total           Cell             Vt             Vt
                                      Count           Area           Area           Type          Group           Type
------------------------------------------------------------------------------------------------------------------------
Clock Repeaters                        1106              -        4325.53              -              -              -
Other Network Cells                       0              -           0.00              -              -              -
Standard Cell Sinks                   39659              -      284539.11              -              -              -
Macro Cells                               0              -           0.00              -              -              -

===== Clock Repeaters =====
Type                               Instance           Unit          Total           Cell             Vt             Vt
                                      Count           Area           Area           Type          Group           Type
------------------------------------------------------------------------------------------------------------------------
IBUFFX32_RVT                              2          11.69          23.38       Inverter saed32cell_svt              -
INVX2_RVT                                 1           1.52           1.52       Inverter saed32cell_svt              -
INVX4_RVT                                18           2.03          36.60       Inverter saed32cell_svt              -
INVX8_RVT                               664           3.05        2025.02       Inverter saed32cell_svt              -
INVX16_RVT                              209           5.08        1062.32       Inverter saed32cell_svt              -
INVX32_RVT                               31           9.15         283.62       Inverter saed32cell_svt              -
NBUFFX2_RVT                               5           2.03          10.17         Buffer saed32cell_svt              -
NBUFFX4_RVT                               6           2.54          15.25         Buffer saed32cell_svt              -
NBUFFX8_RVT                             118           3.81         449.83         Buffer saed32cell_svt              -
NBUFFX16_RVT                             30           6.10         182.98         Buffer saed32cell_svt              -
NBUFFX32_RVT                             22          10.67         234.83         Buffer saed32cell_svt              -
------------------------------------------------------------------------------------------------------------------------
Total                                  1106              -        4325.53              -              -              -

===== Other Network Cells =====
Type                               Instance           Unit          Total           Cell             Vt             Vt
                                      Count           Area           Area           Type          Group           Type
------------------------------------------------------------------------------------------------------------------------
------------------------------------------------------------------------------------------------------------------------
Total                                     0              -           0.00              -              -              -

===== Standard Cell Sinks =====
Type                               Instance           Unit          Total           Cell             Vt             Vt
                                      Count           Area           Area           Type          Group           Type
------------------------------------------------------------------------------------------------------------------------
DFFARX1_RVT                           32859           7.12      233825.70           Flop saed32cell_svt              -
DFFARX2_RVT                            5439           7.62       41468.68           Flop saed32cell_svt              -
DFFASX2_RVT                               1           7.62           7.62           Flop saed32cell_svt              -
DFFX1_RVT                               867           6.61        5728.91           Flop saed32cell_svt              -
DFFX2_RVT                               493           7.12        3508.20           Flop saed32cell_svt              -
------------------------------------------------------------------------------------------------------------------------
Total                                 39659              -      284539.11              -              -              -

===== Macro Cells =====
Type                               Instance           Unit          Total           Cell             Vt             Vt
                                      Count           Area           Area           Type          Group           Type
------------------------------------------------------------------------------------------------------------------------
------------------------------------------------------------------------------------------------------------------------
Total                                     0              -           0.00              -              -              -



==============================
==== Area (per hierarchy) ====
==============================

Hierarchy                             Sinks          Clock          Clock          Clock          Clock          Sinks           Sink
                                 (balanced)     Cell Count        Stdcell       Repeater       Repeater     (physical)        Stdcell          Macro
                                                (non sink)           Area          Count           Area                          Area           Area
------------------------------------------------------------------------------------------------------------------------------------------------------
nn_top                                39659           1106        4325.53           1106        4325.53          39659      284539.11           0.00
------------------------------------------------------------------------------------------------------------------------------------------------------
Total                                 39659           1106        4325.53           1106        4325.53          39659      284539.11           0.00

1
