****************************************
Report : clock timing
        -type latency
        -launch
        -nworst 20
        -setup
Design : nn_top
Version: W-2024.09-SP2
Date   : Mon May 11 11:48:55 2026
****************************************

  Mode: default
  Clock: clk

                                                 --- Latency ---
  Clock Pin                             Trans   Source   Offset  Network    Total            Corner
---------------------------------------------------------------------------------------------------
  act_ram_reg[858][14]/CLK               0.04     0.00       --     0.24     0.24 rp-+      default
  act_ram_reg[858][12]/CLK               0.04     0.00       --     0.24     0.24 rp-+      default
  act_ram_reg[859][12]/CLK               0.04     0.00       --     0.24     0.24 rp-+      default
  act_ram_reg[858][1]/CLK                0.04     0.00       --     0.24     0.24 rp-+      default
  act_ram_reg[874][2]/CLK                0.04     0.00       --     0.24     0.24 rp-+      default
  act_ram_reg[874][10]/CLK               0.04     0.00       --     0.24     0.24 rp-+      default
  act_ram_reg[794][1]/CLK                0.04     0.00       --     0.24     0.24 rp-+      default
  act_ram_reg[874][5]/CLK                0.04     0.00       --     0.24     0.24 rp-+      default
  act_ram_reg[794][8]/CLK                0.04     0.00       --     0.24     0.24 rp-+      default
  act_ram_reg[875][1]/CLK                0.04     0.00       --     0.24     0.24 rp-+      default
  act_ram_reg[795][1]/CLK                0.04     0.00       --     0.24     0.24 rp-+      default
  act_ram_reg[810][2]/CLK                0.04     0.00       --     0.24     0.24 rp-+      default
  act_ram_reg[794][0]/CLK                0.04     0.00       --     0.24     0.24 rp-+      default
  act_ram_reg[858][0]/CLK                0.04     0.00       --     0.24     0.24 rp-+      default
  act_ram_reg[858][4]/CLK                0.04     0.00       --     0.24     0.24 rp-+      default
  act_ram_reg[827][1]/CLK                0.04     0.00       --     0.24     0.24 rp-+      default
  act_ram_reg[795][12]/CLK               0.04     0.00       --     0.24     0.24 rp-+      default
  act_ram_reg[794][12]/CLK               0.04     0.00       --     0.24     0.24 rp-+      default
  act_ram_reg[874][0]/CLK                0.04     0.00       --     0.24     0.24 rp-+      default
  act_ram_reg[794][4]/CLK                0.04     0.00       --     0.24     0.24 rp-+      default
---------------------------------------------------------------------------------------------------
1
