Warning: Use -per_clock_root option along with -type latency option to split the reporting of a clock to per clock root, so that the clock trees associated with different root pins are reported separately
 Info: Initializing timer in CLOCK_SYN_REPORT_MODE
Information: The value of option cts.compile.enable_cell_relocation has been overridden to "leaf_only" to support latency-driven placement. (CTS-973)
****************************************
Report : clock qor
        -type latency
Design : nn_top
Version: W-2024.09-SP2
Date   : Mon May 11 11:48:50 2026
****************************************

Attributes
===========
M Master Clock
G Generated Clock
& Internal Generated Clock
U User Defined Skew Group
D Default Skew Group
* Generated Clock Balanced Separately

==============================================
==== Latency Reporting for Corner default ====
==============================================

============================================== Summary Table for Corner default ==============================================
Clock /                               Attrs     Sinks    Target    Global    Target       Max       Min    Median   Latency
Skew Group                                                 Skew      Skew   Latency   Latency   Latency   Latency   Std Dev
------------------------------------------------------------------------------------------------------------------------------
### Mode: default, Scenario: default
clk                                     M,D     39659      0.20      0.11        --      0.24      0.13      0.22      0.02
------------------------------------------------------------------------------------------------------------------------------
All Clocks                                      39659        --      0.11        --      0.24      0.13        --        --


  & = Offset derived from max_clock_tree_path / min_clock_tree_path
  r = latency reported is for a rising edge triggered event at the sink
  f = latency reported is for a falling edge triggered event at the sink


Showing 5 largest and 5 smallest datapoints per clock / skew group (L=largest, S=smallest)
========================================== Details Table for Corner default ==========================================
Clock /                                Sink                             Launch     Capture        Late       Early
Skew Group                             Name                            Latency     Latency      Offset      Offset
----------------------------------------------------------------------------------------------------------------------
### Mode: default, Scenario: default
clk
                                   L   act_ram_reg[858][14]/CLK           0.24 r      0.24 r        --          --
                                   L   act_ram_reg[858][12]/CLK           0.24 r      0.24 r        --          --
                                   L   act_ram_reg[859][12]/CLK           0.24 r      0.24 r        --          --
                                   L   act_ram_reg[858][1]/CLK            0.24 r      0.24 r        --          --
                                   L   act_ram_reg[874][2]/CLK            0.24 r      0.24 r        --          --
                                   S   act_ram_reg[844][5]/CLK            0.13 r      0.13 r        --          --
                                   S   act_ram_reg[780][2]/CLK            0.13 r      0.13 r        --          --
                                   S   act_ram_reg[835][6]/CLK            0.13 r      0.13 r        --          --
                                   S   act_ram_reg[387][11]/CLK           0.13 r      0.13 r        --          --
                                   S   act_ram_reg[835][9]/CLK            0.13 r      0.13 r        --          --


1
