****************************************
Report : qor
Design : nn_top
Version: W-2024.09-SP2
Date   : Mon May 11 11:48:58 2026
****************************************


Scenario           'default'
Timing Path Group  '**in2reg_default**'
----------------------------------------
Levels of Logic:                     15
Critical Path Length:              2.21
Critical Path Slack:               7.62
Critical Path Clk Period:         10.00
Total Negative Slack:              0.00
No. of Violating Paths:               0
Worst Hold Violation:              0.00
Total Hold Violation:              0.00
No. of Hold Violations:               0
----------------------------------------

Scenario           'default'
Timing Path Group  '**reg2out_default**'
----------------------------------------
Levels of Logic:                     10
Critical Path Length:              0.68
Critical Path Slack:               8.17
Critical Path Clk Period:         10.00
Total Negative Slack:              0.00
No. of Violating Paths:               0
Worst Hold Violation:              0.00
Total Hold Violation:              0.00
No. of Hold Violations:               0
----------------------------------------

Scenario           'default'
Timing Path Group  'clk'
----------------------------------------
Levels of Logic:                     68
Critical Path Length:              4.20
Critical Path Slack:               5.61
Critical Path Clk Period:         10.00
Total Negative Slack:              0.00
No. of Violating Paths:               0
Worst Hold Violation:             -0.09
Total Hold Violation:            -42.68
No. of Hold Violations:            7985
----------------------------------------


Cell Count
----------------------------------------
Hierarchical Cell Count:              0
Hierarchical Port Count:              0
Leaf Cell Count:                 206970
Buf/Inv Cell Count:               50732
Buf Cell Count:                   37568
Inv Cell Count:                   13164
Combinational Cell Count:        167311
   Single-bit Isolation Cell Count:                        0
   Multi-bit Isolation Cell Count:                         0
   Isolation Cell Banking Ratio:                           0.00%
   Single-bit Level Shifter Cell Count:                    0
   Multi-bit Level Shifter Cell Count:                     0
   Level Shifter Cell Banking Ratio:                       0.00%
   Single-bit ELS Cell Count:                              0
   Multi-bit ELS Cell Count:                               0
   ELS Cell Banking Ratio:                                 0.00%
Sequential Cell Count:            39659
   Integrated Clock-Gating Cell Count:                     0
   Sequential Macro Cell Count:                            0
   Single-bit Sequential Cell Count:                       39659
   Multi-bit Sequential Cell Count:                        0
   Sequential Cell Banking Ratio:                          0.00%
   BitsPerflop:                                            1.00
Macro Count:                          0
----------------------------------------


Area
----------------------------------------
Combinational Area:           490793.24
Noncombinational Area:        284539.11
Buf/Inv Area:                 189863.87
Total Buffer Area:            166566.23
Total Inverter Area:           23297.63
Macro/Black Box Area:              0.00
Net Area:                             0
Net XLength:                 3334376.10
Net YLength:                 3175779.09
----------------------------------------
Cell Area (netlist):                         775332.35
Cell Area (netlist and physical only):       775332.35
Net Length:                  6510155.20


Design Rules
----------------------------------------
Total Number of Nets:            213312
Nets with Violations:              1539
Max Trans Violations:               225
Max Cap Violations:                1494
----------------------------------------

1
