Information: The command 'check_routes' cleared the undo history. (UNDO-016)
Cell Min-Routing-Layer = M1
Cell Max-Routing-Layer = M8
Turn off antenna since no rule is specified
Information: Option route.detail.force_end_on_preferred_grid will be ignored since none of the layers have preferred grid. (ZRT-703)
Warning: Cannot find a default contact code for layer CO. (ZRT-022)
Warning: Port VDD of cell cts is unplaced.  This may impact routing result. (ZRT-740)
Warning: Port VSS of cell cts is unplaced.  This may impact routing result. (ZRT-740)
Warning: Ignore 2 top cell ports with no pins. (ZRT-027)
Info: number of net_type_blockage: 0 
Information: Via ladder engine would be activated for pattern must join connection in certain commands. Please refer to man-page for the command list. (ZRT-619)
Information: When applicable Min-max layer allow_pin_connection mode will allow paths of length 5.32 outside the layer range. (ZRT-707)
Information: When applicable Min-max layer allow_pin_connection mode will allow paths of length 5.32 outside the layer range on clock nets. (ZRT-718)
Information: When applicable layer based tapering will taper up to 0.00 in distance from the pin. (ZRT-706)


Start checking for open nets ... 

Total number of nets = 213020, of which 0 are not extracted
Total number of open nets = 0, of which 0 are frozen

Check 213020 nets, 0 have Errors

[CHECK OPEN NETS] Elapsed real time: 0:00:00 
[CHECK OPEN NETS] Elapsed cpu  time: sys=0:00:00 usr=0:00:00 total=0:00:00
[CHECK OPEN NETS] Stage (MB): Used    0  Alloctr    0  Proc    0 
[CHECK OPEN NETS] Total (MB): Used  453  Alloctr  455  Proc 5405 
Printing options for 'route.common.*'

Printing options for 'route.detail.*'

Printing options for 'route.auto_via_ladder.*'


Begin full DRC check ...

Information: Using 1 threads for routing. (ZRT-444)
Checked	4/289 Partitions, Violations =	0
Checked	11/289 Partitions, Violations =	0
Checked	22/289 Partitions, Violations =	5
Checked	33/289 Partitions, Violations =	10
Checked	44/289 Partitions, Violations =	10
Checked	55/289 Partitions, Violations =	10
Checked	66/289 Partitions, Violations =	11
Checked	77/289 Partitions, Violations =	17
Checked	88/289 Partitions, Violations =	21
Checked	99/289 Partitions, Violations =	24
Checked	110/289 Partitions, Violations =	37
Checked	121/289 Partitions, Violations =	38
Checked	132/289 Partitions, Violations =	38
Checked	143/289 Partitions, Violations =	38
Checked	154/289 Partitions, Violations =	38
Checked	165/289 Partitions, Violations =	51
Checked	176/289 Partitions, Violations =	51
Checked	187/289 Partitions, Violations =	51
Checked	198/289 Partitions, Violations =	59
Checked	209/289 Partitions, Violations =	62
Checked	220/289 Partitions, Violations =	62
Checked	231/289 Partitions, Violations =	62
Checked	242/289 Partitions, Violations =	62
Checked	253/289 Partitions, Violations =	63
Checked	264/289 Partitions, Violations =	63
Checked	275/289 Partitions, Violations =	73
Checked	286/289 Partitions, Violations =	80
[DRC CHECK] Elapsed real time: 0:01:33 
[DRC CHECK] Elapsed cpu  time: sys=0:00:00 usr=0:01:33 total=0:01:34
[DRC CHECK] Stage (MB): Used    3  Alloctr    3  Proc   28 
[DRC CHECK] Total (MB): Used  577  Alloctr  581  Proc 5433 
Warning: No antenna rules defined, Skip antenna analysis. (ZRT-309)
Information: Merged away 3 aligned/redundant DRCs. (ZRT-305)

DRC-SUMMARY:
	@@@@@@@ TOTAL VIOLATIONS =	77
	Diff net spacing : 3
	Less than minimum area : 1
	Off-grid : 72
	Same net spacing : 1


Total Wire Length =                    7031314 micron
Total Number of Contacts =             2157548
Total Number of Wires =                2103744
Total Number of PtConns =              316615
Total Number of Routed Wires =       2103135
Total Routed Wire Length =           6995931 micron
Total Number of Routed Contacts =       2157548
	Layer                 M1 :     144056 micron
	Layer                 M2 :    2041990 micron
	Layer                 M3 :    1917405 micron
	Layer                 M4 :    1178888 micron
	Layer                 M5 :     981459 micron
	Layer                 M6 :     358984 micron
	Layer                 M7 :     318126 micron
	Layer                 M8 :      55011 micron
	Layer                 M9 :         12 micron
	Layer               MRDL :          0 micron
	Via         VIA89_C(rot) :          8
	Via            VIA78SQ_C :       1899
	Via        VIA78SQ_C_2x1 :          4
	Via       VIA67SQ_C(rot) :      19368
	Via            VIA56SQ_C :      30415
	Via            VIA45SQ_C :          7
	Via       VIA45SQ_C(rot) :     136479
	Via            VIA34SQ_C :     201038
	Via       VIA34SQ_C(rot) :       1543
	Via            VIA23SQ_C :      12760
	Via       VIA23SQ_C(rot) :     899107
	Via            VIA12SQ_C :     821740
	Via       VIA12SQ_C(rot) :      33042
	Via        VIA12SQ_C_2x1 :         32
	Via   VIA12SQ_C(rot)_1x2 :          1
	Via        VIA12SQ_C_1x2 :        101
	Via          VIA12SQ_2x1 :          1
	Via          VIA12SQ_1x2 :          3

 
Redundant via conversion report:
--------------------------------

  Total optimized via conversion rate =  0.01% (142 / 2157548 vias)
 
    Layer VIA1       =  0.02% (138    / 854920  vias)
        Weight 1     =  0.02% (138     vias)
        Un-optimized =  0.00% (0       vias)
        Un-mapped    = 99.98% (854782  vias)
    Layer VIA2       =  0.00% (0      / 911867  vias)
        Un-optimized =  0.00% (0       vias)
        Un-mapped    = 100.00% (911867  vias)
    Layer VIA3       =  0.00% (0      / 202581  vias)
        Un-optimized =  0.00% (0       vias)
        Un-mapped    = 100.00% (202581  vias)
    Layer VIA4       =  0.00% (0      / 136486  vias)
        Un-optimized =  0.00% (0       vias)
        Un-mapped    = 100.00% (136486  vias)
    Layer VIA5       =  0.00% (0      / 30415   vias)
        Un-optimized =  0.00% (0       vias)
        Un-mapped    = 100.00% (30415   vias)
    Layer VIA6       =  0.00% (0      / 19368   vias)
        Un-optimized =  0.00% (0       vias)
        Un-mapped    = 100.00% (19368   vias)
    Layer VIA7       =  0.21% (4      / 1903    vias)
        Weight 1     =  0.21% (4       vias)
        Un-optimized =  0.00% (0       vias)
        Un-mapped    = 99.79% (1899    vias)
    Layer VIA8       =  0.00% (0      / 8       vias)
        Un-optimized =  0.00% (0       vias)
        Un-mapped    = 100.00% (8       vias)
 
  Total double via conversion rate    =  0.01% (142 / 2157548 vias)
 
    Layer VIA1       =  0.02% (138    / 854920  vias)
    Layer VIA2       =  0.00% (0      / 911867  vias)
    Layer VIA3       =  0.00% (0      / 202581  vias)
    Layer VIA4       =  0.00% (0      / 136486  vias)
    Layer VIA5       =  0.00% (0      / 30415   vias)
    Layer VIA6       =  0.00% (0      / 19368   vias)
    Layer VIA7       =  0.21% (4      / 1903    vias)
    Layer VIA8       =  0.00% (0      / 8       vias)
 
  The optimized via conversion rate based on total routed via count =  0.01% (142 / 2157548 vias)
 
    Layer VIA1       =  0.02% (138    / 854920  vias)
        Weight 1     =  0.02% (138     vias)
        Un-optimized =  0.00% (0       vias)
        Un-mapped    = 99.98% (854782  vias)
    Layer VIA2       =  0.00% (0      / 911867  vias)
        Un-optimized =  0.00% (0       vias)
        Un-mapped    = 100.00% (911867  vias)
    Layer VIA3       =  0.00% (0      / 202581  vias)
        Un-optimized =  0.00% (0       vias)
        Un-mapped    = 100.00% (202581  vias)
    Layer VIA4       =  0.00% (0      / 136486  vias)
        Un-optimized =  0.00% (0       vias)
        Un-mapped    = 100.00% (136486  vias)
    Layer VIA5       =  0.00% (0      / 30415   vias)
        Un-optimized =  0.00% (0       vias)
        Un-mapped    = 100.00% (30415   vias)
    Layer VIA6       =  0.00% (0      / 19368   vias)
        Un-optimized =  0.00% (0       vias)
        Un-mapped    = 100.00% (19368   vias)
    Layer VIA7       =  0.21% (4      / 1903    vias)
        Weight 1     =  0.21% (4       vias)
        Un-optimized =  0.00% (0       vias)
        Un-mapped    = 99.79% (1899    vias)
    Layer VIA8       =  0.00% (0      / 8       vias)
        Un-optimized =  0.00% (0       vias)
        Un-mapped    = 100.00% (8       vias)
 


Verify Summary:

Total number of nets = 213020, of which 0 are not extracted
Total number of open nets = 0, of which 0 are frozen
Total number of excluded ports = 0 ports of 0 unplaced cells connected to 0 nets
                                 0 ports without pins of 0 cells connected to 0 nets
                                 0 ports of 0 cover cells connected to 0 non-pg nets
Total number of DRCs = 77
Total number of antenna violations = no antenna rules defined
Total number of tie to rail violations = not checked
Total number of tie to rail directly violations = not checked


