Cell Min-Routing-Layer = M1
Cell Max-Routing-Layer = M8
Turn off antenna since no rule is specified
Information: Option route.detail.force_end_on_preferred_grid will be ignored since none of the layers have preferred grid. (ZRT-703)
Warning: Cannot find a default contact code for layer CO. (ZRT-022)
Warning: Port VDD of cell route is unplaced.  This may impact routing result. (ZRT-740)
Warning: Port VSS of cell route is unplaced.  This may impact routing result. (ZRT-740)
Warning: Ignore 2 top cell ports with no pins. (ZRT-027)
Info: number of net_type_blockage: 0 
Information: Via ladder engine would be activated for pattern must join connection in certain commands. Please refer to man-page for the command list. (ZRT-619)
Information: When applicable Min-max layer allow_pin_connection mode will allow paths of length 5.32 outside the layer range. (ZRT-707)
Information: When applicable Min-max layer allow_pin_connection mode will allow paths of length 5.32 outside the layer range on clock nets. (ZRT-718)
Information: When applicable layer based tapering will taper up to 0.00 in distance from the pin. (ZRT-706)
Warning: Standard cell pin MUX41X2_RVT/S0 has no valid via regions. (ZRT-044)


Start checking for open nets ... 

Total number of nets = 213097, of which 0 are not extracted
Total number of open nets = 0, of which 0 are frozen

Check 213097 nets, 0 have Errors

[CHECK OPEN NETS] Elapsed real time: 0:00:00 
[CHECK OPEN NETS] Elapsed cpu  time: sys=0:00:00 usr=0:00:00 total=0:00:00
[CHECK OPEN NETS] Stage (MB): Used    0  Alloctr    0  Proc    0 
[CHECK OPEN NETS] Total (MB): Used  453  Alloctr  455  Proc 5723 
Printing options for 'route.common.*'
common.eco_route_fix_existing_drc                       :	 true                

Printing options for 'route.detail.*'
detail.antenna                                          :	 true                

Printing options for 'route.auto_via_ladder.*'


Begin full DRC check ...

Information: Using 1 threads for routing. (ZRT-444)
Checked	5/289 Partitions, Violations =	0
Checked	11/289 Partitions, Violations =	16
Checked	22/289 Partitions, Violations =	32
Checked	33/289 Partitions, Violations =	71
Checked	44/289 Partitions, Violations =	103
Checked	55/289 Partitions, Violations =	139
Checked	66/289 Partitions, Violations =	164
Checked	77/289 Partitions, Violations =	178
Checked	88/289 Partitions, Violations =	196
Checked	99/289 Partitions, Violations =	242
Checked	110/289 Partitions, Violations =	343
Checked	121/289 Partitions, Violations =	359
Checked	132/289 Partitions, Violations =	359
Checked	143/289 Partitions, Violations =	368
Checked	154/289 Partitions, Violations =	397
Checked	165/289 Partitions, Violations =	399
Checked	176/289 Partitions, Violations =	471
Checked	187/289 Partitions, Violations =	506
Checked	198/289 Partitions, Violations =	514
Checked	209/289 Partitions, Violations =	552
Checked	220/289 Partitions, Violations =	569
Checked	231/289 Partitions, Violations =	606
Checked	242/289 Partitions, Violations =	614
Checked	253/289 Partitions, Violations =	644
Checked	264/289 Partitions, Violations =	674
Checked	275/289 Partitions, Violations =	692
Checked	286/289 Partitions, Violations =	716
[DRC CHECK] Elapsed real time: 0:01:34 
[DRC CHECK] Elapsed cpu  time: sys=0:00:00 usr=0:01:33 total=0:01:34
[DRC CHECK] Stage (MB): Used    3  Alloctr    3  Proc    0 
[DRC CHECK] Total (MB): Used  577  Alloctr  581  Proc 5723 
Warning: No antenna rules defined, Skip antenna analysis. (ZRT-309)
Information: Merged away 8 aligned/redundant DRCs. (ZRT-305)

DRC-SUMMARY:
	@@@@@@@ TOTAL VIOLATIONS =	709
	Diff net spacing : 263
	Less than minimum area : 7
	Needs fat contact : 205
	Off-grid : 210
	Short : 24


Total Wire Length =                    7025796 micron
Total Number of Contacts =             2150688
Total Number of Wires =                2097255
Total Number of PtConns =              317365
Total Number of Routed Wires =       2096635
Total Routed Wire Length =           6990216 micron
Total Number of Routed Contacts =       2150688
	Layer                 M1 :     141550 micron
	Layer                 M2 :    2046042 micron
	Layer                 M3 :    1893415 micron
	Layer                 M4 :    1196879 micron
	Layer                 M5 :     957920 micron
	Layer                 M6 :     398870 micron
	Layer                 M7 :     296833 micron
	Layer                 M8 :      58682 micron
	Layer                 M9 :         24 micron
	Layer               MRDL :          0 micron
	Via         VIA89_C(rot) :         12
	Via            VIA78SQ_C :       1928
	Via        VIA78SQ_C_2x1 :          4
	Via       VIA67SQ_C(rot) :      18753
	Via            VIA56SQ_C :      30011
	Via            VIA45SQ_C :         10
	Via       VIA45SQ_C(rot) :     135106
	Via            VIA34SQ_C :     199292
	Via       VIA34SQ_C(rot) :       1447
	Via            VIA23SQ_C :      12662
	Via       VIA23SQ_C(rot) :     898677
	Via            VIA12SQ_C :     819433
	Via       VIA12SQ_C(rot) :      33037
	Via        VIA12SQ_C_2x1 :         13
	Via   VIA12SQ_C(rot)_1x2 :        218
	Via   VIA12SQ_C(rot)_2x1 :          1
	Via        VIA12SQ_C_1x2 :         28
	Via          VIA12SQ_1x2 :         56

 
Redundant via conversion report:
--------------------------------

  Total optimized via conversion rate =  0.01% (320 / 2150688 vias)
 
    Layer VIA1       =  0.04% (316    / 852786  vias)
        Weight 1     =  0.04% (316     vias)
        Un-optimized =  0.00% (0       vias)
        Un-mapped    = 99.96% (852470  vias)
    Layer VIA2       =  0.00% (0      / 911339  vias)
        Un-optimized =  0.00% (0       vias)
        Un-mapped    = 100.00% (911339  vias)
    Layer VIA3       =  0.00% (0      / 200739  vias)
        Un-optimized =  0.00% (0       vias)
        Un-mapped    = 100.00% (200739  vias)
    Layer VIA4       =  0.00% (0      / 135116  vias)
        Un-optimized =  0.00% (0       vias)
        Un-mapped    = 100.00% (135116  vias)
    Layer VIA5       =  0.00% (0      / 30011   vias)
        Un-optimized =  0.00% (0       vias)
        Un-mapped    = 100.00% (30011   vias)
    Layer VIA6       =  0.00% (0      / 18753   vias)
        Un-optimized =  0.00% (0       vias)
        Un-mapped    = 100.00% (18753   vias)
    Layer VIA7       =  0.21% (4      / 1932    vias)
        Weight 1     =  0.21% (4       vias)
        Un-optimized =  0.00% (0       vias)
        Un-mapped    = 99.79% (1928    vias)
    Layer VIA8       =  0.00% (0      / 12      vias)
        Un-optimized =  0.00% (0       vias)
        Un-mapped    = 100.00% (12      vias)
 
  Total double via conversion rate    =  0.01% (320 / 2150688 vias)
 
    Layer VIA1       =  0.04% (316    / 852786  vias)
    Layer VIA2       =  0.00% (0      / 911339  vias)
    Layer VIA3       =  0.00% (0      / 200739  vias)
    Layer VIA4       =  0.00% (0      / 135116  vias)
    Layer VIA5       =  0.00% (0      / 30011   vias)
    Layer VIA6       =  0.00% (0      / 18753   vias)
    Layer VIA7       =  0.21% (4      / 1932    vias)
    Layer VIA8       =  0.00% (0      / 12      vias)
 
  The optimized via conversion rate based on total routed via count =  0.01% (320 / 2150688 vias)
 
    Layer VIA1       =  0.04% (316    / 852786  vias)
        Weight 1     =  0.04% (316     vias)
        Un-optimized =  0.00% (0       vias)
        Un-mapped    = 99.96% (852470  vias)
    Layer VIA2       =  0.00% (0      / 911339  vias)
        Un-optimized =  0.00% (0       vias)
        Un-mapped    = 100.00% (911339  vias)
    Layer VIA3       =  0.00% (0      / 200739  vias)
        Un-optimized =  0.00% (0       vias)
        Un-mapped    = 100.00% (200739  vias)
    Layer VIA4       =  0.00% (0      / 135116  vias)
        Un-optimized =  0.00% (0       vias)
        Un-mapped    = 100.00% (135116  vias)
    Layer VIA5       =  0.00% (0      / 30011   vias)
        Un-optimized =  0.00% (0       vias)
        Un-mapped    = 100.00% (30011   vias)
    Layer VIA6       =  0.00% (0      / 18753   vias)
        Un-optimized =  0.00% (0       vias)
        Un-mapped    = 100.00% (18753   vias)
    Layer VIA7       =  0.21% (4      / 1932    vias)
        Weight 1     =  0.21% (4       vias)
        Un-optimized =  0.00% (0       vias)
        Un-mapped    = 99.79% (1928    vias)
    Layer VIA8       =  0.00% (0      / 12      vias)
        Un-optimized =  0.00% (0       vias)
        Un-mapped    = 100.00% (12      vias)
 


Verify Summary:

Total number of nets = 213097, of which 0 are not extracted
Total number of open nets = 0, of which 0 are frozen
Total number of excluded ports = 0 ports of 0 unplaced cells connected to 0 nets
                                 0 ports without pins of 0 cells connected to 0 nets
                                 0 ports of 0 cover cells connected to 0 non-pg nets
Total number of DRCs = 709
Total number of antenna violations = no antenna rules defined
Total number of tie to rail violations = not checked
Total number of tie to rail directly violations = not checked


