****************************************
Report : Report drc errors
Design : route_pg_ladder_hold_eco_repair1_hold2_clean_occ1_electrical_eco_open1_route_repair2_electrical_eco_open2_route_repair1_hold_m0_electrical_occ1_size_pinfix1_route_openrepair1_electrical_open1_route_repair1_electrical_occ2
Data   : zroute.err
Type   : detailed
Version: W-2024.09-SP2
Date   : Tue May 12 16:06:17 2026
****************************************

Error ID          : 0
Error Type        : Diff net spacing
Error Layer       : M1 (11)
Number of errors  : 2
Description       :  -- 
Status            : error
Bbox              : {294.1030 739.7920} {294.1860 739.9520}

Error ID          : 3
Error Type        : Diff net spacing
Error Layer       : M1 (11)
Number of errors  : 2
Description       :  -- 
Status            : error
Bbox              : {400.3810 1102.1600} {400.5310 1102.2440}

Error ID          : 1
Error Type        : Less than minimum enclosed area
Error Layer       : M1 (11)
Number of errors  : 2
Description       :  -- 
Status            : error
Bbox              : {293.7760 739.1360} {294.0320 739.6910}

Error ID          : 6
Error Type        : Less than minimum enclosed area
Error Layer       : M1 (11)
Number of errors  : 2
Description       :  -- 
Status            : error
Bbox              : {400.3280 1102.7250} {400.5840 1102.8240}

Error ID          : 2
Error Type        : Short
Error Layer       : M1 (11)
Number of errors  : 7
Description       :  -- 
Status            : error
Bbox              : {293.8290 739.0370} {293.9790 739.1870}

Error ID          : 4
Error Type        : Short
Error Layer       : M1 (11)
Number of errors  : 7
Description       :  -- 
Status            : error
Bbox              : {400.5330 1103.2240} {400.6830 1103.3840}

Error ID          : 5
Error Type        : Short
Error Layer       : M1 (11)
Number of errors  : 7
Description       :  -- 
Status            : error
Bbox              : {400.5330 1102.0080} {400.6830 1102.1680}

Error ID          : 7
Error Type        : Short
Error Layer       : M1 (11)
Number of errors  : 7
Description       :  -- 
Status            : error
Bbox              : {400.5880 1102.4640} {400.7130 1102.6240}

Error ID          : 8
Error Type        : Short
Error Layer       : M1 (11)
Number of errors  : 7
Description       :  -- 
Status            : error
Bbox              : {400.5880 1102.4690} {400.7380 1102.6190}

Error ID          : 9
Error Type        : Short
Error Layer       : M1 (11)
Number of errors  : 7
Description       :  -- 
Status            : error
Bbox              : {400.3810 1102.7730} {400.5310 1102.9230}

Error ID          : 10
Error Type        : Short
Error Layer       : M1 (11)
Number of errors  : 7
Description       :  -- 
Status            : error
Bbox              : {400.5330 1102.1650} {400.6830 1102.3150}

1
