 
                              IC Compiler II (TM)

        Version W-2024.09-SP2-T-20250916 for linux64 - Sep 16, 2025 -SLE

                    Copyright (c) 1988 - 2025 Synopsys, Inc.
   This software and the associated documentation are proprietary to Synopsys,
 Inc. This software may only be used in accordance with the terms and conditions
 of a written license agreement with Synopsys, Inc. All other use, reproduction,
   or distribution of this software is strictly prohibited.  Licensed Products
     communicate with Synopsys servers for the purpose of providing software
    updates, detecting software piracy and verifying that customers are using
    Licensed Products in conformity with the applicable License Key for such
  Licensed Products. Synopsys will use information gathered in connection with
    this process to deliver software updates and pursue software pirates and
                                   infringers.

 Inclusivity & Diversity - Visit SolvNetPlus to read the "Synopsys Statement on
            Inclusivity and Diversity" (Refer to article 000036315 at
                        https://solvnetplus.synopsys.com)

Information: Term was not able to be set up using xterm-256color . Using "xterm" by default instead. (CLE-10)
################################################################################
# Residual route DRC and PG debug extraction for the libdir VIA1 no-track trial.
################################################################################
source 4_Backend_ICC2/0_Script/00_setup/icc2_common_setup.tcl
* /DATA/home/edu135/lib/SAED32_EDK/lib/stdcell_rvt/db_nldm/saed32rvt_tt1p05v25c.db
set DEBUG_REPORT_DIR $PROJECT_ROOT/4_Backend_ICC2/4_Report/trials/libdir_via1_no_track_route/06_route_debug
/DATA/home/edu135/MNIST/4_Backend_ICC2/4_Report/trials/libdir_via1_no_track_route/06_route_debug
if {[info exists ::env(ROUTE_DEBUG_REPORT_DIR)]} {
  set DEBUG_REPORT_DIR $::env(ROUTE_DEBUG_REPORT_DIR)
}
/DATA/home/edu135/MNIST/4_Backend_ICC2/4_Report/trials/libdir_via1_no_track_trim_all_pin_util45_route_rerun3/07_extract_sta_hold_eco_repair1_hold2_clean_occ1_m0_saved_recheck
set DEBUG_INPUT_BLOCK route
route
if {[info exists ::env(ROUTE_DEBUG_INPUT_BLOCK)]} {
  set DEBUG_INPUT_BLOCK $::env(ROUTE_DEBUG_INPUT_BLOCK)
}
route_pg_ladder_hold_eco_repair1_hold2_clean_occ1
file mkdir $DEBUG_REPORT_DIR
if {![file exists $ICC2_LIB_DIR]} {
  puts "ERROR: Missing ICC2 library: $ICC2_LIB_DIR"
  exit 1
}
proc collection_names {objects} {
  set names {}
  foreach_in_collection object $objects {
    lappend names [get_object_name $object]
  }
  return [join $names ","]
}
proc safe_attribute {object attr} {
  set value ""
  catch {set value [get_attribute $object $attr]}
  return $value
}
proc bbox_center {bbox} {
  if {[llength $bbox] != 2} {
    return ""
  }
  set ll [lindex $bbox 0]
  set ur [lindex $bbox 1]
  if {[llength $ll] != 2 || [llength $ur] != 2} {
    return ""
  }
  set cx [expr {([lindex $ll 0] + [lindex $ur 0]) / 2.0}]
  set cy [expr {([lindex $ll 1] + [lindex $ur 1]) / 2.0}]
  return [format "%.4f,%.4f" $cx $cy]
}
open_lib $ICC2_LIB_DIR
Information: Loading library file '/DATA/home/edu135/MNIST/4_Backend_ICC2/2_Output/trials/libdir_via1_no_track_trim_all_pin_util45_route_rerun3/mnist_npu_icc2_lib' (FILE-007)
Information: Loading library file '/DATA/home/edu135/MNIST/4_Backend_ICC2/2_Output/00_setup/ndm_libdir_via1_no_track_trim_all_pin/saed32rvt_tt.ndm' (FILE-007)
{mnist_npu_icc2_lib}
open_block $DEBUG_INPUT_BLOCK
Information: User units loaded from library 'saed32rvt_tt' (LNK-040)
Opening block 'mnist_npu_icc2_lib:route_pg_ladder_hold_eco_repair1_hold2_clean_occ1.design' in edit mode
{mnist_npu_icc2_lib:route_pg_ladder_hold_eco_repair1_hold2_clean_occ1.design}
set_voltage $DEFAULT_VOLTAGE
Using libraries: mnist_npu_icc2_lib saed32rvt_tt
Visiting block mnist_npu_icc2_lib:route_pg_ladder_hold_eco_repair1_hold2_clean_occ1.design
Design 'nn_top' was successfully linked.
1
set_ignored_layers \
  -min_routing_layer M1 \
  -max_routing_layer M8
1
set all_out [open $DEBUG_REPORT_DIR/drc.errors.tsv w]
file25
set offgrid_out [open $DEBUG_REPORT_DIR/drc.offgrid.tsv w]
file26
set header "id\ttype_name\terror_class\tlayers\tbbox\tcenter\tobjects\tshape\tbrief_info\tverbose_info\tstatus"
id      type_name       error_class     layers  bbox    center  objects shape   brief_info      verbose_info    status
puts $all_out $header
puts $offgrid_out $header
check_routes > $DEBUG_REPORT_DIR/check_routes.recheck.rpt
set drc_data [get_drc_error_data -all -quiet zroute.err]
{zroute.err}
if {[sizeof_collection $drc_data] == 0} {
  set note_fh [open $DEBUG_REPORT_DIR/drc.note w]
  puts $note_fh "No zroute.err DRC error data was created by check_routes; this is expected when the block is route-DRC clean."
  close $note_fh
} else {
  open_drc_error_data $drc_data
  set drc_data [get_drc_error_data zroute.err]

  redirect -file $DEBUG_REPORT_DIR/drc.error_type.rpt {
    report_drc_error -error_data $drc_data -report_type error_type -nosplit
  }

  redirect -file $DEBUG_REPORT_DIR/drc.error_layer.rpt {
    report_drc_error -error_data $drc_data -report_type error_layer -nosplit
  }

  redirect -file $DEBUG_REPORT_DIR/drc.matrix.rpt {
    report_drc_error -error_data $drc_data -report_type matrix -nosplit
  }

  redirect -file $DEBUG_REPORT_DIR/drc.detailed.rpt {
    report_drc_error -error_data $drc_data -report_type detailed -nosplit
  }

  foreach_in_collection err [get_drc_errors -error_data $drc_data *] {
    set id [get_object_name $err]
    set type_name [safe_attribute $err type_name]
    set error_class [safe_attribute $err error_class]

    set layers ""
    if {![catch {set layer_objects [get_attribute $err layers]}]} {
      set layers [collection_names $layer_objects]
    }

    set bbox [safe_attribute $err bbox]
    set center [bbox_center $bbox]

    set objects ""
    if {![catch {set error_objects [get_attribute $err objects]}]} {
      set objects [collection_names $error_objects]
    }

    set shape [safe_attribute $err shape]
    set brief_info [safe_attribute $err brief_info]
    set verbose_info [safe_attribute $err verbose_info]
    set status [safe_attribute $err status]

    set line "$id\t$type_name\t$error_class\t$layers\t$bbox\t$center\t$objects\t$shape\t$brief_info\t$verbose_info\t$status"
    puts $all_out $line
    if {$type_name eq "Off-grid"} {
      puts $offgrid_out $line
    }
  }
}
Warning: No drc_error objects matched '*' (SEL-004)
close $all_out
close $offgrid_out
check_pg_connectivity \
  -nets [get_nets {VDD VSS}] \
  -write_connectivity_file $DEBUG_REPORT_DIR/pg_connectivity_detail.rpt \
  > $DEBUG_REPORT_DIR/pg_connectivity.rpt
check_pg_drc \
  -nets [get_nets {VDD VSS}] \
  -no_gui \
  -output $DEBUG_REPORT_DIR/pg_drc.rpt
Command check_pg_drc started  at Tue May 12 00:46:58 2026
Command check_pg_drc finished at Tue May 12 00:48:26 2026
CPU usage for check_pg_drc: 89.00 seconds ( 0.02 hours)
Elapsed time for check_pg_drc: 88.24 seconds ( 0.02 hours)
No errors found.
check_legality > $DEBUG_REPORT_DIR/check_legality.rpt
report_qor > $DEBUG_REPORT_DIR/qor.rpt
exit
Maximum memory usage for this session: 2315.91 MB
Maximum memory usage for this session including child processes: 2315.91 MB
CPU usage for this session:    295 seconds (  0.08 hours)
Elapsed time for this session:    297 seconds (  0.08 hours)
Thank you for using IC Compiler II.

