****************************************
Report : timing
        -path_type full
        -delay_type max
        -max_paths 20
        -report_by design
Design : nn_top
Version: W-2024.09-SP2
Date   : Sun May 10 21:12:19 2026
****************************************

  Startpoint: in_cnt_reg[0] (rising edge-triggered flip-flop clocked by clk)
  Endpoint: gen_mac_lanes[31].u_lane/weight_out_reg[15] (rising edge-triggered flip-flop clocked by clk)
  Mode: default
  Corner: default
  Scenario: default
  Path Group: clk
  Path Type: max

  Point                                            Incr      Path  
  ------------------------------------------------------------------------
  clock clk (rise edge)                            0.00      0.00
  clock network delay (ideal)                      0.00      0.00

  in_cnt_reg[0]/CLK (DFFARX2_RVT)                  0.00      0.00 r
  in_cnt_reg[0]/Q (DFFARX2_RVT)                    0.15      0.15 r
  U125935/Y (NBUFFX4_RVT)                          0.06      0.21 r
  U48233/Y (NBUFFX2_RVT)                           0.07      0.29 r
  U48235/Y (INVX1_RVT)                             0.17      0.46 f
  U39193/Y (NAND2X0_RVT)                           0.14      0.60 r
  U60686/Y (NBUFFX2_RVT)                           0.09      0.69 r
  U60700/Y (INVX1_RVT)                             0.34      1.03 f
  U19920/Y (NAND2X0_RVT)                           0.57      1.60 r
  U63622/Y (INVX1_RVT)                             0.58      2.19 f
  U19981/Y (NAND2X0_RVT)                           0.44      2.62 r
  U108838/Y (NBUFFX2_RVT)                          0.16      2.78 r
  U108854/Y (NBUFFX2_RVT)                          0.14      2.93 r
  U20258/Y (NAND2X0_RVT)                           0.36      3.28 f
  U115314/Y (INVX1_RVT)                            0.39      3.67 r
  U20744/Y (NAND3X0_RVT)                           0.06      3.73 f
  U20745/Y (AO222X1_RVT)                           0.10      3.83 f
  U20777/Y (AO22X1_RVT)                            0.06      3.88 f
  U20778/Y (INVX1_RVT)                             0.03      3.91 r
  U20798/Y (NAND3X0_RVT)                           0.49      4.40 f
  gen_mac_lanes[31].u_lane/weight_out_reg[15]/D (DFFX1_RVT)
                                                   0.02      4.42 f
  data arrival time                                          4.42

  clock clk (rise edge)                           10.00     10.00
  clock network delay (ideal)                      0.00     10.00
  gen_mac_lanes[31].u_lane/weight_out_reg[15]/CLK (DFFX1_RVT)
                                                   0.00     10.00 r
  clock uncertainty                               -0.10      9.90
  library setup time                              -0.18      9.72
  data required time                                         9.72
  ------------------------------------------------------------------------
  data required time                                         9.72
  data arrival time                                         -4.42
  ------------------------------------------------------------------------
  slack (MET)                                                5.31



  Startpoint: in_cnt_reg[0] (rising edge-triggered flip-flop clocked by clk)
  Endpoint: gen_mac_lanes[31].u_lane/weight_out_reg[14] (rising edge-triggered flip-flop clocked by clk)
  Mode: default
  Corner: default
  Scenario: default
  Path Group: clk
  Path Type: max

  Point                                            Incr      Path  
  ------------------------------------------------------------------------
  clock clk (rise edge)                            0.00      0.00
  clock network delay (ideal)                      0.00      0.00

  in_cnt_reg[0]/CLK (DFFARX2_RVT)                  0.00      0.00 r
  in_cnt_reg[0]/Q (DFFARX2_RVT)                    0.15      0.15 r
  U125935/Y (NBUFFX4_RVT)                          0.06      0.21 r
  U48233/Y (NBUFFX2_RVT)                           0.07      0.29 r
  U48235/Y (INVX1_RVT)                             0.17      0.46 f
  U39193/Y (NAND2X0_RVT)                           0.14      0.60 r
  U60686/Y (NBUFFX2_RVT)                           0.09      0.69 r
  U60700/Y (INVX1_RVT)                             0.34      1.03 f
  U19920/Y (NAND2X0_RVT)                           0.57      1.60 r
  U63622/Y (INVX1_RVT)                             0.58      2.19 f
  U19981/Y (NAND2X0_RVT)                           0.44      2.62 r
  U108838/Y (NBUFFX2_RVT)                          0.16      2.78 r
  U108854/Y (NBUFFX2_RVT)                          0.14      2.93 r
  U20258/Y (NAND2X0_RVT)                           0.36      3.28 f
  U115314/Y (INVX1_RVT)                            0.39      3.67 r
  U20744/Y (NAND3X0_RVT)                           0.06      3.73 f
  U20745/Y (AO222X1_RVT)                           0.10      3.83 f
  U20777/Y (AO22X1_RVT)                            0.06      3.88 f
  U20778/Y (INVX1_RVT)                             0.03      3.91 r
  U20798/Y (NAND3X0_RVT)                           0.49      4.40 f
  gen_mac_lanes[31].u_lane/weight_out_reg[14]/D (DFFX1_RVT)
                                                   0.02      4.42 f
  data arrival time                                          4.42

  clock clk (rise edge)                           10.00     10.00
  clock network delay (ideal)                      0.00     10.00
  gen_mac_lanes[31].u_lane/weight_out_reg[14]/CLK (DFFX1_RVT)
                                                   0.00     10.00 r
  clock uncertainty                               -0.10      9.90
  library setup time                              -0.18      9.72
  data required time                                         9.72
  ------------------------------------------------------------------------
  data required time                                         9.72
  data arrival time                                         -4.42
  ------------------------------------------------------------------------
  slack (MET)                                                5.31



  Startpoint: in_cnt_reg[0] (rising edge-triggered flip-flop clocked by clk)
  Endpoint: gen_mac_lanes[31].u_lane/weight_out_reg[13] (rising edge-triggered flip-flop clocked by clk)
  Mode: default
  Corner: default
  Scenario: default
  Path Group: clk
  Path Type: max

  Point                                            Incr      Path  
  ------------------------------------------------------------------------
  clock clk (rise edge)                            0.00      0.00
  clock network delay (ideal)                      0.00      0.00

  in_cnt_reg[0]/CLK (DFFARX2_RVT)                  0.00      0.00 r
  in_cnt_reg[0]/Q (DFFARX2_RVT)                    0.15      0.15 r
  U125935/Y (NBUFFX4_RVT)                          0.06      0.21 r
  U48233/Y (NBUFFX2_RVT)                           0.07      0.29 r
  U48235/Y (INVX1_RVT)                             0.17      0.46 f
  U39193/Y (NAND2X0_RVT)                           0.14      0.60 r
  U60686/Y (NBUFFX2_RVT)                           0.09      0.69 r
  U60700/Y (INVX1_RVT)                             0.34      1.03 f
  U19920/Y (NAND2X0_RVT)                           0.57      1.60 r
  U63622/Y (INVX1_RVT)                             0.58      2.19 f
  U19981/Y (NAND2X0_RVT)                           0.44      2.62 r
  U108838/Y (NBUFFX2_RVT)                          0.16      2.78 r
  U108854/Y (NBUFFX2_RVT)                          0.14      2.93 r
  U20258/Y (NAND2X0_RVT)                           0.36      3.28 f
  U115314/Y (INVX1_RVT)                            0.39      3.67 r
  U20744/Y (NAND3X0_RVT)                           0.06      3.73 f
  U20745/Y (AO222X1_RVT)                           0.10      3.83 f
  U20777/Y (AO22X1_RVT)                            0.06      3.88 f
  U20778/Y (INVX1_RVT)                             0.03      3.91 r
  U20798/Y (NAND3X0_RVT)                           0.49      4.40 f
  gen_mac_lanes[31].u_lane/weight_out_reg[13]/D (DFFX1_RVT)
                                                   0.02      4.42 f
  data arrival time                                          4.42

  clock clk (rise edge)                           10.00     10.00
  clock network delay (ideal)                      0.00     10.00
  gen_mac_lanes[31].u_lane/weight_out_reg[13]/CLK (DFFX1_RVT)
                                                   0.00     10.00 r
  clock uncertainty                               -0.10      9.90
  library setup time                              -0.18      9.72
  data required time                                         9.72
  ------------------------------------------------------------------------
  data required time                                         9.72
  data arrival time                                         -4.42
  ------------------------------------------------------------------------
  slack (MET)                                                5.31



  Startpoint: in_cnt_reg[0] (rising edge-triggered flip-flop clocked by clk)
  Endpoint: gen_mac_lanes[31].u_lane/weight_out_reg[12] (rising edge-triggered flip-flop clocked by clk)
  Mode: default
  Corner: default
  Scenario: default
  Path Group: clk
  Path Type: max

  Point                                            Incr      Path  
  ------------------------------------------------------------------------
  clock clk (rise edge)                            0.00      0.00
  clock network delay (ideal)                      0.00      0.00

  in_cnt_reg[0]/CLK (DFFARX2_RVT)                  0.00      0.00 r
  in_cnt_reg[0]/Q (DFFARX2_RVT)                    0.15      0.15 r
  U125935/Y (NBUFFX4_RVT)                          0.06      0.21 r
  U48233/Y (NBUFFX2_RVT)                           0.07      0.29 r
  U48235/Y (INVX1_RVT)                             0.17      0.46 f
  U39193/Y (NAND2X0_RVT)                           0.14      0.60 r
  U60686/Y (NBUFFX2_RVT)                           0.09      0.69 r
  U60700/Y (INVX1_RVT)                             0.34      1.03 f
  U19920/Y (NAND2X0_RVT)                           0.57      1.60 r
  U63622/Y (INVX1_RVT)                             0.58      2.19 f
  U19981/Y (NAND2X0_RVT)                           0.44      2.62 r
  U108838/Y (NBUFFX2_RVT)                          0.16      2.78 r
  U108854/Y (NBUFFX2_RVT)                          0.14      2.93 r
  U20258/Y (NAND2X0_RVT)                           0.36      3.28 f
  U115314/Y (INVX1_RVT)                            0.39      3.67 r
  U20744/Y (NAND3X0_RVT)                           0.06      3.73 f
  U20745/Y (AO222X1_RVT)                           0.10      3.83 f
  U20777/Y (AO22X1_RVT)                            0.06      3.88 f
  U20778/Y (INVX1_RVT)                             0.03      3.91 r
  U20798/Y (NAND3X0_RVT)                           0.49      4.40 f
  gen_mac_lanes[31].u_lane/weight_out_reg[12]/D (DFFX1_RVT)
                                                   0.02      4.42 f
  data arrival time                                          4.42

  clock clk (rise edge)                           10.00     10.00
  clock network delay (ideal)                      0.00     10.00
  gen_mac_lanes[31].u_lane/weight_out_reg[12]/CLK (DFFX1_RVT)
                                                   0.00     10.00 r
  clock uncertainty                               -0.10      9.90
  library setup time                              -0.18      9.72
  data required time                                         9.72
  ------------------------------------------------------------------------
  data required time                                         9.72
  data arrival time                                         -4.42
  ------------------------------------------------------------------------
  slack (MET)                                                5.31



  Startpoint: layer_idx_reg[0] (rising edge-triggered flip-flop clocked by clk)
  Endpoint: gen_mac_lanes[16].u_lane/weight_out_reg[7] (rising edge-triggered flip-flop clocked by clk)
  Mode: default
  Corner: default
  Scenario: default
  Path Group: clk
  Path Type: max

  Point                                            Incr      Path  
  ------------------------------------------------------------------------
  clock clk (rise edge)                            0.00      0.00
  clock network delay (ideal)                      0.00      0.00

  layer_idx_reg[0]/CLK (DFFARX2_RVT)               0.00      0.00 r
  layer_idx_reg[0]/Q (DFFARX2_RVT)                 0.12      0.12 f
  U48703/Y (NBUFFX2_RVT)                           0.06      0.18 f
  U48742/Y (INVX1_RVT)                             0.13      0.31 r
  U19878/Y (NAND2X0_RVT)                           0.27      0.58 f
  U60266/Y (NBUFFX2_RVT)                           0.14      0.72 f
  U60267/Y (INVX2_RVT)                             0.07      0.79 r
  U19881/Y (NAND2X0_RVT)                           0.04      0.83 f
  U19882/Y (NAND2X0_RVT)                           0.08      0.90 r
  U19883/Y (XOR2X2_RVT)                            0.14      1.04 f
  U70908/Y (NBUFFX2_RVT)                           0.18      1.22 f
  U71085/Y (NBUFFX4_RVT)                           0.11      1.33 f
  U26264/Y (NAND2X0_RVT)                           0.32      1.65 r
  U124373/Y (NBUFFX4_RVT)                          0.09      1.74 r
  U89022/Y (INVX1_RVT)                             0.06      1.80 f
  U26266/Y (AND2X1_RVT)                            0.15      1.95 f
  U26315/Y (NAND2X0_RVT)                           0.31      2.27 r
  U105757/Y (NBUFFX2_RVT)                          0.10      2.37 r
  U105906/Y (NBUFFX2_RVT)                          0.13      2.50 r
  U51858/Y (NAND2X0_RVT)                           0.44      2.94 f
  U118756/Y (INVX1_RVT)                            0.53      3.48 r
  U51901/Y (NAND3X0_RVT)                           0.08      3.56 f
  U51907/Y (INVX1_RVT)                             0.07      3.63 r
  U52576/Y (NAND4X0_RVT)                           0.07      3.70 f
  U52586/Y (AO221X1_RVT)                           0.09      3.79 f
  U52587/Y (AO221X1_RVT)                           0.04      3.83 f
  U52599/Y (AO22X1_RVT)                            0.05      3.87 f
  U52600/Y (INVX1_RVT)                             0.03      3.90 r
  U52627/Y (NAND3X0_RVT)                           0.48      4.38 f
  gen_mac_lanes[16].u_lane/weight_out_reg[7]/D (DFFX2_RVT)
                                                   0.01      4.40 f
  data arrival time                                          4.40

  clock clk (rise edge)                           10.00     10.00
  clock network delay (ideal)                      0.00     10.00
  gen_mac_lanes[16].u_lane/weight_out_reg[7]/CLK (DFFX2_RVT)
                                                   0.00     10.00 r
  clock uncertainty                               -0.10      9.90
  library setup time                              -0.18      9.72
  data required time                                         9.72
  ------------------------------------------------------------------------
  data required time                                         9.72
  data arrival time                                         -4.40
  ------------------------------------------------------------------------
  slack (MET)                                                5.32



  Startpoint: layer_idx_reg[0] (rising edge-triggered flip-flop clocked by clk)
  Endpoint: gen_mac_lanes[16].u_lane/weight_out_reg[1] (rising edge-triggered flip-flop clocked by clk)
  Mode: default
  Corner: default
  Scenario: default
  Path Group: clk
  Path Type: max

  Point                                            Incr      Path  
  ------------------------------------------------------------------------
  clock clk (rise edge)                            0.00      0.00
  clock network delay (ideal)                      0.00      0.00

  layer_idx_reg[0]/CLK (DFFARX2_RVT)               0.00      0.00 r
  layer_idx_reg[0]/Q (DFFARX2_RVT)                 0.12      0.12 f
  U48703/Y (NBUFFX2_RVT)                           0.06      0.18 f
  U48742/Y (INVX1_RVT)                             0.13      0.31 r
  U19878/Y (NAND2X0_RVT)                           0.27      0.58 f
  U60266/Y (NBUFFX2_RVT)                           0.14      0.72 f
  U60267/Y (INVX2_RVT)                             0.07      0.79 r
  U19881/Y (NAND2X0_RVT)                           0.04      0.83 f
  U19882/Y (NAND2X0_RVT)                           0.08      0.90 r
  U19883/Y (XOR2X2_RVT)                            0.14      1.04 f
  U70908/Y (NBUFFX2_RVT)                           0.18      1.22 f
  U71085/Y (NBUFFX4_RVT)                           0.11      1.33 f
  U26264/Y (NAND2X0_RVT)                           0.32      1.65 r
  U124373/Y (NBUFFX4_RVT)                          0.09      1.74 r
  U89022/Y (INVX1_RVT)                             0.06      1.80 f
  U26266/Y (AND2X1_RVT)                            0.15      1.95 f
  U26315/Y (NAND2X0_RVT)                           0.31      2.27 r
  U105757/Y (NBUFFX2_RVT)                          0.10      2.37 r
  U105906/Y (NBUFFX2_RVT)                          0.13      2.50 r
  U51858/Y (NAND2X0_RVT)                           0.44      2.94 f
  U118756/Y (INVX1_RVT)                            0.53      3.48 r
  U52481/Y (NAND4X0_RVT)                           0.13      3.60 f
  U52752/Y (NOR4X1_RVT)                            0.11      3.71 r
  U52753/Y (NAND4X0_RVT)                           0.06      3.76 f
  U52758/Y (AO22X1_RVT)                            0.07      3.83 f
  U52759/Y (AO221X1_RVT)                           0.04      3.87 f
  U52760/Y (AO221X1_RVT)                           0.04      3.91 f
  U52773/Y (AO22X1_RVT)                            0.05      3.96 f
  U52774/Y (INVX1_RVT)                             0.02      3.99 r
  U52807/Y (NAND3X0_RVT)                           0.42      4.40 f
  gen_mac_lanes[16].u_lane/weight_out_reg[1]/D (DFFX2_RVT)
                                                   0.01      4.41 f
  data arrival time                                          4.41

  clock clk (rise edge)                           10.00     10.00
  clock network delay (ideal)                      0.00     10.00
  gen_mac_lanes[16].u_lane/weight_out_reg[1]/CLK (DFFX2_RVT)
                                                   0.00     10.00 r
  clock uncertainty                               -0.10      9.90
  library setup time                              -0.16      9.74
  data required time                                         9.74
  ------------------------------------------------------------------------
  data required time                                         9.74
  data arrival time                                         -4.41
  ------------------------------------------------------------------------
  slack (MET)                                                5.32



  Startpoint: in_cnt_reg[3] (rising edge-triggered flip-flop clocked by clk)
  Endpoint: gen_mac_lanes[14].u_lane/weight_out_reg[15] (rising edge-triggered flip-flop clocked by clk)
  Mode: default
  Corner: default
  Scenario: default
  Path Group: clk
  Path Type: max

  Point                                            Incr      Path  
  ------------------------------------------------------------------------
  clock clk (rise edge)                            0.00      0.00
  clock network delay (ideal)                      0.00      0.00

  in_cnt_reg[3]/CLK (DFFARX2_RVT)                  0.00      0.00 r
  in_cnt_reg[3]/Q (DFFARX2_RVT)                    0.12      0.12 f
  U47744/Y (NBUFFX2_RVT)                           0.13      0.25 f
  U47763/Y (NBUFFX4_RVT)                           0.10      0.34 f
  U32828/Y (NAND2X0_RVT)                           0.49      0.83 r
  U60191/Y (INVX1_RVT)                             0.40      1.24 f
  U32831/Y (NAND2X0_RVT)                           0.67      1.91 r
  U95659/Y (INVX1_RVT)                             0.19      2.10 f
  U32835/Y (NAND2X0_RVT)                           0.16      2.27 r
  U104247/Y (NBUFFX2_RVT)                          0.12      2.39 r
  U104337/Y (NBUFFX2_RVT)                          0.13      2.52 r
  U26340/Y (NAND2X0_RVT)                           0.28      2.80 f
  U113968/Y (INVX1_RVT)                            0.67      3.47 r
  U56900/Y (AND4X1_RVT)                            0.04      3.51 r
  U56901/Y (NAND4X0_RVT)                           0.05      3.56 f
  U56908/Y (AO221X1_RVT)                           0.07      3.63 f
  U56909/Y (AO221X1_RVT)                           0.04      3.67 f
  U56910/Y (NAND2X0_RVT)                           0.03      3.71 r
  U56911/Y (NAND3X0_RVT)                           0.63      4.34 f
  gen_mac_lanes[14].u_lane/weight_out_reg[15]/D (DFFX1_RVT)
                                                   0.02      4.36 f
  data arrival time                                          4.36

  clock clk (rise edge)                           10.00     10.00
  clock network delay (ideal)                      0.00     10.00
  gen_mac_lanes[14].u_lane/weight_out_reg[15]/CLK (DFFX1_RVT)
                                                   0.00     10.00 r
  clock uncertainty                               -0.10      9.90
  library setup time                              -0.21      9.69
  data required time                                         9.69
  ------------------------------------------------------------------------
  data required time                                         9.69
  data arrival time                                         -4.36
  ------------------------------------------------------------------------
  slack (MET)                                                5.33



  Startpoint: in_cnt_reg[3] (rising edge-triggered flip-flop clocked by clk)
  Endpoint: gen_mac_lanes[14].u_lane/weight_out_reg[14] (rising edge-triggered flip-flop clocked by clk)
  Mode: default
  Corner: default
  Scenario: default
  Path Group: clk
  Path Type: max

  Point                                            Incr      Path  
  ------------------------------------------------------------------------
  clock clk (rise edge)                            0.00      0.00
  clock network delay (ideal)                      0.00      0.00

  in_cnt_reg[3]/CLK (DFFARX2_RVT)                  0.00      0.00 r
  in_cnt_reg[3]/Q (DFFARX2_RVT)                    0.12      0.12 f
  U47744/Y (NBUFFX2_RVT)                           0.13      0.25 f
  U47763/Y (NBUFFX4_RVT)                           0.10      0.34 f
  U32828/Y (NAND2X0_RVT)                           0.49      0.83 r
  U60191/Y (INVX1_RVT)                             0.40      1.24 f
  U32831/Y (NAND2X0_RVT)                           0.67      1.91 r
  U95659/Y (INVX1_RVT)                             0.19      2.10 f
  U32835/Y (NAND2X0_RVT)                           0.16      2.27 r
  U104247/Y (NBUFFX2_RVT)                          0.12      2.39 r
  U104337/Y (NBUFFX2_RVT)                          0.13      2.52 r
  U26340/Y (NAND2X0_RVT)                           0.28      2.80 f
  U113968/Y (INVX1_RVT)                            0.67      3.47 r
  U56900/Y (AND4X1_RVT)                            0.04      3.51 r
  U56901/Y (NAND4X0_RVT)                           0.05      3.56 f
  U56908/Y (AO221X1_RVT)                           0.07      3.63 f
  U56909/Y (AO221X1_RVT)                           0.04      3.67 f
  U56910/Y (NAND2X0_RVT)                           0.03      3.71 r
  U56911/Y (NAND3X0_RVT)                           0.63      4.34 f
  gen_mac_lanes[14].u_lane/weight_out_reg[14]/D (DFFX1_RVT)
                                                   0.02      4.36 f
  data arrival time                                          4.36

  clock clk (rise edge)                           10.00     10.00
  clock network delay (ideal)                      0.00     10.00
  gen_mac_lanes[14].u_lane/weight_out_reg[14]/CLK (DFFX1_RVT)
                                                   0.00     10.00 r
  clock uncertainty                               -0.10      9.90
  library setup time                              -0.21      9.69
  data required time                                         9.69
  ------------------------------------------------------------------------
  data required time                                         9.69
  data arrival time                                         -4.36
  ------------------------------------------------------------------------
  slack (MET)                                                5.33



  Startpoint: in_cnt_reg[3] (rising edge-triggered flip-flop clocked by clk)
  Endpoint: gen_mac_lanes[14].u_lane/weight_out_reg[13] (rising edge-triggered flip-flop clocked by clk)
  Mode: default
  Corner: default
  Scenario: default
  Path Group: clk
  Path Type: max

  Point                                            Incr      Path  
  ------------------------------------------------------------------------
  clock clk (rise edge)                            0.00      0.00
  clock network delay (ideal)                      0.00      0.00

  in_cnt_reg[3]/CLK (DFFARX2_RVT)                  0.00      0.00 r
  in_cnt_reg[3]/Q (DFFARX2_RVT)                    0.12      0.12 f
  U47744/Y (NBUFFX2_RVT)                           0.13      0.25 f
  U47763/Y (NBUFFX4_RVT)                           0.10      0.34 f
  U32828/Y (NAND2X0_RVT)                           0.49      0.83 r
  U60191/Y (INVX1_RVT)                             0.40      1.24 f
  U32831/Y (NAND2X0_RVT)                           0.67      1.91 r
  U95659/Y (INVX1_RVT)                             0.19      2.10 f
  U32835/Y (NAND2X0_RVT)                           0.16      2.27 r
  U104247/Y (NBUFFX2_RVT)                          0.12      2.39 r
  U104337/Y (NBUFFX2_RVT)                          0.13      2.52 r
  U26340/Y (NAND2X0_RVT)                           0.28      2.80 f
  U113968/Y (INVX1_RVT)                            0.67      3.47 r
  U56900/Y (AND4X1_RVT)                            0.04      3.51 r
  U56901/Y (NAND4X0_RVT)                           0.05      3.56 f
  U56908/Y (AO221X1_RVT)                           0.07      3.63 f
  U56909/Y (AO221X1_RVT)                           0.04      3.67 f
  U56910/Y (NAND2X0_RVT)                           0.03      3.71 r
  U56911/Y (NAND3X0_RVT)                           0.63      4.34 f
  gen_mac_lanes[14].u_lane/weight_out_reg[13]/D (DFFX1_RVT)
                                                   0.02      4.36 f
  data arrival time                                          4.36

  clock clk (rise edge)                           10.00     10.00
  clock network delay (ideal)                      0.00     10.00
  gen_mac_lanes[14].u_lane/weight_out_reg[13]/CLK (DFFX1_RVT)
                                                   0.00     10.00 r
  clock uncertainty                               -0.10      9.90
  library setup time                              -0.21      9.69
  data required time                                         9.69
  ------------------------------------------------------------------------
  data required time                                         9.69
  data arrival time                                         -4.36
  ------------------------------------------------------------------------
  slack (MET)                                                5.33



  Startpoint: in_cnt_reg[3] (rising edge-triggered flip-flop clocked by clk)
  Endpoint: gen_mac_lanes[14].u_lane/weight_out_reg[12] (rising edge-triggered flip-flop clocked by clk)
  Mode: default
  Corner: default
  Scenario: default
  Path Group: clk
  Path Type: max

  Point                                            Incr      Path  
  ------------------------------------------------------------------------
  clock clk (rise edge)                            0.00      0.00
  clock network delay (ideal)                      0.00      0.00

  in_cnt_reg[3]/CLK (DFFARX2_RVT)                  0.00      0.00 r
  in_cnt_reg[3]/Q (DFFARX2_RVT)                    0.12      0.12 f
  U47744/Y (NBUFFX2_RVT)                           0.13      0.25 f
  U47763/Y (NBUFFX4_RVT)                           0.10      0.34 f
  U32828/Y (NAND2X0_RVT)                           0.49      0.83 r
  U60191/Y (INVX1_RVT)                             0.40      1.24 f
  U32831/Y (NAND2X0_RVT)                           0.67      1.91 r
  U95659/Y (INVX1_RVT)                             0.19      2.10 f
  U32835/Y (NAND2X0_RVT)                           0.16      2.27 r
  U104247/Y (NBUFFX2_RVT)                          0.12      2.39 r
  U104337/Y (NBUFFX2_RVT)                          0.13      2.52 r
  U26340/Y (NAND2X0_RVT)                           0.28      2.80 f
  U113968/Y (INVX1_RVT)                            0.67      3.47 r
  U56900/Y (AND4X1_RVT)                            0.04      3.51 r
  U56901/Y (NAND4X0_RVT)                           0.05      3.56 f
  U56908/Y (AO221X1_RVT)                           0.07      3.63 f
  U56909/Y (AO221X1_RVT)                           0.04      3.67 f
  U56910/Y (NAND2X0_RVT)                           0.03      3.71 r
  U56911/Y (NAND3X0_RVT)                           0.63      4.34 f
  gen_mac_lanes[14].u_lane/weight_out_reg[12]/D (DFFX1_RVT)
                                                   0.02      4.36 f
  data arrival time                                          4.36

  clock clk (rise edge)                           10.00     10.00
  clock network delay (ideal)                      0.00     10.00
  gen_mac_lanes[14].u_lane/weight_out_reg[12]/CLK (DFFX1_RVT)
                                                   0.00     10.00 r
  clock uncertainty                               -0.10      9.90
  library setup time                              -0.21      9.69
  data required time                                         9.69
  ------------------------------------------------------------------------
  data required time                                         9.69
  data arrival time                                         -4.36
  ------------------------------------------------------------------------
  slack (MET)                                                5.33



  Startpoint: layer_idx_reg[0] (rising edge-triggered flip-flop clocked by clk)
  Endpoint: gen_mac_lanes[16].u_lane/weight_out_reg[5] (rising edge-triggered flip-flop clocked by clk)
  Mode: default
  Corner: default
  Scenario: default
  Path Group: clk
  Path Type: max

  Point                                            Incr      Path  
  ------------------------------------------------------------------------
  clock clk (rise edge)                            0.00      0.00
  clock network delay (ideal)                      0.00      0.00

  layer_idx_reg[0]/CLK (DFFARX2_RVT)               0.00      0.00 r
  layer_idx_reg[0]/Q (DFFARX2_RVT)                 0.12      0.12 f
  U48703/Y (NBUFFX2_RVT)                           0.06      0.18 f
  U48742/Y (INVX1_RVT)                             0.13      0.31 r
  U19878/Y (NAND2X0_RVT)                           0.27      0.58 f
  U60266/Y (NBUFFX2_RVT)                           0.14      0.72 f
  U60267/Y (INVX2_RVT)                             0.07      0.79 r
  U19881/Y (NAND2X0_RVT)                           0.04      0.83 f
  U19882/Y (NAND2X0_RVT)                           0.08      0.90 r
  U19883/Y (XOR2X2_RVT)                            0.14      1.04 f
  U70908/Y (NBUFFX2_RVT)                           0.18      1.22 f
  U71085/Y (NBUFFX4_RVT)                           0.11      1.33 f
  U26264/Y (NAND2X0_RVT)                           0.32      1.65 r
  U124373/Y (NBUFFX4_RVT)                          0.09      1.74 r
  U89022/Y (INVX1_RVT)                             0.06      1.80 f
  U26266/Y (AND2X1_RVT)                            0.15      1.95 f
  U26315/Y (NAND2X0_RVT)                           0.31      2.27 r
  U105757/Y (NBUFFX2_RVT)                          0.10      2.37 r
  U105906/Y (NBUFFX2_RVT)                          0.13      2.50 r
  U51858/Y (NAND2X0_RVT)                           0.44      2.94 f
  U118756/Y (INVX1_RVT)                            0.53      3.48 r
  U51901/Y (NAND3X0_RVT)                           0.08      3.56 f
  U51907/Y (INVX1_RVT)                             0.07      3.63 r
  U52550/Y (NAND4X0_RVT)                           0.06      3.69 f
  U52551/Y (NOR4X1_RVT)                            0.07      3.75 r
  U52552/Y (NAND4X0_RVT)                           0.04      3.79 f
  U52553/Y (AO22X1_RVT)                            0.05      3.83 f
  U52554/Y (AO221X1_RVT)                           0.05      3.89 f
  U52555/Y (INVX1_RVT)                             0.02      3.91 r
  U52568/Y (NAND3X0_RVT)                           0.47      4.38 f
  gen_mac_lanes[16].u_lane/weight_out_reg[5]/D (DFFX2_RVT)
                                                   0.01      4.39 f
  data arrival time                                          4.39

  clock clk (rise edge)                           10.00     10.00
  clock network delay (ideal)                      0.00     10.00
  gen_mac_lanes[16].u_lane/weight_out_reg[5]/CLK (DFFX2_RVT)
                                                   0.00     10.00 r
  clock uncertainty                               -0.10      9.90
  library setup time                              -0.18      9.72
  data required time                                         9.72
  ------------------------------------------------------------------------
  data required time                                         9.72
  data arrival time                                         -4.39
  ------------------------------------------------------------------------
  slack (MET)                                                5.33



  Startpoint: layer_idx_reg[0] (rising edge-triggered flip-flop clocked by clk)
  Endpoint: gen_mac_lanes[16].u_lane/weight_out_reg[4] (rising edge-triggered flip-flop clocked by clk)
  Mode: default
  Corner: default
  Scenario: default
  Path Group: clk
  Path Type: max

  Point                                            Incr      Path  
  ------------------------------------------------------------------------
  clock clk (rise edge)                            0.00      0.00
  clock network delay (ideal)                      0.00      0.00

  layer_idx_reg[0]/CLK (DFFARX2_RVT)               0.00      0.00 r
  layer_idx_reg[0]/Q (DFFARX2_RVT)                 0.12      0.12 f
  U48703/Y (NBUFFX2_RVT)                           0.06      0.18 f
  U48742/Y (INVX1_RVT)                             0.13      0.31 r
  U19878/Y (NAND2X0_RVT)                           0.27      0.58 f
  U60266/Y (NBUFFX2_RVT)                           0.14      0.72 f
  U60267/Y (INVX2_RVT)                             0.07      0.79 r
  U19881/Y (NAND2X0_RVT)                           0.04      0.83 f
  U19882/Y (NAND2X0_RVT)                           0.08      0.90 r
  U19883/Y (XOR2X2_RVT)                            0.14      1.04 f
  U70908/Y (NBUFFX2_RVT)                           0.18      1.22 f
  U71085/Y (NBUFFX4_RVT)                           0.11      1.33 f
  U26264/Y (NAND2X0_RVT)                           0.32      1.65 r
  U124373/Y (NBUFFX4_RVT)                          0.09      1.74 r
  U89022/Y (INVX1_RVT)                             0.06      1.80 f
  U26266/Y (AND2X1_RVT)                            0.15      1.95 f
  U26315/Y (NAND2X0_RVT)                           0.31      2.27 r
  U105757/Y (NBUFFX2_RVT)                          0.10      2.37 r
  U105906/Y (NBUFFX2_RVT)                          0.13      2.50 r
  U51858/Y (NAND2X0_RVT)                           0.44      2.94 f
  U118756/Y (INVX1_RVT)                            0.53      3.48 r
  U51860/Y (AND4X1_RVT)                            0.03      3.51 r
  U51861/Y (AND4X1_RVT)                            0.08      3.59 r
  U51862/Y (AND4X1_RVT)                            0.06      3.64 r
  U52422/Y (NAND4X0_RVT)                           0.05      3.70 f
  U52433/Y (AO22X1_RVT)                            0.07      3.76 f
  U52434/Y (INVX1_RVT)                             0.02      3.78 r
  U52449/Y (NAND3X0_RVT)                           0.03      3.81 f
  U52468/Y (AO22X1_RVT)                            0.06      3.87 f
  U52469/Y (INVX1_RVT)                             0.02      3.89 r
  U52499/Y (NAND3X0_RVT)                           0.47      4.37 f
  gen_mac_lanes[16].u_lane/weight_out_reg[4]/D (DFFX2_RVT)
                                                   0.01      4.38 f
  data arrival time                                          4.38

  clock clk (rise edge)                           10.00     10.00
  clock network delay (ideal)                      0.00     10.00
  gen_mac_lanes[16].u_lane/weight_out_reg[4]/CLK (DFFX2_RVT)
                                                   0.00     10.00 r
  clock uncertainty                               -0.10      9.90
  library setup time                              -0.18      9.72
  data required time                                         9.72
  ------------------------------------------------------------------------
  data required time                                         9.72
  data arrival time                                         -4.38
  ------------------------------------------------------------------------
  slack (MET)                                                5.34



  Startpoint: in_cnt_reg[0] (rising edge-triggered flip-flop clocked by clk)
  Endpoint: gen_mac_lanes[31].u_lane/weight_out_reg[6] (rising edge-triggered flip-flop clocked by clk)
  Mode: default
  Corner: default
  Scenario: default
  Path Group: clk
  Path Type: max

  Point                                            Incr      Path  
  ------------------------------------------------------------------------
  clock clk (rise edge)                            0.00      0.00
  clock network delay (ideal)                      0.00      0.00

  in_cnt_reg[0]/CLK (DFFARX2_RVT)                  0.00      0.00 r
  in_cnt_reg[0]/Q (DFFARX2_RVT)                    0.15      0.15 r
  U125935/Y (NBUFFX4_RVT)                          0.06      0.21 r
  U48233/Y (NBUFFX2_RVT)                           0.07      0.29 r
  U48235/Y (INVX1_RVT)                             0.17      0.46 f
  U39193/Y (NAND2X0_RVT)                           0.14      0.60 r
  U60686/Y (NBUFFX2_RVT)                           0.09      0.69 r
  U60700/Y (INVX1_RVT)                             0.34      1.03 f
  U19920/Y (NAND2X0_RVT)                           0.57      1.60 r
  U63622/Y (INVX1_RVT)                             0.58      2.19 f
  U19981/Y (NAND2X0_RVT)                           0.44      2.62 r
  U108838/Y (NBUFFX2_RVT)                          0.16      2.78 r
  U108854/Y (NBUFFX2_RVT)                          0.14      2.93 r
  U20258/Y (NAND2X0_RVT)                           0.36      3.28 f
  U115314/Y (INVX1_RVT)                            0.39      3.67 r
  U20384/Y (NAND4X0_RVT)                           0.06      3.74 f
  U20385/Y (NOR4X1_RVT)                            0.08      3.82 r
  U20888/Y (NAND4X0_RVT)                           0.04      3.86 f
  U20889/Y (OR3X1_RVT)                             0.04      3.90 f
  U20894/Y (AO22X1_RVT)                            0.05      3.96 f
  U20895/Y (AO221X1_RVT)                           0.05      4.00 f
  U20896/Y (AO221X1_RVT)                           0.04      4.04 f
  U20906/Y (AO22X1_RVT)                            0.05      4.10 f
  U20907/Y (INVX1_RVT)                             0.03      4.12 r
  U20936/Y (NAND3X0_RVT)                           0.30      4.42 f
  gen_mac_lanes[31].u_lane/weight_out_reg[6]/D (DFFX2_RVT)
                                                   0.01      4.42 f
  data arrival time                                          4.42

  clock clk (rise edge)                           10.00     10.00
  clock network delay (ideal)                      0.00     10.00
  gen_mac_lanes[31].u_lane/weight_out_reg[6]/CLK (DFFX2_RVT)
                                                   0.00     10.00 r
  clock uncertainty                               -0.10      9.90
  library setup time                              -0.13      9.77
  data required time                                         9.77
  ------------------------------------------------------------------------
  data required time                                         9.77
  data arrival time                                         -4.42
  ------------------------------------------------------------------------
  slack (MET)                                                5.35



  Startpoint: in_cnt_reg[0] (rising edge-triggered flip-flop clocked by clk)
  Endpoint: gen_mac_lanes[31].u_lane/weight_out_reg[7] (rising edge-triggered flip-flop clocked by clk)
  Mode: default
  Corner: default
  Scenario: default
  Path Group: clk
  Path Type: max

  Point                                            Incr      Path  
  ------------------------------------------------------------------------
  clock clk (rise edge)                            0.00      0.00
  clock network delay (ideal)                      0.00      0.00

  in_cnt_reg[0]/CLK (DFFARX2_RVT)                  0.00      0.00 r
  in_cnt_reg[0]/Q (DFFARX2_RVT)                    0.15      0.15 r
  U125935/Y (NBUFFX4_RVT)                          0.06      0.21 r
  U48233/Y (NBUFFX2_RVT)                           0.07      0.29 r
  U48235/Y (INVX1_RVT)                             0.17      0.46 f
  U39193/Y (NAND2X0_RVT)                           0.14      0.60 r
  U60686/Y (NBUFFX2_RVT)                           0.09      0.69 r
  U60700/Y (INVX1_RVT)                             0.34      1.03 f
  U19920/Y (NAND2X0_RVT)                           0.57      1.60 r
  U63622/Y (INVX1_RVT)                             0.58      2.19 f
  U19981/Y (NAND2X0_RVT)                           0.44      2.62 r
  U108838/Y (NBUFFX2_RVT)                          0.16      2.78 r
  U108854/Y (NBUFFX2_RVT)                          0.14      2.93 r
  U20258/Y (NAND2X0_RVT)                           0.36      3.28 f
  U115314/Y (INVX1_RVT)                            0.39      3.67 r
  U20260/Y (NAND2X0_RVT)                           0.06      3.73 f
  U20802/Y (INVX1_RVT)                             0.05      3.79 r
  U20966/Y (NAND4X0_RVT)                           0.09      3.88 f
  U20970/Y (AO221X1_RVT)                           0.08      3.96 f
  U20971/Y (AO221X1_RVT)                           0.05      4.00 f
  U20972/Y (AO221X1_RVT)                           0.04      4.04 f
  U20973/Y (AO22X1_RVT)                            0.04      4.08 f
  U20974/Y (INVX1_RVT)                             0.03      4.11 r
  U20993/Y (NAND3X0_RVT)                           0.30      4.41 f
  gen_mac_lanes[31].u_lane/weight_out_reg[7]/D (DFFX2_RVT)
                                                   0.01      4.41 f
  data arrival time                                          4.41

  clock clk (rise edge)                           10.00     10.00
  clock network delay (ideal)                      0.00     10.00
  gen_mac_lanes[31].u_lane/weight_out_reg[7]/CLK (DFFX2_RVT)
                                                   0.00     10.00 r
  clock uncertainty                               -0.10      9.90
  library setup time                              -0.13      9.77
  data required time                                         9.77
  ------------------------------------------------------------------------
  data required time                                         9.77
  data arrival time                                         -4.41
  ------------------------------------------------------------------------
  slack (MET)                                                5.36



  Startpoint: gen_mac_lanes[4].u_lane/u_mac/start_r2_reg (rising edge-triggered flip-flop clocked by clk)
  Endpoint: gen_mac_lanes[4].u_lane/u_mac/acc_reg[63] (rising edge-triggered flip-flop clocked by clk)
  Mode: default
  Corner: default
  Scenario: default
  Path Group: clk
  Path Type: max

  Point                                            Incr      Path  
  ------------------------------------------------------------------------
  clock clk (rise edge)                            0.00      0.00
  clock network delay (ideal)                      0.00      0.00

  gen_mac_lanes[4].u_lane/u_mac/start_r2_reg/CLK (DFFARX2_RVT)
                                                   0.00      0.00 r
  gen_mac_lanes[4].u_lane/u_mac/start_r2_reg/Q (DFFARX2_RVT)
                                                   0.11      0.11 f
  U45654/Y (NBUFFX2_RVT)                           0.09      0.19 f
  U45655/Y (INVX1_RVT)                             0.15      0.34 r
  U78376/Y (AND2X1_RVT)                            0.04      0.38 r
  U78921/C1 (HADDX1_RVT)                           0.04      0.42 r
  U78923/CO (FADDX1_RVT)                           0.06      0.48 r
  U78925/CO (FADDX1_RVT)                           0.06      0.54 r
  U78927/CO (FADDX1_RVT)                           0.06      0.60 r
  U78929/CO (FADDX1_RVT)                           0.06      0.66 r
  U78931/CO (FADDX1_RVT)                           0.06      0.71 r
  U78933/CO (FADDX1_RVT)                           0.06      0.77 r
  U78935/CO (FADDX1_RVT)                           0.06      0.83 r
  U78940/CO (FADDX1_RVT)                           0.06      0.89 r
  U78942/CO (FADDX1_RVT)                           0.06      0.95 r
  U78944/CO (FADDX1_RVT)                           0.06      1.01 r
  U78946/CO (FADDX1_RVT)                           0.08      1.09 r
  U78950/CO (FADDX1_RVT)                           0.06      1.15 r
  U78953/CO (FADDX1_RVT)                           0.06      1.21 r
  U78956/CO (FADDX1_RVT)                           0.06      1.27 r
  U78959/CO (FADDX1_RVT)                           0.06      1.33 r
  U78962/CO (FADDX1_RVT)                           0.06      1.39 r
  U78965/CO (FADDX1_RVT)                           0.06      1.45 r
  U78968/CO (FADDX1_RVT)                           0.06      1.51 r
  U78971/CO (FADDX1_RVT)                           0.06      1.57 r
  U78974/CO (FADDX1_RVT)                           0.06      1.63 r
  U78977/CO (FADDX1_RVT)                           0.06      1.69 r
  U78983/CO (FADDX1_RVT)                           0.06      1.75 r
  U78986/CO (FADDX1_RVT)                           0.06      1.81 r
  U78989/CO (FADDX1_RVT)                           0.06      1.87 r
  U78992/CO (FADDX1_RVT)                           0.06      1.93 r
  U78995/CO (FADDX1_RVT)                           0.06      1.99 r
  U78997/CO (FADDX1_RVT)                           0.06      2.05 r
  U78999/CO (FADDX1_RVT)                           0.06      2.11 r
  U79003/CO (FADDX2_RVT)                           0.09      2.20 r
  U79007/CO (FADDX1_RVT)                           0.07      2.27 r
  U79010/CO (FADDX1_RVT)                           0.06      2.33 r
  U79013/CO (FADDX1_RVT)                           0.06      2.40 r
  U79017/CO (FADDX1_RVT)                           0.06      2.46 r
  U79020/CO (FADDX1_RVT)                           0.06      2.53 r
  U79023/CO (FADDX1_RVT)                           0.07      2.59 r
  U79029/CO (FADDX1_RVT)                           0.06      2.66 r
  U79032/CO (FADDX1_RVT)                           0.06      2.72 r
  U79035/CO (FADDX1_RVT)                           0.06      2.78 r
  U79038/CO (FADDX1_RVT)                           0.06      2.84 r
  U79041/CO (FADDX1_RVT)                           0.06      2.90 r
  U79044/CO (FADDX1_RVT)                           0.06      2.97 r
  U79047/CO (FADDX1_RVT)                           0.08      3.05 r
  U79051/CO (FADDX1_RVT)                           0.07      3.12 r
  U79054/CO (FADDX1_RVT)                           0.06      3.18 r
  U79058/CO (FADDX1_RVT)                           0.06      3.24 r
  U79061/CO (FADDX1_RVT)                           0.06      3.30 r
  U79064/CO (FADDX1_RVT)                           0.06      3.37 r
  U79068/CO (FADDX1_RVT)                           0.06      3.43 r
  U79071/CO (FADDX1_RVT)                           0.06      3.49 r
  U79076/CO (FADDX1_RVT)                           0.06      3.56 r
  U79079/CO (FADDX1_RVT)                           0.06      3.62 r
  U79082/CO (FADDX1_RVT)                           0.06      3.68 r
  U79085/CO (FADDX1_RVT)                           0.06      3.75 r
  U79088/CO (FADDX1_RVT)                           0.06      3.81 r
  U79091/CO (FADDX1_RVT)                           0.06      3.87 r
  U79095/CO (FADDX1_RVT)                           0.07      3.94 r
  U79098/CO (FADDX1_RVT)                           0.07      4.01 r
  U79101/CO (FADDX1_RVT)                           0.09      4.10 r
  U79104/CO (FADDX1_RVT)                           0.07      4.17 r
  U79107/CO (FADDX1_RVT)                           0.07      4.24 r
  U79111/CO (FADDX1_RVT)                           0.07      4.31 r
  U79113/CO (FADDX1_RVT)                           0.06      4.37 r
  U79116/Y (XOR2X1_RVT)                            0.07      4.43 f
  U79117/Y (MUX21X1_RVT)                           0.05      4.48 f
  gen_mac_lanes[4].u_lane/u_mac/acc_reg[63]/D (DFFARX2_RVT)
                                                   0.00      4.48 f
  data arrival time                                          4.48

  clock clk (rise edge)                           10.00     10.00
  clock network delay (ideal)                      0.00     10.00
  gen_mac_lanes[4].u_lane/u_mac/acc_reg[63]/CLK (DFFARX2_RVT)
                                                   0.00     10.00 r
  clock uncertainty                               -0.10      9.90
  library setup time                              -0.04      9.86
  data required time                                         9.86
  ------------------------------------------------------------------------
  data required time                                         9.86
  data arrival time                                         -4.48
  ------------------------------------------------------------------------
  slack (MET)                                                5.38



  Startpoint: in_cnt_reg[0] (rising edge-triggered flip-flop clocked by clk)
  Endpoint: gen_mac_lanes[11].u_lane/weight_out_reg[4] (rising edge-triggered flip-flop clocked by clk)
  Mode: default
  Corner: default
  Scenario: default
  Path Group: clk
  Path Type: max

  Point                                            Incr      Path  
  ------------------------------------------------------------------------
  clock clk (rise edge)                            0.00      0.00
  clock network delay (ideal)                      0.00      0.00

  in_cnt_reg[0]/CLK (DFFARX2_RVT)                  0.00      0.00 r
  in_cnt_reg[0]/Q (DFFARX2_RVT)                    0.15      0.15 r
  U125935/Y (NBUFFX4_RVT)                          0.06      0.21 r
  U48233/Y (NBUFFX2_RVT)                           0.07      0.29 r
  U48235/Y (INVX1_RVT)                             0.17      0.46 f
  U39193/Y (NAND2X0_RVT)                           0.14      0.60 r
  U60686/Y (NBUFFX2_RVT)                           0.09      0.69 r
  U60700/Y (INVX1_RVT)                             0.34      1.03 f
  U19920/Y (NAND2X0_RVT)                           0.57      1.60 r
  U63622/Y (INVX1_RVT)                             0.58      2.19 f
  U20032/Y (NAND2X0_RVT)                           0.45      2.64 r
  U108318/Y (NBUFFX2_RVT)                          0.13      2.76 r
  U108513/Y (NBUFFX2_RVT)                          0.13      2.89 r
  U20501/Y (NAND2X0_RVT)                           0.27      3.16 f
  U115309/Y (INVX1_RVT)                            0.12      3.28 r
  U63218/Y (NAND3X0_RVT)                           0.04      3.31 f
  U63220/Y (NOR4X1_RVT)                            0.10      3.42 r
  U63552/Y (NAND4X0_RVT)                           0.08      3.50 f
  U63553/Y (NOR4X1_RVT)                            0.07      3.57 r
  U63554/Y (NAND4X0_RVT)                           0.04      3.61 f
  U63555/Y (AO22X1_RVT)                            0.05      3.66 f
  U123114/Y (INVX1_RVT)                            0.02      3.68 r
  U63562/Y (NAND3X0_RVT)                           0.05      3.73 f
  U63563/Y (INVX1_RVT)                             0.03      3.75 r
  U63572/Y (NAND3X0_RVT)                           0.52      4.27 f
  gen_mac_lanes[11].u_lane/weight_out_reg[4]/D (DFFX2_RVT)
                                                   0.02      4.29 f
  data arrival time                                          4.29

  clock clk (rise edge)                           10.00     10.00
  clock network delay (ideal)                      0.00     10.00
  gen_mac_lanes[11].u_lane/weight_out_reg[4]/CLK (DFFX2_RVT)
                                                   0.00     10.00 r
  clock uncertainty                               -0.10      9.90
  library setup time                              -0.19      9.71
  data required time                                         9.71
  ------------------------------------------------------------------------
  data required time                                         9.71
  data arrival time                                         -4.29
  ------------------------------------------------------------------------
  slack (MET)                                                5.42



  Startpoint: gen_mac_lanes[4].u_lane/u_mac/start_r2_reg (rising edge-triggered flip-flop clocked by clk)
  Endpoint: gen_mac_lanes[4].u_lane/u_mac/acc_reg[62] (rising edge-triggered flip-flop clocked by clk)
  Mode: default
  Corner: default
  Scenario: default
  Path Group: clk
  Path Type: max

  Point                                            Incr      Path  
  ------------------------------------------------------------------------
  clock clk (rise edge)                            0.00      0.00
  clock network delay (ideal)                      0.00      0.00

  gen_mac_lanes[4].u_lane/u_mac/start_r2_reg/CLK (DFFARX2_RVT)
                                                   0.00      0.00 r
  gen_mac_lanes[4].u_lane/u_mac/start_r2_reg/Q (DFFARX2_RVT)
                                                   0.11      0.11 f
  U45654/Y (NBUFFX2_RVT)                           0.09      0.19 f
  U45655/Y (INVX1_RVT)                             0.15      0.34 r
  U78376/Y (AND2X1_RVT)                            0.04      0.38 r
  U78921/C1 (HADDX1_RVT)                           0.04      0.42 r
  U78923/CO (FADDX1_RVT)                           0.06      0.48 r
  U78925/CO (FADDX1_RVT)                           0.06      0.54 r
  U78927/CO (FADDX1_RVT)                           0.06      0.60 r
  U78929/CO (FADDX1_RVT)                           0.06      0.66 r
  U78931/CO (FADDX1_RVT)                           0.06      0.71 r
  U78933/CO (FADDX1_RVT)                           0.06      0.77 r
  U78935/CO (FADDX1_RVT)                           0.06      0.83 r
  U78940/CO (FADDX1_RVT)                           0.06      0.89 r
  U78942/CO (FADDX1_RVT)                           0.06      0.95 r
  U78944/CO (FADDX1_RVT)                           0.06      1.01 r
  U78946/CO (FADDX1_RVT)                           0.08      1.09 r
  U78950/CO (FADDX1_RVT)                           0.06      1.15 r
  U78953/CO (FADDX1_RVT)                           0.06      1.21 r
  U78956/CO (FADDX1_RVT)                           0.06      1.27 r
  U78959/CO (FADDX1_RVT)                           0.06      1.33 r
  U78962/CO (FADDX1_RVT)                           0.06      1.39 r
  U78965/CO (FADDX1_RVT)                           0.06      1.45 r
  U78968/CO (FADDX1_RVT)                           0.06      1.51 r
  U78971/CO (FADDX1_RVT)                           0.06      1.57 r
  U78974/CO (FADDX1_RVT)                           0.06      1.63 r
  U78977/CO (FADDX1_RVT)                           0.06      1.69 r
  U78983/CO (FADDX1_RVT)                           0.06      1.75 r
  U78986/CO (FADDX1_RVT)                           0.06      1.81 r
  U78989/CO (FADDX1_RVT)                           0.06      1.87 r
  U78992/CO (FADDX1_RVT)                           0.06      1.93 r
  U78995/CO (FADDX1_RVT)                           0.06      1.99 r
  U78997/CO (FADDX1_RVT)                           0.06      2.05 r
  U78999/CO (FADDX1_RVT)                           0.06      2.11 r
  U79003/CO (FADDX2_RVT)                           0.09      2.20 r
  U79007/CO (FADDX1_RVT)                           0.07      2.27 r
  U79010/CO (FADDX1_RVT)                           0.06      2.33 r
  U79013/CO (FADDX1_RVT)                           0.06      2.40 r
  U79017/CO (FADDX1_RVT)                           0.06      2.46 r
  U79020/CO (FADDX1_RVT)                           0.06      2.53 r
  U79023/CO (FADDX1_RVT)                           0.07      2.59 r
  U79029/CO (FADDX1_RVT)                           0.06      2.66 r
  U79032/CO (FADDX1_RVT)                           0.06      2.72 r
  U79035/CO (FADDX1_RVT)                           0.06      2.78 r
  U79038/CO (FADDX1_RVT)                           0.06      2.84 r
  U79041/CO (FADDX1_RVT)                           0.06      2.90 r
  U79044/CO (FADDX1_RVT)                           0.06      2.97 r
  U79047/CO (FADDX1_RVT)                           0.08      3.05 r
  U79051/CO (FADDX1_RVT)                           0.07      3.12 r
  U79054/CO (FADDX1_RVT)                           0.06      3.18 r
  U79058/CO (FADDX1_RVT)                           0.06      3.24 r
  U79061/CO (FADDX1_RVT)                           0.06      3.30 r
  U79064/CO (FADDX1_RVT)                           0.06      3.37 r
  U79068/CO (FADDX1_RVT)                           0.06      3.43 r
  U79071/CO (FADDX1_RVT)                           0.06      3.49 r
  U79076/CO (FADDX1_RVT)                           0.06      3.56 r
  U79079/CO (FADDX1_RVT)                           0.06      3.62 r
  U79082/CO (FADDX1_RVT)                           0.06      3.68 r
  U79085/CO (FADDX1_RVT)                           0.06      3.75 r
  U79088/CO (FADDX1_RVT)                           0.06      3.81 r
  U79091/CO (FADDX1_RVT)                           0.06      3.87 r
  U79095/CO (FADDX1_RVT)                           0.07      3.94 r
  U79098/CO (FADDX1_RVT)                           0.07      4.01 r
  U79101/CO (FADDX1_RVT)                           0.09      4.10 r
  U79104/CO (FADDX1_RVT)                           0.07      4.17 r
  U79107/CO (FADDX1_RVT)                           0.07      4.24 r
  U79111/CO (FADDX1_RVT)                           0.07      4.31 r
  U79113/S (FADDX1_RVT)                            0.09      4.39 f
  U79112/Y (MUX21X1_RVT)                           0.06      4.45 f
  gen_mac_lanes[4].u_lane/u_mac/acc_reg[62]/D (DFFARX1_RVT)
                                                   0.00      4.45 f
  data arrival time                                          4.45

  clock clk (rise edge)                           10.00     10.00
  clock network delay (ideal)                      0.00     10.00
  gen_mac_lanes[4].u_lane/u_mac/acc_reg[62]/CLK (DFFARX1_RVT)
                                                   0.00     10.00 r
  clock uncertainty                               -0.10      9.90
  library setup time                              -0.03      9.87
  data required time                                         9.87
  ------------------------------------------------------------------------
  data required time                                         9.87
  data arrival time                                         -4.45
  ------------------------------------------------------------------------
  slack (MET)                                                5.42



  Startpoint: in_cnt_reg[0] (rising edge-triggered flip-flop clocked by clk)
  Endpoint: gen_mac_lanes[13].u_lane/weight_out_reg[0] (rising edge-triggered flip-flop clocked by clk)
  Mode: default
  Corner: default
  Scenario: default
  Path Group: clk
  Path Type: max

  Point                                            Incr      Path  
  ------------------------------------------------------------------------
  clock clk (rise edge)                            0.00      0.00
  clock network delay (ideal)                      0.00      0.00

  in_cnt_reg[0]/CLK (DFFARX2_RVT)                  0.00      0.00 r
  in_cnt_reg[0]/Q (DFFARX2_RVT)                    0.15      0.15 r
  U125935/Y (NBUFFX4_RVT)                          0.06      0.21 r
  U48233/Y (NBUFFX2_RVT)                           0.07      0.29 r
  U48235/Y (INVX1_RVT)                             0.17      0.46 f
  U39193/Y (NAND2X0_RVT)                           0.14      0.60 r
  U60686/Y (NBUFFX2_RVT)                           0.09      0.69 r
  U60700/Y (INVX1_RVT)                             0.34      1.03 f
  U19920/Y (NAND2X0_RVT)                           0.57      1.60 r
  U63622/Y (INVX1_RVT)                             0.58      2.19 f
  U24182/Y (NAND2X0_RVT)                           0.36      2.55 r
  U115262/Y (NBUFFX2_RVT)                          0.16      2.70 r
  U24295/Y (NAND2X0_RVT)                           0.32      3.03 f
  U118863/Y (INVX1_RVT)                            0.28      3.31 r
  U59020/Y (AND4X1_RVT)                            0.08      3.39 r
  U59023/Y (NAND4X0_RVT)                           0.09      3.47 f
  U59024/Y (NAND2X0_RVT)                           0.07      3.54 r
  U59025/Y (NAND3X0_RVT)                           0.04      3.58 f
  U59026/Y (AO22X1_RVT)                            0.04      3.62 f
  U59027/Y (INVX1_RVT)                             0.03      3.65 r
  U59086/Y (NAND3X0_RVT)                           0.59      4.24 f
  gen_mac_lanes[13].u_lane/weight_out_reg[0]/D (DFFX2_RVT)
                                                   0.02      4.26 f
  data arrival time                                          4.26

  clock clk (rise edge)                           10.00     10.00
  clock network delay (ideal)                      0.00     10.00
  gen_mac_lanes[13].u_lane/weight_out_reg[0]/CLK (DFFX2_RVT)
                                                   0.00     10.00 r
  clock uncertainty                               -0.10      9.90
  library setup time                              -0.21      9.69
  data required time                                         9.69
  ------------------------------------------------------------------------
  data required time                                         9.69
  data arrival time                                         -4.26
  ------------------------------------------------------------------------
  slack (MET)                                                5.42



  Startpoint: in_cnt_reg[0] (rising edge-triggered flip-flop clocked by clk)
  Endpoint: gen_mac_lanes[6].u_lane/weight_out_reg[12] (rising edge-triggered flip-flop clocked by clk)
  Mode: default
  Corner: default
  Scenario: default
  Path Group: clk
  Path Type: max

  Point                                            Incr      Path  
  ------------------------------------------------------------------------
  clock clk (rise edge)                            0.00      0.00
  clock network delay (ideal)                      0.00      0.00

  in_cnt_reg[0]/CLK (DFFARX2_RVT)                  0.00      0.00 r
  in_cnt_reg[0]/Q (DFFARX2_RVT)                    0.15      0.15 r
  U125935/Y (NBUFFX4_RVT)                          0.06      0.21 r
  U48233/Y (NBUFFX2_RVT)                           0.07      0.29 r
  U48235/Y (INVX1_RVT)                             0.17      0.46 f
  U39193/Y (NAND2X0_RVT)                           0.14      0.60 r
  U60686/Y (NBUFFX2_RVT)                           0.09      0.69 r
  U60700/Y (INVX1_RVT)                             0.34      1.03 f
  U19920/Y (NAND2X0_RVT)                           0.57      1.60 r
  U63622/Y (INVX1_RVT)                             0.58      2.19 f
  U19981/Y (NAND2X0_RVT)                           0.44      2.62 r
  U108838/Y (NBUFFX2_RVT)                          0.16      2.78 r
  U108841/Y (NBUFFX2_RVT)                          0.14      2.93 r
  U73781/Y (AND4X1_RVT)                            0.06      2.99 r
  U73782/Y (NAND4X0_RVT)                           0.05      3.04 f
  U73783/Y (NOR4X1_RVT)                            0.08      3.11 r
  U73784/Y (AND2X1_RVT)                            0.04      3.15 r
  U73785/Y (NAND4X0_RVT)                           0.05      3.20 f
  U73788/Y (OR3X1_RVT)                             0.07      3.27 f
  U73789/Y (AOI21X1_RVT)                           0.06      3.34 r
  U73826/Y (MUX41X1_RVT)                           0.09      3.43 r
  U74002/Y (AND2X1_RVT)                            0.04      3.46 r
  U74004/Y (AND2X1_RVT)                            0.03      3.49 r
  U74005/Y (OA22X1_RVT)                            0.05      3.54 r
  U22799/Y (NAND4X0_RVT)                           0.51      4.04 f
  U74009/Y (AO21X1_RVT)                            0.30      4.35 f
  gen_mac_lanes[6].u_lane/weight_out_reg[12]/D (DFFX1_RVT)
                                                   0.01      4.35 f
  data arrival time                                          4.35

  clock clk (rise edge)                           10.00     10.00
  clock network delay (ideal)                      0.00     10.00
  gen_mac_lanes[6].u_lane/weight_out_reg[12]/CLK (DFFX1_RVT)
                                                   0.00     10.00 r
  clock uncertainty                               -0.10      9.90
  library setup time                              -0.10      9.80
  data required time                                         9.80
  ------------------------------------------------------------------------
  data required time                                         9.80
  data arrival time                                         -4.35
  ------------------------------------------------------------------------
  slack (MET)                                                5.45



  Startpoint: in_cnt_reg[0] (rising edge-triggered flip-flop clocked by clk)
  Endpoint: gen_mac_lanes[13].u_lane/weight_out_reg[1] (rising edge-triggered flip-flop clocked by clk)
  Mode: default
  Corner: default
  Scenario: default
  Path Group: clk
  Path Type: max

  Point                                            Incr      Path  
  ------------------------------------------------------------------------
  clock clk (rise edge)                            0.00      0.00
  clock network delay (ideal)                      0.00      0.00

  in_cnt_reg[0]/CLK (DFFARX2_RVT)                  0.00      0.00 r
  in_cnt_reg[0]/Q (DFFARX2_RVT)                    0.15      0.15 r
  U125935/Y (NBUFFX4_RVT)                          0.06      0.21 r
  U48233/Y (NBUFFX2_RVT)                           0.07      0.29 r
  U48235/Y (INVX1_RVT)                             0.17      0.46 f
  U39193/Y (NAND2X0_RVT)                           0.14      0.60 r
  U60686/Y (NBUFFX2_RVT)                           0.09      0.69 r
  U60700/Y (INVX1_RVT)                             0.34      1.03 f
  U19920/Y (NAND2X0_RVT)                           0.57      1.60 r
  U63622/Y (INVX1_RVT)                             0.58      2.19 f
  U24182/Y (NAND2X0_RVT)                           0.36      2.55 r
  U115262/Y (NBUFFX2_RVT)                          0.16      2.70 r
  U24295/Y (NAND2X0_RVT)                           0.32      3.03 f
  U118863/Y (INVX1_RVT)                            0.28      3.31 r
  U59020/Y (AND4X1_RVT)                            0.08      3.39 r
  U59146/Y (NAND4X0_RVT)                           0.06      3.45 f
  U59147/Y (INVX1_RVT)                             0.03      3.48 r
  U59150/Y (NAND3X0_RVT)                           0.04      3.52 f
  U59160/Y (AO221X1_RVT)                           0.07      3.59 f
  U59161/Y (AO221X1_RVT)                           0.04      3.63 f
  U59162/Y (NAND2X0_RVT)                           0.03      3.66 r
  U59163/Y (NAND3X0_RVT)                           0.56      4.22 f
  gen_mac_lanes[13].u_lane/weight_out_reg[1]/D (DFFX2_RVT)
                                                   0.02      4.24 f
  data arrival time                                          4.24

  clock clk (rise edge)                           10.00     10.00
  clock network delay (ideal)                      0.00     10.00
  gen_mac_lanes[13].u_lane/weight_out_reg[1]/CLK (DFFX2_RVT)
                                                   0.00     10.00 r
  clock uncertainty                               -0.10      9.90
  library setup time                              -0.20      9.70
  data required time                                         9.70
  ------------------------------------------------------------------------
  data required time                                         9.70
  data arrival time                                         -4.24
  ------------------------------------------------------------------------
  slack (MET)                                                5.46


1
