Information: The command 'check_routes' cleared the undo history. (UNDO-016)
NEX(Warning): extract.rc_techfile_for_diode_mode_26_thickness not set, will igonre it
Cell Min-Routing-Layer = M1
Cell Max-Routing-Layer = M8
Turn off antenna since no rule is specified
Information: Option route.detail.force_end_on_preferred_grid will be ignored since none of the layers have preferred grid. (ZRT-703)
Warning: Cannot find a default contact code for layer CO. (ZRT-022)
Warning: Port VDD of cell route_pg_ladder_hold_eco_repair1_hold2_clean_occ1_electrical_eco_open1_route_repair2_electrical_eco_open2_route_repair1_hold_m0_electrical_occ1_size_pinfix1_route_openrepair1_electrical_open1_route_repair1_electrical_occ2 is unplaced.  This may impact routing result. (ZRT-740)
Warning: Port VSS of cell route_pg_ladder_hold_eco_repair1_hold2_clean_occ1_electrical_eco_open1_route_repair2_electrical_eco_open2_route_repair1_hold_m0_electrical_occ1_size_pinfix1_route_openrepair1_electrical_open1_route_repair1_electrical_occ2 is unplaced.  This may impact routing result. (ZRT-740)
Warning: Ignore 2 top cell ports with no pins. (ZRT-027)
Info: number of net_type_blockage: 0 
Information: Via ladder engine would be activated for pattern must join connection in certain commands. Please refer to man-page for the command list. (ZRT-619)
Information: When applicable Min-max layer allow_pin_connection mode will allow paths of length 5.32 outside the layer range. (ZRT-707)
Information: When applicable Min-max layer allow_pin_connection mode will allow paths of length 5.32 outside the layer range on clock nets. (ZRT-718)
Information: When applicable layer based tapering will taper up to 0.00 in distance from the pin. (ZRT-706)
Warning: Standard cell pin MUX41X2_RVT/S0 has no valid via regions. (ZRT-044)


Start checking for open nets ... 

Total number of nets = 239097, of which 0 are not extracted
Total number of open nets = 0, of which 0 are frozen

Check 239097 nets, 0 have Errors

[CHECK OPEN NETS] Elapsed real time: 0:00:00 
[CHECK OPEN NETS] Elapsed cpu  time: sys=0:00:00 usr=0:00:00 total=0:00:00
[CHECK OPEN NETS] Stage (MB): Used    0  Alloctr    0  Proc    0 
[CHECK OPEN NETS] Total (MB): Used  487  Alloctr  489  Proc 5259 
Printing options for 'route.common.*'
common.eco_route_fix_existing_drc                       :	 true                

Printing options for 'route.detail.*'
detail.antenna                                          :	 true                
detail.generate_extra_off_grid_pin_tracks               :	 true                
detail.timing_driven                                    :	 false               

Printing options for 'route.auto_via_ladder.*'


Begin full DRC check ...

Information: Using 1 threads for routing. (ZRT-444)
Checked	22/361 Partitions, Violations =	0
Checked	23/361 Partitions, Violations =	0
Checked	28/361 Partitions, Violations =	0
Checked	42/361 Partitions, Violations =	0
Checked	56/361 Partitions, Violations =	0
Checked	70/361 Partitions, Violations =	0
Checked	84/361 Partitions, Violations =	0
Checked	98/361 Partitions, Violations =	0
Checked	112/361 Partitions, Violations =	0
Checked	126/361 Partitions, Violations =	0
Checked	140/361 Partitions, Violations =	0
Checked	154/361 Partitions, Violations =	0
Checked	168/361 Partitions, Violations =	0
Checked	182/361 Partitions, Violations =	0
Checked	196/361 Partitions, Violations =	0
Checked	210/361 Partitions, Violations =	0
Checked	224/361 Partitions, Violations =	0
Checked	238/361 Partitions, Violations =	0
Checked	252/361 Partitions, Violations =	0
Checked	266/361 Partitions, Violations =	0
Checked	280/361 Partitions, Violations =	0
Checked	294/361 Partitions, Violations =	0
Checked	308/361 Partitions, Violations =	0
Checked	322/361 Partitions, Violations =	0
Checked	336/361 Partitions, Violations =	0
Checked	350/361 Partitions, Violations =	0
[DRC CHECK] Elapsed real time: 0:01:42 
[DRC CHECK] Elapsed cpu  time: sys=0:00:01 usr=0:01:41 total=0:01:43
[DRC CHECK] Stage (MB): Used    3  Alloctr    3  Proc  188 
[DRC CHECK] Total (MB): Used  615  Alloctr  620  Proc 5515 
Warning: No antenna rules defined, Skip antenna analysis. (ZRT-309)

DRC-SUMMARY:
	@@@@@@@ TOTAL VIOLATIONS =	0


Total Wire Length =                    7339784 micron
Total Number of Contacts =             2303384
Total Number of Wires =                2279452
Total Number of PtConns =              339401
Total Number of Routed Wires =       2278538
Total Routed Wire Length =           7300181 micron
Total Number of Routed Contacts =       2303384
	Layer               M1 :     131495 micron
	Layer               M2 :    2179055 micron
	Layer               M3 :    2025230 micron
	Layer               M4 :    1227866 micron
	Layer               M5 :    1002263 micron
	Layer               M6 :     368932 micron
	Layer               M7 :     305527 micron
	Layer               M8 :      59776 micron
	Layer               M9 :         38 micron
	Layer             MRDL :          0 micron
	Via       VIA89_C(rot) :         16
	Via          VIA78SQ_C :       2028
	Via      VIA78SQ_C_2x1 :          1
	Via     VIA67SQ_C(rot) :      19522
	Via          VIA56SQ_C :      32090
	Via          VIA45SQ_C :         13
	Via     VIA45SQ_C(rot) :     145965
	Via          VIA34SQ_C :     226175
	Via     VIA34SQ_C(rot) :       1912
	Via          VIA23SQ_C :      13716
	Via     VIA23SQ_C(rot) :     958178
	Via          VIA12SQ_C :     872234
	Via     VIA12SQ_C(rot) :      31411
	Via      VIA12SQ_C_2x1 :         45
	Via      VIA12SQ_C_1x2 :         69
	Via        VIA12SQ_2x1 :          2
	Via   VIA12SQ(rot)_1x2 :          2
	Via   VIA12SQ(rot)_2x1 :          1
	Via        VIA12SQ_1x2 :          4

 
Redundant via conversion report:
--------------------------------

  Total optimized via conversion rate =  0.01% (124 / 2303384 vias)
 
    Layer VIA1       =  0.01% (123    / 903768  vias)
        Weight 1     =  0.01% (123     vias)
        Un-optimized =  0.00% (0       vias)
        Un-mapped    = 99.99% (903645  vias)
    Layer VIA2       =  0.00% (0      / 971894  vias)
        Un-optimized =  0.00% (0       vias)
        Un-mapped    = 100.00% (971894  vias)
    Layer VIA3       =  0.00% (0      / 228087  vias)
        Un-optimized =  0.00% (0       vias)
        Un-mapped    = 100.00% (228087  vias)
    Layer VIA4       =  0.00% (0      / 145978  vias)
        Un-optimized =  0.00% (0       vias)
        Un-mapped    = 100.00% (145978  vias)
    Layer VIA5       =  0.00% (0      / 32090   vias)
        Un-optimized =  0.00% (0       vias)
        Un-mapped    = 100.00% (32090   vias)
    Layer VIA6       =  0.00% (0      / 19522   vias)
        Un-optimized =  0.00% (0       vias)
        Un-mapped    = 100.00% (19522   vias)
    Layer VIA7       =  0.05% (1      / 2029    vias)
        Weight 1     =  0.05% (1       vias)
        Un-optimized =  0.00% (0       vias)
        Un-mapped    = 99.95% (2028    vias)
    Layer VIA8       =  0.00% (0      / 16      vias)
        Un-optimized =  0.00% (0       vias)
        Un-mapped    = 100.00% (16      vias)
 
  Total double via conversion rate    =  0.01% (124 / 2303384 vias)
 
    Layer VIA1       =  0.01% (123    / 903768  vias)
    Layer VIA2       =  0.00% (0      / 971894  vias)
    Layer VIA3       =  0.00% (0      / 228087  vias)
    Layer VIA4       =  0.00% (0      / 145978  vias)
    Layer VIA5       =  0.00% (0      / 32090   vias)
    Layer VIA6       =  0.00% (0      / 19522   vias)
    Layer VIA7       =  0.05% (1      / 2029    vias)
    Layer VIA8       =  0.00% (0      / 16      vias)
 
  The optimized via conversion rate based on total routed via count =  0.01% (124 / 2303384 vias)
 
    Layer VIA1       =  0.01% (123    / 903768  vias)
        Weight 1     =  0.01% (123     vias)
        Un-optimized =  0.00% (0       vias)
        Un-mapped    = 99.99% (903645  vias)
    Layer VIA2       =  0.00% (0      / 971894  vias)
        Un-optimized =  0.00% (0       vias)
        Un-mapped    = 100.00% (971894  vias)
    Layer VIA3       =  0.00% (0      / 228087  vias)
        Un-optimized =  0.00% (0       vias)
        Un-mapped    = 100.00% (228087  vias)
    Layer VIA4       =  0.00% (0      / 145978  vias)
        Un-optimized =  0.00% (0       vias)
        Un-mapped    = 100.00% (145978  vias)
    Layer VIA5       =  0.00% (0      / 32090   vias)
        Un-optimized =  0.00% (0       vias)
        Un-mapped    = 100.00% (32090   vias)
    Layer VIA6       =  0.00% (0      / 19522   vias)
        Un-optimized =  0.00% (0       vias)
        Un-mapped    = 100.00% (19522   vias)
    Layer VIA7       =  0.05% (1      / 2029    vias)
        Weight 1     =  0.05% (1       vias)
        Un-optimized =  0.00% (0       vias)
        Un-mapped    = 99.95% (2028    vias)
    Layer VIA8       =  0.00% (0      / 16      vias)
        Un-optimized =  0.00% (0       vias)
        Un-mapped    = 100.00% (16      vias)
 


Verify Summary:

Total number of nets = 239097, of which 0 are not extracted
Total number of open nets = 0, of which 0 are frozen
Total number of excluded ports = 0 ports of 0 unplaced cells connected to 0 nets
                                 0 ports without pins of 0 cells connected to 0 nets
                                 0 ports of 0 cover cells connected to 0 non-pg nets
Total number of DRCs = 0
Total number of antenna violations = no antenna rules defined
Total number of tie to rail violations = not checked
Total number of tie to rail directly violations = not checked


Design 'route_pg_ladder_hold_eco_repair1_hold2_clean_occ1_electrical_eco_open1_route_repair2_electrical_eco_open2_route_repair1_hold_m0_electrical_occ1_size_pinfix1_route_openrepair1_electrical_open1_route_repair1_electrical_occ2' has missing meta data file '__private_meta_data_:__cts_check_legality.err', for attached data file '__cts_check_legality.err'
Design 'route_pg_ladder_hold_eco_repair1_hold2_clean_occ1_electrical_eco_open1_route_repair2_electrical_eco_open2_route_repair1_hold_m0_electrical_occ1_size_pinfix1_route_openrepair1_electrical_open1_route_repair1_electrical_occ2' has missing meta data file '__private_meta_data_:check_routability.err', for attached data file 'check_routability.err'
Design 'route_pg_ladder_hold_eco_repair1_hold2_clean_occ1_electrical_eco_open1_route_repair2_electrical_eco_open2_route_repair1_hold_m0_electrical_occ1_size_pinfix1_route_openrepair1_electrical_open1_route_repair1_electrical_occ2' has missing meta data file '__private_meta_data_:cts_floatingPG.err', for attached data file 'cts_floatingPG.err'
Design 'route_pg_ladder_hold_eco_repair1_hold2_clean_occ1_electrical_eco_open1_route_repair2_electrical_eco_open2_route_repair1_hold_m0_electrical_occ1_size_pinfix1_route_openrepair1_electrical_open1_route_repair1_electrical_occ2' has missing meta data file '__private_meta_data_:floorplan_floatingPG.err', for attached data file 'floorplan_floatingPG.err'
Design 'route_pg_ladder_hold_eco_repair1_hold2_clean_occ1_electrical_eco_open1_route_repair2_electrical_eco_open2_route_repair1_hold_m0_electrical_occ1_size_pinfix1_route_openrepair1_electrical_open1_route_repair1_electrical_occ2' has missing meta data file '__private_meta_data_:nn_top_dppinassgn.err', for attached data file 'nn_top_dppinassgn.err'
Design 'route_pg_ladder_hold_eco_repair1_hold2_clean_occ1_electrical_eco_open1_route_repair2_electrical_eco_open2_route_repair1_hold_m0_electrical_occ1_size_pinfix1_route_openrepair1_electrical_open1_route_repair1_electrical_occ2' has missing meta data file '__private_meta_data_:placement_floatingPG.err', for attached data file 'placement_floatingPG.err'
Design 'route_pg_ladder_hold_eco_repair1_hold2_clean_occ1_electrical_eco_open1_route_repair2_electrical_eco_open2_route_repair1_hold_m0_electrical_occ1_size_pinfix1_route_openrepair1_electrical_open1_route_repair1_electrical_occ2' has missing meta data file '__private_meta_data_:powerplan_floatingPG.err', for attached data file 'powerplan_floatingPG.err'
