****************************************
Report : Report drc errors
Design : route_pg_ladder_hold_eco_repair1_hold2_clean_occ1_electrical_eco_open1_route_repair2_electrical_eco_open2_route_repair1_hold_m0_electrical_occ1
Data   : zroute.err
Type   : detailed
Version: W-2024.09-SP2
Date   : Tue May 12 14:06:11 2026
****************************************

Error ID          : 0
Error Type        : Off-grid
Error Layer       : M1 (11)
Number of errors  : 1
Description       :  -- 
Status            : error
Bbox              : {294.9430 646.3670} {295.0670 646.4490}

Error ID          : 1
Error Type        : Short
Error Layer       : M2 (13)
Number of errors  : 1
Description       :  -- 
Status            : error
Bbox              : {297.1640 957.1460} {297.3320 957.3180}

Error ID          : 2
Error Type        : Diff net spacing
Error Layer       : M2 (13)
Number of errors  : 1
Description       :  -- 
Status            : error
Bbox              : {297.1130 957.1460} {297.1800 957.3180}

1
