
=========================================================
==     Check for PG Net Open  ==
=========================================================

Warning: PG net VDD has opens. (ZRT-764)
Warning: PG net VSS has opens. (ZRT-764)

>>>>>> Found 2 PG net open

=========================================================
==     Check for global route app-option  ==
=========================================================

>>> The option values are suggested.

NEX(Warning): extract.rc_techfile_for_diode_mode_26_thickness not set, will igonre it
Cell Min-Routing-Layer = M1
Cell Max-Routing-Layer = M8
Turn off antenna since no rule is specified
Information: Option route.detail.force_end_on_preferred_grid will be ignored since none of the layers have preferred grid. (ZRT-703)
Warning: Cannot find a default contact code for layer CO. (ZRT-022)
Warning: Port VDD of cell cts is unplaced.  This may impact routing result. (ZRT-740)
Warning: Port VSS of cell cts is unplaced.  This may impact routing result. (ZRT-740)
Warning: Ignore 2 top cell ports with no pins. (ZRT-027)
Info: number of net_type_blockage: 0 
Information: Via ladder engine would be activated for pattern must join connection in certain commands. Please refer to man-page for the command list. (ZRT-619)
Information: When applicable Min-max layer allow_pin_connection mode will allow paths of length 3.55 outside the layer range. (ZRT-707)
Information: When applicable Min-max layer allow_pin_connection mode will allow paths of length 3.55 outside the layer range on clock nets. (ZRT-718)
Information: When applicable layer based tapering will taper up to 0.00 in distance from the pin. (ZRT-706)
Warning: Standard cell pin MUX41X2_RVT/S0 has no valid via regions. (ZRT-044)
Printing options for 'route.common.*'

Printing options for 'route.detail.*'

Printing options for 'route.auto_via_ladder.*'


============================================
==  Check for design                      ==
============================================

>>> No net contains a large number of ports 

>>> No port contains a large number of pins 

Warning: Port VDD of cell cts is unplaced.  This may impact routing result. (ZRT-740)
Warning: Port VSS of cell cts is unplaced.  This may impact routing result. (ZRT-740)

>>>>>> Found 2 unplaced ports

================================
==  Check for PG DPT on Track ==
================================
>>>>>> Number of PG rails cross even number of track: 0

============================================
==  Check for PG PreRoute setting         ==
============================================
 No number_of_secondary_pg_pin_connections setting and skip checking 
 
============================================
==             Check for pins             ==
============================================
Warning: pin is off track in the region (128.9290 61.0750) (129.2530 61.1250) on layer M1. (ZRT-761)
Warning: pin is off track in the region (271.9750 128.4760) (272.2230 128.5260) on layer M1. (ZRT-761)
Warning: pin is off track in the region (539.4950 88.7060) (539.7430 88.7560) on layer M1. (ZRT-761)
Warning: pin is off track in the region (807.0150 25.1700) (807.2630 25.2200) on layer M1. (ZRT-761)
Warning: pin is off track in the region (940.7750 25.1700) (941.0230 25.2200) on layer M1. (ZRT-761)
Warning: pin is off track in the region (797.7290 54.3870) (798.0530 54.4370) on layer M1. (ZRT-761)
Warning: pin is off track in the region (1074.5350 65.2980) (1074.7830 65.3480) on layer M1. (ZRT-761)
Warning: pin is off track in the region (271.9750 228.7960) (272.2230 228.8460) on layer M1. (ZRT-761)
Warning: pin is off track in the region (271.9750 269.2820) (272.2230 269.3320) on layer M1. (ZRT-761)
Warning: pin is off track in the region (530.2090 156.1070) (530.5330 156.1570) on layer M1. (ZRT-761)
Note - message 'ZRT-761' limit (10) exceeded. Remainder will be suppressed.

>>>>>> found 89 off track pins

====================================================
== Check for the Cut Metal not on Preferred Grid ==
====================================================

============================================
==  Check for overlap of standard cells   ==
============================================

>>>>>> No overlap of standard cells found

============================================
==     Check for min-grid violations      ==
============================================

  >>>> No Library min-grid violations found

  >>>> No Design min-grid violations found

>>>>>> No min-grid violations found


============================================
==    Check for out-of-boundary ports     ==
============================================

>>>>>> No out-of-boundary error found

============================================
==        Check for blocked ports         ==
============================================

>>>>>> Port might be blocked by layer constraints - min/max and freeze layer settings

>>>>>> Port might be blocked by check port access

>>>>>> No blocked ports found

>>>>>> Net blocked by layer constraints - min/max and freeze layer settings

>>>>>> No blocked nets found

============================================
==     Check for shielding violations     ==
============================================

>>>>>> The following Non-PG net has a shape with shape_use shield_route

>>> No non-PG net has a shape with shape_use shield_route.

>>>>>> The following PG net has shape with shape_use detail_route and shape length is too long.

>>> No PG net has shape with shape_use detail_route and shape length is too long.

>>>>>> The following nets with shield non-default rule has no internal data representation in Zroute.

>>> No nets with shield non-default rule has no internal data representation in Zroute.


>>> No valid P/G net specified in route.common.shielding_nets.

============================================
==     Check for via cut blockage violation   ==
============================================

>>>>>> The following via cut blockages are wrongly treated as real vias.

>>> No via cut blockage is wrongly treated as real via.

============================================
==     Check for custom via definition    ==
============================================

>>> No custom via definition has too many cuts

============================================
==          Check for via master          ==
============================================

>>> The total number of via master definition is 302

===============================================
==     Check non-default rule setting        ==
===============================================

>>> No NDR width is larger than signalRouteMaxWidth

>>> No NDR shield width is larger than signalRouteMaxWidth

======================================================
==     Check redundant duplicated PG shapes         ==
======================================================

>>> No redundant duplicated PG shapes overlap with each other.

=========================================================
==     Check for shapes with no net  ==
=========================================================

>>> No shape with no net.

=========================================================
==     Check for high fanout net  ==
=========================================================

>>> No high fanout net.

===========================================================
==     Check library cell has non-routing layer pins     ==
===========================================================

>>> No cell has non-routing layer pins to be connected.

============================================
==     Check over promoted nets           ==
============================================

>>> No over promoted nets.

End of check_routability
rtapiOptAttrInterf: set attribute check_routability_called=1778467915 
