****************************************
 Report : target skew and latency
 Design : nn_top
 Date   : Sun May 10 22:43:14 2026
****************************************

##Target Skew

Clock                        Corner                        Target
-----------------------------------------------------------------
clk (mode default)           default                       0.2

##Target Latency

Clock                        Corner                        Target
-----------------------------------------------------------------
No target latency found.

##Max Level Count

Clock                                  Count
-----------------------------------------------------------------
No max level constraints found.

##Root NDR Fanout Limit

Clock                                  Fanout limit
-----------------------------------------------------------------
No Root NDR fanout limit constraints applied.

##Trunk nets specific drivers

---------------------------------------------------------------------------
1
