Information: Changed wire load model for 'argmax_NUM_CLASSES10' from '(none)' to 'ForQA'. (OPT-170)
Information: Changed wire load model for 'mac_cell' from '(none)' to 'ForQA'. (OPT-170)
Information: Changed wire load model for 'mac_lane_LANE_ID31' from '(none)' to 'ForQA'. (OPT-170)
Information: Changed wire load model for 'mac_cell' from '(none)' to 'ForQA'. (OPT-170)
Information: Changed wire load model for 'mac_lane_LANE_ID30' from '(none)' to 'ForQA'. (OPT-170)
Information: Changed wire load model for 'mac_cell' from '(none)' to 'ForQA'. (OPT-170)
Information: Changed wire load model for 'mac_lane_LANE_ID29' from '(none)' to 'ForQA'. (OPT-170)
Information: Changed wire load model for 'mac_cell' from '(none)' to 'ForQA'. (OPT-170)
Information: Changed wire load model for 'mac_lane_LANE_ID28' from '(none)' to 'ForQA'. (OPT-170)
Information: Changed wire load model for 'mac_cell' from '(none)' to 'ForQA'. (OPT-170)
Information: Changed wire load model for 'mac_lane_LANE_ID27' from '(none)' to 'ForQA'. (OPT-170)
Information: Changed wire load model for 'mac_cell' from '(none)' to 'ForQA'. (OPT-170)
Information: Changed wire load model for 'mac_lane_LANE_ID26' from '(none)' to 'ForQA'. (OPT-170)
Information: Changed wire load model for 'mac_cell' from '(none)' to 'ForQA'. (OPT-170)
Information: Changed wire load model for 'mac_lane_LANE_ID25' from '(none)' to 'ForQA'. (OPT-170)
Information: Changed wire load model for 'mac_cell' from '(none)' to 'ForQA'. (OPT-170)
Information: Changed wire load model for 'mac_lane_LANE_ID24' from '(none)' to 'ForQA'. (OPT-170)
Information: Changed wire load model for 'mac_cell' from '(none)' to 'ForQA'. (OPT-170)
Information: Changed wire load model for 'mac_lane_LANE_ID23' from '(none)' to 'ForQA'. (OPT-170)
Information: Changed wire load model for 'mac_cell' from '(none)' to 'ForQA'. (OPT-170)
Information: Changed wire load model for 'mac_lane_LANE_ID22' from '(none)' to 'ForQA'. (OPT-170)
Information: Changed wire load model for 'mac_cell' from '(none)' to 'ForQA'. (OPT-170)
Information: Changed wire load model for 'mac_lane_LANE_ID21' from '(none)' to 'ForQA'. (OPT-170)
Information: Changed wire load model for 'mac_cell' from '(none)' to 'ForQA'. (OPT-170)
Information: Changed wire load model for 'mac_lane_LANE_ID20' from '(none)' to 'ForQA'. (OPT-170)
Information: Changed wire load model for 'mac_cell' from '(none)' to 'ForQA'. (OPT-170)
Information: Changed wire load model for 'mac_lane_LANE_ID19' from '(none)' to 'ForQA'. (OPT-170)
Information: Changed wire load model for 'mac_cell' from '(none)' to 'ForQA'. (OPT-170)
Information: Changed wire load model for 'mac_lane_LANE_ID18' from '(none)' to 'ForQA'. (OPT-170)
Information: Changed wire load model for 'mac_cell' from '(none)' to 'ForQA'. (OPT-170)
Information: Changed wire load model for 'mac_lane_LANE_ID17' from '(none)' to 'ForQA'. (OPT-170)
Information: Changed wire load model for 'mac_cell' from '(none)' to 'ForQA'. (OPT-170)
Information: Changed wire load model for 'mac_lane_LANE_ID16' from '(none)' to 'ForQA'. (OPT-170)
Information: Changed wire load model for 'mac_cell' from '(none)' to 'ForQA'. (OPT-170)
Information: Changed wire load model for 'mac_lane_LANE_ID15' from '(none)' to 'ForQA'. (OPT-170)
Information: Changed wire load model for 'mac_cell' from '(none)' to 'ForQA'. (OPT-170)
Information: Changed wire load model for 'mac_lane_LANE_ID14' from '(none)' to 'ForQA'. (OPT-170)
Information: Changed wire load model for 'mac_cell' from '(none)' to 'ForQA'. (OPT-170)
Information: Changed wire load model for 'mac_lane_LANE_ID13' from '(none)' to 'ForQA'. (OPT-170)
Information: Changed wire load model for 'mac_cell' from '(none)' to 'ForQA'. (OPT-170)
Information: Changed wire load model for 'mac_lane_LANE_ID12' from '(none)' to 'ForQA'. (OPT-170)
Information: Changed wire load model for 'mac_cell' from '(none)' to 'ForQA'. (OPT-170)
Information: Changed wire load model for 'mac_lane_LANE_ID11' from '(none)' to 'ForQA'. (OPT-170)
Information: Changed wire load model for 'mac_cell' from '(none)' to 'ForQA'. (OPT-170)
Information: Changed wire load model for 'mac_lane_LANE_ID10' from '(none)' to 'ForQA'. (OPT-170)
Information: Changed wire load model for 'mac_cell' from '(none)' to 'ForQA'. (OPT-170)
Information: Changed wire load model for 'mac_lane_LANE_ID9' from '(none)' to 'ForQA'. (OPT-170)
Information: Changed wire load model for 'mac_cell' from '(none)' to 'ForQA'. (OPT-170)
Information: Changed wire load model for 'mac_lane_LANE_ID8' from '(none)' to 'ForQA'. (OPT-170)
Information: Changed wire load model for 'mac_cell' from '(none)' to 'ForQA'. (OPT-170)
Information: Changed wire load model for 'mac_lane_LANE_ID7' from '(none)' to 'ForQA'. (OPT-170)
Information: Changed wire load model for 'mac_cell' from '(none)' to 'ForQA'. (OPT-170)
Information: Changed wire load model for 'mac_lane_LANE_ID6' from '(none)' to 'ForQA'. (OPT-170)
Information: Changed wire load model for 'mac_cell' from '(none)' to 'ForQA'. (OPT-170)
Information: Changed wire load model for 'mac_lane_LANE_ID5' from '(none)' to 'ForQA'. (OPT-170)
Information: Changed wire load model for 'mac_cell' from '(none)' to 'ForQA'. (OPT-170)
Information: Changed wire load model for 'mac_lane_LANE_ID4' from '(none)' to 'ForQA'. (OPT-170)
Information: Changed wire load model for 'mac_cell' from '(none)' to 'ForQA'. (OPT-170)
Information: Changed wire load model for 'mac_lane_LANE_ID3' from '(none)' to 'ForQA'. (OPT-170)
Information: Changed wire load model for 'mac_cell' from '(none)' to 'ForQA'. (OPT-170)
Information: Changed wire load model for 'mac_lane_LANE_ID2' from '(none)' to 'ForQA'. (OPT-170)
Information: Changed wire load model for 'mac_cell' from '(none)' to 'ForQA'. (OPT-170)
Information: Changed wire load model for 'mac_lane_LANE_ID1' from '(none)' to 'ForQA'. (OPT-170)
Information: Changed wire load model for 'mac_cell' from '(none)' to 'ForQA'. (OPT-170)
Information: Changed wire load model for 'mac_lane_LANE_ID0' from '(none)' to 'ForQA'. (OPT-170)
Information: Changed wire load model for 'fifo_FIFO_DATA_WIDTH16_FIFO_BUFFER_SIZE1024' from '(none)' to 'ForQA'. (OPT-170)
Information: Updating graph... (UID-83)
Warning: Design 'nn_top' contains 137 high-fanout nets. A fanout number of 1000 will be used for delay calculations involving these nets. (TIM-134)
 
****************************************
Report : reference
Design : nn_top
Version: W-2024.09-SP5-5
Date   : Sat May  9 20:04:07 2026
****************************************

Attributes:
    b - black box (unknown)
   bo - allows boundary optimization
    d - dont_touch
   mo - map_only
    h - hierarchical
    n - noncombinational
    r - removable
    s - synthetic operator
    u - contains unmapped logic

Reference          Library       Unit Area   Count    Total Area   Attributes
-----------------------------------------------------------------------------
**SEQGEN**                        0.000000   16968      0.000000  n, u
*ADD_UNS_OP_2_1_2                 0.000000       1      0.000000  s, u
*ADD_UNS_OP_3_1_3                 0.000000       1      0.000000  s, u
*ADD_UNS_OP_6_1_6                 0.000000       1      0.000000  s, u
*ADD_UNS_OP_10_1_10               0.000000       2      0.000000  s, u
*ADD_UNS_OP_10_6_10               0.000000       1      0.000000  s, u
*ADD_UNS_OP_10_8_10               0.000000       1      0.000000  s, u
*ADD_UNS_OP_10_10_10              0.000000       1      0.000000  s, u
*ADD_UNS_OP_10_10_11              0.000000       1      0.000000  s, u
*EQ_UNS_OP_3_32_1                 0.000000       1      0.000000  s, u
*EQ_UNS_OP_6_32_1                 0.000000       1      0.000000  s, u
*EQ_UNS_OP_10_32_1                0.000000       2      0.000000  s, u
*MUX_OP_32_5_16                   0.000000       1      0.000000  s, u
*MUX_OP_1024_10_16                0.000000       1      0.000000  s, u
*SELECT_OP_2.1_2.1_1              0.000000       8      0.000000  s, u
*SELECT_OP_2.2_2.1_2              0.000000       6      0.000000  s, u
*SELECT_OP_2.3_2.1_3              0.000000       5      0.000000  s, u
*SELECT_OP_2.4_2.1_4              0.000000       8      0.000000  s, u
*SELECT_OP_2.6_2.1_6              0.000000       2      0.000000  s, u
*SELECT_OP_2.10_2.1_10            0.000000       8      0.000000  s, u
*SELECT_OP_2.16_2.1_16            0.000000       2      0.000000  s, u
*SELECT_OP_2.1024_2.1_1024        0.000000       1      0.000000  s, u
*SELECT_OP_3.10_3.1_10            0.000000       1      0.000000  s, u
*SELECT_OP_4.1_4.1_1              0.000000       1      0.000000  s, u
*SELECT_OP_4.3_4.1_3              0.000000       1      0.000000  s, u
*SELECT_OP_4.4_4.1_4              0.000000       2      0.000000  s, u
*SELECT_OP_4.5_4.1_5              0.000000       2      0.000000  s, u
*SELECT_OP_8.1_8.1_1              0.000000       8      0.000000  s, u
*SELECT_OP_8.4_8.1_4              0.000000       1      0.000000  s, u
*SELECT_OP_8.10_8.1_10            0.000000       2      0.000000  s, u
*SELECT_OP_8.16_8.1_16            0.000000       1      0.000000  s, u
*SUB_UNS_OP_6_1_7                 0.000000       1      0.000000  s, u
*SUB_UNS_OP_10_1_11               0.000000       2      0.000000  s, u
GTECH_AND2         gtech          0.000000    1144      0.000000  u
GTECH_BUF          gtech          0.000000      47      0.000000  u
GTECH_NOT          gtech          0.000000      62      0.000000  u
GTECH_OR2          gtech          0.000000      62      0.000000  u
argmax_NUM_CLASSES10              0.000000       1      0.000000  h, n, u
fifo_FIFO_DATA_WIDTH16_FIFO_BUFFER_SIZE1024
                                  0.000000       1      0.000000  h, n, u
mac_lane_LANE_ID0                 0.000000       1      0.000000  h, n, u
mac_lane_LANE_ID1                 0.000000       1      0.000000  h, n, u
mac_lane_LANE_ID2                 0.000000       1      0.000000  h, n, u
mac_lane_LANE_ID3                 0.000000       1      0.000000  h, n, u
mac_lane_LANE_ID4                 0.000000       1      0.000000  h, n, u
mac_lane_LANE_ID5                 0.000000       1      0.000000  h, n, u
mac_lane_LANE_ID6                 0.000000       1      0.000000  h, n, u
mac_lane_LANE_ID7                 0.000000       1      0.000000  h, n, u
mac_lane_LANE_ID8                 0.000000       1      0.000000  h, n, u
mac_lane_LANE_ID9                 0.000000       1      0.000000  h, n, u
mac_lane_LANE_ID10                0.000000       1      0.000000  h, n, u
mac_lane_LANE_ID11                0.000000       1      0.000000  h, n, u
mac_lane_LANE_ID12                0.000000       1      0.000000  h, n, u
mac_lane_LANE_ID13                0.000000       1      0.000000  h, n, u
mac_lane_LANE_ID14                0.000000       1      0.000000  h, n, u
mac_lane_LANE_ID15                0.000000       1      0.000000  h, n, u
mac_lane_LANE_ID16                0.000000       1      0.000000  h, n, u
mac_lane_LANE_ID17                0.000000       1      0.000000  h, n, u
mac_lane_LANE_ID18                0.000000       1      0.000000  h, n, u
mac_lane_LANE_ID19                0.000000       1      0.000000  h, n, u
mac_lane_LANE_ID20                0.000000       1      0.000000  h, n, u
mac_lane_LANE_ID21                0.000000       1      0.000000  h, n, u
mac_lane_LANE_ID22                0.000000       1      0.000000  h, n, u
mac_lane_LANE_ID23                0.000000       1      0.000000  h, n, u
mac_lane_LANE_ID24                0.000000       1      0.000000  h, n, u
mac_lane_LANE_ID25                0.000000       1      0.000000  h, n, u
mac_lane_LANE_ID26                0.000000       1      0.000000  h, n, u
mac_lane_LANE_ID27                0.000000       1      0.000000  h, n, u
mac_lane_LANE_ID28                0.000000       1      0.000000  h, n, u
mac_lane_LANE_ID29                0.000000       1      0.000000  h, n, u
mac_lane_LANE_ID30                0.000000       1      0.000000  h, n, u
mac_lane_LANE_ID31                0.000000       1      0.000000  h, n, u
-----------------------------------------------------------------------------
Total 71 references                                     0.000000

****************************************
Design: argmax_NUM_CLASSES10 
****************************************
Reference          Library       Unit Area   Count    Total Area   Attributes
-----------------------------------------------------------------------------
**SEQGEN**                        0.000000      26      0.000000  n, u
*ADD_UNS_OP_4_1_4                 0.000000       1      0.000000  s, u
*GT_TC_OP_16_16_1                 0.000000       1      0.000000  s, u
*SELECT_OP_2.1_2.1_1              0.000000       4      0.000000  s, u
*SELECT_OP_2.4_2.1_4              0.000000       6      0.000000  s, u
*SELECT_OP_2.16_2.1_16            0.000000       3      0.000000  s, u
*SELECT_OP_10.1_10.1_1            0.000000      16      0.000000  s, u
GTECH_AND2         gtech          0.000000       3      0.000000  u
GTECH_AND3         gtech          0.000000       6      0.000000  u
GTECH_AND4         gtech          0.000000       2      0.000000  u
GTECH_BUF          gtech          0.000000      19      0.000000  u
GTECH_NOT          gtech          0.000000      21      0.000000  u
GTECH_OR2          gtech          0.000000       3      0.000000  u
-----------------------------------------------------------------------------
Total 13 references                                     0.000000

****************************************
Design: fifo_FIFO_DATA_WIDTH16_FIFO_BUFFER_SIZE1024 
****************************************
Reference          Library       Unit Area   Count    Total Area   Attributes
-----------------------------------------------------------------------------
**SEQGEN**                        0.000000   16423      0.000000  n, u
*ADD_UNS_OP_11_1_11               0.000000       2      0.000000  s, u
*EQ_UNS_OP_10_10_1                0.000000       1      0.000000  s, u
*EQ_UNS_OP_11_11_1                0.000000       2      0.000000  s, u
*MUX_OP_1024_10_16_1              0.000000       1      0.000000  s, u
*SELECT_OP_2.11_2.1_11            0.000000       2      0.000000  s, u
*SELECT_OP_2.1024_2.1_1024        0.000000       1      0.000000  s, u
GTECH_AND2         gtech          0.000000    1124      0.000000  u
GTECH_BUF          gtech          0.000000      18      0.000000  u
GTECH_NOT          gtech          0.000000      24      0.000000  u
GTECH_XOR2         gtech          0.000000       1      0.000000  u
-----------------------------------------------------------------------------
Total 11 references                                     0.000000

****************************************
Design: mac_lane_LANE_ID0 
****************************************
Reference          Library       Unit Area   Count    Total Area   Attributes
-----------------------------------------------------------------------------
**SEQGEN**                        0.000000      36      0.000000  n, u
*MUX_OP_4_2_16                    0.000000       1      0.000000  s, u
*SELECT_OP_848.1_848.1_1          0.000000      16      0.000000  s, u
GTECH_AND2         gtech          0.000000    1868      0.000000  u
GTECH_BUF          gtech          0.000000       2      0.000000  u
GTECH_NOT          gtech          0.000000      10      0.000000  u
mac_cell                          0.000000       1      0.000000  h, n, u
-----------------------------------------------------------------------------
Total 7 references                                      0.000000

****************************************
Design: mac_cell 
****************************************
Reference          Library       Unit Area   Count    Total Area   Attributes
-----------------------------------------------------------------------------
**SEQGEN**                        0.000000     171      0.000000  n, u
*ADD_TC_OP_28_32_33               0.000000       1      0.000000  s, u
*ADD_TC_OP_64_32_64               0.000000       1      0.000000  s, u
*GT_TC_OP_16_1_1                  0.000000       1      0.000000  s, u
*GT_TC_OP_52_16_1                 0.000000       1      0.000000  s, u
*LT_TC_OP_52_16_1                 0.000000       1      0.000000  s, u
*MULT_TC_OP_16_16_32              0.000000       1      0.000000  s, u
*SELECT_OP_2.1_2.1_1              0.000000       1      0.000000  s, u
*SELECT_OP_2.64_2.1_64            0.000000       1      0.000000  s, u
*SELECT_OP_3.16_3.1_16            0.000000       2      0.000000  s, u
GTECH_AND2         gtech          0.000000       7      0.000000  u
GTECH_BUF          gtech          0.000000       7      0.000000  u
GTECH_NOT          gtech          0.000000       7      0.000000  u
GTECH_OR2          gtech          0.000000       2      0.000000  u
-----------------------------------------------------------------------------
Total 14 references                                     0.000000

****************************************
Design: mac_lane_LANE_ID1 
****************************************
Reference          Library       Unit Area   Count    Total Area   Attributes
-----------------------------------------------------------------------------
**SEQGEN**                        0.000000      36      0.000000  n, u
*MUX_OP_4_2_16_1                  0.000000       1      0.000000  s, u
*SELECT_OP_848.1_848.1_1          0.000000      16      0.000000  s, u
GTECH_AND2         gtech          0.000000    1868      0.000000  u
GTECH_BUF          gtech          0.000000       2      0.000000  u
GTECH_NOT          gtech          0.000000      10      0.000000  u
mac_cell                          0.000000       1      0.000000  h, n, u
-----------------------------------------------------------------------------
Total 7 references                                      0.000000

****************************************
Design: mac_cell 
****************************************
Reference          Library       Unit Area   Count    Total Area   Attributes
-----------------------------------------------------------------------------
**SEQGEN**                        0.000000     171      0.000000  n, u
*ADD_TC_OP_28_32_33               0.000000       1      0.000000  s, u
*ADD_TC_OP_64_32_64               0.000000       1      0.000000  s, u
*GT_TC_OP_16_1_1                  0.000000       1      0.000000  s, u
*GT_TC_OP_52_16_1                 0.000000       1      0.000000  s, u
*LT_TC_OP_52_16_1                 0.000000       1      0.000000  s, u
*MULT_TC_OP_16_16_32              0.000000       1      0.000000  s, u
*SELECT_OP_2.1_2.1_1              0.000000       1      0.000000  s, u
*SELECT_OP_2.64_2.1_64            0.000000       1      0.000000  s, u
*SELECT_OP_3.16_3.1_16            0.000000       2      0.000000  s, u
GTECH_AND2         gtech          0.000000       7      0.000000  u
GTECH_BUF          gtech          0.000000       7      0.000000  u
GTECH_NOT          gtech          0.000000       7      0.000000  u
GTECH_OR2          gtech          0.000000       2      0.000000  u
-----------------------------------------------------------------------------
Total 14 references                                     0.000000

****************************************
Design: mac_lane_LANE_ID2 
****************************************
Reference          Library       Unit Area   Count    Total Area   Attributes
-----------------------------------------------------------------------------
**SEQGEN**                        0.000000      36      0.000000  n, u
*MUX_OP_4_2_16_2                  0.000000       1      0.000000  s, u
*SELECT_OP_848.1_848.1_1          0.000000      16      0.000000  s, u
GTECH_AND2         gtech          0.000000    1868      0.000000  u
GTECH_BUF          gtech          0.000000       2      0.000000  u
GTECH_NOT          gtech          0.000000      10      0.000000  u
mac_cell                          0.000000       1      0.000000  h, n, u
-----------------------------------------------------------------------------
Total 7 references                                      0.000000

****************************************
Design: mac_cell 
****************************************
Reference          Library       Unit Area   Count    Total Area   Attributes
-----------------------------------------------------------------------------
**SEQGEN**                        0.000000     171      0.000000  n, u
*ADD_TC_OP_28_32_33               0.000000       1      0.000000  s, u
*ADD_TC_OP_64_32_64               0.000000       1      0.000000  s, u
*GT_TC_OP_16_1_1                  0.000000       1      0.000000  s, u
*GT_TC_OP_52_16_1                 0.000000       1      0.000000  s, u
*LT_TC_OP_52_16_1                 0.000000       1      0.000000  s, u
*MULT_TC_OP_16_16_32              0.000000       1      0.000000  s, u
*SELECT_OP_2.1_2.1_1              0.000000       1      0.000000  s, u
*SELECT_OP_2.64_2.1_64            0.000000       1      0.000000  s, u
*SELECT_OP_3.16_3.1_16            0.000000       2      0.000000  s, u
GTECH_AND2         gtech          0.000000       7      0.000000  u
GTECH_BUF          gtech          0.000000       7      0.000000  u
GTECH_NOT          gtech          0.000000       7      0.000000  u
GTECH_OR2          gtech          0.000000       2      0.000000  u
-----------------------------------------------------------------------------
Total 14 references                                     0.000000

****************************************
Design: mac_lane_LANE_ID3 
****************************************
Reference          Library       Unit Area   Count    Total Area   Attributes
-----------------------------------------------------------------------------
**SEQGEN**                        0.000000      36      0.000000  n, u
*MUX_OP_4_2_16_3                  0.000000       1      0.000000  s, u
*SELECT_OP_848.1_848.1_1          0.000000      16      0.000000  s, u
GTECH_AND2         gtech          0.000000    1868      0.000000  u
GTECH_BUF          gtech          0.000000       2      0.000000  u
GTECH_NOT          gtech          0.000000      10      0.000000  u
mac_cell                          0.000000       1      0.000000  h, n, u
-----------------------------------------------------------------------------
Total 7 references                                      0.000000

****************************************
Design: mac_cell 
****************************************
Reference          Library       Unit Area   Count    Total Area   Attributes
-----------------------------------------------------------------------------
**SEQGEN**                        0.000000     171      0.000000  n, u
*ADD_TC_OP_28_32_33               0.000000       1      0.000000  s, u
*ADD_TC_OP_64_32_64               0.000000       1      0.000000  s, u
*GT_TC_OP_16_1_1                  0.000000       1      0.000000  s, u
*GT_TC_OP_52_16_1                 0.000000       1      0.000000  s, u
*LT_TC_OP_52_16_1                 0.000000       1      0.000000  s, u
*MULT_TC_OP_16_16_32              0.000000       1      0.000000  s, u
*SELECT_OP_2.1_2.1_1              0.000000       1      0.000000  s, u
*SELECT_OP_2.64_2.1_64            0.000000       1      0.000000  s, u
*SELECT_OP_3.16_3.1_16            0.000000       2      0.000000  s, u
GTECH_AND2         gtech          0.000000       7      0.000000  u
GTECH_BUF          gtech          0.000000       7      0.000000  u
GTECH_NOT          gtech          0.000000       7      0.000000  u
GTECH_OR2          gtech          0.000000       2      0.000000  u
-----------------------------------------------------------------------------
Total 14 references                                     0.000000

****************************************
Design: mac_lane_LANE_ID4 
****************************************
Reference          Library       Unit Area   Count    Total Area   Attributes
-----------------------------------------------------------------------------
**SEQGEN**                        0.000000      36      0.000000  n, u
*MUX_OP_4_2_16_4                  0.000000       1      0.000000  s, u
*SELECT_OP_848.1_848.1_1          0.000000      16      0.000000  s, u
GTECH_AND2         gtech          0.000000    1868      0.000000  u
GTECH_BUF          gtech          0.000000       2      0.000000  u
GTECH_NOT          gtech          0.000000      10      0.000000  u
mac_cell                          0.000000       1      0.000000  h, n, u
-----------------------------------------------------------------------------
Total 7 references                                      0.000000

****************************************
Design: mac_cell 
****************************************
Reference          Library       Unit Area   Count    Total Area   Attributes
-----------------------------------------------------------------------------
**SEQGEN**                        0.000000     171      0.000000  n, u
*ADD_TC_OP_28_32_33               0.000000       1      0.000000  s, u
*ADD_TC_OP_64_32_64               0.000000       1      0.000000  s, u
*GT_TC_OP_16_1_1                  0.000000       1      0.000000  s, u
*GT_TC_OP_52_16_1                 0.000000       1      0.000000  s, u
*LT_TC_OP_52_16_1                 0.000000       1      0.000000  s, u
*MULT_TC_OP_16_16_32              0.000000       1      0.000000  s, u
*SELECT_OP_2.1_2.1_1              0.000000       1      0.000000  s, u
*SELECT_OP_2.64_2.1_64            0.000000       1      0.000000  s, u
*SELECT_OP_3.16_3.1_16            0.000000       2      0.000000  s, u
GTECH_AND2         gtech          0.000000       7      0.000000  u
GTECH_BUF          gtech          0.000000       7      0.000000  u
GTECH_NOT          gtech          0.000000       7      0.000000  u
GTECH_OR2          gtech          0.000000       2      0.000000  u
-----------------------------------------------------------------------------
Total 14 references                                     0.000000

****************************************
Design: mac_lane_LANE_ID5 
****************************************
Reference          Library       Unit Area   Count    Total Area   Attributes
-----------------------------------------------------------------------------
**SEQGEN**                        0.000000      36      0.000000  n, u
*MUX_OP_4_2_16_5                  0.000000       1      0.000000  s, u
*SELECT_OP_848.1_848.1_1          0.000000      16      0.000000  s, u
GTECH_AND2         gtech          0.000000    1868      0.000000  u
GTECH_BUF          gtech          0.000000       2      0.000000  u
GTECH_NOT          gtech          0.000000      10      0.000000  u
mac_cell                          0.000000       1      0.000000  h, n, u
-----------------------------------------------------------------------------
Total 7 references                                      0.000000

****************************************
Design: mac_cell 
****************************************
Reference          Library       Unit Area   Count    Total Area   Attributes
-----------------------------------------------------------------------------
**SEQGEN**                        0.000000     171      0.000000  n, u
*ADD_TC_OP_28_32_33               0.000000       1      0.000000  s, u
*ADD_TC_OP_64_32_64               0.000000       1      0.000000  s, u
*GT_TC_OP_16_1_1                  0.000000       1      0.000000  s, u
*GT_TC_OP_52_16_1                 0.000000       1      0.000000  s, u
*LT_TC_OP_52_16_1                 0.000000       1      0.000000  s, u
*MULT_TC_OP_16_16_32              0.000000       1      0.000000  s, u
*SELECT_OP_2.1_2.1_1              0.000000       1      0.000000  s, u
*SELECT_OP_2.64_2.1_64            0.000000       1      0.000000  s, u
*SELECT_OP_3.16_3.1_16            0.000000       2      0.000000  s, u
GTECH_AND2         gtech          0.000000       7      0.000000  u
GTECH_BUF          gtech          0.000000       7      0.000000  u
GTECH_NOT          gtech          0.000000       7      0.000000  u
GTECH_OR2          gtech          0.000000       2      0.000000  u
-----------------------------------------------------------------------------
Total 14 references                                     0.000000

****************************************
Design: mac_lane_LANE_ID6 
****************************************
Reference          Library       Unit Area   Count    Total Area   Attributes
-----------------------------------------------------------------------------
**SEQGEN**                        0.000000      36      0.000000  n, u
*MUX_OP_4_2_16_6                  0.000000       1      0.000000  s, u
*SELECT_OP_848.1_848.1_1          0.000000      16      0.000000  s, u
GTECH_AND2         gtech          0.000000    1868      0.000000  u
GTECH_BUF          gtech          0.000000       2      0.000000  u
GTECH_NOT          gtech          0.000000      10      0.000000  u
mac_cell                          0.000000       1      0.000000  h, n, u
-----------------------------------------------------------------------------
Total 7 references                                      0.000000

****************************************
Design: mac_cell 
****************************************
Reference          Library       Unit Area   Count    Total Area   Attributes
-----------------------------------------------------------------------------
**SEQGEN**                        0.000000     171      0.000000  n, u
*ADD_TC_OP_28_32_33               0.000000       1      0.000000  s, u
*ADD_TC_OP_64_32_64               0.000000       1      0.000000  s, u
*GT_TC_OP_16_1_1                  0.000000       1      0.000000  s, u
*GT_TC_OP_52_16_1                 0.000000       1      0.000000  s, u
*LT_TC_OP_52_16_1                 0.000000       1      0.000000  s, u
*MULT_TC_OP_16_16_32              0.000000       1      0.000000  s, u
*SELECT_OP_2.1_2.1_1              0.000000       1      0.000000  s, u
*SELECT_OP_2.64_2.1_64            0.000000       1      0.000000  s, u
*SELECT_OP_3.16_3.1_16            0.000000       2      0.000000  s, u
GTECH_AND2         gtech          0.000000       7      0.000000  u
GTECH_BUF          gtech          0.000000       7      0.000000  u
GTECH_NOT          gtech          0.000000       7      0.000000  u
GTECH_OR2          gtech          0.000000       2      0.000000  u
-----------------------------------------------------------------------------
Total 14 references                                     0.000000

****************************************
Design: mac_lane_LANE_ID7 
****************************************
Reference          Library       Unit Area   Count    Total Area   Attributes
-----------------------------------------------------------------------------
**SEQGEN**                        0.000000      36      0.000000  n, u
*MUX_OP_4_2_16_7                  0.000000       1      0.000000  s, u
*SELECT_OP_848.1_848.1_1          0.000000      16      0.000000  s, u
GTECH_AND2         gtech          0.000000    1868      0.000000  u
GTECH_BUF          gtech          0.000000       2      0.000000  u
GTECH_NOT          gtech          0.000000      10      0.000000  u
mac_cell                          0.000000       1      0.000000  h, n, u
-----------------------------------------------------------------------------
Total 7 references                                      0.000000

****************************************
Design: mac_cell 
****************************************
Reference          Library       Unit Area   Count    Total Area   Attributes
-----------------------------------------------------------------------------
**SEQGEN**                        0.000000     171      0.000000  n, u
*ADD_TC_OP_28_32_33               0.000000       1      0.000000  s, u
*ADD_TC_OP_64_32_64               0.000000       1      0.000000  s, u
*GT_TC_OP_16_1_1                  0.000000       1      0.000000  s, u
*GT_TC_OP_52_16_1                 0.000000       1      0.000000  s, u
*LT_TC_OP_52_16_1                 0.000000       1      0.000000  s, u
*MULT_TC_OP_16_16_32              0.000000       1      0.000000  s, u
*SELECT_OP_2.1_2.1_1              0.000000       1      0.000000  s, u
*SELECT_OP_2.64_2.1_64            0.000000       1      0.000000  s, u
*SELECT_OP_3.16_3.1_16            0.000000       2      0.000000  s, u
GTECH_AND2         gtech          0.000000       7      0.000000  u
GTECH_BUF          gtech          0.000000       7      0.000000  u
GTECH_NOT          gtech          0.000000       7      0.000000  u
GTECH_OR2          gtech          0.000000       2      0.000000  u
-----------------------------------------------------------------------------
Total 14 references                                     0.000000

****************************************
Design: mac_lane_LANE_ID8 
****************************************
Reference          Library       Unit Area   Count    Total Area   Attributes
-----------------------------------------------------------------------------
**SEQGEN**                        0.000000      36      0.000000  n, u
*MUX_OP_4_2_16_8                  0.000000       1      0.000000  s, u
*SELECT_OP_848.1_848.1_1          0.000000      16      0.000000  s, u
GTECH_AND2         gtech          0.000000    1868      0.000000  u
GTECH_BUF          gtech          0.000000       2      0.000000  u
GTECH_NOT          gtech          0.000000      10      0.000000  u
mac_cell                          0.000000       1      0.000000  h, n, u
-----------------------------------------------------------------------------
Total 7 references                                      0.000000

****************************************
Design: mac_cell 
****************************************
Reference          Library       Unit Area   Count    Total Area   Attributes
-----------------------------------------------------------------------------
**SEQGEN**                        0.000000     171      0.000000  n, u
*ADD_TC_OP_28_32_33               0.000000       1      0.000000  s, u
*ADD_TC_OP_64_32_64               0.000000       1      0.000000  s, u
*GT_TC_OP_16_1_1                  0.000000       1      0.000000  s, u
*GT_TC_OP_52_16_1                 0.000000       1      0.000000  s, u
*LT_TC_OP_52_16_1                 0.000000       1      0.000000  s, u
*MULT_TC_OP_16_16_32              0.000000       1      0.000000  s, u
*SELECT_OP_2.1_2.1_1              0.000000       1      0.000000  s, u
*SELECT_OP_2.64_2.1_64            0.000000       1      0.000000  s, u
*SELECT_OP_3.16_3.1_16            0.000000       2      0.000000  s, u
GTECH_AND2         gtech          0.000000       7      0.000000  u
GTECH_BUF          gtech          0.000000       7      0.000000  u
GTECH_NOT          gtech          0.000000       7      0.000000  u
GTECH_OR2          gtech          0.000000       2      0.000000  u
-----------------------------------------------------------------------------
Total 14 references                                     0.000000

****************************************
Design: mac_lane_LANE_ID9 
****************************************
Reference          Library       Unit Area   Count    Total Area   Attributes
-----------------------------------------------------------------------------
**SEQGEN**                        0.000000      36      0.000000  n, u
*MUX_OP_4_2_16_9                  0.000000       1      0.000000  s, u
*SELECT_OP_848.1_848.1_1          0.000000      16      0.000000  s, u
GTECH_AND2         gtech          0.000000    1868      0.000000  u
GTECH_BUF          gtech          0.000000       2      0.000000  u
GTECH_NOT          gtech          0.000000      10      0.000000  u
mac_cell                          0.000000       1      0.000000  h, n, u
-----------------------------------------------------------------------------
Total 7 references                                      0.000000

****************************************
Design: mac_cell 
****************************************
Reference          Library       Unit Area   Count    Total Area   Attributes
-----------------------------------------------------------------------------
**SEQGEN**                        0.000000     171      0.000000  n, u
*ADD_TC_OP_28_32_33               0.000000       1      0.000000  s, u
*ADD_TC_OP_64_32_64               0.000000       1      0.000000  s, u
*GT_TC_OP_16_1_1                  0.000000       1      0.000000  s, u
*GT_TC_OP_52_16_1                 0.000000       1      0.000000  s, u
*LT_TC_OP_52_16_1                 0.000000       1      0.000000  s, u
*MULT_TC_OP_16_16_32              0.000000       1      0.000000  s, u
*SELECT_OP_2.1_2.1_1              0.000000       1      0.000000  s, u
*SELECT_OP_2.64_2.1_64            0.000000       1      0.000000  s, u
*SELECT_OP_3.16_3.1_16            0.000000       2      0.000000  s, u
GTECH_AND2         gtech          0.000000       7      0.000000  u
GTECH_BUF          gtech          0.000000       7      0.000000  u
GTECH_NOT          gtech          0.000000       7      0.000000  u
GTECH_OR2          gtech          0.000000       2      0.000000  u
-----------------------------------------------------------------------------
Total 14 references                                     0.000000

****************************************
Design: mac_lane_LANE_ID10 
****************************************
Reference          Library       Unit Area   Count    Total Area   Attributes
-----------------------------------------------------------------------------
**SEQGEN**                        0.000000      36      0.000000  n, u
*MUX_OP_4_2_16_10                 0.000000       1      0.000000  s, u
*SELECT_OP_848.1_848.1_1          0.000000      16      0.000000  s, u
GTECH_AND2         gtech          0.000000    1868      0.000000  u
GTECH_BUF          gtech          0.000000       2      0.000000  u
GTECH_NOT          gtech          0.000000      10      0.000000  u
mac_cell                          0.000000       1      0.000000  h, n, u
-----------------------------------------------------------------------------
Total 7 references                                      0.000000

****************************************
Design: mac_cell 
****************************************
Reference          Library       Unit Area   Count    Total Area   Attributes
-----------------------------------------------------------------------------
**SEQGEN**                        0.000000     171      0.000000  n, u
*ADD_TC_OP_28_32_33               0.000000       1      0.000000  s, u
*ADD_TC_OP_64_32_64               0.000000       1      0.000000  s, u
*GT_TC_OP_16_1_1                  0.000000       1      0.000000  s, u
*GT_TC_OP_52_16_1                 0.000000       1      0.000000  s, u
*LT_TC_OP_52_16_1                 0.000000       1      0.000000  s, u
*MULT_TC_OP_16_16_32              0.000000       1      0.000000  s, u
*SELECT_OP_2.1_2.1_1              0.000000       1      0.000000  s, u
*SELECT_OP_2.64_2.1_64            0.000000       1      0.000000  s, u
*SELECT_OP_3.16_3.1_16            0.000000       2      0.000000  s, u
GTECH_AND2         gtech          0.000000       7      0.000000  u
GTECH_BUF          gtech          0.000000       7      0.000000  u
GTECH_NOT          gtech          0.000000       7      0.000000  u
GTECH_OR2          gtech          0.000000       2      0.000000  u
-----------------------------------------------------------------------------
Total 14 references                                     0.000000

****************************************
Design: mac_lane_LANE_ID11 
****************************************
Reference          Library       Unit Area   Count    Total Area   Attributes
-----------------------------------------------------------------------------
**SEQGEN**                        0.000000      36      0.000000  n, u
*MUX_OP_4_2_16_11                 0.000000       1      0.000000  s, u
*SELECT_OP_848.1_848.1_1          0.000000      16      0.000000  s, u
GTECH_AND2         gtech          0.000000    1868      0.000000  u
GTECH_BUF          gtech          0.000000       2      0.000000  u
GTECH_NOT          gtech          0.000000      10      0.000000  u
mac_cell                          0.000000       1      0.000000  h, n, u
-----------------------------------------------------------------------------
Total 7 references                                      0.000000

****************************************
Design: mac_cell 
****************************************
Reference          Library       Unit Area   Count    Total Area   Attributes
-----------------------------------------------------------------------------
**SEQGEN**                        0.000000     171      0.000000  n, u
*ADD_TC_OP_28_32_33               0.000000       1      0.000000  s, u
*ADD_TC_OP_64_32_64               0.000000       1      0.000000  s, u
*GT_TC_OP_16_1_1                  0.000000       1      0.000000  s, u
*GT_TC_OP_52_16_1                 0.000000       1      0.000000  s, u
*LT_TC_OP_52_16_1                 0.000000       1      0.000000  s, u
*MULT_TC_OP_16_16_32              0.000000       1      0.000000  s, u
*SELECT_OP_2.1_2.1_1              0.000000       1      0.000000  s, u
*SELECT_OP_2.64_2.1_64            0.000000       1      0.000000  s, u
*SELECT_OP_3.16_3.1_16            0.000000       2      0.000000  s, u
GTECH_AND2         gtech          0.000000       7      0.000000  u
GTECH_BUF          gtech          0.000000       7      0.000000  u
GTECH_NOT          gtech          0.000000       7      0.000000  u
GTECH_OR2          gtech          0.000000       2      0.000000  u
-----------------------------------------------------------------------------
Total 14 references                                     0.000000

****************************************
Design: mac_lane_LANE_ID12 
****************************************
Reference          Library       Unit Area   Count    Total Area   Attributes
-----------------------------------------------------------------------------
**SEQGEN**                        0.000000      36      0.000000  n, u
*MUX_OP_4_2_16_12                 0.000000       1      0.000000  s, u
*SELECT_OP_848.1_848.1_1          0.000000      16      0.000000  s, u
GTECH_AND2         gtech          0.000000    1868      0.000000  u
GTECH_BUF          gtech          0.000000       2      0.000000  u
GTECH_NOT          gtech          0.000000      10      0.000000  u
mac_cell                          0.000000       1      0.000000  h, n, u
-----------------------------------------------------------------------------
Total 7 references                                      0.000000

****************************************
Design: mac_cell 
****************************************
Reference          Library       Unit Area   Count    Total Area   Attributes
-----------------------------------------------------------------------------
**SEQGEN**                        0.000000     171      0.000000  n, u
*ADD_TC_OP_28_32_33               0.000000       1      0.000000  s, u
*ADD_TC_OP_64_32_64               0.000000       1      0.000000  s, u
*GT_TC_OP_16_1_1                  0.000000       1      0.000000  s, u
*GT_TC_OP_52_16_1                 0.000000       1      0.000000  s, u
*LT_TC_OP_52_16_1                 0.000000       1      0.000000  s, u
*MULT_TC_OP_16_16_32              0.000000       1      0.000000  s, u
*SELECT_OP_2.1_2.1_1              0.000000       1      0.000000  s, u
*SELECT_OP_2.64_2.1_64            0.000000       1      0.000000  s, u
*SELECT_OP_3.16_3.1_16            0.000000       2      0.000000  s, u
GTECH_AND2         gtech          0.000000       7      0.000000  u
GTECH_BUF          gtech          0.000000       7      0.000000  u
GTECH_NOT          gtech          0.000000       7      0.000000  u
GTECH_OR2          gtech          0.000000       2      0.000000  u
-----------------------------------------------------------------------------
Total 14 references                                     0.000000

****************************************
Design: mac_lane_LANE_ID13 
****************************************
Reference          Library       Unit Area   Count    Total Area   Attributes
-----------------------------------------------------------------------------
**SEQGEN**                        0.000000      36      0.000000  n, u
*MUX_OP_4_2_16_13                 0.000000       1      0.000000  s, u
*SELECT_OP_848.1_848.1_1          0.000000      16      0.000000  s, u
GTECH_AND2         gtech          0.000000    1868      0.000000  u
GTECH_BUF          gtech          0.000000       2      0.000000  u
GTECH_NOT          gtech          0.000000      10      0.000000  u
mac_cell                          0.000000       1      0.000000  h, n, u
-----------------------------------------------------------------------------
Total 7 references                                      0.000000

****************************************
Design: mac_cell 
****************************************
Reference          Library       Unit Area   Count    Total Area   Attributes
-----------------------------------------------------------------------------
**SEQGEN**                        0.000000     171      0.000000  n, u
*ADD_TC_OP_28_32_33               0.000000       1      0.000000  s, u
*ADD_TC_OP_64_32_64               0.000000       1      0.000000  s, u
*GT_TC_OP_16_1_1                  0.000000       1      0.000000  s, u
*GT_TC_OP_52_16_1                 0.000000       1      0.000000  s, u
*LT_TC_OP_52_16_1                 0.000000       1      0.000000  s, u
*MULT_TC_OP_16_16_32              0.000000       1      0.000000  s, u
*SELECT_OP_2.1_2.1_1              0.000000       1      0.000000  s, u
*SELECT_OP_2.64_2.1_64            0.000000       1      0.000000  s, u
*SELECT_OP_3.16_3.1_16            0.000000       2      0.000000  s, u
GTECH_AND2         gtech          0.000000       7      0.000000  u
GTECH_BUF          gtech          0.000000       7      0.000000  u
GTECH_NOT          gtech          0.000000       7      0.000000  u
GTECH_OR2          gtech          0.000000       2      0.000000  u
-----------------------------------------------------------------------------
Total 14 references                                     0.000000

****************************************
Design: mac_lane_LANE_ID14 
****************************************
Reference          Library       Unit Area   Count    Total Area   Attributes
-----------------------------------------------------------------------------
**SEQGEN**                        0.000000      36      0.000000  n, u
*MUX_OP_4_2_16_14                 0.000000       1      0.000000  s, u
*SELECT_OP_848.1_848.1_1          0.000000      16      0.000000  s, u
GTECH_AND2         gtech          0.000000    1868      0.000000  u
GTECH_BUF          gtech          0.000000       2      0.000000  u
GTECH_NOT          gtech          0.000000      10      0.000000  u
mac_cell                          0.000000       1      0.000000  h, n, u
-----------------------------------------------------------------------------
Total 7 references                                      0.000000

****************************************
Design: mac_cell 
****************************************
Reference          Library       Unit Area   Count    Total Area   Attributes
-----------------------------------------------------------------------------
**SEQGEN**                        0.000000     171      0.000000  n, u
*ADD_TC_OP_28_32_33               0.000000       1      0.000000  s, u
*ADD_TC_OP_64_32_64               0.000000       1      0.000000  s, u
*GT_TC_OP_16_1_1                  0.000000       1      0.000000  s, u
*GT_TC_OP_52_16_1                 0.000000       1      0.000000  s, u
*LT_TC_OP_52_16_1                 0.000000       1      0.000000  s, u
*MULT_TC_OP_16_16_32              0.000000       1      0.000000  s, u
*SELECT_OP_2.1_2.1_1              0.000000       1      0.000000  s, u
*SELECT_OP_2.64_2.1_64            0.000000       1      0.000000  s, u
*SELECT_OP_3.16_3.1_16            0.000000       2      0.000000  s, u
GTECH_AND2         gtech          0.000000       7      0.000000  u
GTECH_BUF          gtech          0.000000       7      0.000000  u
GTECH_NOT          gtech          0.000000       7      0.000000  u
GTECH_OR2          gtech          0.000000       2      0.000000  u
-----------------------------------------------------------------------------
Total 14 references                                     0.000000

****************************************
Design: mac_lane_LANE_ID15 
****************************************
Reference          Library       Unit Area   Count    Total Area   Attributes
-----------------------------------------------------------------------------
**SEQGEN**                        0.000000      36      0.000000  n, u
*MUX_OP_4_2_16_15                 0.000000       1      0.000000  s, u
*SELECT_OP_848.1_848.1_1          0.000000      16      0.000000  s, u
GTECH_AND2         gtech          0.000000    1868      0.000000  u
GTECH_BUF          gtech          0.000000       2      0.000000  u
GTECH_NOT          gtech          0.000000      10      0.000000  u
mac_cell                          0.000000       1      0.000000  h, n, u
-----------------------------------------------------------------------------
Total 7 references                                      0.000000

****************************************
Design: mac_cell 
****************************************
Reference          Library       Unit Area   Count    Total Area   Attributes
-----------------------------------------------------------------------------
**SEQGEN**                        0.000000     171      0.000000  n, u
*ADD_TC_OP_28_32_33               0.000000       1      0.000000  s, u
*ADD_TC_OP_64_32_64               0.000000       1      0.000000  s, u
*GT_TC_OP_16_1_1                  0.000000       1      0.000000  s, u
*GT_TC_OP_52_16_1                 0.000000       1      0.000000  s, u
*LT_TC_OP_52_16_1                 0.000000       1      0.000000  s, u
*MULT_TC_OP_16_16_32              0.000000       1      0.000000  s, u
*SELECT_OP_2.1_2.1_1              0.000000       1      0.000000  s, u
*SELECT_OP_2.64_2.1_64            0.000000       1      0.000000  s, u
*SELECT_OP_3.16_3.1_16            0.000000       2      0.000000  s, u
GTECH_AND2         gtech          0.000000       7      0.000000  u
GTECH_BUF          gtech          0.000000       7      0.000000  u
GTECH_NOT          gtech          0.000000       7      0.000000  u
GTECH_OR2          gtech          0.000000       2      0.000000  u
-----------------------------------------------------------------------------
Total 14 references                                     0.000000

****************************************
Design: mac_lane_LANE_ID16 
****************************************
Reference          Library       Unit Area   Count    Total Area   Attributes
-----------------------------------------------------------------------------
**SEQGEN**                        0.000000      36      0.000000  n, u
*MUX_OP_4_2_16_16                 0.000000       1      0.000000  s, u
*SELECT_OP_848.1_848.1_1          0.000000      16      0.000000  s, u
GTECH_AND2         gtech          0.000000    1868      0.000000  u
GTECH_BUF          gtech          0.000000       2      0.000000  u
GTECH_NOT          gtech          0.000000      10      0.000000  u
mac_cell                          0.000000       1      0.000000  h, n, u
-----------------------------------------------------------------------------
Total 7 references                                      0.000000

****************************************
Design: mac_cell 
****************************************
Reference          Library       Unit Area   Count    Total Area   Attributes
-----------------------------------------------------------------------------
**SEQGEN**                        0.000000     171      0.000000  n, u
*ADD_TC_OP_28_32_33               0.000000       1      0.000000  s, u
*ADD_TC_OP_64_32_64               0.000000       1      0.000000  s, u
*GT_TC_OP_16_1_1                  0.000000       1      0.000000  s, u
*GT_TC_OP_52_16_1                 0.000000       1      0.000000  s, u
*LT_TC_OP_52_16_1                 0.000000       1      0.000000  s, u
*MULT_TC_OP_16_16_32              0.000000       1      0.000000  s, u
*SELECT_OP_2.1_2.1_1              0.000000       1      0.000000  s, u
*SELECT_OP_2.64_2.1_64            0.000000       1      0.000000  s, u
*SELECT_OP_3.16_3.1_16            0.000000       2      0.000000  s, u
GTECH_AND2         gtech          0.000000       7      0.000000  u
GTECH_BUF          gtech          0.000000       7      0.000000  u
GTECH_NOT          gtech          0.000000       7      0.000000  u
GTECH_OR2          gtech          0.000000       2      0.000000  u
-----------------------------------------------------------------------------
Total 14 references                                     0.000000

****************************************
Design: mac_lane_LANE_ID17 
****************************************
Reference          Library       Unit Area   Count    Total Area   Attributes
-----------------------------------------------------------------------------
**SEQGEN**                        0.000000      36      0.000000  n, u
*MUX_OP_4_2_16_17                 0.000000       1      0.000000  s, u
*SELECT_OP_848.1_848.1_1          0.000000      16      0.000000  s, u
GTECH_AND2         gtech          0.000000    1868      0.000000  u
GTECH_BUF          gtech          0.000000       2      0.000000  u
GTECH_NOT          gtech          0.000000      10      0.000000  u
mac_cell                          0.000000       1      0.000000  h, n, u
-----------------------------------------------------------------------------
Total 7 references                                      0.000000

****************************************
Design: mac_cell 
****************************************
Reference          Library       Unit Area   Count    Total Area   Attributes
-----------------------------------------------------------------------------
**SEQGEN**                        0.000000     171      0.000000  n, u
*ADD_TC_OP_28_32_33               0.000000       1      0.000000  s, u
*ADD_TC_OP_64_32_64               0.000000       1      0.000000  s, u
*GT_TC_OP_16_1_1                  0.000000       1      0.000000  s, u
*GT_TC_OP_52_16_1                 0.000000       1      0.000000  s, u
*LT_TC_OP_52_16_1                 0.000000       1      0.000000  s, u
*MULT_TC_OP_16_16_32              0.000000       1      0.000000  s, u
*SELECT_OP_2.1_2.1_1              0.000000       1      0.000000  s, u
*SELECT_OP_2.64_2.1_64            0.000000       1      0.000000  s, u
*SELECT_OP_3.16_3.1_16            0.000000       2      0.000000  s, u
GTECH_AND2         gtech          0.000000       7      0.000000  u
GTECH_BUF          gtech          0.000000       7      0.000000  u
GTECH_NOT          gtech          0.000000       7      0.000000  u
GTECH_OR2          gtech          0.000000       2      0.000000  u
-----------------------------------------------------------------------------
Total 14 references                                     0.000000

****************************************
Design: mac_lane_LANE_ID18 
****************************************
Reference          Library       Unit Area   Count    Total Area   Attributes
-----------------------------------------------------------------------------
**SEQGEN**                        0.000000      36      0.000000  n, u
*MUX_OP_4_2_16_18                 0.000000       1      0.000000  s, u
*SELECT_OP_848.1_848.1_1          0.000000      16      0.000000  s, u
GTECH_AND2         gtech          0.000000    1868      0.000000  u
GTECH_BUF          gtech          0.000000       2      0.000000  u
GTECH_NOT          gtech          0.000000      10      0.000000  u
mac_cell                          0.000000       1      0.000000  h, n, u
-----------------------------------------------------------------------------
Total 7 references                                      0.000000

****************************************
Design: mac_cell 
****************************************
Reference          Library       Unit Area   Count    Total Area   Attributes
-----------------------------------------------------------------------------
**SEQGEN**                        0.000000     171      0.000000  n, u
*ADD_TC_OP_28_32_33               0.000000       1      0.000000  s, u
*ADD_TC_OP_64_32_64               0.000000       1      0.000000  s, u
*GT_TC_OP_16_1_1                  0.000000       1      0.000000  s, u
*GT_TC_OP_52_16_1                 0.000000       1      0.000000  s, u
*LT_TC_OP_52_16_1                 0.000000       1      0.000000  s, u
*MULT_TC_OP_16_16_32              0.000000       1      0.000000  s, u
*SELECT_OP_2.1_2.1_1              0.000000       1      0.000000  s, u
*SELECT_OP_2.64_2.1_64            0.000000       1      0.000000  s, u
*SELECT_OP_3.16_3.1_16            0.000000       2      0.000000  s, u
GTECH_AND2         gtech          0.000000       7      0.000000  u
GTECH_BUF          gtech          0.000000       7      0.000000  u
GTECH_NOT          gtech          0.000000       7      0.000000  u
GTECH_OR2          gtech          0.000000       2      0.000000  u
-----------------------------------------------------------------------------
Total 14 references                                     0.000000

****************************************
Design: mac_lane_LANE_ID19 
****************************************
Reference          Library       Unit Area   Count    Total Area   Attributes
-----------------------------------------------------------------------------
**SEQGEN**                        0.000000      36      0.000000  n, u
*MUX_OP_4_2_16_19                 0.000000       1      0.000000  s, u
*SELECT_OP_848.1_848.1_1          0.000000      16      0.000000  s, u
GTECH_AND2         gtech          0.000000    1868      0.000000  u
GTECH_BUF          gtech          0.000000       2      0.000000  u
GTECH_NOT          gtech          0.000000      10      0.000000  u
mac_cell                          0.000000       1      0.000000  h, n, u
-----------------------------------------------------------------------------
Total 7 references                                      0.000000

****************************************
Design: mac_cell 
****************************************
Reference          Library       Unit Area   Count    Total Area   Attributes
-----------------------------------------------------------------------------
**SEQGEN**                        0.000000     171      0.000000  n, u
*ADD_TC_OP_28_32_33               0.000000       1      0.000000  s, u
*ADD_TC_OP_64_32_64               0.000000       1      0.000000  s, u
*GT_TC_OP_16_1_1                  0.000000       1      0.000000  s, u
*GT_TC_OP_52_16_1                 0.000000       1      0.000000  s, u
*LT_TC_OP_52_16_1                 0.000000       1      0.000000  s, u
*MULT_TC_OP_16_16_32              0.000000       1      0.000000  s, u
*SELECT_OP_2.1_2.1_1              0.000000       1      0.000000  s, u
*SELECT_OP_2.64_2.1_64            0.000000       1      0.000000  s, u
*SELECT_OP_3.16_3.1_16            0.000000       2      0.000000  s, u
GTECH_AND2         gtech          0.000000       7      0.000000  u
GTECH_BUF          gtech          0.000000       7      0.000000  u
GTECH_NOT          gtech          0.000000       7      0.000000  u
GTECH_OR2          gtech          0.000000       2      0.000000  u
-----------------------------------------------------------------------------
Total 14 references                                     0.000000

****************************************
Design: mac_lane_LANE_ID20 
****************************************
Reference          Library       Unit Area   Count    Total Area   Attributes
-----------------------------------------------------------------------------
**SEQGEN**                        0.000000      36      0.000000  n, u
*MUX_OP_4_2_16_20                 0.000000       1      0.000000  s, u
*SELECT_OP_848.1_848.1_1          0.000000      16      0.000000  s, u
GTECH_AND2         gtech          0.000000    1868      0.000000  u
GTECH_BUF          gtech          0.000000       2      0.000000  u
GTECH_NOT          gtech          0.000000      10      0.000000  u
mac_cell                          0.000000       1      0.000000  h, n, u
-----------------------------------------------------------------------------
Total 7 references                                      0.000000

****************************************
Design: mac_cell 
****************************************
Reference          Library       Unit Area   Count    Total Area   Attributes
-----------------------------------------------------------------------------
**SEQGEN**                        0.000000     171      0.000000  n, u
*ADD_TC_OP_28_32_33               0.000000       1      0.000000  s, u
*ADD_TC_OP_64_32_64               0.000000       1      0.000000  s, u
*GT_TC_OP_16_1_1                  0.000000       1      0.000000  s, u
*GT_TC_OP_52_16_1                 0.000000       1      0.000000  s, u
*LT_TC_OP_52_16_1                 0.000000       1      0.000000  s, u
*MULT_TC_OP_16_16_32              0.000000       1      0.000000  s, u
*SELECT_OP_2.1_2.1_1              0.000000       1      0.000000  s, u
*SELECT_OP_2.64_2.1_64            0.000000       1      0.000000  s, u
*SELECT_OP_3.16_3.1_16            0.000000       2      0.000000  s, u
GTECH_AND2         gtech          0.000000       7      0.000000  u
GTECH_BUF          gtech          0.000000       7      0.000000  u
GTECH_NOT          gtech          0.000000       7      0.000000  u
GTECH_OR2          gtech          0.000000       2      0.000000  u
-----------------------------------------------------------------------------
Total 14 references                                     0.000000

****************************************
Design: mac_lane_LANE_ID21 
****************************************
Reference          Library       Unit Area   Count    Total Area   Attributes
-----------------------------------------------------------------------------
**SEQGEN**                        0.000000      36      0.000000  n, u
*MUX_OP_4_2_16_21                 0.000000       1      0.000000  s, u
*SELECT_OP_848.1_848.1_1          0.000000      16      0.000000  s, u
GTECH_AND2         gtech          0.000000    1868      0.000000  u
GTECH_BUF          gtech          0.000000       2      0.000000  u
GTECH_NOT          gtech          0.000000      10      0.000000  u
mac_cell                          0.000000       1      0.000000  h, n, u
-----------------------------------------------------------------------------
Total 7 references                                      0.000000

****************************************
Design: mac_cell 
****************************************
Reference          Library       Unit Area   Count    Total Area   Attributes
-----------------------------------------------------------------------------
**SEQGEN**                        0.000000     171      0.000000  n, u
*ADD_TC_OP_28_32_33               0.000000       1      0.000000  s, u
*ADD_TC_OP_64_32_64               0.000000       1      0.000000  s, u
*GT_TC_OP_16_1_1                  0.000000       1      0.000000  s, u
*GT_TC_OP_52_16_1                 0.000000       1      0.000000  s, u
*LT_TC_OP_52_16_1                 0.000000       1      0.000000  s, u
*MULT_TC_OP_16_16_32              0.000000       1      0.000000  s, u
*SELECT_OP_2.1_2.1_1              0.000000       1      0.000000  s, u
*SELECT_OP_2.64_2.1_64            0.000000       1      0.000000  s, u
*SELECT_OP_3.16_3.1_16            0.000000       2      0.000000  s, u
GTECH_AND2         gtech          0.000000       7      0.000000  u
GTECH_BUF          gtech          0.000000       7      0.000000  u
GTECH_NOT          gtech          0.000000       7      0.000000  u
GTECH_OR2          gtech          0.000000       2      0.000000  u
-----------------------------------------------------------------------------
Total 14 references                                     0.000000

****************************************
Design: mac_lane_LANE_ID22 
****************************************
Reference          Library       Unit Area   Count    Total Area   Attributes
-----------------------------------------------------------------------------
**SEQGEN**                        0.000000      36      0.000000  n, u
*MUX_OP_4_2_16_22                 0.000000       1      0.000000  s, u
*SELECT_OP_848.1_848.1_1          0.000000      16      0.000000  s, u
GTECH_AND2         gtech          0.000000    1868      0.000000  u
GTECH_BUF          gtech          0.000000       2      0.000000  u
GTECH_NOT          gtech          0.000000      10      0.000000  u
mac_cell                          0.000000       1      0.000000  h, n, u
-----------------------------------------------------------------------------
Total 7 references                                      0.000000

****************************************
Design: mac_cell 
****************************************
Reference          Library       Unit Area   Count    Total Area   Attributes
-----------------------------------------------------------------------------
**SEQGEN**                        0.000000     171      0.000000  n, u
*ADD_TC_OP_28_32_33               0.000000       1      0.000000  s, u
*ADD_TC_OP_64_32_64               0.000000       1      0.000000  s, u
*GT_TC_OP_16_1_1                  0.000000       1      0.000000  s, u
*GT_TC_OP_52_16_1                 0.000000       1      0.000000  s, u
*LT_TC_OP_52_16_1                 0.000000       1      0.000000  s, u
*MULT_TC_OP_16_16_32              0.000000       1      0.000000  s, u
*SELECT_OP_2.1_2.1_1              0.000000       1      0.000000  s, u
*SELECT_OP_2.64_2.1_64            0.000000       1      0.000000  s, u
*SELECT_OP_3.16_3.1_16            0.000000       2      0.000000  s, u
GTECH_AND2         gtech          0.000000       7      0.000000  u
GTECH_BUF          gtech          0.000000       7      0.000000  u
GTECH_NOT          gtech          0.000000       7      0.000000  u
GTECH_OR2          gtech          0.000000       2      0.000000  u
-----------------------------------------------------------------------------
Total 14 references                                     0.000000

****************************************
Design: mac_lane_LANE_ID23 
****************************************
Reference          Library       Unit Area   Count    Total Area   Attributes
-----------------------------------------------------------------------------
**SEQGEN**                        0.000000      36      0.000000  n, u
*MUX_OP_4_2_16_23                 0.000000       1      0.000000  s, u
*SELECT_OP_848.1_848.1_1          0.000000      16      0.000000  s, u
GTECH_AND2         gtech          0.000000    1868      0.000000  u
GTECH_BUF          gtech          0.000000       2      0.000000  u
GTECH_NOT          gtech          0.000000      10      0.000000  u
mac_cell                          0.000000       1      0.000000  h, n, u
-----------------------------------------------------------------------------
Total 7 references                                      0.000000

****************************************
Design: mac_cell 
****************************************
Reference          Library       Unit Area   Count    Total Area   Attributes
-----------------------------------------------------------------------------
**SEQGEN**                        0.000000     171      0.000000  n, u
*ADD_TC_OP_28_32_33               0.000000       1      0.000000  s, u
*ADD_TC_OP_64_32_64               0.000000       1      0.000000  s, u
*GT_TC_OP_16_1_1                  0.000000       1      0.000000  s, u
*GT_TC_OP_52_16_1                 0.000000       1      0.000000  s, u
*LT_TC_OP_52_16_1                 0.000000       1      0.000000  s, u
*MULT_TC_OP_16_16_32              0.000000       1      0.000000  s, u
*SELECT_OP_2.1_2.1_1              0.000000       1      0.000000  s, u
*SELECT_OP_2.64_2.1_64            0.000000       1      0.000000  s, u
*SELECT_OP_3.16_3.1_16            0.000000       2      0.000000  s, u
GTECH_AND2         gtech          0.000000       7      0.000000  u
GTECH_BUF          gtech          0.000000       7      0.000000  u
GTECH_NOT          gtech          0.000000       7      0.000000  u
GTECH_OR2          gtech          0.000000       2      0.000000  u
-----------------------------------------------------------------------------
Total 14 references                                     0.000000

****************************************
Design: mac_lane_LANE_ID24 
****************************************
Reference          Library       Unit Area   Count    Total Area   Attributes
-----------------------------------------------------------------------------
**SEQGEN**                        0.000000      36      0.000000  n, u
*MUX_OP_4_2_16_24                 0.000000       1      0.000000  s, u
*SELECT_OP_848.1_848.1_1          0.000000      16      0.000000  s, u
GTECH_AND2         gtech          0.000000    1868      0.000000  u
GTECH_BUF          gtech          0.000000       2      0.000000  u
GTECH_NOT          gtech          0.000000      10      0.000000  u
mac_cell                          0.000000       1      0.000000  h, n, u
-----------------------------------------------------------------------------
Total 7 references                                      0.000000

****************************************
Design: mac_cell 
****************************************
Reference          Library       Unit Area   Count    Total Area   Attributes
-----------------------------------------------------------------------------
**SEQGEN**                        0.000000     171      0.000000  n, u
*ADD_TC_OP_28_32_33               0.000000       1      0.000000  s, u
*ADD_TC_OP_64_32_64               0.000000       1      0.000000  s, u
*GT_TC_OP_16_1_1                  0.000000       1      0.000000  s, u
*GT_TC_OP_52_16_1                 0.000000       1      0.000000  s, u
*LT_TC_OP_52_16_1                 0.000000       1      0.000000  s, u
*MULT_TC_OP_16_16_32              0.000000       1      0.000000  s, u
*SELECT_OP_2.1_2.1_1              0.000000       1      0.000000  s, u
*SELECT_OP_2.64_2.1_64            0.000000       1      0.000000  s, u
*SELECT_OP_3.16_3.1_16            0.000000       2      0.000000  s, u
GTECH_AND2         gtech          0.000000       7      0.000000  u
GTECH_BUF          gtech          0.000000       7      0.000000  u
GTECH_NOT          gtech          0.000000       7      0.000000  u
GTECH_OR2          gtech          0.000000       2      0.000000  u
-----------------------------------------------------------------------------
Total 14 references                                     0.000000

****************************************
Design: mac_lane_LANE_ID25 
****************************************
Reference          Library       Unit Area   Count    Total Area   Attributes
-----------------------------------------------------------------------------
**SEQGEN**                        0.000000      36      0.000000  n, u
*MUX_OP_4_2_16_25                 0.000000       1      0.000000  s, u
*SELECT_OP_848.1_848.1_1          0.000000      16      0.000000  s, u
GTECH_AND2         gtech          0.000000    1868      0.000000  u
GTECH_BUF          gtech          0.000000       2      0.000000  u
GTECH_NOT          gtech          0.000000      10      0.000000  u
mac_cell                          0.000000       1      0.000000  h, n, u
-----------------------------------------------------------------------------
Total 7 references                                      0.000000

****************************************
Design: mac_cell 
****************************************
Reference          Library       Unit Area   Count    Total Area   Attributes
-----------------------------------------------------------------------------
**SEQGEN**                        0.000000     171      0.000000  n, u
*ADD_TC_OP_28_32_33               0.000000       1      0.000000  s, u
*ADD_TC_OP_64_32_64               0.000000       1      0.000000  s, u
*GT_TC_OP_16_1_1                  0.000000       1      0.000000  s, u
*GT_TC_OP_52_16_1                 0.000000       1      0.000000  s, u
*LT_TC_OP_52_16_1                 0.000000       1      0.000000  s, u
*MULT_TC_OP_16_16_32              0.000000       1      0.000000  s, u
*SELECT_OP_2.1_2.1_1              0.000000       1      0.000000  s, u
*SELECT_OP_2.64_2.1_64            0.000000       1      0.000000  s, u
*SELECT_OP_3.16_3.1_16            0.000000       2      0.000000  s, u
GTECH_AND2         gtech          0.000000       7      0.000000  u
GTECH_BUF          gtech          0.000000       7      0.000000  u
GTECH_NOT          gtech          0.000000       7      0.000000  u
GTECH_OR2          gtech          0.000000       2      0.000000  u
-----------------------------------------------------------------------------
Total 14 references                                     0.000000

****************************************
Design: mac_lane_LANE_ID26 
****************************************
Reference          Library       Unit Area   Count    Total Area   Attributes
-----------------------------------------------------------------------------
**SEQGEN**                        0.000000      36      0.000000  n, u
*MUX_OP_4_2_16_26                 0.000000       1      0.000000  s, u
*SELECT_OP_848.1_848.1_1          0.000000      16      0.000000  s, u
GTECH_AND2         gtech          0.000000    1868      0.000000  u
GTECH_BUF          gtech          0.000000       2      0.000000  u
GTECH_NOT          gtech          0.000000      10      0.000000  u
mac_cell                          0.000000       1      0.000000  h, n, u
-----------------------------------------------------------------------------
Total 7 references                                      0.000000

****************************************
Design: mac_cell 
****************************************
Reference          Library       Unit Area   Count    Total Area   Attributes
-----------------------------------------------------------------------------
**SEQGEN**                        0.000000     171      0.000000  n, u
*ADD_TC_OP_28_32_33               0.000000       1      0.000000  s, u
*ADD_TC_OP_64_32_64               0.000000       1      0.000000  s, u
*GT_TC_OP_16_1_1                  0.000000       1      0.000000  s, u
*GT_TC_OP_52_16_1                 0.000000       1      0.000000  s, u
*LT_TC_OP_52_16_1                 0.000000       1      0.000000  s, u
*MULT_TC_OP_16_16_32              0.000000       1      0.000000  s, u
*SELECT_OP_2.1_2.1_1              0.000000       1      0.000000  s, u
*SELECT_OP_2.64_2.1_64            0.000000       1      0.000000  s, u
*SELECT_OP_3.16_3.1_16            0.000000       2      0.000000  s, u
GTECH_AND2         gtech          0.000000       7      0.000000  u
GTECH_BUF          gtech          0.000000       7      0.000000  u
GTECH_NOT          gtech          0.000000       7      0.000000  u
GTECH_OR2          gtech          0.000000       2      0.000000  u
-----------------------------------------------------------------------------
Total 14 references                                     0.000000

****************************************
Design: mac_lane_LANE_ID27 
****************************************
Reference          Library       Unit Area   Count    Total Area   Attributes
-----------------------------------------------------------------------------
**SEQGEN**                        0.000000      36      0.000000  n, u
*MUX_OP_4_2_16_27                 0.000000       1      0.000000  s, u
*SELECT_OP_848.1_848.1_1          0.000000      16      0.000000  s, u
GTECH_AND2         gtech          0.000000    1868      0.000000  u
GTECH_BUF          gtech          0.000000       2      0.000000  u
GTECH_NOT          gtech          0.000000      10      0.000000  u
mac_cell                          0.000000       1      0.000000  h, n, u
-----------------------------------------------------------------------------
Total 7 references                                      0.000000

****************************************
Design: mac_cell 
****************************************
Reference          Library       Unit Area   Count    Total Area   Attributes
-----------------------------------------------------------------------------
**SEQGEN**                        0.000000     171      0.000000  n, u
*ADD_TC_OP_28_32_33               0.000000       1      0.000000  s, u
*ADD_TC_OP_64_32_64               0.000000       1      0.000000  s, u
*GT_TC_OP_16_1_1                  0.000000       1      0.000000  s, u
*GT_TC_OP_52_16_1                 0.000000       1      0.000000  s, u
*LT_TC_OP_52_16_1                 0.000000       1      0.000000  s, u
*MULT_TC_OP_16_16_32              0.000000       1      0.000000  s, u
*SELECT_OP_2.1_2.1_1              0.000000       1      0.000000  s, u
*SELECT_OP_2.64_2.1_64            0.000000       1      0.000000  s, u
*SELECT_OP_3.16_3.1_16            0.000000       2      0.000000  s, u
GTECH_AND2         gtech          0.000000       7      0.000000  u
GTECH_BUF          gtech          0.000000       7      0.000000  u
GTECH_NOT          gtech          0.000000       7      0.000000  u
GTECH_OR2          gtech          0.000000       2      0.000000  u
-----------------------------------------------------------------------------
Total 14 references                                     0.000000

****************************************
Design: mac_lane_LANE_ID28 
****************************************
Reference          Library       Unit Area   Count    Total Area   Attributes
-----------------------------------------------------------------------------
**SEQGEN**                        0.000000      36      0.000000  n, u
*MUX_OP_4_2_16_28                 0.000000       1      0.000000  s, u
*SELECT_OP_848.1_848.1_1          0.000000      16      0.000000  s, u
GTECH_AND2         gtech          0.000000    1868      0.000000  u
GTECH_BUF          gtech          0.000000       2      0.000000  u
GTECH_NOT          gtech          0.000000      10      0.000000  u
mac_cell                          0.000000       1      0.000000  h, n, u
-----------------------------------------------------------------------------
Total 7 references                                      0.000000

****************************************
Design: mac_cell 
****************************************
Reference          Library       Unit Area   Count    Total Area   Attributes
-----------------------------------------------------------------------------
**SEQGEN**                        0.000000     171      0.000000  n, u
*ADD_TC_OP_28_32_33               0.000000       1      0.000000  s, u
*ADD_TC_OP_64_32_64               0.000000       1      0.000000  s, u
*GT_TC_OP_16_1_1                  0.000000       1      0.000000  s, u
*GT_TC_OP_52_16_1                 0.000000       1      0.000000  s, u
*LT_TC_OP_52_16_1                 0.000000       1      0.000000  s, u
*MULT_TC_OP_16_16_32              0.000000       1      0.000000  s, u
*SELECT_OP_2.1_2.1_1              0.000000       1      0.000000  s, u
*SELECT_OP_2.64_2.1_64            0.000000       1      0.000000  s, u
*SELECT_OP_3.16_3.1_16            0.000000       2      0.000000  s, u
GTECH_AND2         gtech          0.000000       7      0.000000  u
GTECH_BUF          gtech          0.000000       7      0.000000  u
GTECH_NOT          gtech          0.000000       7      0.000000  u
GTECH_OR2          gtech          0.000000       2      0.000000  u
-----------------------------------------------------------------------------
Total 14 references                                     0.000000

****************************************
Design: mac_lane_LANE_ID29 
****************************************
Reference          Library       Unit Area   Count    Total Area   Attributes
-----------------------------------------------------------------------------
**SEQGEN**                        0.000000      36      0.000000  n, u
*MUX_OP_4_2_16_29                 0.000000       1      0.000000  s, u
*SELECT_OP_848.1_848.1_1          0.000000      16      0.000000  s, u
GTECH_AND2         gtech          0.000000    1868      0.000000  u
GTECH_BUF          gtech          0.000000       2      0.000000  u
GTECH_NOT          gtech          0.000000      10      0.000000  u
mac_cell                          0.000000       1      0.000000  h, n, u
-----------------------------------------------------------------------------
Total 7 references                                      0.000000

****************************************
Design: mac_cell 
****************************************
Reference          Library       Unit Area   Count    Total Area   Attributes
-----------------------------------------------------------------------------
**SEQGEN**                        0.000000     171      0.000000  n, u
*ADD_TC_OP_28_32_33               0.000000       1      0.000000  s, u
*ADD_TC_OP_64_32_64               0.000000       1      0.000000  s, u
*GT_TC_OP_16_1_1                  0.000000       1      0.000000  s, u
*GT_TC_OP_52_16_1                 0.000000       1      0.000000  s, u
*LT_TC_OP_52_16_1                 0.000000       1      0.000000  s, u
*MULT_TC_OP_16_16_32              0.000000       1      0.000000  s, u
*SELECT_OP_2.1_2.1_1              0.000000       1      0.000000  s, u
*SELECT_OP_2.64_2.1_64            0.000000       1      0.000000  s, u
*SELECT_OP_3.16_3.1_16            0.000000       2      0.000000  s, u
GTECH_AND2         gtech          0.000000       7      0.000000  u
GTECH_BUF          gtech          0.000000       7      0.000000  u
GTECH_NOT          gtech          0.000000       7      0.000000  u
GTECH_OR2          gtech          0.000000       2      0.000000  u
-----------------------------------------------------------------------------
Total 14 references                                     0.000000

****************************************
Design: mac_lane_LANE_ID30 
****************************************
Reference          Library       Unit Area   Count    Total Area   Attributes
-----------------------------------------------------------------------------
**SEQGEN**                        0.000000      36      0.000000  n, u
*MUX_OP_4_2_16_30                 0.000000       1      0.000000  s, u
*SELECT_OP_848.1_848.1_1          0.000000      16      0.000000  s, u
GTECH_AND2         gtech          0.000000    1868      0.000000  u
GTECH_BUF          gtech          0.000000       2      0.000000  u
GTECH_NOT          gtech          0.000000      10      0.000000  u
mac_cell                          0.000000       1      0.000000  h, n, u
-----------------------------------------------------------------------------
Total 7 references                                      0.000000

****************************************
Design: mac_cell 
****************************************
Reference          Library       Unit Area   Count    Total Area   Attributes
-----------------------------------------------------------------------------
**SEQGEN**                        0.000000     171      0.000000  n, u
*ADD_TC_OP_28_32_33               0.000000       1      0.000000  s, u
*ADD_TC_OP_64_32_64               0.000000       1      0.000000  s, u
*GT_TC_OP_16_1_1                  0.000000       1      0.000000  s, u
*GT_TC_OP_52_16_1                 0.000000       1      0.000000  s, u
*LT_TC_OP_52_16_1                 0.000000       1      0.000000  s, u
*MULT_TC_OP_16_16_32              0.000000       1      0.000000  s, u
*SELECT_OP_2.1_2.1_1              0.000000       1      0.000000  s, u
*SELECT_OP_2.64_2.1_64            0.000000       1      0.000000  s, u
*SELECT_OP_3.16_3.1_16            0.000000       2      0.000000  s, u
GTECH_AND2         gtech          0.000000       7      0.000000  u
GTECH_BUF          gtech          0.000000       7      0.000000  u
GTECH_NOT          gtech          0.000000       7      0.000000  u
GTECH_OR2          gtech          0.000000       2      0.000000  u
-----------------------------------------------------------------------------
Total 14 references                                     0.000000

****************************************
Design: mac_lane_LANE_ID31 
****************************************
Reference          Library       Unit Area   Count    Total Area   Attributes
-----------------------------------------------------------------------------
**SEQGEN**                        0.000000      36      0.000000  n, u
*MUX_OP_4_2_16_31                 0.000000       1      0.000000  s, u
*SELECT_OP_848.1_848.1_1          0.000000      16      0.000000  s, u
GTECH_AND2         gtech          0.000000    1868      0.000000  u
GTECH_BUF          gtech          0.000000       2      0.000000  u
GTECH_NOT          gtech          0.000000      10      0.000000  u
mac_cell                          0.000000       1      0.000000  h, n, u
-----------------------------------------------------------------------------
Total 7 references                                      0.000000

****************************************
Design: mac_cell 
****************************************
Reference          Library       Unit Area   Count    Total Area   Attributes
-----------------------------------------------------------------------------
**SEQGEN**                        0.000000     171      0.000000  n, u
*ADD_TC_OP_28_32_33               0.000000       1      0.000000  s, u
*ADD_TC_OP_64_32_64               0.000000       1      0.000000  s, u
*GT_TC_OP_16_1_1                  0.000000       1      0.000000  s, u
*GT_TC_OP_52_16_1                 0.000000       1      0.000000  s, u
*LT_TC_OP_52_16_1                 0.000000       1      0.000000  s, u
*MULT_TC_OP_16_16_32              0.000000       1      0.000000  s, u
*SELECT_OP_2.1_2.1_1              0.000000       1      0.000000  s, u
*SELECT_OP_2.64_2.1_64            0.000000       1      0.000000  s, u
*SELECT_OP_3.16_3.1_16            0.000000       2      0.000000  s, u
GTECH_AND2         gtech          0.000000       7      0.000000  u
GTECH_BUF          gtech          0.000000       7      0.000000  u
GTECH_NOT          gtech          0.000000       7      0.000000  u
GTECH_OR2          gtech          0.000000       2      0.000000  u
-----------------------------------------------------------------------------
Total 14 references                                     0.000000
1
