****************************************
Report : constraint
        -all_violators
        -max_capacitance
Design : nn_top
Version: W-2024.09-SP2
Date   : Tue May 12 18:31:31 2026
****************************************



   Mode: default Corner: default
   Scenario: default
   max_capacitance                                                             
                             Required        Actual                            
   Net                      Capacitance    Capacitance       Slack  Violation  
  ---------------------------------------------------------------------------
   n42568                       8.00           9.34          -1.34  (VIOLATED) 
     PIN : U42174/Y             8.00           9.34          -1.34  (VIOLATED) 

  ---------------------------------------------------------------------------
   Number of max_capacitance violation(s): 1

   Total number of violation(s): 1
1
