****************************************
Report : qor
Design : nn_top
Version: W-2024.09-SP2
Date   : Tue May 12 20:24:09 2026
****************************************
Information: The RC mode used is VR for design 'nn_top'. (NEX-022)
Information: Update timing completed net estimation for all the timing graph nets (TIM-111)
Information: Net estimation statistics: timing graph nets = 181898, routed nets = 0, across physical hierarchy nets = 0, parasitics cached nets = 181897, delay annotated nets = 0, parasitics annotated nets = 0, multi-voltage nets = 0. (TIM-112)


Scenario           'default'
Timing Path Group  '**in2reg_default**'
----------------------------------------
Levels of Logic:                      9
Critical Path Length:              2.35
Critical Path Slack:               7.51
Critical Path Clk Period:         10.00
Total Negative Slack:              0.00
No. of Violating Paths:               0
Worst Hold Violation:              0.00
Total Hold Violation:              0.00
No. of Hold Violations:               0
----------------------------------------

Scenario           'default'
Timing Path Group  '**reg2out_default**'
----------------------------------------
Levels of Logic:                      7
Critical Path Length:              0.94
Critical Path Slack:               7.96
Critical Path Clk Period:         10.00
Total Negative Slack:              0.00
No. of Violating Paths:               0
Worst Hold Violation:              0.00
Total Hold Violation:              0.00
No. of Hold Violations:               0
----------------------------------------

Scenario           'default'
Timing Path Group  'clk'
----------------------------------------
Levels of Logic:                     28
Critical Path Length:              4.58
Critical Path Slack:               5.10
Critical Path Clk Period:         10.00
Total Negative Slack:              0.00
No. of Violating Paths:               0
Worst Hold Violation:             -0.01
Total Hold Violation:             -0.89
No. of Hold Violations:             169
----------------------------------------


Cell Count
----------------------------------------
Hierarchical Cell Count:              0
Hierarchical Port Count:              0
Leaf Cell Count:                 175574
Buf/Inv Cell Count:               19336
Buf Cell Count:                    7168
Inv Cell Count:                   12168
Combinational Cell Count:        135915
   Single-bit Isolation Cell Count:                        0
   Multi-bit Isolation Cell Count:                         0
   Isolation Cell Banking Ratio:                           0.00%
   Single-bit Level Shifter Cell Count:                    0
   Multi-bit Level Shifter Cell Count:                     0
   Level Shifter Cell Banking Ratio:                       0.00%
   Single-bit ELS Cell Count:                              0
   Multi-bit ELS Cell Count:                               0
   ELS Cell Banking Ratio:                                 0.00%
Sequential Cell Count:            39659
   Integrated Clock-Gating Cell Count:                     0
   Sequential Macro Cell Count:                            0
   Single-bit Sequential Cell Count:                       39659
   Multi-bit Sequential Cell Count:                        0
   Sequential Cell Banking Ratio:                          0.00%
   BitsPerflop:                                            1.00
Macro Count:                          0
----------------------------------------


Area
----------------------------------------
Combinational Area:           330918.11
Noncombinational Area:        284539.11
Buf/Inv Area:                  30703.39
Total Buffer Area:             14799.06
Total Inverter Area:           15904.33
Macro/Black Box Area:              0.00
Net Area:                             0
Net XLength:                 3207273.30
Net YLength:                 3051174.55
----------------------------------------
Cell Area (netlist):                         615457.22
Cell Area (netlist and physical only):       615457.22
Net Length:                  6258447.84


Design Rules
----------------------------------------
Total Number of Nets:            181916
Nets with Violations:             21601
Max Trans Violations:              3262
Max Cap Violations:               21601
----------------------------------------

1
