****************************************
Report : Report drc errors
Design : route_pg_ladder_hold_eco_repair1_hold2_clean_occ1_electrical_eco_open1_route_repair2_electrical_eco_open2
Data   : zroute.err
Type   : detailed
Version: W-2024.09-SP2
Date   : Tue May 12 12:30:27 2026
****************************************

Error ID          : 0
Error Type        : Short
Error Layer       : M1 (11)
Number of errors  : 13
Description       :  -- 
Status            : error
Bbox              : {470.3510 95.0580} {470.4010 95.1180}

Error ID          : 1
Error Type        : Short
Error Layer       : M1 (11)
Number of errors  : 13
Description       :  -- 
Status            : error
Bbox              : {576.7510 302.3860} {576.8010 302.4460}

Error ID          : 5
Error Type        : Short
Error Layer       : M1 (11)
Number of errors  : 13
Description       :  -- 
Status            : error
Bbox              : {444.8200 908.5170} {444.9700 908.6670}

Error ID          : 6
Error Type        : Short
Error Layer       : M1 (11)
Number of errors  : 13
Description       :  -- 
Status            : error
Bbox              : {444.8200 908.5120} {444.9450 908.6720}

Error ID          : 7
Error Type        : Short
Error Layer       : M1 (11)
Number of errors  : 13
Description       :  -- 
Status            : error
Bbox              : {444.6130 909.1200} {444.7630 909.2800}

Error ID          : 8
Error Type        : Short
Error Layer       : M1 (11)
Number of errors  : 13
Description       :  -- 
Status            : error
Bbox              : {444.7650 908.9680} {444.9150 909.1280}

Error ID          : 9
Error Type        : Short
Error Layer       : M1 (11)
Number of errors  : 13
Description       :  -- 
Status            : error
Bbox              : {418.0130 932.2240} {418.1630 932.5310}

Error ID          : 10
Error Type        : Short
Error Layer       : M1 (11)
Number of errors  : 13
Description       :  -- 
Status            : error
Bbox              : {418.1650 932.3810} {418.3150 932.5310}

Error ID          : 11
Error Type        : Short
Error Layer       : M1 (11)
Number of errors  : 13
Description       :  -- 
Status            : error
Bbox              : {262.1110 1186.8740} {262.1610 1186.9340}

Error ID          : 12
Error Type        : Short
Error Layer       : M1 (11)
Number of errors  : 13
Description       :  -- 
Status            : error
Bbox              : {262.8210 1186.3680} {262.9710 1186.5280}

Error ID          : 14
Error Type        : Short
Error Layer       : M1 (11)
Number of errors  : 13
Description       :  -- 
Status            : error
Bbox              : {406.9170 1181.6610} {407.0670 1181.8110}

Error ID          : 17
Error Type        : Short
Error Layer       : M1 (11)
Number of errors  : 13
Description       :  -- 
Status            : error
Bbox              : {407.5250 1181.6610} {407.6750 1181.8110}

Error ID          : 18
Error Type        : Short
Error Layer       : M1 (11)
Number of errors  : 13
Description       :  -- 
Status            : error
Bbox              : {407.2210 1181.6610} {407.3710 1181.8110}

Error ID          : 2
Error Type        : Off-grid
Error Layer       : M1 (11)
Number of errors  : 3
Description       :  -- 
Status            : error
Bbox              : {123.7610 586.1910} {123.8710 586.2510}

Error ID          : 3
Error Type        : Off-grid
Error Layer       : M1 (11)
Number of errors  : 3
Description       :  -- 
Status            : error
Bbox              : {491.4490 594.0030} {491.5590 594.0630}

Error ID          : 4
Error Type        : Off-grid
Error Layer       : M1 (11)
Number of errors  : 3
Description       :  -- 
Status            : error
Bbox              : {427.4570 901.8740} {427.5670 901.9340}

Error ID          : 13
Error Type        : End of line enclosure
Error Layer       : M1 (11)-CO (28)
Number of errors  : 1
Description       :  -- 
Status            : error
Bbox              : {406.9360 1181.7110} {407.0130 1181.7610}

Error ID          : 15
Error Type        : Less than minimum enclosed area
Error Layer       : M1 (11)
Number of errors  : 2
Description       :  -- 
Status            : error
Bbox              : {407.1680 1181.5020} {407.4240 1181.7120}

Error ID          : 16
Error Type        : Less than minimum enclosed area
Error Layer       : M1 (11)
Number of errors  : 2
Description       :  -- 
Status            : error
Bbox              : {407.4720 1181.5020} {407.7280 1181.7120}

1
