****************************************
Report : Report drc errors
Design : route_pg_ladder_hold_eco_repair1_hold2_clean_occ1_electrical_eco_open1_route_repair2_electrical_eco_open2
Data   : zroute.err
Type   : error_type
Version: W-2024.09-SP2
Date   : Tue May 12 12:30:27 2026
****************************************

ErrorSet                                    Total   Visible     Fixed   Ignored
--------------------------------------------------------------------------------
Design : route_pg_ladder_hold_eco_repair1_hold2_clean_occ1_electrical_eco_open1_route_repair2_electrical_eco_open2 19 19 0 0
      Data : zroute.err                     19      19          0       0
            End of line enclosure           1       1           0       0
                M1 (11)-CO (28)             1       1           0       0
            Less than minimum enclosed area 2       2           0       0
                M1 (11)                     2       2           0       0
            Off-grid                        3       3           0       0
                M1 (11)                     3       3           0       0
            Short                           13      13          0       0
                M1 (11)                     13      13          0       0
1
