****************************************
Report : constraint
        -all_violators
        -max_transition
Design : nn_top
Version: W-2024.09-SP2
Date   : Tue May 12 17:10:34 2026
****************************************



   Mode: default Corner: default
   Scenario: default
   max_transition                                                              
                             Required        Actual                            
   Net                      Transition     Transition        Slack  Violation  
  ---------------------------------------------------------------------------
   ZBUF_9_3259                  0.05           0.07          -0.02  (VIOLATED) 
     PIN : ZBUF_9_inst_26029/Y
                                0.05           0.07          -0.02  (VIOLATED) 

   ZBUF_1915_3010               0.05           0.07          -0.01  (VIOLATED) 
     PIN : ZBUF_1915_inst_21190/Y
                                0.05           0.07          -0.01  (VIOLATED) 

   ZBUF_1505_3340               0.05           0.06          -0.00  (VIOLATED) 
     PIN : ZBUF_1505_inst_27809/Y
                                0.05           0.06          -0.00  (VIOLATED) 

   ZBUF_141_2545                0.05           0.06          -0.00  (VIOLATED) 
     PIN : ZBUF_141_inst_15695/Y
                                0.05           0.06          -0.00  (VIOLATED) 

   ZBUF_32_3257                 0.05           0.05          -0.00  (VIOLATED) 
     PIN : ZBUF_32_inst_26006/Y
                                0.05           0.05          -0.00  (VIOLATED) 

   ZBUF_135_2067                0.05           0.05          -0.00  (VIOLATED) 
     PIN : ZBUF_135_inst_13481/Y
                                0.05           0.05          -0.00  (VIOLATED) 

   ZBUF_202_3123                0.05           0.05          -0.00  (VIOLATED) 
     PIN : ZBUF_202_inst_23352/Y
                                0.05           0.05          -0.00  (VIOLATED) 

   ZBUF_59_2520                 0.05           0.05          -0.00  (VIOLATED) 
     PIN : ZBUF_59_inst_14938/Y
                                0.05           0.05          -0.00  (VIOLATED) 

  ---------------------------------------------------------------------------
   Number of max_transition violation(s): 8

   Total number of violation(s): 8
1
