Cell Min-Routing-Layer = M1
Cell Max-Routing-Layer = M8
Turn off antenna since no rule is specified
Information: Option route.detail.force_end_on_preferred_grid will be ignored since none of the layers have preferred grid. (ZRT-703)
Warning: Cannot find a default contact code for layer CO. (ZRT-022)
Warning: Port VDD of cell route_eco_offgrid1 is unplaced.  This may impact routing result. (ZRT-740)
Warning: Port VSS of cell route_eco_offgrid1 is unplaced.  This may impact routing result. (ZRT-740)
Warning: Ignore 2 top cell ports with no pins. (ZRT-027)
Info: number of net_type_blockage: 0 
Information: Via ladder engine would be activated for pattern must join connection in certain commands. Please refer to man-page for the command list. (ZRT-619)
Information: When applicable Min-max layer allow_pin_connection mode will allow paths of length 5.32 outside the layer range. (ZRT-707)
Information: When applicable Min-max layer allow_pin_connection mode will allow paths of length 5.32 outside the layer range on clock nets. (ZRT-718)
Information: When applicable layer based tapering will taper up to 0.00 in distance from the pin. (ZRT-706)
Warning: Standard cell pin MUX41X2_RVT/S0 has no valid via regions. (ZRT-044)


Start checking for open nets ... 

net(act_ram[861][0]) has floating ports (dbId = 13853 idx_ = 13853 numNodes = 5 numEdges = 3 numCmps = 2)
net(n17001) has floating ports (dbId = 31837 idx_ = 31837 numNodes = 3 numEdges = 1 numCmps = 2)
net(n78423) has floating ports (dbId = 130455 idx_ = 130455 numNodes = 3 numEdges = 1 numCmps = 2)
net(ZCTSNET_995) has floating ports (dbId = 182911 idx_ = 182909 numNodes = 99 numEdges = 97 numCmps = 2)
Total number of nets = 213233, of which 0 are not extracted
Total number of open nets = 4, of which 0 are frozen

Check 213233 nets, 4 have Errors

[CHECK OPEN NETS] Elapsed real time: 0:00:00 
[CHECK OPEN NETS] Elapsed cpu  time: sys=0:00:00 usr=0:00:00 total=0:00:00
[CHECK OPEN NETS] Stage (MB): Used    0  Alloctr    0  Proc    0 
[CHECK OPEN NETS] Total (MB): Used  454  Alloctr  456  Proc 5741 
Printing options for 'route.common.*'
common.eco_route_fix_existing_drc                       :	 true                

Printing options for 'route.detail.*'
detail.antenna                                          :	 true                
detail.generate_extra_off_grid_pin_tracks               :	 true                

Printing options for 'route.auto_via_ladder.*'


Begin full DRC check ...

Information: Using 1 threads for routing. (ZRT-444)
Checked	22/361 Partitions, Violations =	0
Checked	23/361 Partitions, Violations =	0
Checked	28/361 Partitions, Violations =	0
Checked	42/361 Partitions, Violations =	0
Checked	56/361 Partitions, Violations =	0
Checked	70/361 Partitions, Violations =	0
Checked	84/361 Partitions, Violations =	0
Checked	98/361 Partitions, Violations =	0
Checked	112/361 Partitions, Violations =	0
Checked	126/361 Partitions, Violations =	7
Checked	140/361 Partitions, Violations =	7
Checked	154/361 Partitions, Violations =	7
Checked	168/361 Partitions, Violations =	7
Checked	182/361 Partitions, Violations =	7
Checked	196/361 Partitions, Violations =	7
Checked	210/361 Partitions, Violations =	7
Checked	224/361 Partitions, Violations =	7
Checked	238/361 Partitions, Violations =	7
Checked	252/361 Partitions, Violations =	7
Checked	266/361 Partitions, Violations =	7
Checked	280/361 Partitions, Violations =	7
Checked	294/361 Partitions, Violations =	14
Checked	308/361 Partitions, Violations =	14
Checked	322/361 Partitions, Violations =	14
Checked	336/361 Partitions, Violations =	14
Checked	350/361 Partitions, Violations =	14
[DRC CHECK] Elapsed real time: 0:01:32 
[DRC CHECK] Elapsed cpu  time: sys=0:00:00 usr=0:01:32 total=0:01:33
[DRC CHECK] Stage (MB): Used    3  Alloctr    3  Proc    0 
[DRC CHECK] Total (MB): Used  579  Alloctr  583  Proc 5741 
Warning: No antenna rules defined, Skip antenna analysis. (ZRT-309)
Information: Merged away 3 aligned/redundant DRCs. (ZRT-305)

DRC-SUMMARY:
	@@@@@@@ TOTAL VIOLATIONS =	11
	Less than minimum area : 3
	Off-grid : 2
	Same net spacing : 1
	Short : 5


Total Wire Length =                    7029170 micron
Total Number of Contacts =             2146167
Total Number of Wires =                2080647
Total Number of PtConns =              317824
Total Number of Routed Wires =       2080074
Total Routed Wire Length =           6993577 micron
Total Number of Routed Contacts =       2146167
	Layer               M1 :     146757 micron
	Layer               M2 :    2063567 micron
	Layer               M3 :    1913206 micron
	Layer               M4 :    1178112 micron
	Layer               M5 :     969559 micron
	Layer               M6 :     363224 micron
	Layer               M7 :     299508 micron
	Layer               M8 :      59606 micron
	Layer               M9 :         38 micron
	Layer             MRDL :          0 micron
	Via       VIA89_C(rot) :         16
	Via          VIA78SQ_C :       1906
	Via      VIA78SQ_C_2x1 :          1
	Via     VIA67SQ_C(rot) :      18097
	Via          VIA56SQ_C :      29339
	Via          VIA45SQ_C :          4
	Via     VIA45SQ_C(rot) :     133246
	Via          VIA34SQ_C :     197187
	Via     VIA34SQ_C(rot) :       1434
	Via          VIA23SQ_C :      11936
	Via     VIA23SQ_C(rot) :     896797
	Via          VIA12SQ_C :     826050
	Via     VIA12SQ_C(rot) :      30027
	Via      VIA12SQ_C_2x1 :         49
	Via      VIA12SQ_C_1x2 :         69
	Via        VIA12SQ_2x1 :          1
	Via   VIA12SQ(rot)_1x2 :          2
	Via   VIA12SQ(rot)_2x1 :          1
	Via        VIA12SQ_1x2 :          5

 
Redundant via conversion report:
--------------------------------

  Total optimized via conversion rate =  0.01% (128 / 2146167 vias)
 
    Layer VIA1       =  0.01% (127    / 856204  vias)
        Weight 1     =  0.01% (127     vias)
        Un-optimized =  0.00% (0       vias)
        Un-mapped    = 99.99% (856077  vias)
    Layer VIA2       =  0.00% (0      / 908733  vias)
        Un-optimized =  0.00% (0       vias)
        Un-mapped    = 100.00% (908733  vias)
    Layer VIA3       =  0.00% (0      / 198621  vias)
        Un-optimized =  0.00% (0       vias)
        Un-mapped    = 100.00% (198621  vias)
    Layer VIA4       =  0.00% (0      / 133250  vias)
        Un-optimized =  0.00% (0       vias)
        Un-mapped    = 100.00% (133250  vias)
    Layer VIA5       =  0.00% (0      / 29339   vias)
        Un-optimized =  0.00% (0       vias)
        Un-mapped    = 100.00% (29339   vias)
    Layer VIA6       =  0.00% (0      / 18097   vias)
        Un-optimized =  0.00% (0       vias)
        Un-mapped    = 100.00% (18097   vias)
    Layer VIA7       =  0.05% (1      / 1907    vias)
        Weight 1     =  0.05% (1       vias)
        Un-optimized =  0.00% (0       vias)
        Un-mapped    = 99.95% (1906    vias)
    Layer VIA8       =  0.00% (0      / 16      vias)
        Un-optimized =  0.00% (0       vias)
        Un-mapped    = 100.00% (16      vias)
 
  Total double via conversion rate    =  0.01% (128 / 2146167 vias)
 
    Layer VIA1       =  0.01% (127    / 856204  vias)
    Layer VIA2       =  0.00% (0      / 908733  vias)
    Layer VIA3       =  0.00% (0      / 198621  vias)
    Layer VIA4       =  0.00% (0      / 133250  vias)
    Layer VIA5       =  0.00% (0      / 29339   vias)
    Layer VIA6       =  0.00% (0      / 18097   vias)
    Layer VIA7       =  0.05% (1      / 1907    vias)
    Layer VIA8       =  0.00% (0      / 16      vias)
 
  The optimized via conversion rate based on total routed via count =  0.01% (128 / 2146167 vias)
 
    Layer VIA1       =  0.01% (127    / 856204  vias)
        Weight 1     =  0.01% (127     vias)
        Un-optimized =  0.00% (0       vias)
        Un-mapped    = 99.99% (856077  vias)
    Layer VIA2       =  0.00% (0      / 908733  vias)
        Un-optimized =  0.00% (0       vias)
        Un-mapped    = 100.00% (908733  vias)
    Layer VIA3       =  0.00% (0      / 198621  vias)
        Un-optimized =  0.00% (0       vias)
        Un-mapped    = 100.00% (198621  vias)
    Layer VIA4       =  0.00% (0      / 133250  vias)
        Un-optimized =  0.00% (0       vias)
        Un-mapped    = 100.00% (133250  vias)
    Layer VIA5       =  0.00% (0      / 29339   vias)
        Un-optimized =  0.00% (0       vias)
        Un-mapped    = 100.00% (29339   vias)
    Layer VIA6       =  0.00% (0      / 18097   vias)
        Un-optimized =  0.00% (0       vias)
        Un-mapped    = 100.00% (18097   vias)
    Layer VIA7       =  0.05% (1      / 1907    vias)
        Weight 1     =  0.05% (1       vias)
        Un-optimized =  0.00% (0       vias)
        Un-mapped    = 99.95% (1906    vias)
    Layer VIA8       =  0.00% (0      / 16      vias)
        Un-optimized =  0.00% (0       vias)
        Un-mapped    = 100.00% (16      vias)
 


Verify Summary:

Total number of nets = 213233, of which 0 are not extracted
Total number of open nets = 4, of which 0 are frozen
Total number of excluded ports = 0 ports of 0 unplaced cells connected to 0 nets
                                 0 ports without pins of 0 cells connected to 0 nets
                                 0 ports of 0 cover cells connected to 0 non-pg nets
Total number of DRCs = 11
Total number of antenna violations = no antenna rules defined
Total number of tie to rail violations = not checked
Total number of tie to rail directly violations = not checked


