****************************************
Report : Report drc errors
Design : route_seq_size_swap_dff2_oa1_move_u77942_xp152_pintrack
Data   : zroute.err
Type   : detailed
Version: W-2024.09-SP2
Date   : Mon May 11 17:25:54 2026
****************************************

Error ID          : 0
Error Type        : Diff net spacing
Error Layer       : M6 (21)
Number of errors  : 2
Description       :  -- 
Status            : error
Bbox              : {55.1800 867.5930} {55.2660 867.8150}

Error ID          : 1
Error Type        : Diff net spacing
Error Layer       : M6 (21)
Number of errors  : 2
Description       :  -- 
Status            : error
Bbox              : {55.1800 867.6180} {55.2910 867.7900}

1
