****************************************
Report : Report drc errors
Design : route_pg_ladder_hold_eco_repair1_hold2_clean_occ1_electrical_eco_open1_route_repair2_electrical_eco_open2_route_repair1_hold_m0_electrical_occ1
Data   : zroute.err
Type   : detailed
Version: W-2024.09-SP2
Date   : Tue May 12 13:49:27 2026
****************************************

Error ID          : 0
Error Type        : Off-grid
Error Layer       : M1 (11)
Number of errors  : 2
Description       :  -- 
Status            : error
Bbox              : {294.9430 646.3670} {295.0670 646.4490}

Error ID          : 3
Error Type        : Off-grid
Error Layer       : M1 (11)
Number of errors  : 2
Description       :  -- 
Status            : error
Bbox              : {297.2230 957.2120} {297.3650 957.2620}

Error ID          : 1
Error Type        : Less than minimum area
Error Layer       : M2 (13)
Number of errors  : 2
Description       :  -- 
Status            : error
Bbox              : {278.9780 699.3850} {279.0380 699.4950}

Error ID          : 2
Error Type        : Less than minimum area
Error Layer       : M3 (15)
Number of errors  : 2
Description       :  -- 
Status            : error
Bbox              : {130.9050 868.4340} {131.0150 868.4940}

1
