Information: The command 'check_routes' cleared the undo history. (UNDO-016)
Cell Min-Routing-Layer = M1
Cell Max-Routing-Layer = M8
Turn off antenna since no rule is specified
Information: Option route.detail.force_end_on_preferred_grid will be ignored since none of the layers have preferred grid. (ZRT-703)
Warning: Cannot find a default contact code for layer CO. (ZRT-022)
Warning: Port VDD of cell cts is unplaced.  This may impact routing result. (ZRT-740)
Warning: Port VSS of cell cts is unplaced.  This may impact routing result. (ZRT-740)
Warning: Ignore 2 top cell ports with no pins. (ZRT-027)
Info: number of net_type_blockage: 0 
Information: Via ladder engine would be activated for pattern must join connection in certain commands. Please refer to man-page for the command list. (ZRT-619)
Information: When applicable Min-max layer allow_pin_connection mode will allow paths of length 5.32 outside the layer range. (ZRT-707)
Information: When applicable Min-max layer allow_pin_connection mode will allow paths of length 5.32 outside the layer range on clock nets. (ZRT-718)
Information: When applicable layer based tapering will taper up to 0.00 in distance from the pin. (ZRT-706)
Warning: Standard cell pin MUX41X2_RVT/S0 has no valid via regions. (ZRT-044)


Start checking for open nets ... 

Total number of nets = 213233, of which 0 are not extracted
Total number of open nets = 0, of which 0 are frozen

Check 213233 nets, 0 have Errors

[CHECK OPEN NETS] Elapsed real time: 0:00:00 
[CHECK OPEN NETS] Elapsed cpu  time: sys=0:00:00 usr=0:00:00 total=0:00:00
[CHECK OPEN NETS] Stage (MB): Used    0  Alloctr    0  Proc    0 
[CHECK OPEN NETS] Total (MB): Used  454  Alloctr  456  Proc 5405 
Printing options for 'route.common.*'

Printing options for 'route.detail.*'

Printing options for 'route.auto_via_ladder.*'


Begin full DRC check ...

Information: Using 1 threads for routing. (ZRT-444)
Checked	22/361 Partitions, Violations =	3
Checked	23/361 Partitions, Violations =	3
Checked	28/361 Partitions, Violations =	5
Checked	42/361 Partitions, Violations =	8
Checked	56/361 Partitions, Violations =	8
Checked	70/361 Partitions, Violations =	17
Checked	84/361 Partitions, Violations =	24
Checked	98/361 Partitions, Violations =	27
Checked	112/361 Partitions, Violations =	28
Checked	126/361 Partitions, Violations =	30
Checked	140/361 Partitions, Violations =	30
Checked	154/361 Partitions, Violations =	34
Checked	168/361 Partitions, Violations =	34
Checked	182/361 Partitions, Violations =	35
Checked	196/361 Partitions, Violations =	40
Checked	210/361 Partitions, Violations =	44
Checked	224/361 Partitions, Violations =	46
Checked	238/361 Partitions, Violations =	48
Checked	252/361 Partitions, Violations =	48
Checked	266/361 Partitions, Violations =	48
Checked	280/361 Partitions, Violations =	48
Checked	294/361 Partitions, Violations =	51
Checked	308/361 Partitions, Violations =	51
Checked	322/361 Partitions, Violations =	59
Checked	336/361 Partitions, Violations =	60
Checked	350/361 Partitions, Violations =	60
[DRC CHECK] Elapsed real time: 0:01:33 
[DRC CHECK] Elapsed cpu  time: sys=0:00:01 usr=0:01:33 total=0:01:34
[DRC CHECK] Stage (MB): Used    3  Alloctr    3  Proc   35 
[DRC CHECK] Total (MB): Used  579  Alloctr  583  Proc 5440 
Warning: No antenna rules defined, Skip antenna analysis. (ZRT-309)
Information: Merged away 2 aligned/redundant DRCs. (ZRT-305)

DRC-SUMMARY:
	@@@@@@@ TOTAL VIOLATIONS =	59
	Diff net spacing : 1
	Off-grid : 57
	Short : 1


Total Wire Length =                    7029807 micron
Total Number of Contacts =             2149147
Total Number of Wires =                2089853
Total Number of PtConns =              316996
Total Number of Routed Wires =       2089259
Total Routed Wire Length =           6994364 micron
Total Number of Routed Contacts =       2149147
	Layer                 M1 :     143647 micron
	Layer                 M2 :    2062407 micron
	Layer                 M3 :    1913335 micron
	Layer                 M4 :    1182575 micron
	Layer                 M5 :     970009 micron
	Layer                 M6 :     363486 micron
	Layer                 M7 :     299727 micron
	Layer                 M8 :      59142 micron
	Layer                 M9 :         38 micron
	Layer               MRDL :          0 micron
	Via         VIA89_C(rot) :         16
	Via            VIA78SQ_C :       1906
	Via        VIA78SQ_C_2x1 :          1
	Via       VIA67SQ_C(rot) :      18066
	Via            VIA56SQ_C :      29299
	Via            VIA45SQ_C :          7
	Via       VIA45SQ_C(rot) :     133314
	Via            VIA34SQ_C :     198325
	Via       VIA34SQ_C(rot) :       1413
	Via            VIA23SQ_C :      12155
	Via       VIA23SQ_C(rot) :     898642
	Via            VIA12SQ_C :     822865
	Via       VIA12SQ_C(rot) :      33004
	Via        VIA12SQ_C_2x1 :         30
	Via   VIA12SQ_C(rot)_2x1 :          1
	Via        VIA12SQ_C_1x2 :         99
	Via     VIA12SQ(rot)_1x2 :          1
	Via     VIA12SQ(rot)_2x1 :          1
	Via          VIA12SQ_1x2 :          2

 
Redundant via conversion report:
--------------------------------

  Total optimized via conversion rate =  0.01% (135 / 2149147 vias)
 
    Layer VIA1       =  0.02% (134    / 856003  vias)
        Weight 1     =  0.02% (134     vias)
        Un-optimized =  0.00% (0       vias)
        Un-mapped    = 99.98% (855869  vias)
    Layer VIA2       =  0.00% (0      / 910797  vias)
        Un-optimized =  0.00% (0       vias)
        Un-mapped    = 100.00% (910797  vias)
    Layer VIA3       =  0.00% (0      / 199738  vias)
        Un-optimized =  0.00% (0       vias)
        Un-mapped    = 100.00% (199738  vias)
    Layer VIA4       =  0.00% (0      / 133321  vias)
        Un-optimized =  0.00% (0       vias)
        Un-mapped    = 100.00% (133321  vias)
    Layer VIA5       =  0.00% (0      / 29299   vias)
        Un-optimized =  0.00% (0       vias)
        Un-mapped    = 100.00% (29299   vias)
    Layer VIA6       =  0.00% (0      / 18066   vias)
        Un-optimized =  0.00% (0       vias)
        Un-mapped    = 100.00% (18066   vias)
    Layer VIA7       =  0.05% (1      / 1907    vias)
        Weight 1     =  0.05% (1       vias)
        Un-optimized =  0.00% (0       vias)
        Un-mapped    = 99.95% (1906    vias)
    Layer VIA8       =  0.00% (0      / 16      vias)
        Un-optimized =  0.00% (0       vias)
        Un-mapped    = 100.00% (16      vias)
 
  Total double via conversion rate    =  0.01% (135 / 2149147 vias)
 
    Layer VIA1       =  0.02% (134    / 856003  vias)
    Layer VIA2       =  0.00% (0      / 910797  vias)
    Layer VIA3       =  0.00% (0      / 199738  vias)
    Layer VIA4       =  0.00% (0      / 133321  vias)
    Layer VIA5       =  0.00% (0      / 29299   vias)
    Layer VIA6       =  0.00% (0      / 18066   vias)
    Layer VIA7       =  0.05% (1      / 1907    vias)
    Layer VIA8       =  0.00% (0      / 16      vias)
 
  The optimized via conversion rate based on total routed via count =  0.01% (135 / 2149147 vias)
 
    Layer VIA1       =  0.02% (134    / 856003  vias)
        Weight 1     =  0.02% (134     vias)
        Un-optimized =  0.00% (0       vias)
        Un-mapped    = 99.98% (855869  vias)
    Layer VIA2       =  0.00% (0      / 910797  vias)
        Un-optimized =  0.00% (0       vias)
        Un-mapped    = 100.00% (910797  vias)
    Layer VIA3       =  0.00% (0      / 199738  vias)
        Un-optimized =  0.00% (0       vias)
        Un-mapped    = 100.00% (199738  vias)
    Layer VIA4       =  0.00% (0      / 133321  vias)
        Un-optimized =  0.00% (0       vias)
        Un-mapped    = 100.00% (133321  vias)
    Layer VIA5       =  0.00% (0      / 29299   vias)
        Un-optimized =  0.00% (0       vias)
        Un-mapped    = 100.00% (29299   vias)
    Layer VIA6       =  0.00% (0      / 18066   vias)
        Un-optimized =  0.00% (0       vias)
        Un-mapped    = 100.00% (18066   vias)
    Layer VIA7       =  0.05% (1      / 1907    vias)
        Weight 1     =  0.05% (1       vias)
        Un-optimized =  0.00% (0       vias)
        Un-mapped    = 99.95% (1906    vias)
    Layer VIA8       =  0.00% (0      / 16      vias)
        Un-optimized =  0.00% (0       vias)
        Un-mapped    = 100.00% (16      vias)
 


Verify Summary:

Total number of nets = 213233, of which 0 are not extracted
Total number of open nets = 0, of which 0 are frozen
Total number of excluded ports = 0 ports of 0 unplaced cells connected to 0 nets
                                 0 ports without pins of 0 cells connected to 0 nets
                                 0 ports of 0 cover cells connected to 0 non-pg nets
Total number of DRCs = 59
Total number of antenna violations = no antenna rules defined
Total number of tie to rail violations = not checked
Total number of tie to rail directly violations = not checked


