****************************************
Report : clock timing
        -type latency
        -launch
        -nworst 20
        -setup
Design : nn_top
Version: W-2024.09-SP2
Date   : Tue May 12 20:44:36 2026
****************************************

  Mode: default
  Clock: clk

                                                 --- Latency ---
  Clock Pin                             Trans   Source   Offset  Network    Total            Corner
---------------------------------------------------------------------------------------------------
  u_input_fifo/fifo_buf_reg[169][10]/CLK
                                         0.05     0.00       --     0.35     0.35 rp-+      default
  u_input_fifo/fifo_buf_reg[202][14]/CLK
                                         0.05     0.00       --     0.35     0.35 rp-+      default
  u_input_fifo/fifo_buf_reg[170][2]/CLK
                                         0.05     0.00       --     0.35     0.35 rp-+      default
  u_input_fifo/fifo_buf_reg[202][3]/CLK
                                         0.05     0.00       --     0.35     0.35 rp-+      default
  u_input_fifo/fifo_buf_reg[202][6]/CLK
                                         0.05     0.00       --     0.35     0.35 rp-+      default
  u_input_fifo/fifo_buf_reg[138][14]/CLK
                                         0.05     0.00       --     0.35     0.35 rp-+      default
  u_input_fifo/fifo_buf_reg[202][9]/CLK
                                         0.05     0.00       --     0.35     0.35 rp-+      default
  u_input_fifo/fifo_buf_reg[202][10]/CLK
                                         0.05     0.00       --     0.35     0.35 rp-+      default
  u_input_fifo/fifo_buf_reg[202][1]/CLK
                                         0.05     0.00       --     0.35     0.35 rp-+      default
  u_input_fifo/fifo_buf_reg[170][10]/CLK
                                         0.05     0.00       --     0.35     0.35 rp-+      default
  u_input_fifo/fifo_buf_reg[202][2]/CLK
                                         0.05     0.00       --     0.35     0.35 rp-+      default
  u_input_fifo/fifo_buf_reg[202][5]/CLK
                                         0.05     0.00       --     0.35     0.35 rp-+      default
  u_input_fifo/fifo_buf_reg[202][4]/CLK
                                         0.05     0.00       --     0.35     0.35 rp-+      default
  u_input_fifo/fifo_buf_reg[138][5]/CLK
                                         0.05     0.00       --     0.35     0.35 rp-+      default
  u_input_fifo/fifo_buf_reg[138][9]/CLK
                                         0.05     0.00       --     0.35     0.35 rp-+      default
  u_input_fifo/fifo_buf_reg[503][2]/CLK
                                         0.05     0.00       --     0.35     0.35 rp-+      default
  u_input_fifo/fifo_buf_reg[503][5]/CLK
                                         0.05     0.00       --     0.35     0.35 rp-+      default
  u_input_fifo/fifo_buf_reg[250][2]/CLK
                                         0.05     0.00       --     0.35     0.35 rp-+      default
  u_input_fifo/fifo_buf_reg[440][2]/CLK
                                         0.05     0.00       --     0.35     0.35 rp-+      default
  u_input_fifo/fifo_buf_reg[250][0]/CLK
                                         0.05     0.00       --     0.35     0.35 rp-+      default
---------------------------------------------------------------------------------------------------
1
