****************************************
Report : clock timing
        -type summary
Design : nn_top
Version: W-2024.09-SP2
Date   : Tue May 12 20:44:32 2026
****************************************

  Mode: default
  Clock: clk
                                                                                 Corner
---------------------------------------------------------------------------------------------------
  Maximum setup launch latency:
      u_input_fifo/fifo_buf_reg[202][1]/CLK                    0.35       rp-+    default

  Minimum setup capture latency:
      u_input_fifo/fifo_buf_reg[376][4]/CLK                    0.12       rp-+    default

  Minimum hold launch latency:
      u_input_fifo/fifo_buf_reg[376][4]/CLK                    0.12       rp-+    default

  Maximum hold capture latency:
      u_input_fifo/fifo_buf_reg[202][1]/CLK                    0.35       rp-+    default

  Maximum active transition:
      gen_mac_lanes[25].u_lane/weight_out_reg[4]/CLK           0.09       rp-+    default

  Minimum active transition:
      act_ram_reg[264][0]/CLK                                  0.02       rp-+    default

  Maximum setup skew:
      u_input_fifo/fifo_buf_reg[202][2]/CLK                               rp-+    default
      u_input_fifo/dout_reg[2]/CLK                             0.21       rp-+    default

  Maximum hold skew:
      u_input_fifo/rd_addr_reg[5]/CLK                                     rp-+    default
      u_input_fifo/fifo_buf_reg[202][1]/CLK                    0.19       rp-+    default


1
