Warning: Use -per_clock_root option along with -type latency option to split the reporting of a clock to per clock root, so that the clock trees associated with different root pins are reported separately
 Info: Initializing timer in CLOCK_SYN_REPORT_MODE
Information: The value of option cts.compile.enable_cell_relocation has been overridden to "leaf_only" to support latency-driven placement. (CTS-973)
****************************************
Report : clock qor
        -type latency
Design : nn_top
Version: W-2024.09-SP2
Date   : Tue May 12 20:44:22 2026
****************************************

Attributes
===========
M Master Clock
G Generated Clock
& Internal Generated Clock
U User Defined Skew Group
D Default Skew Group
* Generated Clock Balanced Separately

==============================================
==== Latency Reporting for Corner default ====
==============================================

============================================== Summary Table for Corner default ==============================================
Clock /                               Attrs     Sinks    Target    Global    Target       Max       Min    Median   Latency
Skew Group                                                 Skew      Skew   Latency   Latency   Latency   Latency   Std Dev
------------------------------------------------------------------------------------------------------------------------------
### Mode: default, Scenario: default
clk                                     M,D     39659      1.50      0.19        --      0.35      0.16      0.26      0.04
------------------------------------------------------------------------------------------------------------------------------
All Clocks                                      39659        --      0.19        --      0.35      0.16        --        --


  & = Offset derived from max_clock_tree_path / min_clock_tree_path
  r = latency reported is for a rising edge triggered event at the sink
  f = latency reported is for a falling edge triggered event at the sink


Showing 5 largest and 5 smallest datapoints per clock / skew group (L=largest, S=smallest)
========================================== Details Table for Corner default ==========================================
Clock /                                Sink                             Launch     Capture        Late       Early
Skew Group                             Name                            Latency     Latency      Offset      Offset
----------------------------------------------------------------------------------------------------------------------
### Mode: default, Scenario: default
clk
                                   L   u_input_fifo/fifo_buf_reg[169][10]/CLK
                                                                          0.35 r      0.35 r        --          --
                                   L   u_input_fifo/fifo_buf_reg[202][14]/CLK
                                                                          0.35 r      0.35 r        --          --
                                   L   u_input_fifo/fifo_buf_reg[170][2]/CLK
                                                                          0.35 r      0.35 r        --          --
                                   L   u_input_fifo/fifo_buf_reg[202][3]/CLK
                                                                          0.35 r      0.35 r        --          --
                                   L   u_input_fifo/fifo_buf_reg[202][6]/CLK
                                                                          0.35 r      0.35 r        --          --
                                   S   u_input_fifo/fifo_buf_reg[312][4]/CLK
                                                                          0.16 r      0.16 r        --          --
                                   S   u_input_fifo/fifo_buf_reg[376][4]/CLK
                                                                          0.16 r      0.16 r        --          --
                                   S   gen_mac_lanes[2].u_lane/u_mac/acc_reg[33]/CLK
                                                                          0.16 r      0.16 r        --          --
                                   S   gen_mac_lanes[12].u_lane/u_mac/bias_r_reg[8]/CLK
                                                                          0.16 r      0.16 r        --          --
                                   S   gen_mac_lanes[2].u_lane/u_mac/acc_reg[32]/CLK
                                                                          0.16 r      0.16 r        --          --


1
