****************************************
Report : qor
Design : nn_top
Version: W-2024.09-SP2
Date   : Tue May 12 20:44:39 2026
****************************************


Scenario           'default'
Timing Path Group  '**in2reg_default**'
----------------------------------------
Levels of Logic:                     15
Critical Path Length:              2.15
Critical Path Slack:               7.61
Critical Path Clk Period:         10.00
Total Negative Slack:              0.00
No. of Violating Paths:               0
Worst Hold Violation:              0.00
Total Hold Violation:              0.00
No. of Hold Violations:               0
----------------------------------------

Scenario           'default'
Timing Path Group  '**reg2out_default**'
----------------------------------------
Levels of Logic:                     10
Critical Path Length:              0.68
Critical Path Slack:               8.18
Critical Path Clk Period:         10.00
Total Negative Slack:              0.00
No. of Violating Paths:               0
Worst Hold Violation:              0.00
Total Hold Violation:              0.00
No. of Hold Violations:               0
----------------------------------------

Scenario           'default'
Timing Path Group  'clk'
----------------------------------------
Levels of Logic:                     69
Critical Path Length:              4.40
Critical Path Slack:               5.38
Critical Path Clk Period:         10.00
Total Negative Slack:              0.00
No. of Violating Paths:               0
Worst Hold Violation:             -0.12
Total Hold Violation:           -238.30
No. of Hold Violations:           22818
----------------------------------------


Cell Count
----------------------------------------
Hierarchical Cell Count:              0
Hierarchical Port Count:              0
Leaf Cell Count:                 206755
Buf/Inv Cell Count:               50517
Buf Cell Count:                   37385
Inv Cell Count:                   13132
Combinational Cell Count:        167096
   Single-bit Isolation Cell Count:                        0
   Multi-bit Isolation Cell Count:                         0
   Isolation Cell Banking Ratio:                           0.00%
   Single-bit Level Shifter Cell Count:                    0
   Multi-bit Level Shifter Cell Count:                     0
   Level Shifter Cell Banking Ratio:                       0.00%
   Single-bit ELS Cell Count:                              0
   Multi-bit ELS Cell Count:                               0
   ELS Cell Banking Ratio:                                 0.00%
Sequential Cell Count:            39659
   Integrated Clock-Gating Cell Count:                     0
   Sequential Macro Cell Count:                            0
   Single-bit Sequential Cell Count:                       39659
   Multi-bit Sequential Cell Count:                        0
   Sequential Cell Banking Ratio:                          0.00%
   BitsPerflop:                                            1.00
Macro Count:                          0
----------------------------------------


Area
----------------------------------------
Combinational Area:           488934.93
Noncombinational Area:        284539.11
Buf/Inv Area:                 187994.89
Total Buffer Area:            164970.97
Total Inverter Area:           23023.92
Macro/Black Box Area:              0.00
Net Area:                             0
Net XLength:                 3375074.73
Net YLength:                 3217982.65
----------------------------------------
Cell Area (netlist):                         773474.05
Cell Area (netlist and physical only):       773474.05
Net Length:                  6593057.38


Design Rules
----------------------------------------
Total Number of Nets:            213097
Nets with Violations:              1491
Max Trans Violations:               219
Max Cap Violations:                1444
----------------------------------------

1
