Cell Min-Routing-Layer = M1
Cell Max-Routing-Layer = M8
Turn off antenna since no rule is specified
Information: Option route.detail.force_end_on_preferred_grid will be ignored since none of the layers have preferred grid. (ZRT-703)
Warning: Cannot find a default contact code for layer CO. (ZRT-022)
Warning: Port VDD of cell route_pg_ladder_hold_eco_open_site_m0_route_repair1_hold2 is unplaced.  This may impact routing result. (ZRT-740)
Warning: Port VSS of cell route_pg_ladder_hold_eco_open_site_m0_route_repair1_hold2 is unplaced.  This may impact routing result. (ZRT-740)
Warning: Ignore 2 top cell ports with no pins. (ZRT-027)
Info: number of net_type_blockage: 0 
Information: Via ladder engine would be activated for pattern must join connection in certain commands. Please refer to man-page for the command list. (ZRT-619)
Information: When applicable Min-max layer allow_pin_connection mode will allow paths of length 5.32 outside the layer range. (ZRT-707)
Information: When applicable Min-max layer allow_pin_connection mode will allow paths of length 5.32 outside the layer range on clock nets. (ZRT-718)
Information: When applicable layer based tapering will taper up to 0.00 in distance from the pin. (ZRT-706)
Warning: Standard cell pin MUX41X2_RVT/S0 has no valid via regions. (ZRT-044)


Start checking for open nets ... 

net(u_input_fifo/n3412) has floating ports (dbId = 49586 idx_ = 49586 numNodes = 2 numEdges = 0 numCmps = 2)
net(net_PTECO_HOLD_NET95) has floating ports (dbId = 236927 idx_ = 181781 numNodes = 3 numEdges = 1 numCmps = 2)
net(ZCTSNET_434) has floating ports (dbId = 182350 idx_ = 182348 numNodes = 90 numEdges = 88 numCmps = 2)
net(eco_net_635_u_input_fifo/n3412) has floating ports (dbId = 213884 idx_ = 213882 numNodes = 2 numEdges = 0 numCmps = 2)
net(eco_net_1595_u_input_fifo/n3405) has floating ports (dbId = 214844 idx_ = 214842 numNodes = 3 numEdges = 1 numCmps = 2)
net(eco_net_1596_u_input_fifo/n3405) has floating ports (dbId = 214845 idx_ = 214843 numNodes = 2 numEdges = 0 numCmps = 2)
Total number of nets = 236919, of which 0 are not extracted
Total number of open nets = 6, of which 0 are frozen

Check 236919 nets, 6 have Errors

[CHECK OPEN NETS] Elapsed real time: 0:00:00 
[CHECK OPEN NETS] Elapsed cpu  time: sys=0:00:00 usr=0:00:00 total=0:00:00
[CHECK OPEN NETS] Stage (MB): Used    0  Alloctr    0  Proc    0 
[CHECK OPEN NETS] Total (MB): Used  483  Alloctr  486  Proc 5834 
Printing options for 'route.common.*'
common.eco_route_fix_existing_drc                       :	 true                

Printing options for 'route.detail.*'
detail.antenna                                          :	 true                
detail.generate_extra_off_grid_pin_tracks               :	 true                
detail.timing_driven                                    :	 false               

Printing options for 'route.auto_via_ladder.*'


Begin full DRC check ...

Information: Using 1 threads for routing. (ZRT-444)
Checked	22/361 Partitions, Violations =	0
Checked	23/361 Partitions, Violations =	0
Checked	28/361 Partitions, Violations =	0
Checked	42/361 Partitions, Violations =	0
Checked	56/361 Partitions, Violations =	0
Checked	70/361 Partitions, Violations =	0
Checked	84/361 Partitions, Violations =	0
Checked	98/361 Partitions, Violations =	0
Checked	112/361 Partitions, Violations =	0
Checked	126/361 Partitions, Violations =	0
Checked	140/361 Partitions, Violations =	0
Checked	154/361 Partitions, Violations =	0
Checked	168/361 Partitions, Violations =	0
Checked	182/361 Partitions, Violations =	0
Checked	196/361 Partitions, Violations =	0
Checked	210/361 Partitions, Violations =	0
Checked	224/361 Partitions, Violations =	0
Checked	238/361 Partitions, Violations =	0
Checked	252/361 Partitions, Violations =	0
Checked	266/361 Partitions, Violations =	0
Checked	280/361 Partitions, Violations =	0
Checked	294/361 Partitions, Violations =	0
Checked	308/361 Partitions, Violations =	0
Checked	322/361 Partitions, Violations =	0
Checked	336/361 Partitions, Violations =	0
Checked	350/361 Partitions, Violations =	0
[DRC CHECK] Elapsed real time: 0:01:40 
[DRC CHECK] Elapsed cpu  time: sys=0:00:01 usr=0:01:40 total=0:01:41
[DRC CHECK] Stage (MB): Used    3  Alloctr    3  Proc    0 
[DRC CHECK] Total (MB): Used  611  Alloctr  615  Proc 5834 
Warning: No antenna rules defined, Skip antenna analysis. (ZRT-309)

DRC-SUMMARY:
	@@@@@@@ TOTAL VIOLATIONS =	0


Total Wire Length =                    7299525 micron
Total Number of Contacts =             2275769
Total Number of Wires =                2230857
Total Number of PtConns =              336559
Total Number of Routed Wires =       2230105
Total Routed Wire Length =           7260516 micron
Total Number of Routed Contacts =       2275769
	Layer               M1 :     135346 micron
	Layer               M2 :    2163175 micron
	Layer               M3 :    2011324 micron
	Layer               M4 :    1219777 micron
	Layer               M5 :     999023 micron
	Layer               M6 :     367239 micron
	Layer               M7 :     304921 micron
	Layer               M8 :      59673 micron
	Layer               M9 :         38 micron
	Layer             MRDL :          0 micron
	Via       VIA89_C(rot) :         16
	Via          VIA78SQ_C :       1946
	Via      VIA78SQ_C_2x1 :          1
	Via     VIA67SQ_C(rot) :      19124
	Via          VIA56SQ_C :      31044
	Via          VIA45SQ_C :          7
	Via     VIA45SQ_C(rot) :     143457
	Via          VIA34SQ_C :     221034
	Via     VIA34SQ_C(rot) :       1717
	Via          VIA23SQ_C :      13026
	Via     VIA23SQ_C(rot) :     947265
	Via          VIA12SQ_C :     866073
	Via     VIA12SQ_C(rot) :      30932
	Via      VIA12SQ_C_2x1 :         49
	Via      VIA12SQ_C_1x2 :         69
	Via        VIA12SQ_2x1 :          1
	Via   VIA12SQ(rot)_1x2 :          2
	Via   VIA12SQ(rot)_2x1 :          1
	Via        VIA12SQ_1x2 :          5

 
Redundant via conversion report:
--------------------------------

  Total optimized via conversion rate =  0.01% (128 / 2275769 vias)
 
    Layer VIA1       =  0.01% (127    / 897132  vias)
        Weight 1     =  0.01% (127     vias)
        Un-optimized =  0.00% (0       vias)
        Un-mapped    = 99.99% (897005  vias)
    Layer VIA2       =  0.00% (0      / 960291  vias)
        Un-optimized =  0.00% (0       vias)
        Un-mapped    = 100.00% (960291  vias)
    Layer VIA3       =  0.00% (0      / 222751  vias)
        Un-optimized =  0.00% (0       vias)
        Un-mapped    = 100.00% (222751  vias)
    Layer VIA4       =  0.00% (0      / 143464  vias)
        Un-optimized =  0.00% (0       vias)
        Un-mapped    = 100.00% (143464  vias)
    Layer VIA5       =  0.00% (0      / 31044   vias)
        Un-optimized =  0.00% (0       vias)
        Un-mapped    = 100.00% (31044   vias)
    Layer VIA6       =  0.00% (0      / 19124   vias)
        Un-optimized =  0.00% (0       vias)
        Un-mapped    = 100.00% (19124   vias)
    Layer VIA7       =  0.05% (1      / 1947    vias)
        Weight 1     =  0.05% (1       vias)
        Un-optimized =  0.00% (0       vias)
        Un-mapped    = 99.95% (1946    vias)
    Layer VIA8       =  0.00% (0      / 16      vias)
        Un-optimized =  0.00% (0       vias)
        Un-mapped    = 100.00% (16      vias)
 
  Total double via conversion rate    =  0.01% (128 / 2275769 vias)
 
    Layer VIA1       =  0.01% (127    / 897132  vias)
    Layer VIA2       =  0.00% (0      / 960291  vias)
    Layer VIA3       =  0.00% (0      / 222751  vias)
    Layer VIA4       =  0.00% (0      / 143464  vias)
    Layer VIA5       =  0.00% (0      / 31044   vias)
    Layer VIA6       =  0.00% (0      / 19124   vias)
    Layer VIA7       =  0.05% (1      / 1947    vias)
    Layer VIA8       =  0.00% (0      / 16      vias)
 
  The optimized via conversion rate based on total routed via count =  0.01% (128 / 2275769 vias)
 
    Layer VIA1       =  0.01% (127    / 897132  vias)
        Weight 1     =  0.01% (127     vias)
        Un-optimized =  0.00% (0       vias)
        Un-mapped    = 99.99% (897005  vias)
    Layer VIA2       =  0.00% (0      / 960291  vias)
        Un-optimized =  0.00% (0       vias)
        Un-mapped    = 100.00% (960291  vias)
    Layer VIA3       =  0.00% (0      / 222751  vias)
        Un-optimized =  0.00% (0       vias)
        Un-mapped    = 100.00% (222751  vias)
    Layer VIA4       =  0.00% (0      / 143464  vias)
        Un-optimized =  0.00% (0       vias)
        Un-mapped    = 100.00% (143464  vias)
    Layer VIA5       =  0.00% (0      / 31044   vias)
        Un-optimized =  0.00% (0       vias)
        Un-mapped    = 100.00% (31044   vias)
    Layer VIA6       =  0.00% (0      / 19124   vias)
        Un-optimized =  0.00% (0       vias)
        Un-mapped    = 100.00% (19124   vias)
    Layer VIA7       =  0.05% (1      / 1947    vias)
        Weight 1     =  0.05% (1       vias)
        Un-optimized =  0.00% (0       vias)
        Un-mapped    = 99.95% (1946    vias)
    Layer VIA8       =  0.00% (0      / 16      vias)
        Un-optimized =  0.00% (0       vias)
        Un-mapped    = 100.00% (16      vias)
 


Verify Summary:

Total number of nets = 236919, of which 0 are not extracted
Total number of open nets = 6, of which 0 are frozen
Total number of excluded ports = 0 ports of 0 unplaced cells connected to 0 nets
                                 0 ports without pins of 0 cells connected to 0 nets
                                 0 ports of 0 cover cells connected to 0 non-pg nets
Total number of DRCs = 0
Total number of antenna violations = no antenna rules defined
Total number of tie to rail violations = not checked
Total number of tie to rail directly violations = not checked


