Information: The command 'check_routes' cleared the undo history. (UNDO-016)
NEX(Warning): extract.rc_techfile_for_diode_mode_26_thickness not set, will igonre it
Cell Min-Routing-Layer = M1
Cell Max-Routing-Layer = M8
Turn off antenna since no rule is specified
Information: Option route.detail.force_end_on_preferred_grid will be ignored since none of the layers have preferred grid. (ZRT-703)
Warning: Cannot find a default contact code for layer CO. (ZRT-022)
Warning: Port VDD of cell route_a20_esize4 is unplaced.  This may impact routing result. (ZRT-740)
Warning: Port VSS of cell route_a20_esize4 is unplaced.  This may impact routing result. (ZRT-740)
Warning: Ignore 2 top cell ports with no pins. (ZRT-027)
Info: number of net_type_blockage: 0 
Information: Via ladder engine would be activated for pattern must join connection in certain commands. Please refer to man-page for the command list. (ZRT-619)
Information: When applicable Min-max layer allow_pin_connection mode will allow paths of length 5.32 outside the layer range. (ZRT-707)
Information: When applicable Min-max layer allow_pin_connection mode will allow paths of length 5.32 outside the layer range on clock nets. (ZRT-718)
Information: When applicable layer based tapering will taper up to 0.00 in distance from the pin. (ZRT-706)
Warning: Standard cell pin MUX41X2_RVT/S0 has no valid via regions. (ZRT-044)


Start checking for open nets ... 

net(n20285) has floating ports (dbId = 77411 idx_ = 77411 numNodes = 7 numEdges = 5 numCmps = 2)
net(n31504) has floating ports (dbId = 87602 idx_ = 87602 numNodes = 3 numEdges = 1 numCmps = 2)
net(n31505) has floating ports (dbId = 87603 idx_ = 87603 numNodes = 3 numEdges = 1 numCmps = 2)
net(n31844) has floating ports (dbId = 87897 idx_ = 87897 numNodes = 3 numEdges = 1 numCmps = 2)
net(n33957) has floating ports (dbId = 89821 idx_ = 89821 numNodes = 9 numEdges = 7 numCmps = 2)
net(n39893) has floating ports (dbId = 95279 idx_ = 95279 numNodes = 3 numEdges = 1 numCmps = 2)
net(n42254) has floating ports (dbId = 97453 idx_ = 97453 numNodes = 3 numEdges = 1 numCmps = 2)
net(n42255) has floating ports (dbId = 97454 idx_ = 97454 numNodes = 3 numEdges = 1 numCmps = 2)
net(n42298) has floating ports (dbId = 97486 idx_ = 97486 numNodes = 3 numEdges = 1 numCmps = 2)
net(n42299) has floating ports (dbId = 97487 idx_ = 97487 numNodes = 4 numEdges = 1 numCmps = 3)
net(n42300) has floating ports (dbId = 97488 idx_ = 97488 numNodes = 5 numEdges = 3 numCmps = 2)
net(n42349) has floating ports (dbId = 97528 idx_ = 97528 numNodes = 7 numEdges = 5 numCmps = 2)
net(n42501) has floating ports (dbId = 97664 idx_ = 97664 numNodes = 3 numEdges = 1 numCmps = 2)
net(n42502) has floating ports (dbId = 97665 idx_ = 97665 numNodes = 3 numEdges = 1 numCmps = 2)
net(n42568) has floating ports (dbId = 97728 idx_ = 97728 numNodes = 7 numEdges = 4 numCmps = 3)
net(n52618) has floating ports (dbId = 106885 idx_ = 106885 numNodes = 3 numEdges = 1 numCmps = 2)
net(n52619) has floating ports (dbId = 106886 idx_ = 106886 numNodes = 3 numEdges = 1 numCmps = 2)
net(n52638) has floating ports (dbId = 106904 idx_ = 106904 numNodes = 5 numEdges = 3 numCmps = 2)
net(n67525) has floating ports (dbId = 120505 idx_ = 120505 numNodes = 5 numEdges = 3 numCmps = 2)
net(n67526) has floating ports (dbId = 120506 idx_ = 120506 numNodes = 3 numEdges = 1 numCmps = 2)
net(n67816) has floating ports (dbId = 120777 idx_ = 120777 numNodes = 3 numEdges = 1 numCmps = 2)
net(n67817) has floating ports (dbId = 120778 idx_ = 120778 numNodes = 3 numEdges = 1 numCmps = 2)
net(n67818) has floating ports (dbId = 120779 idx_ = 120779 numNodes = 3 numEdges = 1 numCmps = 2)
net(n67901) has floating ports (dbId = 120857 idx_ = 120857 numNodes = 5 numEdges = 3 numCmps = 2)
net(n67902) has floating ports (dbId = 120858 idx_ = 120858 numNodes = 3 numEdges = 1 numCmps = 2)
net(n67903) has floating ports (dbId = 120859 idx_ = 120859 numNodes = 3 numEdges = 1 numCmps = 2)
net(n67938) has floating ports (dbId = 120892 idx_ = 120892 numNodes = 3 numEdges = 1 numCmps = 2)
net(n68001) has floating ports (dbId = 120954 idx_ = 120954 numNodes = 9 numEdges = 7 numCmps = 2)
net(n68085) has floating ports (dbId = 121031 idx_ = 121031 numNodes = 5 numEdges = 3 numCmps = 2)
net(n132720) has floating ports (dbId = 169878 idx_ = 169878 numNodes = 21 numEdges = 18 numCmps = 3)
net(n135528) has floating ports (dbId = 172673 idx_ = 172673 numNodes = 9 numEdges = 7 numCmps = 2)
net(n136488) has floating ports (dbId = 173633 idx_ = 173633 numNodes = 34 numEdges = 32 numCmps = 2)
net(n136628) has floating ports (dbId = 173772 idx_ = 173772 numNodes = 3 numEdges = 1 numCmps = 2)
net(n136914) has floating ports (dbId = 174056 idx_ = 174056 numNodes = 33 numEdges = 31 numCmps = 2)
net(n137606) has floating ports (dbId = 174696 idx_ = 174696 numNodes = 14 numEdges = 13 numCmps = 2)
net(n137661) has floating ports (dbId = 174751 idx_ = 174751 numNodes = 55 numEdges = 53 numCmps = 2)
net(n137739) has floating ports (dbId = 174829 idx_ = 174829 numNodes = 47 numEdges = 45 numCmps = 2)
net(n137926) has floating ports (dbId = 175016 idx_ = 175016 numNodes = 7 numEdges = 5 numCmps = 2)
net(n138056) has floating ports (dbId = 175146 idx_ = 175146 numNodes = 3 numEdges = 1 numCmps = 2)
net(n139090) has floating ports (dbId = 176138 idx_ = 176138 numNodes = 25 numEdges = 23 numCmps = 2)
net(n139110) has floating ports (dbId = 176158 idx_ = 176158 numNodes = 56 numEdges = 54 numCmps = 2)
net(n139434) has floating ports (dbId = 176482 idx_ = 176482 numNodes = 27 numEdges = 25 numCmps = 2)
net(n140153) has floating ports (dbId = 177177 idx_ = 177177 numNodes = 33 numEdges = 31 numCmps = 2)
net(n140374) has floating ports (dbId = 177395 idx_ = 177395 numNodes = 7 numEdges = 5 numCmps = 2)
net(n140383) has floating ports (dbId = 177404 idx_ = 177404 numNodes = 3 numEdges = 1 numCmps = 2)
net(n149655) has floating ports (dbId = 181178 idx_ = 181178 numNodes = 7 numEdges = 5 numCmps = 2)
net(eco_net_6_n142205) has floating ports (dbId = 239144 idx_ = 181779 numNodes = 7 numEdges = 5 numCmps = 2)
net(ZBUF_291_83) has floating ports (dbId = 183993 idx_ = 183991 numNodes = 9 numEdges = 7 numCmps = 2)
net(ZBUF_244_92) has floating ports (dbId = 184201 idx_ = 184199 numNodes = 16 numEdges = 14 numCmps = 2)
net(ZBUF_985_1070) has floating ports (dbId = 188056 idx_ = 188054 numNodes = 21 numEdges = 19 numCmps = 2)
net(ZBUF_1155_1614) has floating ports (dbId = 191406 idx_ = 191404 numNodes = 8 numEdges = 5 numCmps = 3)
net(ZBUF_92_1626) has floating ports (dbId = 191648 idx_ = 191646 numNodes = 9 numEdges = 7 numCmps = 2)
net(ZBUF_273_2027) has floating ports (dbId = 194069 idx_ = 194067 numNodes = 14 numEdges = 12 numCmps = 2)
net(ZBUF_5798_2030) has floating ports (dbId = 194205 idx_ = 194203 numNodes = 17 numEdges = 15 numCmps = 2)
net(ZBUF_9_2381) has floating ports (dbId = 195659 idx_ = 195657 numNodes = 3 numEdges = 1 numCmps = 2)
net(ZBUF_721_2522) has floating ports (dbId = 196622 idx_ = 196620 numNodes = 15 numEdges = 13 numCmps = 2)
net(ZBUF_926_2527) has floating ports (dbId = 196713 idx_ = 196711 numNodes = 15 numEdges = 13 numCmps = 2)
net(ZBUF_194_2529) has floating ports (dbId = 196796 idx_ = 196794 numNodes = 11 numEdges = 9 numCmps = 2)
net(ZBUF_1347_2531) has floating ports (dbId = 196913 idx_ = 196911 numNodes = 11 numEdges = 9 numCmps = 2)
net(ZBUF_749_2535) has floating ports (dbId = 197045 idx_ = 197043 numNodes = 31 numEdges = 29 numCmps = 2)
net(ZBUF_105_2758) has floating ports (dbId = 199194 idx_ = 199192 numNodes = 9 numEdges = 7 numCmps = 2)
net(ZBUF_287_2921) has floating ports (dbId = 200830 idx_ = 200828 numNodes = 5 numEdges = 3 numCmps = 2)
net(ZBUF_657_2921) has floating ports (dbId = 200832 idx_ = 200830 numNodes = 11 numEdges = 9 numCmps = 2)
net(ZBUF_338_2924) has floating ports (dbId = 200974 idx_ = 200972 numNodes = 19 numEdges = 17 numCmps = 2)
net(ZBUF_478_2924) has floating ports (dbId = 200975 idx_ = 200973 numNodes = 10 numEdges = 9 numCmps = 2)
net(ZBUF_2_2994) has floating ports (dbId = 202215 idx_ = 202213 numNodes = 3 numEdges = 1 numCmps = 2)
net(ZBUF_3808_3066) has floating ports (dbId = 203771 idx_ = 203769 numNodes = 11 numEdges = 9 numCmps = 2)
net(ZBUF_2140_3429) has floating ports (dbId = 211057 idx_ = 211055 numNodes = 28 numEdges = 26 numCmps = 2)
net(ZBUF_5_3433) has floating ports (dbId = 211193 idx_ = 211191 numNodes = 3 numEdges = 1 numCmps = 2)
net(ZBUF_13_3433) has floating ports (dbId = 211194 idx_ = 211192 numNodes = 5 numEdges = 3 numCmps = 2)
net(eco_net_155_n140014) has floating ports (dbId = 237092 idx_ = 237090 numNodes = 15 numEdges = 13 numCmps = 2)
net(eco_net_192_n142207) has floating ports (dbId = 237129 idx_ = 237127 numNodes = 18 numEdges = 17 numCmps = 2)
net(eco_net_286_ZBUF_32_1072) has floating ports (dbId = 237223 idx_ = 237221 numNodes = 5 numEdges = 3 numCmps = 2)
net(eco_net_304_n138044) has floating ports (dbId = 237241 idx_ = 237239 numNodes = 11 numEdges = 9 numCmps = 2)
net(eco_net_308_n142210) has floating ports (dbId = 237245 idx_ = 237243 numNodes = 13 numEdges = 11 numCmps = 2)
net(eco_net_386_n142033) has floating ports (dbId = 237323 idx_ = 237321 numNodes = 15 numEdges = 13 numCmps = 2)
net(eco_net_468_ZBUF_4285_2533) has floating ports (dbId = 237405 idx_ = 237403 numNodes = 19 numEdges = 17 numCmps = 2)
net(eco_net_474_n22744) has floating ports (dbId = 237411 idx_ = 237409 numNodes = 17 numEdges = 15 numCmps = 2)
net(eco_net_484_n142228) has floating ports (dbId = 237421 idx_ = 237419 numNodes = 8 numEdges = 5 numCmps = 3)
net(eco_net_711_n55389) has floating ports (dbId = 237648 idx_ = 237646 numNodes = 27 numEdges = 25 numCmps = 2)
net(eco_net_1007_n139089) has floating ports (dbId = 237944 idx_ = 237942 numNodes = 13 numEdges = 11 numCmps = 2)
net(eco_net_1395_n142211) has floating ports (dbId = 238332 idx_ = 238330 numNodes = 9 numEdges = 7 numCmps = 2)
net(eco_net_36_ZBUF_444_3428) has floating ports (dbId = 239110 idx_ = 239108 numNodes = 23 numEdges = 21 numCmps = 2)
net(eco_net_5_n142251) has floating ports (dbId = 239118 idx_ = 239116 numNodes = 13 numEdges = 11 numCmps = 2)
net(eco_net_12_n142359) has floating ports (dbId = 239125 idx_ = 239123 numNodes = 5 numEdges = 3 numCmps = 2)
Total number of nets = 239138, of which 0 are not extracted
Total number of open nets = 85, of which 0 are frozen

Check 239138 nets, 85 have Errors

[CHECK OPEN NETS] Elapsed real time: 0:00:00 
[CHECK OPEN NETS] Elapsed cpu  time: sys=0:00:00 usr=0:00:00 total=0:00:00
[CHECK OPEN NETS] Stage (MB): Used    0  Alloctr    0  Proc    0 
[CHECK OPEN NETS] Total (MB): Used  487  Alloctr  489  Proc 5375 
Printing options for 'route.common.*'
common.eco_route_fix_existing_drc                       :	 true                

Printing options for 'route.detail.*'
detail.antenna                                          :	 true                
detail.generate_extra_off_grid_pin_tracks               :	 true                
detail.timing_driven                                    :	 false               

Printing options for 'route.auto_via_ladder.*'


Begin full DRC check ...

Information: Using 1 threads for routing. (ZRT-444)
Checked	22/361 Partitions, Violations =	0
Checked	23/361 Partitions, Violations =	0
Checked	28/361 Partitions, Violations =	0
Checked	42/361 Partitions, Violations =	0
Checked	56/361 Partitions, Violations =	170
Checked	70/361 Partitions, Violations =	170
Checked	84/361 Partitions, Violations =	170
Checked	98/361 Partitions, Violations =	170
Checked	112/361 Partitions, Violations =	170
Checked	126/361 Partitions, Violations =	170
Checked	140/361 Partitions, Violations =	170
Checked	154/361 Partitions, Violations =	170
Checked	168/361 Partitions, Violations =	170
Checked	182/361 Partitions, Violations =	170
Checked	196/361 Partitions, Violations =	170
Checked	210/361 Partitions, Violations =	170
Checked	224/361 Partitions, Violations =	170
Checked	238/361 Partitions, Violations =	170
Checked	252/361 Partitions, Violations =	170
Checked	266/361 Partitions, Violations =	170
Checked	280/361 Partitions, Violations =	170
Checked	294/361 Partitions, Violations =	170
Checked	308/361 Partitions, Violations =	170
Checked	322/361 Partitions, Violations =	170
Checked	336/361 Partitions, Violations =	170
Checked	350/361 Partitions, Violations =	283
[DRC CHECK] Elapsed real time: 0:01:42 
[DRC CHECK] Elapsed cpu  time: sys=0:00:01 usr=0:01:42 total=0:01:43
[DRC CHECK] Stage (MB): Used    3  Alloctr    3  Proc  189 
[DRC CHECK] Total (MB): Used  615  Alloctr  620  Proc 5633 
Warning: No antenna rules defined, Skip antenna analysis. (ZRT-309)
Information: Merged away 58 aligned/redundant DRCs. (ZRT-305)

DRC-SUMMARY:
	@@@@@@@ TOTAL VIOLATIONS =	225
	Diff net spacing : 25
	Less than minimum area : 57
	Less than minimum width : 3
	Off-grid : 9
	Same net spacing : 63
	Short : 68


Total Wire Length =                    7342287 micron
Total Number of Contacts =             2304703
Total Number of Wires =                2282897
Total Number of PtConns =              339579
Total Number of Routed Wires =       2281962
Total Routed Wire Length =           7302642 micron
Total Number of Routed Contacts =       2304703
	Layer               M1 :     131711 micron
	Layer               M2 :    2179682 micron
	Layer               M3 :    2025905 micron
	Layer               M4 :    1228460 micron
	Layer               M5 :    1002424 micron
	Layer               M6 :     369056 micron
	Layer               M7 :     305550 micron
	Layer               M8 :      59814 micron
	Layer               M9 :         38 micron
	Layer             MRDL :          0 micron
	Via       VIA89_C(rot) :         16
	Via          VIA78SQ_C :       2036
	Via      VIA78SQ_C_2x1 :          1
	Via     VIA67SQ_C(rot) :      19541
	Via          VIA56SQ_C :      32145
	Via          VIA45SQ_C :         13
	Via     VIA45SQ_C(rot) :     146097
	Via          VIA34SQ_C :     226484
	Via     VIA34SQ_C(rot) :       1937
	Via          VIA23SQ_C :      13793
	Via     VIA23SQ_C(rot) :     958686
	Via          VIA12SQ_C :     872372
	Via     VIA12SQ_C(rot) :      31458
	Via      VIA12SQ_C_2x1 :         45
	Via      VIA12SQ_C_1x2 :         70
	Via        VIA12SQ_2x1 :          1
	Via   VIA12SQ(rot)_1x2 :          2
	Via   VIA12SQ(rot)_2x1 :          1
	Via        VIA12SQ_1x2 :          5

 
Redundant via conversion report:
--------------------------------

  Total optimized via conversion rate =  0.01% (125 / 2304703 vias)
 
    Layer VIA1       =  0.01% (124    / 903954  vias)
        Weight 1     =  0.01% (124     vias)
        Un-optimized =  0.00% (0       vias)
        Un-mapped    = 99.99% (903830  vias)
    Layer VIA2       =  0.00% (0      / 972479  vias)
        Un-optimized =  0.00% (0       vias)
        Un-mapped    = 100.00% (972479  vias)
    Layer VIA3       =  0.00% (0      / 228421  vias)
        Un-optimized =  0.00% (0       vias)
        Un-mapped    = 100.00% (228421  vias)
    Layer VIA4       =  0.00% (0      / 146110  vias)
        Un-optimized =  0.00% (0       vias)
        Un-mapped    = 100.00% (146110  vias)
    Layer VIA5       =  0.00% (0      / 32145   vias)
        Un-optimized =  0.00% (0       vias)
        Un-mapped    = 100.00% (32145   vias)
    Layer VIA6       =  0.00% (0      / 19541   vias)
        Un-optimized =  0.00% (0       vias)
        Un-mapped    = 100.00% (19541   vias)
    Layer VIA7       =  0.05% (1      / 2037    vias)
        Weight 1     =  0.05% (1       vias)
        Un-optimized =  0.00% (0       vias)
        Un-mapped    = 99.95% (2036    vias)
    Layer VIA8       =  0.00% (0      / 16      vias)
        Un-optimized =  0.00% (0       vias)
        Un-mapped    = 100.00% (16      vias)
 
  Total double via conversion rate    =  0.01% (125 / 2304703 vias)
 
    Layer VIA1       =  0.01% (124    / 903954  vias)
    Layer VIA2       =  0.00% (0      / 972479  vias)
    Layer VIA3       =  0.00% (0      / 228421  vias)
    Layer VIA4       =  0.00% (0      / 146110  vias)
    Layer VIA5       =  0.00% (0      / 32145   vias)
    Layer VIA6       =  0.00% (0      / 19541   vias)
    Layer VIA7       =  0.05% (1      / 2037    vias)
    Layer VIA8       =  0.00% (0      / 16      vias)
 
  The optimized via conversion rate based on total routed via count =  0.01% (125 / 2304703 vias)
 
    Layer VIA1       =  0.01% (124    / 903954  vias)
        Weight 1     =  0.01% (124     vias)
        Un-optimized =  0.00% (0       vias)
        Un-mapped    = 99.99% (903830  vias)
    Layer VIA2       =  0.00% (0      / 972479  vias)
        Un-optimized =  0.00% (0       vias)
        Un-mapped    = 100.00% (972479  vias)
    Layer VIA3       =  0.00% (0      / 228421  vias)
        Un-optimized =  0.00% (0       vias)
        Un-mapped    = 100.00% (228421  vias)
    Layer VIA4       =  0.00% (0      / 146110  vias)
        Un-optimized =  0.00% (0       vias)
        Un-mapped    = 100.00% (146110  vias)
    Layer VIA5       =  0.00% (0      / 32145   vias)
        Un-optimized =  0.00% (0       vias)
        Un-mapped    = 100.00% (32145   vias)
    Layer VIA6       =  0.00% (0      / 19541   vias)
        Un-optimized =  0.00% (0       vias)
        Un-mapped    = 100.00% (19541   vias)
    Layer VIA7       =  0.05% (1      / 2037    vias)
        Weight 1     =  0.05% (1       vias)
        Un-optimized =  0.00% (0       vias)
        Un-mapped    = 99.95% (2036    vias)
    Layer VIA8       =  0.00% (0      / 16      vias)
        Un-optimized =  0.00% (0       vias)
        Un-mapped    = 100.00% (16      vias)
 


Verify Summary:

Total number of nets = 239138, of which 0 are not extracted
Total number of open nets = 85, of which 0 are frozen
Total number of excluded ports = 0 ports of 0 unplaced cells connected to 0 nets
                                 0 ports without pins of 0 cells connected to 0 nets
                                 0 ports of 0 cover cells connected to 0 non-pg nets
Total number of DRCs = 225
Total number of antenna violations = no antenna rules defined
Total number of tie to rail violations = not checked
Total number of tie to rail directly violations = not checked


