****************************************
Report : Report drc errors
Design : route_eco_offgrid1
Data   : zroute.err
Type   : detailed
Version: W-2024.09-SP2
Date   : Mon May 11 14:29:40 2026
****************************************

Error ID          : 0
Error Type        : Off-grid
Error Layer       : M1 (11)
Number of errors  : 2
Description       :  -- 
Status            : error
Bbox              : {201.5850 255.5700} {201.6950 255.6300}

Error ID          : 1
Error Type        : Off-grid
Error Layer       : M1 (11)
Number of errors  : 2
Description       :  -- 
Status            : error
Bbox              : {250.0520 855.0630} {250.1530 855.1450}

1
