Cell Min-Routing-Layer = M1
Cell Max-Routing-Layer = M8
Turn off antenna since no rule is specified
Information: Option route.detail.force_end_on_preferred_grid will be ignored since none of the layers have preferred grid. (ZRT-703)
Warning: Cannot find a default contact code for layer CO. (ZRT-022)
Warning: Port VDD of cell route_pg_ladder_hold_eco_open_site_m0_route_repair1_hold2 is unplaced.  This may impact routing result. (ZRT-740)
Warning: Port VSS of cell route_pg_ladder_hold_eco_open_site_m0_route_repair1_hold2 is unplaced.  This may impact routing result. (ZRT-740)
Warning: Ignore 2 top cell ports with no pins. (ZRT-027)
Info: number of net_type_blockage: 0 
Information: Via ladder engine would be activated for pattern must join connection in certain commands. Please refer to man-page for the command list. (ZRT-619)
Information: When applicable Min-max layer allow_pin_connection mode will allow paths of length 5.32 outside the layer range. (ZRT-707)
Information: When applicable Min-max layer allow_pin_connection mode will allow paths of length 5.32 outside the layer range on clock nets. (ZRT-718)
Information: When applicable layer based tapering will taper up to 0.00 in distance from the pin. (ZRT-706)
Warning: Standard cell pin MUX41X2_RVT/S0 has no valid via regions. (ZRT-044)


Start checking for open nets ... 

Total number of nets = 236919, of which 0 are not extracted
Total number of open nets = 0, of which 0 are frozen

Check 236919 nets, 0 have Errors

[CHECK OPEN NETS] Elapsed real time: 0:00:00 
[CHECK OPEN NETS] Elapsed cpu  time: sys=0:00:00 usr=0:00:00 total=0:00:00
[CHECK OPEN NETS] Stage (MB): Used    0  Alloctr    0  Proc    0 
[CHECK OPEN NETS] Total (MB): Used  483  Alloctr  486  Proc 5868 
Printing options for 'route.common.*'
common.connect_within_pins_by_layer_name                :	 {M1 via_standard_cell_pins}
common.eco_route_fix_existing_drc                       :	 true                

Printing options for 'route.detail.*'
detail.antenna                                          :	 true                
detail.generate_extra_off_grid_pin_tracks               :	 true                
detail.timing_driven                                    :	 false               

Printing options for 'route.auto_via_ladder.*'


Begin full DRC check ...

Information: Using 1 threads for routing. (ZRT-444)
Checked	22/361 Partitions, Violations =	142
Checked	23/361 Partitions, Violations =	438
Checked	28/361 Partitions, Violations =	1357
Checked	42/361 Partitions, Violations =	4641
Checked	56/361 Partitions, Violations =	7902
Checked	70/361 Partitions, Violations =	10356
Checked	84/361 Partitions, Violations =	12718
Checked	98/361 Partitions, Violations =	14247
Checked	112/361 Partitions, Violations =	16537
Checked	126/361 Partitions, Violations =	18426
Checked	140/361 Partitions, Violations =	20366
Checked	154/361 Partitions, Violations =	22506
Checked	168/361 Partitions, Violations =	25416
Checked	182/361 Partitions, Violations =	26906
Checked	196/361 Partitions, Violations =	28962
Checked	210/361 Partitions, Violations =	31711
Checked	224/361 Partitions, Violations =	33076
Checked	238/361 Partitions, Violations =	34951
Checked	252/361 Partitions, Violations =	37325
Checked	266/361 Partitions, Violations =	39239
Checked	280/361 Partitions, Violations =	40768
Checked	294/361 Partitions, Violations =	43184
Checked	308/361 Partitions, Violations =	44086
Checked	322/361 Partitions, Violations =	45485
Checked	336/361 Partitions, Violations =	47705
Checked	350/361 Partitions, Violations =	49707
[DRC CHECK] Elapsed real time: 0:01:42 
[DRC CHECK] Elapsed cpu  time: sys=0:00:01 usr=0:01:42 total=0:01:43
[DRC CHECK] Stage (MB): Used    7  Alloctr    7  Proc    0 
[DRC CHECK] Total (MB): Used  615  Alloctr  619  Proc 5868 
Warning: No antenna rules defined, Skip antenna analysis. (ZRT-309)
Information: Merged away 120 aligned/redundant DRCs. (ZRT-305)

DRC-SUMMARY:
	@@@@@@@ TOTAL VIOLATIONS =	51316
	Connection not within pin : 51315
	Short : 1


Total Wire Length =                    7299846 micron
Total Number of Contacts =             2275049
Total Number of Wires =                2233289
Total Number of PtConns =              336123
Total Number of Routed Wires =       2232563
Total Routed Wire Length =           7260917 micron
Total Number of Routed Contacts =       2275049
	Layer               M1 :     135868 micron
	Layer               M2 :    2163482 micron
	Layer               M3 :    2011443 micron
	Layer               M4 :    1219435 micron
	Layer               M5 :     998858 micron
	Layer               M6 :     367227 micron
	Layer               M7 :     304896 micron
	Layer               M8 :      59671 micron
	Layer               M9 :         38 micron
	Layer             MRDL :          0 micron
	Via       VIA89_C(rot) :         16
	Via          VIA78SQ_C :       1946
	Via      VIA78SQ_C_2x1 :          1
	Via     VIA67SQ_C(rot) :      19122
	Via          VIA56SQ_C :      31042
	Via          VIA45SQ_C :          7
	Via     VIA45SQ_C(rot) :     143369
	Via          VIA34SQ_C :     220832
	Via     VIA34SQ_C(rot) :       1710
	Via          VIA23SQ_C :      12992
	Via     VIA23SQ_C(rot) :     946890
	Via          VIA12SQ_C :     865850
	Via     VIA12SQ_C(rot) :      31145
	Via      VIA12SQ_C_2x1 :         49
	Via      VIA12SQ_C_1x2 :         69
	Via        VIA12SQ_2x1 :          1
	Via   VIA12SQ(rot)_1x2 :          2
	Via   VIA12SQ(rot)_2x1 :          1
	Via        VIA12SQ_1x2 :          5

 
Redundant via conversion report:
--------------------------------

  Total optimized via conversion rate =  0.01% (128 / 2275049 vias)
 
    Layer VIA1       =  0.01% (127    / 897122  vias)
        Weight 1     =  0.01% (127     vias)
        Un-optimized =  0.00% (0       vias)
        Un-mapped    = 99.99% (896995  vias)
    Layer VIA2       =  0.00% (0      / 959882  vias)
        Un-optimized =  0.00% (0       vias)
        Un-mapped    = 100.00% (959882  vias)
    Layer VIA3       =  0.00% (0      / 222542  vias)
        Un-optimized =  0.00% (0       vias)
        Un-mapped    = 100.00% (222542  vias)
    Layer VIA4       =  0.00% (0      / 143376  vias)
        Un-optimized =  0.00% (0       vias)
        Un-mapped    = 100.00% (143376  vias)
    Layer VIA5       =  0.00% (0      / 31042   vias)
        Un-optimized =  0.00% (0       vias)
        Un-mapped    = 100.00% (31042   vias)
    Layer VIA6       =  0.00% (0      / 19122   vias)
        Un-optimized =  0.00% (0       vias)
        Un-mapped    = 100.00% (19122   vias)
    Layer VIA7       =  0.05% (1      / 1947    vias)
        Weight 1     =  0.05% (1       vias)
        Un-optimized =  0.00% (0       vias)
        Un-mapped    = 99.95% (1946    vias)
    Layer VIA8       =  0.00% (0      / 16      vias)
        Un-optimized =  0.00% (0       vias)
        Un-mapped    = 100.00% (16      vias)
 
  Total double via conversion rate    =  0.01% (128 / 2275049 vias)
 
    Layer VIA1       =  0.01% (127    / 897122  vias)
    Layer VIA2       =  0.00% (0      / 959882  vias)
    Layer VIA3       =  0.00% (0      / 222542  vias)
    Layer VIA4       =  0.00% (0      / 143376  vias)
    Layer VIA5       =  0.00% (0      / 31042   vias)
    Layer VIA6       =  0.00% (0      / 19122   vias)
    Layer VIA7       =  0.05% (1      / 1947    vias)
    Layer VIA8       =  0.00% (0      / 16      vias)
 
  The optimized via conversion rate based on total routed via count =  0.01% (128 / 2275049 vias)
 
    Layer VIA1       =  0.01% (127    / 897122  vias)
        Weight 1     =  0.01% (127     vias)
        Un-optimized =  0.00% (0       vias)
        Un-mapped    = 99.99% (896995  vias)
    Layer VIA2       =  0.00% (0      / 959882  vias)
        Un-optimized =  0.00% (0       vias)
        Un-mapped    = 100.00% (959882  vias)
    Layer VIA3       =  0.00% (0      / 222542  vias)
        Un-optimized =  0.00% (0       vias)
        Un-mapped    = 100.00% (222542  vias)
    Layer VIA4       =  0.00% (0      / 143376  vias)
        Un-optimized =  0.00% (0       vias)
        Un-mapped    = 100.00% (143376  vias)
    Layer VIA5       =  0.00% (0      / 31042   vias)
        Un-optimized =  0.00% (0       vias)
        Un-mapped    = 100.00% (31042   vias)
    Layer VIA6       =  0.00% (0      / 19122   vias)
        Un-optimized =  0.00% (0       vias)
        Un-mapped    = 100.00% (19122   vias)
    Layer VIA7       =  0.05% (1      / 1947    vias)
        Weight 1     =  0.05% (1       vias)
        Un-optimized =  0.00% (0       vias)
        Un-mapped    = 99.95% (1946    vias)
    Layer VIA8       =  0.00% (0      / 16      vias)
        Un-optimized =  0.00% (0       vias)
        Un-mapped    = 100.00% (16      vias)
 


Verify Summary:

Total number of nets = 236919, of which 0 are not extracted
Total number of open nets = 0, of which 0 are frozen
Total number of excluded ports = 0 ports of 0 unplaced cells connected to 0 nets
                                 0 ports without pins of 0 cells connected to 0 nets
                                 0 ports of 0 cover cells connected to 0 non-pg nets
Total number of DRCs = 51316
Total number of antenna violations = no antenna rules defined
Total number of tie to rail violations = not checked
Total number of tie to rail directly violations = not checked


