****************************************
Report : report_utilization
Design : nn_top
Version: W-2024.09-SP2
Date   : Mon May 11 15:59:31 2026
****************************************
Utilization Ratio:			0.5669
Utilization options:
 - Area calculation based on:		site_row of block route_seq_size_swap_dff2_oa1_move_u77942_xp152_pintrack
 - Categories of objects excluded:	hard_macros macro_keepouts soft_macros io_cells hard_blockages 
Total Area:				1366635.7246
Total Capacity Area:			1366635.7246
Total Area of cells:			774796.8680
Area of excluded objects:
 - hard_macros         :		0.0000
 - macro_keepouts      :		0.0000
 - soft_macros         :		0.0000
 - io_cells            :		0.0000
 - hard_blockages      :		0.0000
Total Area of excluded objects:		0.0000
Ratio of excluded objects:		0.0000

Utilization of site-rows with:
 - Site 'unit':				0.5669

0.5669
