****************************************
Report : Report drc errors
Design : route_seq_size_swap_dff2_oa1_move_u77942_xp152_pintrack
Data   : zroute.err
Type   : detailed
Version: W-2024.09-SP2
Date   : Mon May 11 17:20:06 2026
****************************************

Error ID          : 0
Error Type        : Diff net spacing
Error Layer       : M2 (13)
Number of errors  : 2
Description       :  -- 
Status            : error
Bbox              : {20.2200 867.6180} {20.2960 867.7900}

Error ID          : 2
Error Type        : Diff net spacing
Error Layer       : M2 (13)
Number of errors  : 2
Description       :  -- 
Status            : error
Bbox              : {20.0660 867.5930} {20.2380 867.6630}

Error ID          : 1
Error Type        : Short
Error Layer       : M2 (13)
Number of errors  : 1
Description       :  -- 
Status            : error
Bbox              : {20.0680 867.5930} {20.2360 867.8150}

1
