****************************************
Report : qor
Design : nn_top
Version: W-2024.09-SP2
Date   : Mon May 11 11:51:32 2026
****************************************


Scenario           'default'
Timing Path Group  '**in2reg_default**'
----------------------------------------
Levels of Logic:                     15
Critical Path Length:              2.17
Critical Path Slack:               7.65
Critical Path Clk Period:         10.00
Total Negative Slack:              0.00
No. of Violating Paths:               0
Worst Hold Violation:              0.00
Total Hold Violation:              0.00
No. of Hold Violations:               0
----------------------------------------

Scenario           'default'
Timing Path Group  '**reg2out_default**'
----------------------------------------
Levels of Logic:                     10
Critical Path Length:              0.70
Critical Path Slack:               8.07
Critical Path Clk Period:         10.00
Total Negative Slack:              0.00
No. of Violating Paths:               0
Worst Hold Violation:              0.00
Total Hold Violation:              0.00
No. of Hold Violations:               0
----------------------------------------

Scenario           'default'
Timing Path Group  'clk'
----------------------------------------
Levels of Logic:                     68
Critical Path Length:              4.15
Critical Path Slack:               5.61
Critical Path Clk Period:         10.00
Total Negative Slack:              0.00
No. of Violating Paths:               0
Worst Hold Violation:             -0.09
Total Hold Violation:           -268.36
No. of Hold Violations:           23810
----------------------------------------


Cell Count
----------------------------------------
Hierarchical Cell Count:              0
Hierarchical Port Count:              0
Leaf Cell Count:                 206907
Buf/Inv Cell Count:               50669
Buf Cell Count:                   37533
Inv Cell Count:                   13136
Combinational Cell Count:        167248
   Single-bit Isolation Cell Count:                        0
   Multi-bit Isolation Cell Count:                         0
   Isolation Cell Banking Ratio:                           0.00%
   Single-bit Level Shifter Cell Count:                    0
   Multi-bit Level Shifter Cell Count:                     0
   Level Shifter Cell Banking Ratio:                       0.00%
   Single-bit ELS Cell Count:                              0
   Multi-bit ELS Cell Count:                               0
   ELS Cell Banking Ratio:                                 0.00%
Sequential Cell Count:            39659
   Integrated Clock-Gating Cell Count:                     0
   Sequential Macro Cell Count:                            0
   Single-bit Sequential Cell Count:                       39659
   Multi-bit Sequential Cell Count:                        0
   Sequential Cell Banking Ratio:                          0.00%
   BitsPerflop:                                            1.00
Macro Count:                          0
----------------------------------------


Area
----------------------------------------
Combinational Area:           490257.50
Noncombinational Area:        284539.11
Buf/Inv Area:                 189328.13
Total Buffer Area:            166406.12
Total Inverter Area:           22922.01
Macro/Black Box Area:              0.00
Net Area:                             0
Net XLength:                 3329779.99
Net YLength:                 3167864.18
----------------------------------------
Cell Area (netlist):                         774796.61
Cell Area (netlist and physical only):       774796.61
Net Length:                  6497644.17


Design Rules
----------------------------------------
Total Number of Nets:            213249
Nets with Violations:              1514
Max Trans Violations:               215
Max Cap Violations:                1469
----------------------------------------

1
