****************************************
Report : qor
Design : nn_top
Version: W-2024.09-SP2
Date   : Sun May 10 21:33:01 2026
****************************************


Scenario           'default'
Timing Path Group  '**in2reg_default**'
----------------------------------------
Levels of Logic:                     13
Critical Path Length:              2.19
Critical Path Slack:               7.64
Critical Path Clk Period:         10.00
Total Negative Slack:              0.00
No. of Violating Paths:               0
Worst Hold Violation:              0.00
Total Hold Violation:              0.00
No. of Hold Violations:               0
----------------------------------------

Scenario           'default'
Timing Path Group  '**reg2out_default**'
----------------------------------------
Levels of Logic:                     10
Critical Path Length:              0.77
Critical Path Slack:               8.17
Critical Path Clk Period:         10.00
Total Negative Slack:              0.00
No. of Violating Paths:               0
Worst Hold Violation:              0.00
Total Hold Violation:              0.00
No. of Hold Violations:               0
----------------------------------------

Scenario           'default'
Timing Path Group  'clk'
----------------------------------------
Levels of Logic:                     68
Critical Path Length:              4.27
Critical Path Slack:               5.59
Critical Path Clk Period:         10.00
Total Negative Slack:              0.00
No. of Violating Paths:               0
Worst Hold Violation:             -0.11
Total Hold Violation:           -194.69
No. of Hold Violations:           20476
----------------------------------------


Cell Count
----------------------------------------
Hierarchical Cell Count:              0
Hierarchical Port Count:              0
Leaf Cell Count:                 206694
Buf/Inv Cell Count:               50456
Buf Cell Count:                   37344
Inv Cell Count:                   13112
Combinational Cell Count:        167035
   Single-bit Isolation Cell Count:                        0
   Multi-bit Isolation Cell Count:                         0
   Isolation Cell Banking Ratio:                           0.00%
   Single-bit Level Shifter Cell Count:                    0
   Multi-bit Level Shifter Cell Count:                     0
   Level Shifter Cell Banking Ratio:                       0.00%
   Single-bit ELS Cell Count:                              0
   Multi-bit ELS Cell Count:                               0
   ELS Cell Banking Ratio:                                 0.00%
Sequential Cell Count:            39659
   Integrated Clock-Gating Cell Count:                     0
   Sequential Macro Cell Count:                            0
   Single-bit Sequential Cell Count:                       39659
   Multi-bit Sequential Cell Count:                        0
   Sequential Cell Banking Ratio:                          0.00%
   BitsPerflop:                                            1.00
Macro Count:                          0
----------------------------------------


Area
----------------------------------------
Combinational Area:           489381.97
Noncombinational Area:        284539.11
Buf/Inv Area:                 188415.50
Total Buffer Area:            165267.30
Total Inverter Area:           23148.20
Macro/Black Box Area:              0.00
Net Area:                             0
Net XLength:                 3374036.80
Net YLength:                 3122713.22
----------------------------------------
Cell Area (netlist):                         773921.09
Cell Area (netlist and physical only):       773921.09
Net Length:                  6496750.02


Design Rules
----------------------------------------
Total Number of Nets:            213036
Nets with Violations:              1594
Max Trans Violations:               213
Max Cap Violations:                1552
----------------------------------------

1
