Information: Deserialized np data
INFO: timer data loaded from /tmp/route_pg_ladder_hold_eco_open_site_m0_467962_545660340.timdat
****************************************
Report : qor
Design : nn_top
Version: W-2024.09-SP2
Date   : Mon May 11 21:52:29 2026
****************************************
Information: The RC mode used is DR for design 'nn_top'. (NEX-022)
Extracting design: route_pg_ladder_hold_eco_open_site_m0 
Information: coupling capacitance is lumped to ground. (NEX-030)
Information: 236815 nets are successfully extracted. (NEX-028)
Warning: Advanced receiver model has not been enabled for detailed routed design. (TIM-204)
Information: Update timing completed net estimation for all the timing graph nets (TIM-111)
Information: Net estimation statistics: timing graph nets = 236815, routed nets = 236815, across physical hierarchy nets = 0, parasitics cached nets = 236815, delay annotated nets = 0, parasitics annotated nets = 0, multi-voltage nets = 0. (TIM-112)


Scenario           'default'
Timing Path Group  '**in2reg_default**'
----------------------------------------
Levels of Logic:                     15
Critical Path Length:              2.29
Critical Path Slack:               7.55
Critical Path Clk Period:         10.00
Total Negative Slack:              0.00
No. of Violating Paths:               0
Worst Hold Violation:              0.00
Total Hold Violation:              0.00
No. of Hold Violations:               0
----------------------------------------

Scenario           'default'
Timing Path Group  '**reg2out_default**'
----------------------------------------
Levels of Logic:                     10
Critical Path Length:              0.67
Critical Path Slack:               8.10
Critical Path Clk Period:         10.00
Total Negative Slack:              0.00
No. of Violating Paths:               0
Worst Hold Violation:              0.00
Total Hold Violation:              0.00
No. of Hold Violations:               0
----------------------------------------

Scenario           'default'
Timing Path Group  'clk'
----------------------------------------
Levels of Logic:                     68
Critical Path Length:              4.15
Critical Path Slack:               5.61
Critical Path Clk Period:         10.00
Total Negative Slack:              0.00
No. of Violating Paths:               0
Worst Hold Violation:             -0.05
Total Hold Violation:            -15.61
No. of Hold Violations:            4472
----------------------------------------


Cell Count
----------------------------------------
Hierarchical Cell Count:              0
Hierarchical Port Count:              0
Leaf Cell Count:                 230491
Buf/Inv Cell Count:               74253
Buf Cell Count:                   61117
Inv Cell Count:                   13136
Combinational Cell Count:        190832
   Single-bit Isolation Cell Count:                        0
   Multi-bit Isolation Cell Count:                         0
   Isolation Cell Banking Ratio:                           0.00%
   Single-bit Level Shifter Cell Count:                    0
   Multi-bit Level Shifter Cell Count:                     0
   Level Shifter Cell Banking Ratio:                       0.00%
   Single-bit ELS Cell Count:                              0
   Multi-bit ELS Cell Count:                               0
   ELS Cell Banking Ratio:                                 0.00%
Sequential Cell Count:            39659
   Integrated Clock-Gating Cell Count:                     0
   Sequential Macro Cell Count:                            0
   Single-bit Sequential Cell Count:                       39659
   Multi-bit Sequential Cell Count:                        0
   Sequential Cell Banking Ratio:                          0.00%
   BitsPerflop:                                            1.00
Macro Count:                          0
----------------------------------------


Area
----------------------------------------
Combinational Area:           547381.95
Noncombinational Area:        284539.62
Buf/Inv Area:                 246452.84
Total Buffer Area:            223545.06
Total Inverter Area:           22907.78
Macro/Black Box Area:              0.00
Net Area:                             0
Net XLength:                 3480005.65
Net YLength:                 3817058.58
----------------------------------------
Cell Area (netlist):                         831921.58
Cell Area (netlist and physical only):       831921.58
Net Length:                  7297064.24


Design Rules
----------------------------------------
Total Number of Nets:            236833
Nets with Violations:              2142
Max Trans Violations:               328
Max Cap Violations:                2116
----------------------------------------

1
