NEX(Warning): extract.rc_techfile_for_diode_mode_26_thickness not set, will igonre it
Cell Min-Routing-Layer = M1
Cell Max-Routing-Layer = M8
Turn off antenna since no rule is specified
Information: Option route.detail.force_end_on_preferred_grid will be ignored since none of the layers have preferred grid. (ZRT-703)
Warning: Cannot find a default contact code for layer CO. (ZRT-022)
Warning: Port VDD of cell route_eco_offgrid1 is unplaced.  This may impact routing result. (ZRT-740)
Warning: Port VSS of cell route_eco_offgrid1 is unplaced.  This may impact routing result. (ZRT-740)
Warning: Ignore 2 top cell ports with no pins. (ZRT-027)
Info: number of net_type_blockage: 0 
Information: Via ladder engine would be activated for pattern must join connection in certain commands. Please refer to man-page for the command list. (ZRT-619)
Information: When applicable Min-max layer allow_pin_connection mode will allow paths of length 5.32 outside the layer range. (ZRT-707)
Information: When applicable Min-max layer allow_pin_connection mode will allow paths of length 5.32 outside the layer range on clock nets. (ZRT-718)
Information: When applicable layer based tapering will taper up to 0.00 in distance from the pin. (ZRT-706)
Warning: Standard cell pin MUX41X2_RVT/S0 has no valid via regions. (ZRT-044)


Start checking for open nets ... 

Total number of nets = 213233, of which 0 are not extracted
Total number of open nets = 0, of which 0 are frozen

Check 213233 nets, 0 have Errors

[CHECK OPEN NETS] Elapsed real time: 0:00:00 
[CHECK OPEN NETS] Elapsed cpu  time: sys=0:00:00 usr=0:00:00 total=0:00:00
[CHECK OPEN NETS] Stage (MB): Used    0  Alloctr    0  Proc    0 
[CHECK OPEN NETS] Total (MB): Used  454  Alloctr  456  Proc 5149 
Printing options for 'route.common.*'
common.eco_route_fix_existing_drc                       :	 true                

Printing options for 'route.detail.*'
detail.antenna                                          :	 true                

Printing options for 'route.auto_via_ladder.*'


Begin full DRC check ...

Information: Using 1 threads for routing. (ZRT-444)
Checked	22/361 Partitions, Violations =	0
Checked	23/361 Partitions, Violations =	0
Checked	28/361 Partitions, Violations =	0
Checked	42/361 Partitions, Violations =	0
Checked	56/361 Partitions, Violations =	0
Checked	70/361 Partitions, Violations =	0
Checked	84/361 Partitions, Violations =	0
Checked	98/361 Partitions, Violations =	0
Checked	112/361 Partitions, Violations =	2
Checked	126/361 Partitions, Violations =	2
Checked	140/361 Partitions, Violations =	2
Checked	154/361 Partitions, Violations =	2
Checked	168/361 Partitions, Violations =	2
Checked	182/361 Partitions, Violations =	2
Checked	196/361 Partitions, Violations =	3
Checked	210/361 Partitions, Violations =	3
Checked	224/361 Partitions, Violations =	3
Checked	238/361 Partitions, Violations =	3
Checked	252/361 Partitions, Violations =	3
Checked	266/361 Partitions, Violations =	3
Checked	280/361 Partitions, Violations =	3
Checked	294/361 Partitions, Violations =	5
Checked	308/361 Partitions, Violations =	5
Checked	322/361 Partitions, Violations =	5
Checked	336/361 Partitions, Violations =	5
Checked	350/361 Partitions, Violations =	5
[DRC CHECK] Elapsed real time: 0:01:34 
[DRC CHECK] Elapsed cpu  time: sys=0:00:01 usr=0:01:33 total=0:01:34
[DRC CHECK] Stage (MB): Used    3  Alloctr    3  Proc  180 
[DRC CHECK] Total (MB): Used  579  Alloctr  583  Proc 5402 
Warning: No antenna rules defined, Skip antenna analysis. (ZRT-309)

DRC-SUMMARY:
	@@@@@@@ TOTAL VIOLATIONS =	5
	Off-grid : 5


Total Wire Length =                    7029149 micron
Total Number of Contacts =             2146147
Total Number of Wires =                2080618
Total Number of PtConns =              317822
Total Number of Routed Wires =       2080045
Total Routed Wire Length =           6993556 micron
Total Number of Routed Contacts =       2146147
	Layer               M1 :     146751 micron
	Layer               M2 :    2063504 micron
	Layer               M3 :    1913207 micron
	Layer               M4 :    1178040 micron
	Layer               M5 :     969550 micron
	Layer               M6 :     363352 micron
	Layer               M7 :     299508 micron
	Layer               M8 :      59606 micron
	Layer               M9 :         38 micron
	Layer             MRDL :          0 micron
	Via       VIA89_C(rot) :         16
	Via          VIA78SQ_C :       1906
	Via      VIA78SQ_C_2x1 :          1
	Via     VIA67SQ_C(rot) :      18097
	Via          VIA56SQ_C :      29343
	Via          VIA45SQ_C :          4
	Via     VIA45SQ_C(rot) :     133242
	Via          VIA34SQ_C :     197177
	Via     VIA34SQ_C(rot) :       1434
	Via          VIA23SQ_C :      11936
	Via     VIA23SQ_C(rot) :     896787
	Via          VIA12SQ_C :     826069
	Via     VIA12SQ_C(rot) :      30008
	Via      VIA12SQ_C_2x1 :         49
	Via      VIA12SQ_C_1x2 :         69
	Via        VIA12SQ_2x1 :          1
	Via   VIA12SQ(rot)_1x2 :          2
	Via   VIA12SQ(rot)_2x1 :          1
	Via        VIA12SQ_1x2 :          5

 
Redundant via conversion report:
--------------------------------

  Total optimized via conversion rate =  0.01% (128 / 2146147 vias)
 
    Layer VIA1       =  0.01% (127    / 856204  vias)
        Weight 1     =  0.01% (127     vias)
        Un-optimized =  0.00% (0       vias)
        Un-mapped    = 99.99% (856077  vias)
    Layer VIA2       =  0.00% (0      / 908723  vias)
        Un-optimized =  0.00% (0       vias)
        Un-mapped    = 100.00% (908723  vias)
    Layer VIA3       =  0.00% (0      / 198611  vias)
        Un-optimized =  0.00% (0       vias)
        Un-mapped    = 100.00% (198611  vias)
    Layer VIA4       =  0.00% (0      / 133246  vias)
        Un-optimized =  0.00% (0       vias)
        Un-mapped    = 100.00% (133246  vias)
    Layer VIA5       =  0.00% (0      / 29343   vias)
        Un-optimized =  0.00% (0       vias)
        Un-mapped    = 100.00% (29343   vias)
    Layer VIA6       =  0.00% (0      / 18097   vias)
        Un-optimized =  0.00% (0       vias)
        Un-mapped    = 100.00% (18097   vias)
    Layer VIA7       =  0.05% (1      / 1907    vias)
        Weight 1     =  0.05% (1       vias)
        Un-optimized =  0.00% (0       vias)
        Un-mapped    = 99.95% (1906    vias)
    Layer VIA8       =  0.00% (0      / 16      vias)
        Un-optimized =  0.00% (0       vias)
        Un-mapped    = 100.00% (16      vias)
 
  Total double via conversion rate    =  0.01% (128 / 2146147 vias)
 
    Layer VIA1       =  0.01% (127    / 856204  vias)
    Layer VIA2       =  0.00% (0      / 908723  vias)
    Layer VIA3       =  0.00% (0      / 198611  vias)
    Layer VIA4       =  0.00% (0      / 133246  vias)
    Layer VIA5       =  0.00% (0      / 29343   vias)
    Layer VIA6       =  0.00% (0      / 18097   vias)
    Layer VIA7       =  0.05% (1      / 1907    vias)
    Layer VIA8       =  0.00% (0      / 16      vias)
 
  The optimized via conversion rate based on total routed via count =  0.01% (128 / 2146147 vias)
 
    Layer VIA1       =  0.01% (127    / 856204  vias)
        Weight 1     =  0.01% (127     vias)
        Un-optimized =  0.00% (0       vias)
        Un-mapped    = 99.99% (856077  vias)
    Layer VIA2       =  0.00% (0      / 908723  vias)
        Un-optimized =  0.00% (0       vias)
        Un-mapped    = 100.00% (908723  vias)
    Layer VIA3       =  0.00% (0      / 198611  vias)
        Un-optimized =  0.00% (0       vias)
        Un-mapped    = 100.00% (198611  vias)
    Layer VIA4       =  0.00% (0      / 133246  vias)
        Un-optimized =  0.00% (0       vias)
        Un-mapped    = 100.00% (133246  vias)
    Layer VIA5       =  0.00% (0      / 29343   vias)
        Un-optimized =  0.00% (0       vias)
        Un-mapped    = 100.00% (29343   vias)
    Layer VIA6       =  0.00% (0      / 18097   vias)
        Un-optimized =  0.00% (0       vias)
        Un-mapped    = 100.00% (18097   vias)
    Layer VIA7       =  0.05% (1      / 1907    vias)
        Weight 1     =  0.05% (1       vias)
        Un-optimized =  0.00% (0       vias)
        Un-mapped    = 99.95% (1906    vias)
    Layer VIA8       =  0.00% (0      / 16      vias)
        Un-optimized =  0.00% (0       vias)
        Un-mapped    = 100.00% (16      vias)
 


Verify Summary:

Total number of nets = 213233, of which 0 are not extracted
Total number of open nets = 0, of which 0 are frozen
Total number of excluded ports = 0 ports of 0 unplaced cells connected to 0 nets
                                 0 ports without pins of 0 cells connected to 0 nets
                                 0 ports of 0 cover cells connected to 0 non-pg nets
Total number of DRCs = 5
Total number of antenna violations = no antenna rules defined
Total number of tie to rail violations = not checked
Total number of tie to rail directly violations = not checked


