Information: The command 'check_routes' cleared the undo history. (UNDO-016)
Cell Min-Routing-Layer = M1
Cell Max-Routing-Layer = M8
Turn off antenna since no rule is specified
Information: Option route.detail.force_end_on_preferred_grid will be ignored since none of the layers have preferred grid. (ZRT-703)
Warning: Cannot find a default contact code for layer CO. (ZRT-022)
Warning: Port VDD of cell cts is unplaced.  This may impact routing result. (ZRT-740)
Warning: Port VSS of cell cts is unplaced.  This may impact routing result. (ZRT-740)
Warning: Ignore 2 top cell ports with no pins. (ZRT-027)
Info: number of net_type_blockage: 0 
Information: Via ladder engine would be activated for pattern must join connection in certain commands. Please refer to man-page for the command list. (ZRT-619)
Information: When applicable Min-max layer allow_pin_connection mode will allow paths of length 5.32 outside the layer range. (ZRT-707)
Information: When applicable Min-max layer allow_pin_connection mode will allow paths of length 5.32 outside the layer range on clock nets. (ZRT-718)
Information: When applicable layer based tapering will taper up to 0.00 in distance from the pin. (ZRT-706)
Warning: Standard cell pin MUX41X2_RVT/S0 has no valid via regions. (ZRT-044)


Start checking for open nets ... 

Total number of nets = 213097, of which 0 are not extracted
Total number of open nets = 0, of which 0 are frozen

Check 213097 nets, 0 have Errors

[CHECK OPEN NETS] Elapsed real time: 0:00:00 
[CHECK OPEN NETS] Elapsed cpu  time: sys=0:00:00 usr=0:00:00 total=0:00:00
[CHECK OPEN NETS] Stage (MB): Used    0  Alloctr    0  Proc    0 
[CHECK OPEN NETS] Total (MB): Used  453  Alloctr  455  Proc 5377 
Printing options for 'route.common.*'

Printing options for 'route.detail.*'

Printing options for 'route.auto_via_ladder.*'


Begin full DRC check ...

Information: Using 1 threads for routing. (ZRT-444)
Checked	5/289 Partitions, Violations =	0
Checked	11/289 Partitions, Violations =	16
Checked	22/289 Partitions, Violations =	33
Checked	33/289 Partitions, Violations =	71
Checked	44/289 Partitions, Violations =	114
Checked	55/289 Partitions, Violations =	154
Checked	66/289 Partitions, Violations =	183
Checked	77/289 Partitions, Violations =	197
Checked	88/289 Partitions, Violations =	215
Checked	99/289 Partitions, Violations =	262
Checked	110/289 Partitions, Violations =	359
Checked	121/289 Partitions, Violations =	380
Checked	132/289 Partitions, Violations =	380
Checked	143/289 Partitions, Violations =	389
Checked	154/289 Partitions, Violations =	420
Checked	165/289 Partitions, Violations =	422
Checked	176/289 Partitions, Violations =	497
Checked	187/289 Partitions, Violations =	530
Checked	198/289 Partitions, Violations =	538
Checked	209/289 Partitions, Violations =	577
Checked	220/289 Partitions, Violations =	594
Checked	231/289 Partitions, Violations =	629
Checked	242/289 Partitions, Violations =	637
Checked	253/289 Partitions, Violations =	668
Checked	264/289 Partitions, Violations =	699
Checked	275/289 Partitions, Violations =	717
Checked	286/289 Partitions, Violations =	740
[DRC CHECK] Elapsed real time: 0:01:34 
[DRC CHECK] Elapsed cpu  time: sys=0:00:01 usr=0:01:33 total=0:01:34
[DRC CHECK] Stage (MB): Used    3  Alloctr    3  Proc   51 
[DRC CHECK] Total (MB): Used  577  Alloctr  581  Proc 5429 
Warning: No antenna rules defined, Skip antenna analysis. (ZRT-309)
Information: Merged away 4 aligned/redundant DRCs. (ZRT-305)

DRC-SUMMARY:
	@@@@@@@ TOTAL VIOLATIONS =	738
	Diff net spacing : 285
	Less than minimum area : 4
	Needs fat contact : 183
	Off-grid : 240
	Short : 26


Total Wire Length =                    7026565 micron
Total Number of Contacts =             2151887
Total Number of Wires =                2098045
Total Number of PtConns =              317452
Total Number of Routed Wires =       2097425
Total Routed Wire Length =           6990980 micron
Total Number of Routed Contacts =       2151887
	Layer                 M1 :     141626 micron
	Layer                 M2 :    2046303 micron
	Layer                 M3 :    1893288 micron
	Layer                 M4 :    1197229 micron
	Layer                 M5 :     958030 micron
	Layer                 M6 :     398938 micron
	Layer                 M7 :     296866 micron
	Layer                 M8 :      58672 micron
	Layer                 M9 :         27 micron
	Layer               MRDL :          0 micron
	Via         VIA89_C(rot) :         14
	Via            VIA78SQ_C :       1922
	Via        VIA78SQ_C_2x1 :          4
	Via       VIA67SQ_C(rot) :      18780
	Via            VIA56SQ_C :      30016
	Via            VIA45SQ_C :         11
	Via       VIA45SQ_C(rot) :     135198
	Via            VIA34SQ_C :     199370
	Via       VIA34SQ_C(rot) :       1458
	Via            VIA23SQ_C :      12663
	Via       VIA23SQ_C(rot) :     899159
	Via            VIA12SQ_C :     819925
	Via       VIA12SQ_C(rot) :      33030
	Via        VIA12SQ_C_2x1 :         12
	Via   VIA12SQ_C(rot)_1x2 :        240
	Via   VIA12SQ_C(rot)_2x1 :          1
	Via        VIA12SQ_C_1x2 :         29
	Via          VIA12SQ_1x2 :         55

 
Redundant via conversion report:
--------------------------------

  Total optimized via conversion rate =  0.02% (341 / 2151887 vias)
 
    Layer VIA1       =  0.04% (337    / 853292  vias)
        Weight 1     =  0.04% (337     vias)
        Un-optimized =  0.00% (0       vias)
        Un-mapped    = 99.96% (852955  vias)
    Layer VIA2       =  0.00% (0      / 911822  vias)
        Un-optimized =  0.00% (0       vias)
        Un-mapped    = 100.00% (911822  vias)
    Layer VIA3       =  0.00% (0      / 200828  vias)
        Un-optimized =  0.00% (0       vias)
        Un-mapped    = 100.00% (200828  vias)
    Layer VIA4       =  0.00% (0      / 135209  vias)
        Un-optimized =  0.00% (0       vias)
        Un-mapped    = 100.00% (135209  vias)
    Layer VIA5       =  0.00% (0      / 30016   vias)
        Un-optimized =  0.00% (0       vias)
        Un-mapped    = 100.00% (30016   vias)
    Layer VIA6       =  0.00% (0      / 18780   vias)
        Un-optimized =  0.00% (0       vias)
        Un-mapped    = 100.00% (18780   vias)
    Layer VIA7       =  0.21% (4      / 1926    vias)
        Weight 1     =  0.21% (4       vias)
        Un-optimized =  0.00% (0       vias)
        Un-mapped    = 99.79% (1922    vias)
    Layer VIA8       =  0.00% (0      / 14      vias)
        Un-optimized =  0.00% (0       vias)
        Un-mapped    = 100.00% (14      vias)
 
  Total double via conversion rate    =  0.02% (341 / 2151887 vias)
 
    Layer VIA1       =  0.04% (337    / 853292  vias)
    Layer VIA2       =  0.00% (0      / 911822  vias)
    Layer VIA3       =  0.00% (0      / 200828  vias)
    Layer VIA4       =  0.00% (0      / 135209  vias)
    Layer VIA5       =  0.00% (0      / 30016   vias)
    Layer VIA6       =  0.00% (0      / 18780   vias)
    Layer VIA7       =  0.21% (4      / 1926    vias)
    Layer VIA8       =  0.00% (0      / 14      vias)
 
  The optimized via conversion rate based on total routed via count =  0.02% (341 / 2151887 vias)
 
    Layer VIA1       =  0.04% (337    / 853292  vias)
        Weight 1     =  0.04% (337     vias)
        Un-optimized =  0.00% (0       vias)
        Un-mapped    = 99.96% (852955  vias)
    Layer VIA2       =  0.00% (0      / 911822  vias)
        Un-optimized =  0.00% (0       vias)
        Un-mapped    = 100.00% (911822  vias)
    Layer VIA3       =  0.00% (0      / 200828  vias)
        Un-optimized =  0.00% (0       vias)
        Un-mapped    = 100.00% (200828  vias)
    Layer VIA4       =  0.00% (0      / 135209  vias)
        Un-optimized =  0.00% (0       vias)
        Un-mapped    = 100.00% (135209  vias)
    Layer VIA5       =  0.00% (0      / 30016   vias)
        Un-optimized =  0.00% (0       vias)
        Un-mapped    = 100.00% (30016   vias)
    Layer VIA6       =  0.00% (0      / 18780   vias)
        Un-optimized =  0.00% (0       vias)
        Un-mapped    = 100.00% (18780   vias)
    Layer VIA7       =  0.21% (4      / 1926    vias)
        Weight 1     =  0.21% (4       vias)
        Un-optimized =  0.00% (0       vias)
        Un-mapped    = 99.79% (1922    vias)
    Layer VIA8       =  0.00% (0      / 14      vias)
        Un-optimized =  0.00% (0       vias)
        Un-mapped    = 100.00% (14      vias)
 


Verify Summary:

Total number of nets = 213097, of which 0 are not extracted
Total number of open nets = 0, of which 0 are frozen
Total number of excluded ports = 0 ports of 0 unplaced cells connected to 0 nets
                                 0 ports without pins of 0 cells connected to 0 nets
                                 0 ports of 0 cover cells connected to 0 non-pg nets
Total number of DRCs = 738
Total number of antenna violations = no antenna rules defined
Total number of tie to rail violations = not checked
Total number of tie to rail directly violations = not checked


