****************************************
Report : report_utilization
Design : nn_top
Version: W-2024.09-SP2
Date   : Tue May 12 00:19:55 2026
****************************************
Utilization Ratio:			0.6089
Utilization options:
 - Area calculation based on:		site_row of block route_pg_ladder_hold_eco_repair1_hold2_clean_hold3
 - Categories of objects excluded:	hard_macros macro_keepouts soft_macros io_cells hard_blockages 
Total Area:				1366635.7246
Total Capacity Area:			1366635.7246
Total Area of cells:			832133.0252
Area of excluded objects:
 - hard_macros         :		0.0000
 - macro_keepouts      :		0.0000
 - soft_macros         :		0.0000
 - io_cells            :		0.0000
 - hard_blockages      :		0.0000
Total Area of excluded objects:		0.0000
Ratio of excluded objects:		0.0000

Utilization of site-rows with:
 - Site 'unit':				0.6089

0.6089
