
#BEGIN_XCHECK_LIBRARY

Logic Library #1:
    Library name              saed32rvt_tt1p05v25c
    File name                 /DATA/home/edu135/lib/SAED32_EDK/lib/stdcell_rvt/db_nldm/saed32rvt_tt1p05v25c.db
    Library type              pg_pin based db
    Library Version           1.0000000
    Tool Created              F-2011.09-SP1
    Data Created              [2010 APRIL 28]
    Time unit                 1ns
    Capacitance unit          1ff
    Leakage power unit        1pW
    Current unit              1uA
check_library options         
Version                       W-2024.09-SP5-3
Check date and time           Sat May  9 20:19:35 2026


#BEGIN_LIBSCREEN_UPF

Library#1 (saed32rvt_tt1p05v25c):
Power management cell checking passed.

#END_LIBSCREEN_UPF


#BEGIN_XCHECK_LOGICCELLS


#BEGIN_LIBSCREEN_TEST_CELL

Library#1 (saed32rvt_tt1p05v25c):
Error: Cell 'SDFFSSRX1_RVT', The cell 'SDFFSSRX1_RVT' has a next_state '(RSTB*D)+(!SETB)' in test_cell
	which is inconsistent with the next_state '(RSTB*!SETB+RSTB*D)!SE+(SI*SE)' in top cell. (LIBG-284)
Error: Cell 'SDFFSSRX1_RVT', The cell 'SDFFSSRX1_RVT' has a next_state '(RSTB*D)+(!SETB)' in test_cell
	which is inconsistent with the next_state '(RSTB*!SETB+RSTB*D)!SE+(SI*SE)' in top cell. (LIBG-284)
Error: Cell 'SDFFSSRX2_RVT', The cell 'SDFFSSRX2_RVT' has a next_state '(RSTB*D)+(!SETB)' in test_cell
	which is inconsistent with the next_state '(RSTB*!SETB+RSTB*D)!SE+(SI*SE)' in top cell. (LIBG-284)
Error: Cell 'SDFFSSRX2_RVT', The cell 'SDFFSSRX2_RVT' has a next_state '(RSTB*D)+(!SETB)' in test_cell
	which is inconsistent with the next_state '(RSTB*!SETB+RSTB*D)!SE+(SI*SE)' in top cell. (LIBG-284)

#END_LIBSCREEN_TEST_CELL


#END_XCHECK_LOGICCELLS

#BEGIN_XCHECK_LOGICPINS



#END_XCHECK_LOGICPINS

#BEGIN_XCHECK_LOGICPGPINS

Number of cells missing pg_pins in library 1:   0 (out of 294)

#END_XCHECK_LOGICPGPINS

#BEGIN_XCHECK_ARCS


#END_XCHECK_ARCS


#END_XCHECK_LIBRARY

Memory usage for this session 49 Mbytes.
CPU usage for this session 0 seconds ( 0.00 hours ).

Thank you...

#BEGIN_XCHECK_LIBRARY

Logic Library:    saed32rvt_tt1p05v25c 
Physical Library: /DATA/home/edu135/lib/SAED32_EDK/lib/stdcell_rvt/milkyway/saed32nm_rvt_1p9m 
check_library options: 	
Version: 				W-2024.09-SP5-5
Check date and time:	Sat May  9 20:19:35 2026

          List of logic library and file names
------------------------------------------------------------------------------
Logic library name           Logic library file name
------------------------------------------------------------------------------
saed32rvt_tt1p05v25c         /DATA/home/edu135/lib/SAED32_EDK/lib/stdcell_rvt/db_nldm/saed32rvt_tt1p05v25c.db
------------------------------------------------------------------------------

#BEGIN_XCHECK_LOGICCELLS

Number of cells missing in logic library:	56 (out of 294)

Information: List of cells missing in logic library (LIBCHK-210)
-------------------------------------------------------------------------
Cell name                  Cell type             Physical library
-------------------------------------------------------------------------
LSUPX1_RVT                 Core                  saed32nm_rvt_1p9m
LSUPX2_RVT                 Core                  saed32nm_rvt_1p9m
LSUPX4_RVT                 Core                  saed32nm_rvt_1p9m
LSUPX8_RVT                 Core                  saed32nm_rvt_1p9m
LSDNSSX8_RVT               Core                  saed32nm_rvt_1p9m
LSDNX1_RVT                 Core                  saed32nm_rvt_1p9m
LSDNX2_RVT                 Core                  saed32nm_rvt_1p9m
LSDNX4_RVT                 Core                  saed32nm_rvt_1p9m
LSDNX8_RVT                 Core                  saed32nm_rvt_1p9m
LSUPENCLX1_RVT             Core                  saed32nm_rvt_1p9m
LSUPENCLX2_RVT             Core                  saed32nm_rvt_1p9m
LSUPENCLX4_RVT             Core                  saed32nm_rvt_1p9m
LSUPENCLX8_RVT             Core                  saed32nm_rvt_1p9m
LSUPENX1_RVT               Core                  saed32nm_rvt_1p9m
LSUPENX2_RVT               Core                  saed32nm_rvt_1p9m
LSUPENX4_RVT               Core                  saed32nm_rvt_1p9m
LSUPENX8_RVT               Core                  saed32nm_rvt_1p9m
LSDNENCLX4_RVT             Core                  saed32nm_rvt_1p9m
LSDNENCLX8_RVT             Core                  saed32nm_rvt_1p9m
LSDNENSSX1_RVT             Core                  saed32nm_rvt_1p9m
LSDNENSSX2_RVT             Core                  saed32nm_rvt_1p9m
LSDNENSSX4_RVT             Core                  saed32nm_rvt_1p9m
LSDNENSSX8_RVT             Core                  saed32nm_rvt_1p9m
LSDNENX1_RVT               Core                  saed32nm_rvt_1p9m
LSDNENX2_RVT               Core                  saed32nm_rvt_1p9m
LSDNENX4_RVT               Core                  saed32nm_rvt_1p9m
LSDNENX8_RVT               Core                  saed32nm_rvt_1p9m
LSDNSSX1_RVT               Core                  saed32nm_rvt_1p9m
LSDNSSX2_RVT               Core                  saed32nm_rvt_1p9m
LSDNSSX4_RVT               Core                  saed32nm_rvt_1p9m
LSDNENCLSSX1_RVT           Core                  saed32nm_rvt_1p9m
LSDNENCLSSX2_RVT           Core                  saed32nm_rvt_1p9m
LSDNENCLSSX4_RVT           Core                  saed32nm_rvt_1p9m
LSDNENCLSSX8_RVT           Core                  saed32nm_rvt_1p9m
LSDNENCLX1_RVT             Core                  saed32nm_rvt_1p9m
LSDNENCLX2_RVT             Core                  saed32nm_rvt_1p9m
HEADX2_RVT                 Core                  saed32nm_rvt_1p9m
HEADX32_RVT                Core                  saed32nm_rvt_1p9m
HEADX4_RVT                 Core                  saed32nm_rvt_1p9m
HEADX8_RVT                 Core                  saed32nm_rvt_1p9m
FOOTX16_RVT                Core                  saed32nm_rvt_1p9m
FOOTX2_RVT                 Core                  saed32nm_rvt_1p9m
FOOTX32_RVT                Core                  saed32nm_rvt_1p9m
FOOTX4_RVT                 Core                  saed32nm_rvt_1p9m
FOOTX8_RVT                 Core                  saed32nm_rvt_1p9m
HEAD2X16_RVT               Core                  saed32nm_rvt_1p9m
HEAD2X2_RVT                Core                  saed32nm_rvt_1p9m
HEAD2X32_RVT               Core                  saed32nm_rvt_1p9m
HEAD2X4_RVT                Core                  saed32nm_rvt_1p9m
HEAD2X8_RVT                Core                  saed32nm_rvt_1p9m
HEADX16_RVT                Core                  saed32nm_rvt_1p9m
FOOT2X16_RVT               Core                  saed32nm_rvt_1p9m
FOOT2X2_RVT                Core                  saed32nm_rvt_1p9m
FOOT2X32_RVT               Core                  saed32nm_rvt_1p9m
FOOT2X4_RVT                Core                  saed32nm_rvt_1p9m
FOOT2X8_RVT                Core                  saed32nm_rvt_1p9m
-------------------------------------------------------------------------

#END_XCHECK_LOGICCELLS

#BEGIN_XCHECK_PHYSICALCELLS

Number of cells missing in physical library:	0 (out of 350)

#END_XCHECK_PHYSICALCELLS

#BEGIN_XCHECK_PINS

Number of cells with missing or mismatched pins in libraries:	0

#END_XCHECK_PINS

#BEGIN_XCHECK_CELLANTENNADIODETYPE

Number of cells with inconsistent antenna_diode_type:	0

#END_XCHECK_CELLANTENNADIODETYPE

Logic vs. physical library check summary:
Number of cells missing in logic library:	56 
Information: Logic library is INCONSISTENT with physical library (LIBCHK-220)

#END_XCHECK_LIBRARY

0
