 
****************************************
Report : power
        -hier
        -analysis_effort low
Design : nn_top
Version: W-2024.09-SP5-5
Date   : Sat May  9 20:36:35 2026
****************************************


Library(s) Used:

    saed32rvt_tt1p05v25c (File: /DATA/home/edu135/lib/SAED32_EDK/lib/stdcell_rvt/db_nldm/saed32rvt_tt1p05v25c.db)


Operating Conditions: tt1p05v25c   Library: saed32rvt_tt1p05v25c
Wire Load Model Mode: Inactive.


Global Operating Voltage = 1.05 
Power-specific unit information :
    Voltage Units = 1V
    Capacitance Units = 1.000000ff
    Time Units = 1ns
    Dynamic Power Units = 1uW    (derived from V,C,T units)
    Leakage Power Units = 1pW


--------------------------------------------------------------------------------
                                       Switch   Int      Leak     Total
Hierarchy                              Power    Power    Power    Power    %
--------------------------------------------------------------------------------
nn_top                                 1.03e+03 2.66e+04 6.21e+10 8.98e+04 100.0
1
