Information: Updating design information... (UID-85)
Warning: Design 'nn_top' contains 1 high-fanout nets. A fanout number of 1000 will be used for delay calculations involving these nets. (TIM-134)
 
****************************************
Report : qor
Design : nn_top
Version: W-2024.09-SP5-5
Date   : Sat May  9 20:36:33 2026
****************************************


  Timing Path Group 'clk'
  -----------------------------------
  Levels of Logic:              13.00
  Critical Path Length:          4.96
  Critical Path Slack:           4.89
  Critical Path Clk Period:     10.00
  Total Negative Slack:          0.00
  No. of Violating Paths:        0.00
  Worst Hold Violation:         -0.01
  Total Hold Violation:         -1.06
  No. of Hold Violations:      221.00
  -----------------------------------


  Cell Count
  -----------------------------------
  Hierarchical Cell Count:          0
  Hierarchical Port Count:          0
  Leaf Cell Count:             175574
  Buf/Inv Cell Count:           19336
  Buf Cell Count:                7168
  Inv Cell Count:               12168
  CT Buf/Inv Cell Count:            0
  Combinational Cell Count:    135915
  Sequential Cell Count:        39659
  Macro Count:                      0
  -----------------------------------


  Area
  -----------------------------------
  Combinational Area:   330802.472405
  Noncombinational Area:
                        284539.118586
  Buf/Inv Area:          30703.391473
  Total Buffer Area:         14799.06
  Total Inverter Area:       15904.33
  Macro/Black Box Area:      0.000000
  Net Area:                  0.000000
  Net XLength        :     3612224.00
  Net YLength        :     3298826.75
  -----------------------------------
  Cell Area:            615341.590990
  Design Area:          615341.590990
  Net Length        :      6911051.00


  Design Rules
  -----------------------------------
  Total Number of Nets:        181898
  Nets With Violations:         17697
  Max Trans Violations:          2518
  Max Cap Violations:           17694
  -----------------------------------


  Hostname: SGP3

  Compile CPU Statistics
  -----------------------------------------
  Resource Sharing:                  118.58
  Logic Optimization:                 34.63
  Mapping Optimization:              151.88
  -----------------------------------------
  Overall Compile Time:              982.59
  Overall Compile Wall Clock Time:   991.62

  --------------------------------------------------------------------

  Design  WNS: 0.00  TNS: 0.00  Number of Violating Paths: 0


  Design (Hold)  WNS: 0.01  TNS: 1.06  Number of Violating Paths: 221

  --------------------------------------------------------------------


1
