Module: DW01_add_width11, Ports: 35, Input: 23, Output: 12, Inout: 0
Module: DW01_add_width11, Registers: 0, Async set/reset: 0, Sync set/reset: 0
Module: DW01_add_width11, Ports: 35, Input: 23, Output: 12, Inout: 0
Module: DW01_add_width11, Registers: 0, Async set/reset: 0, Sync set/reset: 0
Module: DW01_inc_width10, Ports: 20, Input: 10, Output: 10, Inout: 0
Module: DW01_inc_width10, Registers: 0, Async set/reset: 0, Sync set/reset: 0
Module: DW01_add_width10, Ports: 32, Input: 21, Output: 11, Inout: 0
Module: DW01_add_width10, Registers: 0, Async set/reset: 0, Sync set/reset: 0
Module: DW01_add_width10, Ports: 32, Input: 21, Output: 11, Inout: 0
Module: DW01_add_width10, Registers: 0, Async set/reset: 0, Sync set/reset: 0
Module: DW01_dec_width11, Ports: 22, Input: 11, Output: 11, Inout: 0
Module: DW01_dec_width11, Registers: 0, Async set/reset: 0, Sync set/reset: 0
Module: DW01_cmp6_width32, Ports: 71, Input: 65, Output: 6, Inout: 0
Module: DW01_cmp6_width32, Registers: 0, Async set/reset: 0, Sync set/reset: 0
Module: DW01_inc_width6, Ports: 12, Input: 6, Output: 6, Inout: 0
Module: DW01_inc_width6, Registers: 0, Async set/reset: 0, Sync set/reset: 0
Module: DW01_dec_width7, Ports: 14, Input: 7, Output: 7, Inout: 0
Module: DW01_dec_width7, Registers: 0, Async set/reset: 0, Sync set/reset: 0
Module: DW01_inc_width2, Ports: 4, Input: 2, Output: 2, Inout: 0
Module: DW01_inc_width2, Registers: 0, Async set/reset: 0, Sync set/reset: 0
Module: DW01_inc_width3, Ports: 6, Input: 3, Output: 3, Inout: 0
Module: DW01_inc_width3, Registers: 0, Async set/reset: 0, Sync set/reset: 0
Module: DW01_cmp6_width11, Ports: 29, Input: 23, Output: 6, Inout: 0
Module: DW01_cmp6_width11, Registers: 0, Async set/reset: 0, Sync set/reset: 0
Module: DW01_inc_width11, Ports: 22, Input: 11, Output: 11, Inout: 0
Module: DW01_inc_width11, Registers: 0, Async set/reset: 0, Sync set/reset: 0
Module: DW01_cmp6_width10, Ports: 27, Input: 21, Output: 6, Inout: 0
Module: DW01_cmp6_width10, Registers: 0, Async set/reset: 0, Sync set/reset: 0
Module: DW01_cmp2_width16, Ports: 36, Input: 34, Output: 2, Inout: 0
Module: DW01_cmp2_width16, Registers: 0, Async set/reset: 0, Sync set/reset: 0
Module: DW01_inc_width4, Ports: 8, Input: 4, Output: 4, Inout: 0
Module: DW01_inc_width4, Registers: 0, Async set/reset: 0, Sync set/reset: 0
Module: DW02_mult_A_width16_B_width16, Ports: 65, Input: 33, Output: 32, Inout: 0
Module: DW02_mult_A_width16_B_width16, Registers: 0, Async set/reset: 0, Sync set/reset: 0
  Allocating blocks in 'DW02_mult_A_width16_B_width16'
Module: DW01_MUX, Ports: 4, Input: 3, Output: 1, Inout: 0
Module: DW01_MUX, Registers: 0, Async set/reset: 0, Sync set/reset: 0
Module: DW01_mmux_width2, Ports: 7, Input: 5, Output: 2, Inout: 0
Module: DW01_mmux_width2, Registers: 0, Async set/reset: 0, Sync set/reset: 0
Module: DW01_mmux_width3, Ports: 10, Input: 7, Output: 3, Inout: 0
Module: DW01_mmux_width3, Registers: 0, Async set/reset: 0, Sync set/reset: 0
Module: DW01_mmux_width4, Ports: 13, Input: 9, Output: 4, Inout: 0
Module: DW01_mmux_width4, Registers: 0, Async set/reset: 0, Sync set/reset: 0
Module: DW01_mmux_width5, Ports: 16, Input: 11, Output: 5, Inout: 0
Module: DW01_mmux_width5, Registers: 0, Async set/reset: 0, Sync set/reset: 0
Module: DW01_add_width30, Ports: 92, Input: 61, Output: 31, Inout: 0
Module: DW01_add_width30, Registers: 0, Async set/reset: 0, Sync set/reset: 0
Module: DW01_add_width33, Ports: 101, Input: 67, Output: 34, Inout: 0
Module: DW01_add_width33, Registers: 0, Async set/reset: 0, Sync set/reset: 0
Module: DW01_add_width33, Ports: 101, Input: 67, Output: 34, Inout: 0
Module: DW01_add_width33, Registers: 0, Async set/reset: 0, Sync set/reset: 0
Module: DW01_add_width64, Ports: 194, Input: 129, Output: 65, Inout: 0
Module: DW01_add_width64, Registers: 0, Async set/reset: 0, Sync set/reset: 0
Module: DW01_add_width64, Ports: 194, Input: 129, Output: 65, Inout: 0
Module: DW01_add_width64, Registers: 0, Async set/reset: 0, Sync set/reset: 0
Module: DW01_cmp2_width52, Ports: 108, Input: 106, Output: 2, Inout: 0
Module: DW01_cmp2_width52, Registers: 0, Async set/reset: 0, Sync set/reset: 0
Information: Updating design information... (UID-85)
Warning: Design 'nn_top' contains 137 high-fanout nets. A fanout number of 1000 will be used for delay calculations involving these nets. (TIM-134)

Information: Checking generated_clocks...

Information: Checking loops...

Information: Checking no_input_delay...

Information: Checking unconstrained_endpoints...

Information: Checking pulse_clock_cell_type...

Information: Checking no_driving_cell...

Information: Checking partial_input_delay...
1
