Cell Min-Routing-Layer = M1
Cell Max-Routing-Layer = M8
Turn off antenna since no rule is specified
Information: Option route.detail.force_end_on_preferred_grid will be ignored since none of the layers have preferred grid. (ZRT-703)
Warning: Cannot find a default contact code for layer CO. (ZRT-022)
Warning: Port VDD of cell route_pg_ladder_hold_eco_repair1_hold2_clean_occ1_route_opt1 is unplaced.  This may impact routing result. (ZRT-740)
Warning: Port VSS of cell route_pg_ladder_hold_eco_repair1_hold2_clean_occ1_route_opt1 is unplaced.  This may impact routing result. (ZRT-740)
Warning: Ignore 2 top cell ports with no pins. (ZRT-027)
Info: number of net_type_blockage: 0 
Information: Via ladder engine would be activated for pattern must join connection in certain commands. Please refer to man-page for the command list. (ZRT-619)
Information: When applicable Min-max layer allow_pin_connection mode will allow paths of length 5.32 outside the layer range. (ZRT-707)
Information: When applicable Min-max layer allow_pin_connection mode will allow paths of length 5.32 outside the layer range on clock nets. (ZRT-718)
Information: When applicable layer based tapering will taper up to 0.00 in distance from the pin. (ZRT-706)


Start checking for open nets ... 

Total number of nets = 222310, of which 0 are not extracted
Total number of open nets = 0, of which 0 are frozen

Check 222310 nets, 0 have Errors

[CHECK OPEN NETS] Elapsed real time: 0:00:00 
[CHECK OPEN NETS] Elapsed cpu  time: sys=0:00:00 usr=0:00:00 total=0:00:00
[CHECK OPEN NETS] Stage (MB): Used    0  Alloctr    0  Proc    0 
[CHECK OPEN NETS] Total (MB): Used  473  Alloctr  475  Proc 5826 
Printing options for 'route.common.*'
common.eco_route_fix_existing_drc                       :	 true                
common.verbose_level                                    :	 0                   

Printing options for 'route.detail.*'
detail.antenna                                          :	 true                
detail.eco_route_use_soft_spacing_for_timing_optimization:	 true                
detail.generate_extra_off_grid_pin_tracks               :	 true                
detail.timing_driven                                    :	 false               

Printing options for 'route.auto_via_ladder.*'


Begin full DRC check ...

Information: Using 1 threads for routing. (ZRT-444)
Checked	22/361 Partitions, Violations =	0
Checked	23/361 Partitions, Violations =	0
Checked	28/361 Partitions, Violations =	0
Checked	42/361 Partitions, Violations =	0
Checked	56/361 Partitions, Violations =	0
Checked	70/361 Partitions, Violations =	0
Checked	84/361 Partitions, Violations =	0
Checked	98/361 Partitions, Violations =	0
Checked	112/361 Partitions, Violations =	0
Checked	126/361 Partitions, Violations =	0
Checked	140/361 Partitions, Violations =	0
Checked	154/361 Partitions, Violations =	0
Checked	168/361 Partitions, Violations =	0
Checked	182/361 Partitions, Violations =	0
Checked	196/361 Partitions, Violations =	0
Checked	210/361 Partitions, Violations =	0
Checked	224/361 Partitions, Violations =	0
Checked	238/361 Partitions, Violations =	0
Checked	252/361 Partitions, Violations =	0
Checked	266/361 Partitions, Violations =	1
Checked	280/361 Partitions, Violations =	2
Checked	294/361 Partitions, Violations =	2
Checked	308/361 Partitions, Violations =	2
Checked	322/361 Partitions, Violations =	2
Checked	336/361 Partitions, Violations =	2
Checked	350/361 Partitions, Violations =	2
[DRC CHECK] Elapsed real time: 0:01:42 
[DRC CHECK] Elapsed cpu  time: sys=0:00:00 usr=0:01:41 total=0:01:42
[DRC CHECK] Stage (MB): Used    3  Alloctr    4  Proc    0 
[DRC CHECK] Total (MB): Used  600  Alloctr  604  Proc 5826 
Warning: No antenna rules defined, Skip antenna analysis. (ZRT-309)

DRC-SUMMARY:
	@@@@@@@ TOTAL VIOLATIONS =	2
	Off-grid : 2


Total Wire Length =                    7356329 micron
Total Number of Contacts =             2317968
Total Number of Wires =                2396466
Total Number of PtConns =              340365
Total Number of Routed Wires =       2394527
Total Routed Wire Length =           7316739 micron
Total Number of Routed Contacts =       2317968
	Layer               M1 :     159312 micron
	Layer               M2 :    2176518 micron
	Layer               M3 :    2028522 micron
	Layer               M4 :    1229433 micron
	Layer               M5 :     994905 micron
	Layer               M6 :     365409 micron
	Layer               M7 :     304016 micron
	Layer               M8 :      58586 micron
	Layer               M9 :         38 micron
	Layer             MRDL :          0 micron
	Via       VIA89_C(rot) :         16
	Via          VIA78SQ_C :       2046
	Via      VIA78SQ_C_2x1 :          1
	Via     VIA67SQ_C(rot) :      19229
	Via          VIA56SQ_C :      31701
	Via          VIA45SQ_C :         15
	Via     VIA45SQ_C(rot) :     144381
	Via          VIA34SQ_C :     228561
	Via     VIA34SQ_C(rot) :       2232
	Via          VIA23SQ_C :      18089
	Via     VIA23SQ_C(rot) :     985509
	Via          VIA12SQ_C :     848427
	Via     VIA12SQ_C(rot) :      37641
	Via      VIA12SQ_C_2x1 :         44
	Via      VIA12SQ_C_1x2 :         63
	Via        VIA12SQ_2x1 :          1
	Via   VIA12SQ(rot)_1x2 :          5
	Via   VIA12SQ(rot)_2x1 :          1
	Via        VIA12SQ_1x2 :          6

 
Redundant via conversion report:
--------------------------------

  Total optimized via conversion rate =  0.01% (121 / 2317968 vias)
 
    Layer VIA1       =  0.01% (120    / 886188  vias)
        Weight 1     =  0.01% (120     vias)
        Un-optimized =  0.00% (0       vias)
        Un-mapped    = 99.99% (886068  vias)
    Layer VIA2       =  0.00% (0      / 1003598 vias)
        Un-optimized =  0.00% (0       vias)
        Un-mapped    = 100.00% (1003598 vias)
    Layer VIA3       =  0.00% (0      / 230793  vias)
        Un-optimized =  0.00% (0       vias)
        Un-mapped    = 100.00% (230793  vias)
    Layer VIA4       =  0.00% (0      / 144396  vias)
        Un-optimized =  0.00% (0       vias)
        Un-mapped    = 100.00% (144396  vias)
    Layer VIA5       =  0.00% (0      / 31701   vias)
        Un-optimized =  0.00% (0       vias)
        Un-mapped    = 100.00% (31701   vias)
    Layer VIA6       =  0.00% (0      / 19229   vias)
        Un-optimized =  0.00% (0       vias)
        Un-mapped    = 100.00% (19229   vias)
    Layer VIA7       =  0.05% (1      / 2047    vias)
        Weight 1     =  0.05% (1       vias)
        Un-optimized =  0.00% (0       vias)
        Un-mapped    = 99.95% (2046    vias)
    Layer VIA8       =  0.00% (0      / 16      vias)
        Un-optimized =  0.00% (0       vias)
        Un-mapped    = 100.00% (16      vias)
 
  Total double via conversion rate    =  0.01% (121 / 2317968 vias)
 
    Layer VIA1       =  0.01% (120    / 886188  vias)
    Layer VIA2       =  0.00% (0      / 1003598 vias)
    Layer VIA3       =  0.00% (0      / 230793  vias)
    Layer VIA4       =  0.00% (0      / 144396  vias)
    Layer VIA5       =  0.00% (0      / 31701   vias)
    Layer VIA6       =  0.00% (0      / 19229   vias)
    Layer VIA7       =  0.05% (1      / 2047    vias)
    Layer VIA8       =  0.00% (0      / 16      vias)
 
  The optimized via conversion rate based on total routed via count =  0.01% (121 / 2317968 vias)
 
    Layer VIA1       =  0.01% (120    / 886188  vias)
        Weight 1     =  0.01% (120     vias)
        Un-optimized =  0.00% (0       vias)
        Un-mapped    = 99.99% (886068  vias)
    Layer VIA2       =  0.00% (0      / 1003598 vias)
        Un-optimized =  0.00% (0       vias)
        Un-mapped    = 100.00% (1003598 vias)
    Layer VIA3       =  0.00% (0      / 230793  vias)
        Un-optimized =  0.00% (0       vias)
        Un-mapped    = 100.00% (230793  vias)
    Layer VIA4       =  0.00% (0      / 144396  vias)
        Un-optimized =  0.00% (0       vias)
        Un-mapped    = 100.00% (144396  vias)
    Layer VIA5       =  0.00% (0      / 31701   vias)
        Un-optimized =  0.00% (0       vias)
        Un-mapped    = 100.00% (31701   vias)
    Layer VIA6       =  0.00% (0      / 19229   vias)
        Un-optimized =  0.00% (0       vias)
        Un-mapped    = 100.00% (19229   vias)
    Layer VIA7       =  0.05% (1      / 2047    vias)
        Weight 1     =  0.05% (1       vias)
        Un-optimized =  0.00% (0       vias)
        Un-mapped    = 99.95% (2046    vias)
    Layer VIA8       =  0.00% (0      / 16      vias)
        Un-optimized =  0.00% (0       vias)
        Un-mapped    = 100.00% (16      vias)
 


Verify Summary:

Total number of nets = 222310, of which 0 are not extracted
Total number of open nets = 0, of which 0 are frozen
Total number of excluded ports = 0 ports of 0 unplaced cells connected to 0 nets
                                 0 ports without pins of 0 cells connected to 0 nets
                                 0 ports of 0 cover cells connected to 0 non-pg nets
Total number of DRCs = 2
Total number of antenna violations = no antenna rules defined
Total number of tie to rail violations = not checked
Total number of tie to rail directly violations = not checked


