Cell Min-Routing-Layer = M1
Cell Max-Routing-Layer = M8
Turn off antenna since no rule is specified
Information: Option route.detail.force_end_on_preferred_grid will be ignored since none of the layers have preferred grid. (ZRT-703)
Warning: Cannot find a default contact code for layer CO. (ZRT-022)
Warning: Port VDD of cell cts is unplaced.  This may impact routing result. (ZRT-740)
Warning: Port VSS of cell cts is unplaced.  This may impact routing result. (ZRT-740)
Warning: Ignore 2 top cell ports with no pins. (ZRT-027)
Info: number of net_type_blockage: 0 
Information: Via ladder engine would be activated for pattern must join connection in certain commands. Please refer to man-page for the command list. (ZRT-619)
Information: When applicable Min-max layer allow_pin_connection mode will allow paths of length 5.32 outside the layer range. (ZRT-707)
Information: When applicable Min-max layer allow_pin_connection mode will allow paths of length 5.32 outside the layer range on clock nets. (ZRT-718)
Information: When applicable layer based tapering will taper up to 0.00 in distance from the pin. (ZRT-706)
Warning: Standard cell pin MUX41X2_RVT/S0 has no valid via regions. (ZRT-044)


Start checking for open nets ... 

Total number of nets = 213233, of which 0 are not extracted
Total number of open nets = 0, of which 0 are frozen

Check 213233 nets, 0 have Errors

[CHECK OPEN NETS] Elapsed real time: 0:00:00 
[CHECK OPEN NETS] Elapsed cpu  time: sys=0:00:00 usr=0:00:00 total=0:00:00
[CHECK OPEN NETS] Stage (MB): Used    0  Alloctr    0  Proc    0 
[CHECK OPEN NETS] Total (MB): Used  453  Alloctr  455  Proc 5437 
Printing options for 'route.common.*'

Printing options for 'route.detail.*'
detail.antenna                                          :	 true                

Printing options for 'route.auto_via_ladder.*'


Begin full DRC check ...

Information: Using 1 threads for routing. (ZRT-444)
Checked	24/361 Partitions, Violations =	0
Checked	25/361 Partitions, Violations =	0
Checked	28/361 Partitions, Violations =	0
Checked	42/361 Partitions, Violations =	0
Checked	56/361 Partitions, Violations =	1
Checked	70/361 Partitions, Violations =	1
Checked	84/361 Partitions, Violations =	5
Checked	98/361 Partitions, Violations =	5
Checked	112/361 Partitions, Violations =	5
Checked	126/361 Partitions, Violations =	5
Checked	140/361 Partitions, Violations =	6
Checked	154/361 Partitions, Violations =	6
Checked	168/361 Partitions, Violations =	6
Checked	182/361 Partitions, Violations =	6
Checked	196/361 Partitions, Violations =	7
Checked	210/361 Partitions, Violations =	10
Checked	224/361 Partitions, Violations =	10
Checked	238/361 Partitions, Violations =	10
Checked	252/361 Partitions, Violations =	10
Checked	266/361 Partitions, Violations =	10
Checked	280/361 Partitions, Violations =	10
Checked	294/361 Partitions, Violations =	11
Checked	308/361 Partitions, Violations =	11
Checked	322/361 Partitions, Violations =	11
Checked	336/361 Partitions, Violations =	11
Checked	350/361 Partitions, Violations =	11
[DRC CHECK] Elapsed real time: 0:01:32 
[DRC CHECK] Elapsed cpu  time: sys=0:00:00 usr=0:01:32 total=0:01:33
[DRC CHECK] Stage (MB): Used    3  Alloctr    3  Proc    0 
[DRC CHECK] Total (MB): Used  578  Alloctr  582  Proc 5437 
Warning: No antenna rules defined, Skip antenna analysis. (ZRT-309)

DRC-SUMMARY:
	@@@@@@@ TOTAL VIOLATIONS =	11
	Off-grid : 10
	Short : 1


Total Wire Length =                    7014611 micron
Total Number of Contacts =             2132562
Total Number of Wires =                2065719
Total Number of PtConns =              312355
Total Number of Routed Wires =       2065168
Total Routed Wire Length =           6979762 micron
Total Number of Routed Contacts =       2132562
	Layer               M1 :     144800 micron
	Layer               M2 :    2057697 micron
	Layer               M3 :    1898562 micron
	Layer               M4 :    1241558 micron
	Layer               M5 :     971963 micron
	Layer               M6 :     311958 micron
	Layer               M7 :     294031 micron
	Layer               M8 :      59167 micron
	Layer               M9 :         28 micron
	Layer             MRDL :          0 micron
	Via       VIA89_C(rot) :         12
	Via          VIA78SQ_C :       1952
	Via      VIA78SQ_C_2x1 :          2
	Via     VIA67SQ_C(rot) :      17755
	Via          VIA56SQ_C :      26278
	Via          VIA45SQ_C :          4
	Via     VIA45SQ_C(rot) :     126856
	Via          VIA34SQ_C :     195383
	Via     VIA34SQ_C(rot) :       1398
	Via          VIA23SQ_C :      12057
	Via     VIA23SQ_C(rot) :     895189
	Via          VIA12SQ_C :     825477
	Via     VIA12SQ_C(rot) :      30073
	Via      VIA12SQ_C_2x1 :         47
	Via      VIA12SQ_C_1x2 :         69
	Via        VIA12SQ_2x1 :          3
	Via   VIA12SQ(rot)_1x2 :          3
	Via   VIA12SQ(rot)_2x1 :          1
	Via        VIA12SQ_1x2 :          3

 
Redundant via conversion report:
--------------------------------

  Total optimized via conversion rate =  0.01% (128 / 2132562 vias)
 
    Layer VIA1       =  0.01% (126    / 855676  vias)
        Weight 1     =  0.01% (126     vias)
        Un-optimized =  0.00% (0       vias)
        Un-mapped    = 99.99% (855550  vias)
    Layer VIA2       =  0.00% (0      / 907246  vias)
        Un-optimized =  0.00% (0       vias)
        Un-mapped    = 100.00% (907246  vias)
    Layer VIA3       =  0.00% (0      / 196781  vias)
        Un-optimized =  0.00% (0       vias)
        Un-mapped    = 100.00% (196781  vias)
    Layer VIA4       =  0.00% (0      / 126860  vias)
        Un-optimized =  0.00% (0       vias)
        Un-mapped    = 100.00% (126860  vias)
    Layer VIA5       =  0.00% (0      / 26278   vias)
        Un-optimized =  0.00% (0       vias)
        Un-mapped    = 100.00% (26278   vias)
    Layer VIA6       =  0.00% (0      / 17755   vias)
        Un-optimized =  0.00% (0       vias)
        Un-mapped    = 100.00% (17755   vias)
    Layer VIA7       =  0.10% (2      / 1954    vias)
        Weight 1     =  0.10% (2       vias)
        Un-optimized =  0.00% (0       vias)
        Un-mapped    = 99.90% (1952    vias)
    Layer VIA8       =  0.00% (0      / 12      vias)
        Un-optimized =  0.00% (0       vias)
        Un-mapped    = 100.00% (12      vias)
 
  Total double via conversion rate    =  0.01% (128 / 2132562 vias)
 
    Layer VIA1       =  0.01% (126    / 855676  vias)
    Layer VIA2       =  0.00% (0      / 907246  vias)
    Layer VIA3       =  0.00% (0      / 196781  vias)
    Layer VIA4       =  0.00% (0      / 126860  vias)
    Layer VIA5       =  0.00% (0      / 26278   vias)
    Layer VIA6       =  0.00% (0      / 17755   vias)
    Layer VIA7       =  0.10% (2      / 1954    vias)
    Layer VIA8       =  0.00% (0      / 12      vias)
 
  The optimized via conversion rate based on total routed via count =  0.01% (128 / 2132562 vias)
 
    Layer VIA1       =  0.01% (126    / 855676  vias)
        Weight 1     =  0.01% (126     vias)
        Un-optimized =  0.00% (0       vias)
        Un-mapped    = 99.99% (855550  vias)
    Layer VIA2       =  0.00% (0      / 907246  vias)
        Un-optimized =  0.00% (0       vias)
        Un-mapped    = 100.00% (907246  vias)
    Layer VIA3       =  0.00% (0      / 196781  vias)
        Un-optimized =  0.00% (0       vias)
        Un-mapped    = 100.00% (196781  vias)
    Layer VIA4       =  0.00% (0      / 126860  vias)
        Un-optimized =  0.00% (0       vias)
        Un-mapped    = 100.00% (126860  vias)
    Layer VIA5       =  0.00% (0      / 26278   vias)
        Un-optimized =  0.00% (0       vias)
        Un-mapped    = 100.00% (26278   vias)
    Layer VIA6       =  0.00% (0      / 17755   vias)
        Un-optimized =  0.00% (0       vias)
        Un-mapped    = 100.00% (17755   vias)
    Layer VIA7       =  0.10% (2      / 1954    vias)
        Weight 1     =  0.10% (2       vias)
        Un-optimized =  0.00% (0       vias)
        Un-mapped    = 99.90% (1952    vias)
    Layer VIA8       =  0.00% (0      / 12      vias)
        Un-optimized =  0.00% (0       vias)
        Un-mapped    = 100.00% (12      vias)
 


Verify Summary:

Total number of nets = 213233, of which 0 are not extracted
Total number of open nets = 0, of which 0 are frozen
Total number of excluded ports = 0 ports of 0 unplaced cells connected to 0 nets
                                 0 ports without pins of 0 cells connected to 0 nets
                                 0 ports of 0 cover cells connected to 0 non-pg nets
Total number of DRCs = 11
Total number of antenna violations = no antenna rules defined
Total number of tie to rail violations = not checked
Total number of tie to rail directly violations = not checked


